2026-04-15 13:06:12,391 | INFO | lakeice_ncde | Starting experiment 'xiaoxingkai_transfer_daily12'
2026-04-15 13:06:12,395 | INFO | lakeice_ncde | Run directory: S:\STU-Papers\My_Papers\EXP1-Pre-Training-Standalone\outputs\runs\xiaoxingkai_transfer_daily12\xiaoxingkai_transfer_daily12_20260415_130612
2026-04-15 13:06:12,397 | INFO | lakeice_ncde | Running target transfer | target=【Li】Lake Xiaoxingkai | train=['【Huo】Lake Hnagzhang', '【Huo】Lake Ulansu', '【North Temperate Lakes LTER】Crystal Lake (NTL)', '【North Temperate Lakes LTER】Bog 27-2 (Crystal Bog)', '【North Temperate Lakes LTER】Sparkling Lake', '【North Temperate Lakes LTER】Big Muskellunge Lake', '【North Temperate Lakes LTER】Allequash Lake', '【North Temperate Lakes LTER】Bog 12-15 (Trout Bog)', '【North Temperate Lakes LTER】Trout Lake', '【IISD Experimental】Lake 239', '【IISD Experimental】Lake 302']
2026-04-15 13:06:12,402 | INFO | lakeice_ncde | Target lake test starts at 2026-01-01; target rows before the cutoff are split into train and val.
2026-04-15 13:06:12,404 | INFO | lakeice_ncde | Config summary | interpolation=hermite | method=midpoint | window_days=60 | batch_size=64 | target_transform=none
2026-04-15 13:06:12,463 | INFO | lakeice_ncde | Fold 'xiaoxingkai_transfer_daily12' -> train lakes (12): ['【Huo】Lake Hnagzhang', '【Huo】Lake Ulansu', '【IISD Experimental】Lake 239', '【IISD Experimental】Lake 302', '【Li】Lake Xiaoxingkai', '【North Temperate Lakes LTER】Allequash Lake', '【North Temperate Lakes LTER】Big Muskellunge Lake', '【North Temperate Lakes LTER】Bog 12-15 (Trout Bog)', '【North Temperate Lakes LTER】Bog 27-2 (Crystal Bog)', '【North Temperate Lakes LTER】Crystal Lake (NTL)', '【North Temperate Lakes LTER】Sparkling Lake', '【North Temperate Lakes LTER】Trout Lake']
2026-04-15 13:06:12,467 | INFO | lakeice_ncde | Fold 'xiaoxingkai_transfer_daily12' -> val lakes (12): ['【Huo】Lake Hnagzhang', '【Huo】Lake Ulansu', '【IISD Experimental】Lake 239', '【IISD Experimental】Lake 302', '【Li】Lake Xiaoxingkai', '【North Temperate Lakes LTER】Allequash Lake', '【North Temperate Lakes LTER】Big Muskellunge Lake', '【North Temperate Lakes LTER】Bog 12-15 (Trout Bog)', '【North Temperate Lakes LTER】Bog 27-2 (Crystal Bog)', '【North Temperate Lakes LTER】Crystal Lake (NTL)', '【North Temperate Lakes LTER】Sparkling Lake', '【North Temperate Lakes LTER】Trout Lake']
2026-04-15 13:06:12,471 | INFO | lakeice_ncde | Fold 'xiaoxingkai_transfer_daily12' -> test lakes (1): ['【Li】Lake Xiaoxingkai']
2026-04-15 13:06:12,486 | INFO | lakeice_ncde | Building train windows for split 'xiaoxingkai_transfer_daily12': 1251 rows across 12 lakes.
2026-04-15 13:06:12,702 | INFO | lakeice_ncde | Window progress for split 'train': 1/12 lakes processed, 89 windows built.
2026-04-15 13:06:13,075 | INFO | lakeice_ncde | Window progress for split 'train': 2/12 lakes processed, 233 windows built.
2026-04-15 13:06:13,333 | INFO | lakeice_ncde | Window progress for split 'train': 3/12 lakes processed, 322 windows built.
2026-04-15 13:06:13,470 | INFO | lakeice_ncde | Window progress for split 'train': 4/12 lakes processed, 370 windows built.
2026-04-15 13:06:13,533 | INFO | lakeice_ncde | Window progress for split 'train': 5/12 lakes processed, 393 windows built.
2026-04-15 13:06:13,796 | INFO | lakeice_ncde | Window progress for split 'train': 6/12 lakes processed, 462 windows built.
2026-04-15 13:06:14,071 | INFO | lakeice_ncde | Window progress for split 'train': 7/12 lakes processed, 533 windows built.
2026-04-15 13:06:14,322 | INFO | lakeice_ncde | Window progress for split 'train': 8/12 lakes processed, 606 windows built.
2026-04-15 13:06:14,544 | INFO | lakeice_ncde | Window progress for split 'train': 9/12 lakes processed, 676 windows built.
2026-04-15 13:06:14,742 | INFO | lakeice_ncde | Window progress for split 'train': 10/12 lakes processed, 745 windows built.
2026-04-15 13:06:14,938 | INFO | lakeice_ncde | Window progress for split 'train': 11/12 lakes processed, 816 windows built.
2026-04-15 13:06:15,217 | INFO | lakeice_ncde | Window progress for split 'train': 12/12 lakes processed, 886 windows built.
2026-04-15 13:06:15,290 | INFO | lakeice_ncde | Saved train windows for split 'xiaoxingkai_transfer_daily12': 886 samples -> S:\STU-Papers\My_Papers\EXP1-Pre-Training-Standalone\data\windows_xiaoxingkai_transfer_daily12\xiaoxingkai_transfer_daily12\train_windows.pt
2026-04-15 13:06:15,293 | INFO | lakeice_ncde | Building val windows for split 'xiaoxingkai_transfer_daily12': 150 rows across 12 lakes.
2026-04-15 13:06:15,335 | INFO | lakeice_ncde | Window progress for split 'val': 1/12 lakes processed, 11 windows built.
2026-04-15 13:06:15,401 | INFO | lakeice_ncde | Window progress for split 'val': 2/12 lakes processed, 28 windows built.
2026-04-15 13:06:15,445 | INFO | lakeice_ncde | Window progress for split 'val': 3/12 lakes processed, 35 windows built.
2026-04-15 13:06:15,472 | INFO | lakeice_ncde | Window progress for split 'val': 4/12 lakes processed, 38 windows built.
2026-04-15 13:06:15,499 | INFO | lakeice_ncde | Window progress for split 'val': 5/12 lakes processed, 45 windows built.
2026-04-15 13:06:15,556 | INFO | lakeice_ncde | Window progress for split 'val': 6/12 lakes processed, 52 windows built.
2026-04-15 13:06:15,594 | INFO | lakeice_ncde | Window progress for split 'val': 7/12 lakes processed, 60 windows built.
2026-04-15 13:06:15,635 | INFO | lakeice_ncde | Window progress for split 'val': 8/12 lakes processed, 68 windows built.
2026-04-15 13:06:15,672 | INFO | lakeice_ncde | Window progress for split 'val': 9/12 lakes processed, 76 windows built.
2026-04-15 13:06:15,714 | INFO | lakeice_ncde | Window progress for split 'val': 10/12 lakes processed, 84 windows built.
2026-04-15 13:06:15,750 | INFO | lakeice_ncde | Window progress for split 'val': 11/12 lakes processed, 92 windows built.
2026-04-15 13:06:15,782 | INFO | lakeice_ncde | Window progress for split 'val': 12/12 lakes processed, 100 windows built.
2026-04-15 13:06:15,809 | INFO | lakeice_ncde | Saved val windows for split 'xiaoxingkai_transfer_daily12': 100 samples -> S:\STU-Papers\My_Papers\EXP1-Pre-Training-Standalone\data\windows_xiaoxingkai_transfer_daily12\xiaoxingkai_transfer_daily12\val_windows.pt
2026-04-15 13:06:15,814 | INFO | lakeice_ncde | Building test windows for split 'xiaoxingkai_transfer_daily12': 37 rows across 1 lakes.
2026-04-15 13:06:15,903 | INFO | lakeice_ncde | Window progress for split 'test': 1/1 lakes processed, 36 windows built.
2026-04-15 13:06:15,914 | INFO | lakeice_ncde | Saved test windows for split 'xiaoxingkai_transfer_daily12': 36 samples -> S:\STU-Papers\My_Papers\EXP1-Pre-Training-Standalone\data\windows_xiaoxingkai_transfer_daily12\xiaoxingkai_transfer_daily12\test_windows.pt
2026-04-15 13:06:16,071 | INFO | lakeice_ncde | Balanced windows with train cap=160 and val cap=20
2026-04-15 13:06:16,863 | INFO | lakeice_ncde | Computing hermite coefficients for 886 windows from S:\STU-Papers\My_Papers\EXP1-Pre-Training-Standalone\data\windows_xiaoxingkai_transfer_daily12\xiaoxingkai_transfer_daily12\train_windows.pt
2026-04-15 13:06:16,867 | INFO | lakeice_ncde | Coefficient progress for train_windows.pt: 1/886 windows processed.
2026-04-15 13:06:16,917 | INFO | lakeice_ncde | Coefficient progress for train_windows.pt: 88/886 windows processed.
2026-04-15 13:06:16,955 | INFO | lakeice_ncde | Coefficient progress for train_windows.pt: 176/886 windows processed.
2026-04-15 13:06:17,000 | INFO | lakeice_ncde | Coefficient progress for train_windows.pt: 264/886 windows processed.
2026-04-15 13:06:17,026 | INFO | lakeice_ncde | Coefficient progress for train_windows.pt: 352/886 windows processed.
2026-04-15 13:06:17,055 | INFO | lakeice_ncde | Coefficient progress for train_windows.pt: 440/886 windows processed.
2026-04-15 13:06:17,081 | INFO | lakeice_ncde | Coefficient progress for train_windows.pt: 528/886 windows processed.
2026-04-15 13:06:17,107 | INFO | lakeice_ncde | Coefficient progress for train_windows.pt: 616/886 windows processed.
2026-04-15 13:06:17,140 | INFO | lakeice_ncde | Coefficient progress for train_windows.pt: 704/886 windows processed.
2026-04-15 13:06:17,167 | INFO | lakeice_ncde | Coefficient progress for train_windows.pt: 792/886 windows processed.
2026-04-15 13:06:17,193 | INFO | lakeice_ncde | Coefficient progress for train_windows.pt: 880/886 windows processed.
2026-04-15 13:06:17,196 | INFO | lakeice_ncde | Coefficient progress for train_windows.pt: 886/886 windows processed.
2026-04-15 13:06:17,330 | INFO | lakeice_ncde | Computing hermite coefficients for 100 windows from S:\STU-Papers\My_Papers\EXP1-Pre-Training-Standalone\data\windows_xiaoxingkai_transfer_daily12\xiaoxingkai_transfer_daily12\val_windows.pt
2026-04-15 13:06:17,333 | INFO | lakeice_ncde | Coefficient progress for val_windows.pt: 1/100 windows processed.
2026-04-15 13:06:17,339 | INFO | lakeice_ncde | Coefficient progress for val_windows.pt: 10/100 windows processed.
2026-04-15 13:06:17,349 | INFO | lakeice_ncde | Coefficient progress for val_windows.pt: 20/100 windows processed.
2026-04-15 13:06:17,356 | INFO | lakeice_ncde | Coefficient progress for val_windows.pt: 30/100 windows processed.
2026-04-15 13:06:17,362 | INFO | lakeice_ncde | Coefficient progress for val_windows.pt: 40/100 windows processed.
2026-04-15 13:06:17,367 | INFO | lakeice_ncde | Coefficient progress for val_windows.pt: 50/100 windows processed.
2026-04-15 13:06:17,372 | INFO | lakeice_ncde | Coefficient progress for val_windows.pt: 60/100 windows processed.
2026-04-15 13:06:17,382 | INFO | lakeice_ncde | Coefficient progress for val_windows.pt: 70/100 windows processed.
2026-04-15 13:06:17,388 | INFO | lakeice_ncde | Coefficient progress for val_windows.pt: 80/100 windows processed.
2026-04-15 13:06:17,396 | INFO | lakeice_ncde | Coefficient progress for val_windows.pt: 90/100 windows processed.
2026-04-15 13:06:17,402 | INFO | lakeice_ncde | Coefficient progress for val_windows.pt: 100/100 windows processed.
2026-04-15 13:06:17,438 | INFO | lakeice_ncde | Computing hermite coefficients for 36 windows from S:\STU-Papers\My_Papers\EXP1-Pre-Training-Standalone\data\windows_xiaoxingkai_transfer_daily12\xiaoxingkai_transfer_daily12\test_windows.pt
2026-04-15 13:06:17,440 | INFO | lakeice_ncde | Coefficient progress for test_windows.pt: 1/36 windows processed.
2026-04-15 13:06:17,442 | INFO | lakeice_ncde | Coefficient progress for test_windows.pt: 3/36 windows processed.
2026-04-15 13:06:17,444 | INFO | lakeice_ncde | Coefficient progress for test_windows.pt: 6/36 windows processed.
2026-04-15 13:06:17,446 | INFO | lakeice_ncde | Coefficient progress for test_windows.pt: 9/36 windows processed.
2026-04-15 13:06:17,449 | INFO | lakeice_ncde | Coefficient progress for test_windows.pt: 12/36 windows processed.
2026-04-15 13:06:17,452 | INFO | lakeice_ncde | Coefficient progress for test_windows.pt: 15/36 windows processed.
2026-04-15 13:06:17,456 | INFO | lakeice_ncde | Coefficient progress for test_windows.pt: 18/36 windows processed.
2026-04-15 13:06:17,459 | INFO | lakeice_ncde | Coefficient progress for test_windows.pt: 21/36 windows processed.
2026-04-15 13:06:17,462 | INFO | lakeice_ncde | Coefficient progress for test_windows.pt: 24/36 windows processed.
2026-04-15 13:06:17,465 | INFO | lakeice_ncde | Coefficient progress for test_windows.pt: 27/36 windows processed.
2026-04-15 13:06:17,470 | INFO | lakeice_ncde | Coefficient progress for test_windows.pt: 30/36 windows processed.
2026-04-15 13:06:17,474 | INFO | lakeice_ncde | Coefficient progress for test_windows.pt: 33/36 windows processed.
2026-04-15 13:06:17,477 | INFO | lakeice_ncde | Coefficient progress for test_windows.pt: 36/36 windows processed.
2026-04-15 13:06:17,492 | INFO | lakeice_ncde | Saved 3 coefficient bundle(s) under S:\STU-Papers\My_Papers\EXP1-Pre-Training-Standalone\data\coeffs_xiaoxingkai_transfer_daily12
2026-04-15 13:06:17,624 | INFO | lakeice_ncde | Data summary | train=886 | val=100 | test=36 | input_channels=11 | batch_parallel=True
2026-04-15 13:06:20,875 | INFO | lakeice_ncde | Training on cuda | train_batches=14 | val_batches=2 | test_batches=1
2026-04-15 13:06:20,880 | INFO | lakeice_ncde | Epoch 1/120 started.
2026-04-15 13:06:21,370 | INFO | lakeice_ncde | Epoch 1/120 | train batch 1/14 | batch_loss=0.25969115 | running_loss=0.25969115
2026-04-15 13:06:21,520 | INFO | lakeice_ncde | Epoch 1/120 | train batch 2/14 | batch_loss=0.20407684 | running_loss=0.23188400
2026-04-15 13:06:21,676 | INFO | lakeice_ncde | Epoch 1/120 | train batch 3/14 | batch_loss=0.19577833 | running_loss=0.21984877
2026-04-15 13:06:21,950 | INFO | lakeice_ncde | Epoch 1/120 | train batch 4/14 | batch_loss=0.56191164 | running_loss=0.30536449
2026-04-15 13:06:22,184 | INFO | lakeice_ncde | Epoch 1/120 | train batch 5/14 | batch_loss=0.03805051 | running_loss=0.25190169
2026-04-15 13:06:22,458 | INFO | lakeice_ncde | Epoch 1/120 | train batch 6/14 | batch_loss=0.11842978 | running_loss=0.22965637
2026-04-15 13:06:22,641 | INFO | lakeice_ncde | Epoch 1/120 | train batch 7/14 | batch_loss=0.04590306 | running_loss=0.20340590
2026-04-15 13:06:22,828 | INFO | lakeice_ncde | Epoch 1/120 | train batch 8/14 | batch_loss=0.10637672 | running_loss=0.19127725
2026-04-15 13:06:23,048 | INFO | lakeice_ncde | Epoch 1/120 | train batch 9/14 | batch_loss=0.07995807 | running_loss=0.17890845
2026-04-15 13:06:23,258 | INFO | lakeice_ncde | Epoch 1/120 | train batch 10/14 | batch_loss=0.13454716 | running_loss=0.17447232
2026-04-15 13:06:23,453 | INFO | lakeice_ncde | Epoch 1/120 | train batch 11/14 | batch_loss=0.03106484 | running_loss=0.16143528
2026-04-15 13:06:23,644 | INFO | lakeice_ncde | Epoch 1/120 | train batch 12/14 | batch_loss=0.06579235 | running_loss=0.15346504
2026-04-15 13:06:23,834 | INFO | lakeice_ncde | Epoch 1/120 | train batch 13/14 | batch_loss=0.09879070 | running_loss=0.14925932
2026-04-15 13:06:23,981 | INFO | lakeice_ncde | Epoch 1/120 | train batch 14/14 | batch_loss=0.01557552 | running_loss=0.13971047
2026-04-15 13:06:24,124 | INFO | lakeice_ncde | Epoch 1 complete | train_loss=0.13971047 | val_loss=53.72881877 | val_rmse=7.32999446 | val_mae=1.85833898 | val_r2=-1183.76308818
2026-04-15 13:06:24,148 | INFO | lakeice_ncde | Epoch 2/120 started.
2026-04-15 13:06:24,306 | INFO | lakeice_ncde | Epoch 2/120 | train batch 1/14 | batch_loss=0.06801057 | running_loss=0.06801057
2026-04-15 13:06:24,647 | INFO | lakeice_ncde | Epoch 2/120 | train batch 2/14 | batch_loss=0.13866197 | running_loss=0.10333627
2026-04-15 13:06:24,815 | INFO | lakeice_ncde | Epoch 2/120 | train batch 3/14 | batch_loss=0.16860154 | running_loss=0.12509136
2026-04-15 13:06:25,121 | INFO | lakeice_ncde | Epoch 2/120 | train batch 4/14 | batch_loss=0.17127627 | running_loss=0.13663759
2026-04-15 13:06:25,355 | INFO | lakeice_ncde | Epoch 2/120 | train batch 5/14 | batch_loss=0.04761925 | running_loss=0.11883392
2026-04-15 13:06:25,593 | INFO | lakeice_ncde | Epoch 2/120 | train batch 6/14 | batch_loss=0.15398258 | running_loss=0.12469203
2026-04-15 13:06:25,807 | INFO | lakeice_ncde | Epoch 2/120 | train batch 7/14 | batch_loss=0.07369236 | running_loss=0.11740636
2026-04-15 13:06:26,031 | INFO | lakeice_ncde | Epoch 2/120 | train batch 8/14 | batch_loss=0.05147595 | running_loss=0.10916506
2026-04-15 13:06:26,233 | INFO | lakeice_ncde | Epoch 2/120 | train batch 9/14 | batch_loss=0.02283821 | running_loss=0.09957319
2026-04-15 13:06:26,450 | INFO | lakeice_ncde | Epoch 2/120 | train batch 10/14 | batch_loss=0.05049543 | running_loss=0.09466541
2026-04-15 13:06:26,675 | INFO | lakeice_ncde | Epoch 2/120 | train batch 11/14 | batch_loss=0.17864388 | running_loss=0.10229982
2026-04-15 13:06:26,951 | INFO | lakeice_ncde | Epoch 2/120 | train batch 12/14 | batch_loss=0.04101731 | running_loss=0.09719294
2026-04-15 13:06:27,142 | INFO | lakeice_ncde | Epoch 2/120 | train batch 13/14 | batch_loss=0.06860181 | running_loss=0.09499362
2026-04-15 13:06:27,350 | INFO | lakeice_ncde | Epoch 2/120 | train batch 14/14 | batch_loss=0.01789627 | running_loss=0.08948667
2026-04-15 13:06:27,526 | INFO | lakeice_ncde | Epoch 2 complete | train_loss=0.08948667 | val_loss=8.74447947 | val_rmse=2.95710661 | val_mae=0.78741222 | val_r2=-191.82271124
2026-04-15 13:06:27,557 | INFO | lakeice_ncde | Epoch 3/120 started.
2026-04-15 13:06:27,830 | INFO | lakeice_ncde | Epoch 3/120 | train batch 1/14 | batch_loss=0.07785648 | running_loss=0.07785648
2026-04-15 13:06:28,031 | INFO | lakeice_ncde | Epoch 3/120 | train batch 2/14 | batch_loss=0.05373282 | running_loss=0.06579465
2026-04-15 13:06:28,272 | INFO | lakeice_ncde | Epoch 3/120 | train batch 3/14 | batch_loss=0.05150155 | running_loss=0.06103028
2026-04-15 13:06:28,489 | INFO | lakeice_ncde | Epoch 3/120 | train batch 4/14 | batch_loss=0.05287847 | running_loss=0.05899233
2026-04-15 13:06:28,723 | INFO | lakeice_ncde | Epoch 3/120 | train batch 5/14 | batch_loss=0.06212356 | running_loss=0.05961858
2026-04-15 13:06:28,956 | INFO | lakeice_ncde | Epoch 3/120 | train batch 6/14 | batch_loss=0.07029004 | running_loss=0.06139715
2026-04-15 13:06:29,144 | INFO | lakeice_ncde | Epoch 3/120 | train batch 7/14 | batch_loss=0.04328068 | running_loss=0.05880909
2026-04-15 13:06:29,430 | INFO | lakeice_ncde | Epoch 3/120 | train batch 8/14 | batch_loss=0.03340562 | running_loss=0.05563365
2026-04-15 13:06:29,757 | INFO | lakeice_ncde | Epoch 3/120 | train batch 9/14 | batch_loss=0.04434368 | running_loss=0.05437921
2026-04-15 13:06:30,013 | INFO | lakeice_ncde | Epoch 3/120 | train batch 10/14 | batch_loss=0.02518338 | running_loss=0.05145963
2026-04-15 13:06:30,170 | INFO | lakeice_ncde | Epoch 3/120 | train batch 11/14 | batch_loss=0.06795395 | running_loss=0.05295911
2026-04-15 13:06:30,416 | INFO | lakeice_ncde | Epoch 3/120 | train batch 12/14 | batch_loss=0.10141797 | running_loss=0.05699735
2026-04-15 13:06:30,603 | INFO | lakeice_ncde | Epoch 3/120 | train batch 13/14 | batch_loss=0.04859710 | running_loss=0.05635118
2026-04-15 13:06:30,762 | INFO | lakeice_ncde | Epoch 3/120 | train batch 14/14 | batch_loss=0.11934208 | running_loss=0.06085053
2026-04-15 13:06:30,914 | INFO | lakeice_ncde | Epoch 3 complete | train_loss=0.06085053 | val_loss=12.37813028 | val_rmse=3.51825671 | val_mae=0.99538076 | val_r2=-271.94759473
2026-04-15 13:06:30,925 | INFO | lakeice_ncde | Epoch 4/120 started.
2026-04-15 13:06:31,087 | INFO | lakeice_ncde | Epoch 4/120 | train batch 1/14 | batch_loss=0.07009172 | running_loss=0.07009172
2026-04-15 13:06:31,310 | INFO | lakeice_ncde | Epoch 4/120 | train batch 2/14 | batch_loss=0.03403446 | running_loss=0.05206309
2026-04-15 13:06:31,541 | INFO | lakeice_ncde | Epoch 4/120 | train batch 3/14 | batch_loss=0.03259124 | running_loss=0.04557247
2026-04-15 13:06:31,795 | INFO | lakeice_ncde | Epoch 4/120 | train batch 4/14 | batch_loss=0.06874032 | running_loss=0.05136444
2026-04-15 13:06:31,954 | INFO | lakeice_ncde | Epoch 4/120 | train batch 5/14 | batch_loss=0.02810755 | running_loss=0.04671306
2026-04-15 13:06:32,221 | INFO | lakeice_ncde | Epoch 4/120 | train batch 6/14 | batch_loss=0.03359470 | running_loss=0.04452667
2026-04-15 13:06:32,450 | INFO | lakeice_ncde | Epoch 4/120 | train batch 7/14 | batch_loss=0.03393395 | running_loss=0.04301342
2026-04-15 13:06:32,658 | INFO | lakeice_ncde | Epoch 4/120 | train batch 8/14 | batch_loss=0.03505164 | running_loss=0.04201820
2026-04-15 13:06:32,857 | INFO | lakeice_ncde | Epoch 4/120 | train batch 9/14 | batch_loss=0.02569048 | running_loss=0.04020401
2026-04-15 13:06:33,222 | INFO | lakeice_ncde | Epoch 4/120 | train batch 10/14 | batch_loss=0.07839471 | running_loss=0.04402308
2026-04-15 13:06:33,409 | INFO | lakeice_ncde | Epoch 4/120 | train batch 11/14 | batch_loss=0.03324357 | running_loss=0.04304312
2026-04-15 13:06:33,578 | INFO | lakeice_ncde | Epoch 4/120 | train batch 12/14 | batch_loss=0.03978665 | running_loss=0.04277175
2026-04-15 13:06:33,889 | INFO | lakeice_ncde | Epoch 4/120 | train batch 13/14 | batch_loss=0.05332713 | running_loss=0.04358370
2026-04-15 13:06:34,057 | INFO | lakeice_ncde | Epoch 4/120 | train batch 14/14 | batch_loss=0.06262401 | running_loss=0.04494372
2026-04-15 13:06:34,213 | INFO | lakeice_ncde | Epoch 4 complete | train_loss=0.04494372 | val_loss=14.77246726 | val_rmse=3.84349675 | val_mae=1.05321112 | val_r2=-324.74462515
2026-04-15 13:06:34,222 | INFO | lakeice_ncde | Epoch 5/120 started.
2026-04-15 13:06:34,502 | INFO | lakeice_ncde | Epoch 5/120 | train batch 1/14 | batch_loss=0.03771351 | running_loss=0.03771351
2026-04-15 13:06:34,797 | INFO | lakeice_ncde | Epoch 5/120 | train batch 2/14 | batch_loss=0.05684526 | running_loss=0.04727939
2026-04-15 13:06:35,156 | INFO | lakeice_ncde | Epoch 5/120 | train batch 3/14 | batch_loss=0.03751912 | running_loss=0.04402596
2026-04-15 13:06:35,318 | INFO | lakeice_ncde | Epoch 5/120 | train batch 4/14 | batch_loss=0.02755054 | running_loss=0.03990711
2026-04-15 13:06:35,578 | INFO | lakeice_ncde | Epoch 5/120 | train batch 5/14 | batch_loss=0.08137239 | running_loss=0.04820016
2026-04-15 13:06:35,845 | INFO | lakeice_ncde | Epoch 5/120 | train batch 6/14 | batch_loss=0.05067629 | running_loss=0.04861285
2026-04-15 13:06:36,024 | INFO | lakeice_ncde | Epoch 5/120 | train batch 7/14 | batch_loss=0.01422807 | running_loss=0.04370074
2026-04-15 13:06:36,227 | INFO | lakeice_ncde | Epoch 5/120 | train batch 8/14 | batch_loss=0.03637261 | running_loss=0.04278472
2026-04-15 13:06:36,431 | INFO | lakeice_ncde | Epoch 5/120 | train batch 9/14 | batch_loss=0.02347329 | running_loss=0.04063901
2026-04-15 13:06:36,641 | INFO | lakeice_ncde | Epoch 5/120 | train batch 10/14 | batch_loss=0.01925701 | running_loss=0.03850081
2026-04-15 13:06:36,901 | INFO | lakeice_ncde | Epoch 5/120 | train batch 11/14 | batch_loss=0.02899786 | running_loss=0.03763690
2026-04-15 13:06:37,170 | INFO | lakeice_ncde | Epoch 5/120 | train batch 12/14 | batch_loss=0.02883913 | running_loss=0.03690376
2026-04-15 13:06:37,336 | INFO | lakeice_ncde | Epoch 5/120 | train batch 13/14 | batch_loss=0.02812999 | running_loss=0.03622885
2026-04-15 13:06:37,467 | INFO | lakeice_ncde | Epoch 5/120 | train batch 14/14 | batch_loss=0.01705116 | running_loss=0.03485902
2026-04-15 13:06:37,601 | INFO | lakeice_ncde | Epoch 5 complete | train_loss=0.03485902 | val_loss=11.39746573 | val_rmse=3.37601329 | val_mae=0.87521815 | val_r2=-250.32316334
2026-04-15 13:06:37,610 | INFO | lakeice_ncde | Epoch 6/120 started.
2026-04-15 13:06:37,835 | INFO | lakeice_ncde | Epoch 6/120 | train batch 1/14 | batch_loss=0.02350316 | running_loss=0.02350316
2026-04-15 13:06:38,127 | INFO | lakeice_ncde | Epoch 6/120 | train batch 2/14 | batch_loss=0.04912905 | running_loss=0.03631610
2026-04-15 13:06:38,341 | INFO | lakeice_ncde | Epoch 6/120 | train batch 3/14 | batch_loss=0.03147975 | running_loss=0.03470398
2026-04-15 13:06:38,602 | INFO | lakeice_ncde | Epoch 6/120 | train batch 4/14 | batch_loss=0.03150099 | running_loss=0.03390324
2026-04-15 13:06:38,831 | INFO | lakeice_ncde | Epoch 6/120 | train batch 5/14 | batch_loss=0.03375397 | running_loss=0.03387338
2026-04-15 13:06:39,003 | INFO | lakeice_ncde | Epoch 6/120 | train batch 6/14 | batch_loss=0.03508934 | running_loss=0.03407604
2026-04-15 13:06:39,272 | INFO | lakeice_ncde | Epoch 6/120 | train batch 7/14 | batch_loss=0.01662447 | running_loss=0.03158296
2026-04-15 13:06:39,674 | INFO | lakeice_ncde | Epoch 6/120 | train batch 8/14 | batch_loss=0.01897830 | running_loss=0.03000738
2026-04-15 13:06:40,101 | INFO | lakeice_ncde | Epoch 6/120 | train batch 9/14 | batch_loss=0.01901821 | running_loss=0.02878636
2026-04-15 13:06:40,513 | INFO | lakeice_ncde | Epoch 6/120 | train batch 10/14 | batch_loss=0.02232830 | running_loss=0.02814055
2026-04-15 13:06:40,869 | INFO | lakeice_ncde | Epoch 6/120 | train batch 11/14 | batch_loss=0.02597965 | running_loss=0.02794411
2026-04-15 13:06:41,407 | INFO | lakeice_ncde | Epoch 6/120 | train batch 12/14 | batch_loss=0.01801119 | running_loss=0.02711636
2026-04-15 13:06:42,397 | INFO | lakeice_ncde | Epoch 6/120 | train batch 13/14 | batch_loss=0.02295335 | running_loss=0.02679613
2026-04-15 13:06:43,164 | INFO | lakeice_ncde | Epoch 6/120 | train batch 14/14 | batch_loss=0.02281516 | running_loss=0.02651178
2026-04-15 13:06:43,352 | INFO | lakeice_ncde | Epoch 6 complete | train_loss=0.02651178 | val_loss=17.32436204 | val_rmse=4.16225444 | val_mae=1.06163863 | val_r2=-381.01593007
2026-04-15 13:06:43,364 | INFO | lakeice_ncde | Epoch 7/120 started.
2026-04-15 13:06:43,805 | INFO | lakeice_ncde | Epoch 7/120 | train batch 1/14 | batch_loss=0.04389875 | running_loss=0.04389875
2026-04-15 13:06:43,998 | INFO | lakeice_ncde | Epoch 7/120 | train batch 2/14 | batch_loss=0.02071963 | running_loss=0.03230919
2026-04-15 13:06:44,330 | INFO | lakeice_ncde | Epoch 7/120 | train batch 3/14 | batch_loss=0.04794247 | running_loss=0.03752029
2026-04-15 13:06:44,615 | INFO | lakeice_ncde | Epoch 7/120 | train batch 4/14 | batch_loss=0.02064814 | running_loss=0.03330225
2026-04-15 13:06:44,760 | INFO | lakeice_ncde | Epoch 7/120 | train batch 5/14 | batch_loss=0.01069625 | running_loss=0.02878105
2026-04-15 13:06:45,027 | INFO | lakeice_ncde | Epoch 7/120 | train batch 6/14 | batch_loss=0.08135221 | running_loss=0.03754291
2026-04-15 13:06:45,478 | INFO | lakeice_ncde | Epoch 7/120 | train batch 7/14 | batch_loss=0.03888857 | running_loss=0.03773515
2026-04-15 13:06:45,775 | INFO | lakeice_ncde | Epoch 7/120 | train batch 8/14 | batch_loss=0.01255407 | running_loss=0.03458751
2026-04-15 13:06:45,974 | INFO | lakeice_ncde | Epoch 7/120 | train batch 9/14 | batch_loss=0.01951021 | running_loss=0.03291226
2026-04-15 13:06:46,155 | INFO | lakeice_ncde | Epoch 7/120 | train batch 10/14 | batch_loss=0.04870178 | running_loss=0.03449121
2026-04-15 13:06:46,368 | INFO | lakeice_ncde | Epoch 7/120 | train batch 11/14 | batch_loss=0.03677914 | running_loss=0.03469920
2026-04-15 13:06:46,612 | INFO | lakeice_ncde | Epoch 7/120 | train batch 12/14 | batch_loss=0.02723798 | running_loss=0.03407743
2026-04-15 13:06:46,883 | INFO | lakeice_ncde | Epoch 7/120 | train batch 13/14 | batch_loss=0.01837677 | running_loss=0.03286969
2026-04-15 13:06:47,022 | INFO | lakeice_ncde | Epoch 7/120 | train batch 14/14 | batch_loss=0.01339849 | running_loss=0.03147889
2026-04-15 13:06:47,174 | INFO | lakeice_ncde | Epoch 7 complete | train_loss=0.03147889 | val_loss=17.01790346 | val_rmse=4.12527617 | val_mae=1.05843762 | val_r2=-374.25827519
2026-04-15 13:06:47,187 | INFO | lakeice_ncde | Epoch 8/120 started.
2026-04-15 13:06:47,435 | INFO | lakeice_ncde | Epoch 8/120 | train batch 1/14 | batch_loss=0.01902460 | running_loss=0.01902460
2026-04-15 13:06:47,691 | INFO | lakeice_ncde | Epoch 8/120 | train batch 2/14 | batch_loss=0.02788872 | running_loss=0.02345666
2026-04-15 13:06:47,950 | INFO | lakeice_ncde | Epoch 8/120 | train batch 3/14 | batch_loss=0.01859282 | running_loss=0.02183538
2026-04-15 13:06:48,228 | INFO | lakeice_ncde | Epoch 8/120 | train batch 4/14 | batch_loss=0.02448598 | running_loss=0.02249803
2026-04-15 13:06:48,494 | INFO | lakeice_ncde | Epoch 8/120 | train batch 5/14 | batch_loss=0.02834685 | running_loss=0.02366779
2026-04-15 13:06:48,706 | INFO | lakeice_ncde | Epoch 8/120 | train batch 6/14 | batch_loss=0.02912192 | running_loss=0.02457682
2026-04-15 13:06:48,961 | INFO | lakeice_ncde | Epoch 8/120 | train batch 7/14 | batch_loss=0.01896795 | running_loss=0.02377555
2026-04-15 13:06:49,227 | INFO | lakeice_ncde | Epoch 8/120 | train batch 8/14 | batch_loss=0.02152816 | running_loss=0.02349463
2026-04-15 13:06:49,419 | INFO | lakeice_ncde | Epoch 8/120 | train batch 9/14 | batch_loss=0.01505360 | running_loss=0.02255673
2026-04-15 13:06:49,603 | INFO | lakeice_ncde | Epoch 8/120 | train batch 10/14 | batch_loss=0.01324203 | running_loss=0.02162526
2026-04-15 13:06:49,799 | INFO | lakeice_ncde | Epoch 8/120 | train batch 11/14 | batch_loss=0.02356556 | running_loss=0.02180165
2026-04-15 13:06:50,046 | INFO | lakeice_ncde | Epoch 8/120 | train batch 12/14 | batch_loss=0.01465353 | running_loss=0.02120598
2026-04-15 13:06:50,193 | INFO | lakeice_ncde | Epoch 8/120 | train batch 13/14 | batch_loss=0.09123732 | running_loss=0.02659300
2026-04-15 13:06:50,498 | INFO | lakeice_ncde | Epoch 8/120 | train batch 14/14 | batch_loss=0.05828490 | running_loss=0.02885671
2026-04-15 13:06:50,634 | INFO | lakeice_ncde | Epoch 8 complete | train_loss=0.02885671 | val_loss=30.49299038 | val_rmse=5.52204585 | val_mae=1.46702321 | val_r2=-671.39463438
2026-04-15 13:06:50,643 | INFO | lakeice_ncde | Epoch 9/120 started.
2026-04-15 13:06:50,816 | INFO | lakeice_ncde | Epoch 9/120 | train batch 1/14 | batch_loss=0.01917428 | running_loss=0.01917428
2026-04-15 13:06:51,063 | INFO | lakeice_ncde | Epoch 9/120 | train batch 2/14 | batch_loss=0.01715758 | running_loss=0.01816593
2026-04-15 13:06:51,354 | INFO | lakeice_ncde | Epoch 9/120 | train batch 3/14 | batch_loss=0.04369226 | running_loss=0.02667471
2026-04-15 13:06:51,564 | INFO | lakeice_ncde | Epoch 9/120 | train batch 4/14 | batch_loss=0.02046204 | running_loss=0.02512154
2026-04-15 13:06:51,813 | INFO | lakeice_ncde | Epoch 9/120 | train batch 5/14 | batch_loss=0.01718809 | running_loss=0.02353485
2026-04-15 13:06:51,976 | INFO | lakeice_ncde | Epoch 9/120 | train batch 6/14 | batch_loss=0.01296932 | running_loss=0.02177393
2026-04-15 13:06:52,119 | INFO | lakeice_ncde | Epoch 9/120 | train batch 7/14 | batch_loss=0.01237169 | running_loss=0.02043075
2026-04-15 13:06:52,330 | INFO | lakeice_ncde | Epoch 9/120 | train batch 8/14 | batch_loss=0.01916608 | running_loss=0.02027267
2026-04-15 13:06:52,518 | INFO | lakeice_ncde | Epoch 9/120 | train batch 9/14 | batch_loss=0.09901965 | running_loss=0.02902233
2026-04-15 13:06:52,683 | INFO | lakeice_ncde | Epoch 9/120 | train batch 10/14 | batch_loss=0.01422163 | running_loss=0.02754226
2026-04-15 13:06:52,967 | INFO | lakeice_ncde | Epoch 9/120 | train batch 11/14 | batch_loss=0.07937820 | running_loss=0.03225462
2026-04-15 13:06:53,220 | INFO | lakeice_ncde | Epoch 9/120 | train batch 12/14 | batch_loss=0.02083950 | running_loss=0.03130336
2026-04-15 13:06:53,410 | INFO | lakeice_ncde | Epoch 9/120 | train batch 13/14 | batch_loss=0.01749644 | running_loss=0.03024129
2026-04-15 13:06:53,709 | INFO | lakeice_ncde | Epoch 9/120 | train batch 14/14 | batch_loss=0.01958526 | running_loss=0.02948014
2026-04-15 13:06:53,845 | INFO | lakeice_ncde | Epoch 9 complete | train_loss=0.02948014 | val_loss=12.34845299 | val_rmse=3.51403657 | val_mae=1.03774397 | val_r2=-271.29318692
2026-04-15 13:06:53,855 | INFO | lakeice_ncde | Epoch 10/120 started.
2026-04-15 13:06:54,087 | INFO | lakeice_ncde | Epoch 10/120 | train batch 1/14 | batch_loss=0.01573131 | running_loss=0.01573131
2026-04-15 13:06:54,295 | INFO | lakeice_ncde | Epoch 10/120 | train batch 2/14 | batch_loss=0.03632911 | running_loss=0.02603021
2026-04-15 13:06:54,502 | INFO | lakeice_ncde | Epoch 10/120 | train batch 3/14 | batch_loss=0.02350863 | running_loss=0.02518969
2026-04-15 13:06:54,727 | INFO | lakeice_ncde | Epoch 10/120 | train batch 4/14 | batch_loss=0.03235758 | running_loss=0.02698166
2026-04-15 13:06:54,926 | INFO | lakeice_ncde | Epoch 10/120 | train batch 5/14 | batch_loss=0.01862866 | running_loss=0.02531106
2026-04-15 13:06:55,164 | INFO | lakeice_ncde | Epoch 10/120 | train batch 6/14 | batch_loss=0.04832491 | running_loss=0.02914670
2026-04-15 13:06:55,421 | INFO | lakeice_ncde | Epoch 10/120 | train batch 7/14 | batch_loss=0.03453410 | running_loss=0.02991633
2026-04-15 13:06:55,640 | INFO | lakeice_ncde | Epoch 10/120 | train batch 8/14 | batch_loss=0.02008224 | running_loss=0.02868707
2026-04-15 13:06:55,860 | INFO | lakeice_ncde | Epoch 10/120 | train batch 9/14 | batch_loss=0.01784578 | running_loss=0.02748248
2026-04-15 13:06:55,955 | INFO | lakeice_ncde | Epoch 10/120 | train batch 10/14 | batch_loss=0.01458358 | running_loss=0.02619259
2026-04-15 13:06:56,177 | INFO | lakeice_ncde | Epoch 10/120 | train batch 11/14 | batch_loss=0.02451967 | running_loss=0.02604051
2026-04-15 13:06:56,347 | INFO | lakeice_ncde | Epoch 10/120 | train batch 12/14 | batch_loss=0.01914949 | running_loss=0.02546626
2026-04-15 13:06:56,545 | INFO | lakeice_ncde | Epoch 10/120 | train batch 13/14 | batch_loss=0.01635047 | running_loss=0.02476504
2026-04-15 13:06:56,724 | INFO | lakeice_ncde | Epoch 10/120 | train batch 14/14 | batch_loss=0.01141171 | running_loss=0.02381123
2026-04-15 13:06:56,865 | INFO | lakeice_ncde | Epoch 10 complete | train_loss=0.02381123 | val_loss=13.79224503 | val_rmse=3.71379119 | val_mae=0.85916142 | val_r2=-303.12994724
2026-04-15 13:06:56,874 | INFO | lakeice_ncde | Epoch 11/120 started.
2026-04-15 13:06:57,138 | INFO | lakeice_ncde | Epoch 11/120 | train batch 1/14 | batch_loss=0.06680635 | running_loss=0.06680635
2026-04-15 13:06:57,242 | INFO | lakeice_ncde | Epoch 11/120 | train batch 2/14 | batch_loss=0.01434304 | running_loss=0.04057470
2026-04-15 13:06:57,453 | INFO | lakeice_ncde | Epoch 11/120 | train batch 3/14 | batch_loss=0.02031470 | running_loss=0.03382137
2026-04-15 13:06:57,620 | INFO | lakeice_ncde | Epoch 11/120 | train batch 4/14 | batch_loss=0.01891560 | running_loss=0.03009492
2026-04-15 13:06:57,814 | INFO | lakeice_ncde | Epoch 11/120 | train batch 5/14 | batch_loss=0.00943143 | running_loss=0.02596222
2026-04-15 13:06:58,031 | INFO | lakeice_ncde | Epoch 11/120 | train batch 6/14 | batch_loss=0.01295676 | running_loss=0.02379465
2026-04-15 13:06:58,287 | INFO | lakeice_ncde | Epoch 11/120 | train batch 7/14 | batch_loss=0.02094659 | running_loss=0.02338778
2026-04-15 13:06:58,560 | INFO | lakeice_ncde | Epoch 11/120 | train batch 8/14 | batch_loss=0.01558343 | running_loss=0.02241224
2026-04-15 13:06:58,767 | INFO | lakeice_ncde | Epoch 11/120 | train batch 9/14 | batch_loss=0.01652043 | running_loss=0.02175759
2026-04-15 13:06:58,942 | INFO | lakeice_ncde | Epoch 11/120 | train batch 10/14 | batch_loss=0.01309726 | running_loss=0.02089156
2026-04-15 13:06:59,168 | INFO | lakeice_ncde | Epoch 11/120 | train batch 11/14 | batch_loss=0.03694939 | running_loss=0.02235136
2026-04-15 13:06:59,447 | INFO | lakeice_ncde | Epoch 11/120 | train batch 12/14 | batch_loss=0.01846990 | running_loss=0.02202791
2026-04-15 13:06:59,767 | INFO | lakeice_ncde | Epoch 11/120 | train batch 13/14 | batch_loss=0.03363125 | running_loss=0.02292047
2026-04-15 13:06:59,996 | INFO | lakeice_ncde | Epoch 11/120 | train batch 14/14 | batch_loss=0.02054333 | running_loss=0.02275068
2026-04-15 13:07:00,157 | INFO | lakeice_ncde | Epoch 11 complete | train_loss=0.02275068 | val_loss=2.84954566 | val_rmse=1.68805973 | val_mae=0.60722669 | val_r2=-61.83474298
2026-04-15 13:07:00,182 | INFO | lakeice_ncde | Epoch 12/120 started.
2026-04-15 13:07:00,409 | INFO | lakeice_ncde | Epoch 12/120 | train batch 1/14 | batch_loss=0.02233857 | running_loss=0.02233857
2026-04-15 13:07:00,677 | INFO | lakeice_ncde | Epoch 12/120 | train batch 2/14 | batch_loss=0.01697026 | running_loss=0.01965442
2026-04-15 13:07:00,934 | INFO | lakeice_ncde | Epoch 12/120 | train batch 3/14 | batch_loss=0.01519805 | running_loss=0.01816896
2026-04-15 13:07:01,142 | INFO | lakeice_ncde | Epoch 12/120 | train batch 4/14 | batch_loss=0.01334499 | running_loss=0.01696297
2026-04-15 13:07:01,335 | INFO | lakeice_ncde | Epoch 12/120 | train batch 5/14 | batch_loss=0.01525370 | running_loss=0.01662112
2026-04-15 13:07:01,630 | INFO | lakeice_ncde | Epoch 12/120 | train batch 6/14 | batch_loss=0.01461270 | running_loss=0.01628638
2026-04-15 13:07:01,889 | INFO | lakeice_ncde | Epoch 12/120 | train batch 7/14 | batch_loss=0.02176835 | running_loss=0.01706952
2026-04-15 13:07:02,171 | INFO | lakeice_ncde | Epoch 12/120 | train batch 8/14 | batch_loss=0.02234012 | running_loss=0.01772834
2026-04-15 13:07:02,302 | INFO | lakeice_ncde | Epoch 12/120 | train batch 9/14 | batch_loss=0.06669635 | running_loss=0.02316923
2026-04-15 13:07:02,538 | INFO | lakeice_ncde | Epoch 12/120 | train batch 10/14 | batch_loss=0.03780241 | running_loss=0.02463255
2026-04-15 13:07:02,710 | INFO | lakeice_ncde | Epoch 12/120 | train batch 11/14 | batch_loss=0.01561948 | running_loss=0.02381318
2026-04-15 13:07:02,934 | INFO | lakeice_ncde | Epoch 12/120 | train batch 12/14 | batch_loss=0.01573493 | running_loss=0.02313999
2026-04-15 13:07:03,132 | INFO | lakeice_ncde | Epoch 12/120 | train batch 13/14 | batch_loss=0.01710336 | running_loss=0.02267564
2026-04-15 13:07:03,322 | INFO | lakeice_ncde | Epoch 12/120 | train batch 14/14 | batch_loss=0.01508880 | running_loss=0.02213372
2026-04-15 13:07:03,442 | INFO | lakeice_ncde | Epoch 12 complete | train_loss=0.02213372 | val_loss=11.14651933 | val_rmse=3.33864034 | val_mae=0.88748657 | val_r2=-244.78959604
2026-04-15 13:07:03,452 | INFO | lakeice_ncde | Epoch 13/120 started.
2026-04-15 13:07:03,707 | INFO | lakeice_ncde | Epoch 13/120 | train batch 1/14 | batch_loss=0.02263337 | running_loss=0.02263337
2026-04-15 13:07:03,900 | INFO | lakeice_ncde | Epoch 13/120 | train batch 2/14 | batch_loss=0.01348006 | running_loss=0.01805672
2026-04-15 13:07:04,141 | INFO | lakeice_ncde | Epoch 13/120 | train batch 3/14 | batch_loss=0.01572401 | running_loss=0.01727915
2026-04-15 13:07:04,353 | INFO | lakeice_ncde | Epoch 13/120 | train batch 4/14 | batch_loss=0.01446388 | running_loss=0.01657533
2026-04-15 13:07:04,556 | INFO | lakeice_ncde | Epoch 13/120 | train batch 5/14 | batch_loss=0.03820189 | running_loss=0.02090064
2026-04-15 13:07:04,784 | INFO | lakeice_ncde | Epoch 13/120 | train batch 6/14 | batch_loss=0.01663306 | running_loss=0.02018938
2026-04-15 13:07:04,951 | INFO | lakeice_ncde | Epoch 13/120 | train batch 7/14 | batch_loss=0.01477857 | running_loss=0.01941641
2026-04-15 13:07:05,136 | INFO | lakeice_ncde | Epoch 13/120 | train batch 8/14 | batch_loss=0.01141975 | running_loss=0.01841682
2026-04-15 13:07:05,285 | INFO | lakeice_ncde | Epoch 13/120 | train batch 9/14 | batch_loss=0.01605827 | running_loss=0.01815476
2026-04-15 13:07:05,532 | INFO | lakeice_ncde | Epoch 13/120 | train batch 10/14 | batch_loss=0.01492989 | running_loss=0.01783227
2026-04-15 13:07:05,729 | INFO | lakeice_ncde | Epoch 13/120 | train batch 11/14 | batch_loss=0.01331551 | running_loss=0.01742166
2026-04-15 13:07:05,949 | INFO | lakeice_ncde | Epoch 13/120 | train batch 12/14 | batch_loss=0.02412411 | running_loss=0.01798020
2026-04-15 13:07:06,191 | INFO | lakeice_ncde | Epoch 13/120 | train batch 13/14 | batch_loss=0.01886703 | running_loss=0.01804841
2026-04-15 13:07:06,495 | INFO | lakeice_ncde | Epoch 13/120 | train batch 14/14 | batch_loss=0.01283140 | running_loss=0.01767577
2026-04-15 13:07:06,615 | INFO | lakeice_ncde | Epoch 13 complete | train_loss=0.01767577 | val_loss=5.00446265 | val_rmse=2.23706563 | val_mae=0.78613824 | val_r2=-109.35237259
2026-04-15 13:07:06,624 | INFO | lakeice_ncde | Epoch 14/120 started.
2026-04-15 13:07:06,813 | INFO | lakeice_ncde | Epoch 14/120 | train batch 1/14 | batch_loss=0.01346955 | running_loss=0.01346955
2026-04-15 13:07:06,979 | INFO | lakeice_ncde | Epoch 14/120 | train batch 2/14 | batch_loss=0.01131213 | running_loss=0.01239084
2026-04-15 13:07:07,127 | INFO | lakeice_ncde | Epoch 14/120 | train batch 3/14 | batch_loss=0.01956355 | running_loss=0.01478174
2026-04-15 13:07:07,449 | INFO | lakeice_ncde | Epoch 14/120 | train batch 4/14 | batch_loss=0.04617010 | running_loss=0.02262883
2026-04-15 13:07:07,596 | INFO | lakeice_ncde | Epoch 14/120 | train batch 5/14 | batch_loss=0.01179389 | running_loss=0.02046184
2026-04-15 13:07:07,783 | INFO | lakeice_ncde | Epoch 14/120 | train batch 6/14 | batch_loss=0.01802272 | running_loss=0.02005532
2026-04-15 13:07:08,018 | INFO | lakeice_ncde | Epoch 14/120 | train batch 7/14 | batch_loss=0.01641626 | running_loss=0.01953546
2026-04-15 13:07:08,226 | INFO | lakeice_ncde | Epoch 14/120 | train batch 8/14 | batch_loss=0.01996541 | running_loss=0.01958920
2026-04-15 13:07:08,459 | INFO | lakeice_ncde | Epoch 14/120 | train batch 9/14 | batch_loss=0.03446522 | running_loss=0.02124209
2026-04-15 13:07:08,704 | INFO | lakeice_ncde | Epoch 14/120 | train batch 10/14 | batch_loss=0.01864907 | running_loss=0.02098279
2026-04-15 13:07:08,878 | INFO | lakeice_ncde | Epoch 14/120 | train batch 11/14 | batch_loss=0.01175195 | running_loss=0.02014362
2026-04-15 13:07:09,048 | INFO | lakeice_ncde | Epoch 14/120 | train batch 12/14 | batch_loss=0.01491290 | running_loss=0.01970773
2026-04-15 13:07:09,236 | INFO | lakeice_ncde | Epoch 14/120 | train batch 13/14 | batch_loss=0.04401477 | running_loss=0.02157750
2026-04-15 13:07:09,459 | INFO | lakeice_ncde | Epoch 14/120 | train batch 14/14 | batch_loss=0.01458261 | running_loss=0.02107787
2026-04-15 13:07:09,596 | INFO | lakeice_ncde | Epoch 14 complete | train_loss=0.02107787 | val_loss=15.92863833 | val_rmse=3.99106982 | val_mae=1.11002159 | val_r2=-350.23911476
2026-04-15 13:07:09,605 | INFO | lakeice_ncde | Epoch 15/120 started.
2026-04-15 13:07:09,792 | INFO | lakeice_ncde | Epoch 15/120 | train batch 1/14 | batch_loss=0.02326278 | running_loss=0.02326278
2026-04-15 13:07:10,119 | INFO | lakeice_ncde | Epoch 15/120 | train batch 2/14 | batch_loss=0.01033576 | running_loss=0.01679927
2026-04-15 13:07:10,257 | INFO | lakeice_ncde | Epoch 15/120 | train batch 3/14 | batch_loss=0.01630861 | running_loss=0.01663572
2026-04-15 13:07:10,427 | INFO | lakeice_ncde | Epoch 15/120 | train batch 4/14 | batch_loss=0.02086213 | running_loss=0.01769232
2026-04-15 13:07:10,781 | INFO | lakeice_ncde | Epoch 15/120 | train batch 5/14 | batch_loss=0.01949372 | running_loss=0.01805260
2026-04-15 13:07:10,986 | INFO | lakeice_ncde | Epoch 15/120 | train batch 6/14 | batch_loss=0.02286298 | running_loss=0.01885433
2026-04-15 13:07:11,225 | INFO | lakeice_ncde | Epoch 15/120 | train batch 7/14 | batch_loss=0.04652435 | running_loss=0.02280719
2026-04-15 13:07:11,402 | INFO | lakeice_ncde | Epoch 15/120 | train batch 8/14 | batch_loss=0.02180599 | running_loss=0.02268204
2026-04-15 13:07:11,566 | INFO | lakeice_ncde | Epoch 15/120 | train batch 9/14 | batch_loss=0.03469117 | running_loss=0.02401639
2026-04-15 13:07:11,699 | INFO | lakeice_ncde | Epoch 15/120 | train batch 10/14 | batch_loss=0.01132367 | running_loss=0.02274712
2026-04-15 13:07:11,949 | INFO | lakeice_ncde | Epoch 15/120 | train batch 11/14 | batch_loss=0.01110357 | running_loss=0.02168861
2026-04-15 13:07:12,230 | INFO | lakeice_ncde | Epoch 15/120 | train batch 12/14 | batch_loss=0.02093522 | running_loss=0.02162583
2026-04-15 13:07:12,447 | INFO | lakeice_ncde | Epoch 15/120 | train batch 13/14 | batch_loss=0.01658884 | running_loss=0.02123837
2026-04-15 13:07:12,641 | INFO | lakeice_ncde | Epoch 15/120 | train batch 14/14 | batch_loss=0.01492630 | running_loss=0.02078751
2026-04-15 13:07:12,774 | INFO | lakeice_ncde | Epoch 15 complete | train_loss=0.02078751 | val_loss=23.01673829 | val_rmse=4.79757629 | val_mae=1.07047079 | val_r2=-506.53734338
2026-04-15 13:07:12,783 | INFO | lakeice_ncde | Epoch 16/120 started.
2026-04-15 13:07:13,003 | INFO | lakeice_ncde | Epoch 16/120 | train batch 1/14 | batch_loss=0.01281884 | running_loss=0.01281884
2026-04-15 13:07:13,176 | INFO | lakeice_ncde | Epoch 16/120 | train batch 2/14 | batch_loss=0.04024787 | running_loss=0.02653336
2026-04-15 13:07:13,410 | INFO | lakeice_ncde | Epoch 16/120 | train batch 3/14 | batch_loss=0.01686258 | running_loss=0.02330976
2026-04-15 13:07:13,588 | INFO | lakeice_ncde | Epoch 16/120 | train batch 4/14 | batch_loss=0.01980254 | running_loss=0.02243296
2026-04-15 13:07:13,812 | INFO | lakeice_ncde | Epoch 16/120 | train batch 5/14 | batch_loss=0.01403424 | running_loss=0.02075321
2026-04-15 13:07:14,090 | INFO | lakeice_ncde | Epoch 16/120 | train batch 6/14 | batch_loss=0.02434989 | running_loss=0.02135266
2026-04-15 13:07:14,341 | INFO | lakeice_ncde | Epoch 16/120 | train batch 7/14 | batch_loss=0.01757803 | running_loss=0.02081343
2026-04-15 13:07:14,539 | INFO | lakeice_ncde | Epoch 16/120 | train batch 8/14 | batch_loss=0.01350073 | running_loss=0.01989934
2026-04-15 13:07:14,685 | INFO | lakeice_ncde | Epoch 16/120 | train batch 9/14 | batch_loss=0.05444800 | running_loss=0.02373808
2026-04-15 13:07:14,856 | INFO | lakeice_ncde | Epoch 16/120 | train batch 10/14 | batch_loss=0.00978413 | running_loss=0.02234269
2026-04-15 13:07:15,086 | INFO | lakeice_ncde | Epoch 16/120 | train batch 11/14 | batch_loss=0.01378090 | running_loss=0.02156434
2026-04-15 13:07:15,404 | INFO | lakeice_ncde | Epoch 16/120 | train batch 12/14 | batch_loss=0.07304747 | running_loss=0.02585460
2026-04-15 13:07:15,565 | INFO | lakeice_ncde | Epoch 16/120 | train batch 13/14 | batch_loss=0.10953024 | running_loss=0.03229119
2026-04-15 13:07:15,780 | INFO | lakeice_ncde | Epoch 16/120 | train batch 14/14 | batch_loss=0.01570996 | running_loss=0.03110682
2026-04-15 13:07:15,905 | INFO | lakeice_ncde | Epoch 16 complete | train_loss=0.03110682 | val_loss=29.34658250 | val_rmse=5.41724861 | val_mae=1.25721242 | val_r2=-646.11543085
2026-04-15 13:07:15,914 | INFO | lakeice_ncde | Epoch 17/120 started.
2026-04-15 13:07:16,107 | INFO | lakeice_ncde | Epoch 17/120 | train batch 1/14 | batch_loss=0.02753942 | running_loss=0.02753942
2026-04-15 13:07:16,307 | INFO | lakeice_ncde | Epoch 17/120 | train batch 2/14 | batch_loss=0.01514030 | running_loss=0.02133986
2026-04-15 13:07:16,514 | INFO | lakeice_ncde | Epoch 17/120 | train batch 3/14 | batch_loss=0.02116372 | running_loss=0.02128115
2026-04-15 13:07:16,740 | INFO | lakeice_ncde | Epoch 17/120 | train batch 4/14 | batch_loss=0.01636101 | running_loss=0.02005111
2026-04-15 13:07:17,014 | INFO | lakeice_ncde | Epoch 17/120 | train batch 5/14 | batch_loss=0.01860785 | running_loss=0.01976246
2026-04-15 13:07:17,198 | INFO | lakeice_ncde | Epoch 17/120 | train batch 6/14 | batch_loss=0.01541896 | running_loss=0.01903854
2026-04-15 13:07:17,392 | INFO | lakeice_ncde | Epoch 17/120 | train batch 7/14 | batch_loss=0.02183275 | running_loss=0.01943772
2026-04-15 13:07:17,566 | INFO | lakeice_ncde | Epoch 17/120 | train batch 8/14 | batch_loss=0.01772522 | running_loss=0.01922365
2026-04-15 13:07:17,724 | INFO | lakeice_ncde | Epoch 17/120 | train batch 9/14 | batch_loss=0.01472777 | running_loss=0.01872411
2026-04-15 13:07:17,864 | INFO | lakeice_ncde | Epoch 17/120 | train batch 10/14 | batch_loss=0.01168920 | running_loss=0.01802062
2026-04-15 13:07:18,176 | INFO | lakeice_ncde | Epoch 17/120 | train batch 11/14 | batch_loss=0.01327119 | running_loss=0.01758885
2026-04-15 13:07:18,440 | INFO | lakeice_ncde | Epoch 17/120 | train batch 12/14 | batch_loss=0.01806899 | running_loss=0.01762886
2026-04-15 13:07:18,611 | INFO | lakeice_ncde | Epoch 17/120 | train batch 13/14 | batch_loss=0.01119656 | running_loss=0.01713407
2026-04-15 13:07:18,840 | INFO | lakeice_ncde | Epoch 17/120 | train batch 14/14 | batch_loss=0.02534688 | running_loss=0.01772070
2026-04-15 13:07:19,094 | INFO | lakeice_ncde | Epoch 17 complete | train_loss=0.01772070 | val_loss=56.37318348 | val_rmse=7.50820774 | val_mae=1.45070477 | val_r2=-1242.07342826
2026-04-15 13:07:19,105 | INFO | lakeice_ncde | Epoch 18/120 started.
2026-04-15 13:07:19,368 | INFO | lakeice_ncde | Epoch 18/120 | train batch 1/14 | batch_loss=0.02017532 | running_loss=0.02017532
2026-04-15 13:07:19,555 | INFO | lakeice_ncde | Epoch 18/120 | train batch 2/14 | batch_loss=0.01636273 | running_loss=0.01826902
2026-04-15 13:07:19,746 | INFO | lakeice_ncde | Epoch 18/120 | train batch 3/14 | batch_loss=0.01864091 | running_loss=0.01839299
2026-04-15 13:07:19,963 | INFO | lakeice_ncde | Epoch 18/120 | train batch 4/14 | batch_loss=0.01192054 | running_loss=0.01677488
2026-04-15 13:07:20,238 | INFO | lakeice_ncde | Epoch 18/120 | train batch 5/14 | batch_loss=0.01609413 | running_loss=0.01663873
2026-04-15 13:07:20,414 | INFO | lakeice_ncde | Epoch 18/120 | train batch 6/14 | batch_loss=0.03335061 | running_loss=0.01942404
2026-04-15 13:07:20,617 | INFO | lakeice_ncde | Epoch 18/120 | train batch 7/14 | batch_loss=0.01666614 | running_loss=0.01903006
2026-04-15 13:07:20,808 | INFO | lakeice_ncde | Epoch 18/120 | train batch 8/14 | batch_loss=0.07463615 | running_loss=0.02598082
2026-04-15 13:07:21,025 | INFO | lakeice_ncde | Epoch 18/120 | train batch 9/14 | batch_loss=0.01223072 | running_loss=0.02445303
2026-04-15 13:07:21,210 | INFO | lakeice_ncde | Epoch 18/120 | train batch 10/14 | batch_loss=0.02226157 | running_loss=0.02423388
2026-04-15 13:07:21,384 | INFO | lakeice_ncde | Epoch 18/120 | train batch 11/14 | batch_loss=0.01563266 | running_loss=0.02345195
2026-04-15 13:07:21,582 | INFO | lakeice_ncde | Epoch 18/120 | train batch 12/14 | batch_loss=0.02366007 | running_loss=0.02346930
2026-04-15 13:07:21,759 | INFO | lakeice_ncde | Epoch 18/120 | train batch 13/14 | batch_loss=0.01921414 | running_loss=0.02314198
2026-04-15 13:07:21,949 | INFO | lakeice_ncde | Epoch 18/120 | train batch 14/14 | batch_loss=0.00951921 | running_loss=0.02216892
2026-04-15 13:07:22,075 | INFO | lakeice_ncde | Epoch 18 complete | train_loss=0.02216892 | val_loss=45.10902573 | val_rmse=6.71632531 | val_mae=1.32613671 | val_r2=-993.68981168
2026-04-15 13:07:22,085 | INFO | lakeice_ncde | Epoch 19/120 started.
2026-04-15 13:07:22,349 | INFO | lakeice_ncde | Epoch 19/120 | train batch 1/14 | batch_loss=0.01358300 | running_loss=0.01358300
2026-04-15 13:07:22,573 | INFO | lakeice_ncde | Epoch 19/120 | train batch 2/14 | batch_loss=0.01636599 | running_loss=0.01497449
2026-04-15 13:07:22,760 | INFO | lakeice_ncde | Epoch 19/120 | train batch 3/14 | batch_loss=0.02273425 | running_loss=0.01756108
2026-04-15 13:07:23,062 | INFO | lakeice_ncde | Epoch 19/120 | train batch 4/14 | batch_loss=0.01794128 | running_loss=0.01765613
2026-04-15 13:07:23,180 | INFO | lakeice_ncde | Epoch 19/120 | train batch 5/14 | batch_loss=0.01068460 | running_loss=0.01626183
2026-04-15 13:07:23,429 | INFO | lakeice_ncde | Epoch 19/120 | train batch 6/14 | batch_loss=0.01197262 | running_loss=0.01554696
2026-04-15 13:07:23,668 | INFO | lakeice_ncde | Epoch 19/120 | train batch 7/14 | batch_loss=0.01608995 | running_loss=0.01562453
2026-04-15 13:07:23,937 | INFO | lakeice_ncde | Epoch 19/120 | train batch 8/14 | batch_loss=0.01888462 | running_loss=0.01603204
2026-04-15 13:07:24,161 | INFO | lakeice_ncde | Epoch 19/120 | train batch 9/14 | batch_loss=0.01643867 | running_loss=0.01607722
2026-04-15 13:07:24,394 | INFO | lakeice_ncde | Epoch 19/120 | train batch 10/14 | batch_loss=0.02210215 | running_loss=0.01667971
2026-04-15 13:07:24,641 | INFO | lakeice_ncde | Epoch 19/120 | train batch 11/14 | batch_loss=0.01520970 | running_loss=0.01654608
2026-04-15 13:07:24,892 | INFO | lakeice_ncde | Epoch 19/120 | train batch 12/14 | batch_loss=0.01976533 | running_loss=0.01681435
2026-04-15 13:07:25,150 | INFO | lakeice_ncde | Epoch 19/120 | train batch 13/14 | batch_loss=0.01465254 | running_loss=0.01664806
2026-04-15 13:07:25,343 | INFO | lakeice_ncde | Epoch 19/120 | train batch 14/14 | batch_loss=0.00994420 | running_loss=0.01616921
2026-04-15 13:07:25,489 | INFO | lakeice_ncde | Epoch 19 complete | train_loss=0.01616921 | val_loss=29.49236879 | val_rmse=5.43068769 | val_mae=1.34123728 | val_r2=-649.33013431
2026-04-15 13:07:25,499 | INFO | lakeice_ncde | Epoch 20/120 started.
2026-04-15 13:07:25,701 | INFO | lakeice_ncde | Epoch 20/120 | train batch 1/14 | batch_loss=0.01449882 | running_loss=0.01449882
2026-04-15 13:07:25,948 | INFO | lakeice_ncde | Epoch 20/120 | train batch 2/14 | batch_loss=0.01421800 | running_loss=0.01435841
2026-04-15 13:07:26,125 | INFO | lakeice_ncde | Epoch 20/120 | train batch 3/14 | batch_loss=0.01826007 | running_loss=0.01565896
2026-04-15 13:07:26,359 | INFO | lakeice_ncde | Epoch 20/120 | train batch 4/14 | batch_loss=0.03017795 | running_loss=0.01928871
2026-04-15 13:07:26,583 | INFO | lakeice_ncde | Epoch 20/120 | train batch 5/14 | batch_loss=0.01274282 | running_loss=0.01797953
2026-04-15 13:07:26,966 | INFO | lakeice_ncde | Epoch 20/120 | train batch 6/14 | batch_loss=0.01446969 | running_loss=0.01739456
2026-04-15 13:07:27,157 | INFO | lakeice_ncde | Epoch 20/120 | train batch 7/14 | batch_loss=0.01745807 | running_loss=0.01740363
2026-04-15 13:07:27,511 | INFO | lakeice_ncde | Epoch 20/120 | train batch 8/14 | batch_loss=0.01243729 | running_loss=0.01678284
2026-04-15 13:07:27,795 | INFO | lakeice_ncde | Epoch 20/120 | train batch 9/14 | batch_loss=0.01927423 | running_loss=0.01705966
2026-04-15 13:07:27,977 | INFO | lakeice_ncde | Epoch 20/120 | train batch 10/14 | batch_loss=0.01138160 | running_loss=0.01649185
2026-04-15 13:07:28,200 | INFO | lakeice_ncde | Epoch 20/120 | train batch 11/14 | batch_loss=0.01452149 | running_loss=0.01631273
2026-04-15 13:07:28,391 | INFO | lakeice_ncde | Epoch 20/120 | train batch 12/14 | batch_loss=0.01380238 | running_loss=0.01610353
2026-04-15 13:07:28,649 | INFO | lakeice_ncde | Epoch 20/120 | train batch 13/14 | batch_loss=0.01298865 | running_loss=0.01586393
2026-04-15 13:07:28,968 | INFO | lakeice_ncde | Epoch 20/120 | train batch 14/14 | batch_loss=0.02081029 | running_loss=0.01621724
2026-04-15 13:07:29,147 | INFO | lakeice_ncde | Epoch 20 complete | train_loss=0.01621724 | val_loss=29.94679182 | val_rmse=5.47236620 | val_mae=1.34880709 | val_r2=-659.35052268
2026-04-15 13:07:29,161 | INFO | lakeice_ncde | Epoch 21/120 started.
2026-04-15 13:07:29,523 | INFO | lakeice_ncde | Epoch 21/120 | train batch 1/14 | batch_loss=0.07592762 | running_loss=0.07592762
2026-04-15 13:07:29,749 | INFO | lakeice_ncde | Epoch 21/120 | train batch 2/14 | batch_loss=0.01542783 | running_loss=0.04567772
2026-04-15 13:07:30,002 | INFO | lakeice_ncde | Epoch 21/120 | train batch 3/14 | batch_loss=0.02240447 | running_loss=0.03791997
2026-04-15 13:07:30,211 | INFO | lakeice_ncde | Epoch 21/120 | train batch 4/14 | batch_loss=0.01141305 | running_loss=0.03129324
2026-04-15 13:07:30,419 | INFO | lakeice_ncde | Epoch 21/120 | train batch 5/14 | batch_loss=0.01922032 | running_loss=0.02887866
2026-04-15 13:07:30,625 | INFO | lakeice_ncde | Epoch 21/120 | train batch 6/14 | batch_loss=0.01324990 | running_loss=0.02627386
2026-04-15 13:07:30,809 | INFO | lakeice_ncde | Epoch 21/120 | train batch 7/14 | batch_loss=0.01394747 | running_loss=0.02451295
2026-04-15 13:07:31,042 | INFO | lakeice_ncde | Epoch 21/120 | train batch 8/14 | batch_loss=0.01417114 | running_loss=0.02322022
2026-04-15 13:07:31,211 | INFO | lakeice_ncde | Epoch 21/120 | train batch 9/14 | batch_loss=0.01115476 | running_loss=0.02187962
2026-04-15 13:07:31,396 | INFO | lakeice_ncde | Epoch 21/120 | train batch 10/14 | batch_loss=0.01306176 | running_loss=0.02099783
2026-04-15 13:07:31,641 | INFO | lakeice_ncde | Epoch 21/120 | train batch 11/14 | batch_loss=0.01151268 | running_loss=0.02013554
2026-04-15 13:07:31,826 | INFO | lakeice_ncde | Epoch 21/120 | train batch 12/14 | batch_loss=0.00908718 | running_loss=0.01921485
2026-04-15 13:07:32,057 | INFO | lakeice_ncde | Epoch 21/120 | train batch 13/14 | batch_loss=0.01790695 | running_loss=0.01911424
2026-04-15 13:07:32,253 | INFO | lakeice_ncde | Epoch 21/120 | train batch 14/14 | batch_loss=0.01043932 | running_loss=0.01849460
2026-04-15 13:07:32,386 | INFO | lakeice_ncde | Epoch 21 complete | train_loss=0.01849460 | val_loss=29.93851238 | val_rmse=5.47160967 | val_mae=1.23178390 | val_r2=-659.16795434
2026-04-15 13:07:32,397 | INFO | lakeice_ncde | Epoch 22/120 started.
2026-04-15 13:07:32,638 | INFO | lakeice_ncde | Epoch 22/120 | train batch 1/14 | batch_loss=0.00966610 | running_loss=0.00966610
2026-04-15 13:07:32,752 | INFO | lakeice_ncde | Epoch 22/120 | train batch 2/14 | batch_loss=0.01097261 | running_loss=0.01031936
2026-04-15 13:07:32,992 | INFO | lakeice_ncde | Epoch 22/120 | train batch 3/14 | batch_loss=0.01583243 | running_loss=0.01215705
2026-04-15 13:07:33,244 | INFO | lakeice_ncde | Epoch 22/120 | train batch 4/14 | batch_loss=0.02061837 | running_loss=0.01427238
2026-04-15 13:07:33,471 | INFO | lakeice_ncde | Epoch 22/120 | train batch 5/14 | batch_loss=0.03174609 | running_loss=0.01776712
2026-04-15 13:07:33,647 | INFO | lakeice_ncde | Epoch 22/120 | train batch 6/14 | batch_loss=0.01308619 | running_loss=0.01698697
2026-04-15 13:07:33,841 | INFO | lakeice_ncde | Epoch 22/120 | train batch 7/14 | batch_loss=0.01879809 | running_loss=0.01724570
2026-04-15 13:07:33,999 | INFO | lakeice_ncde | Epoch 22/120 | train batch 8/14 | batch_loss=0.01165320 | running_loss=0.01654664
2026-04-15 13:07:34,254 | INFO | lakeice_ncde | Epoch 22/120 | train batch 9/14 | batch_loss=0.01721142 | running_loss=0.01662050
2026-04-15 13:07:34,560 | INFO | lakeice_ncde | Epoch 22/120 | train batch 10/14 | batch_loss=0.01211359 | running_loss=0.01616981
2026-04-15 13:07:34,756 | INFO | lakeice_ncde | Epoch 22/120 | train batch 11/14 | batch_loss=0.01237316 | running_loss=0.01582466
2026-04-15 13:07:34,968 | INFO | lakeice_ncde | Epoch 22/120 | train batch 12/14 | batch_loss=0.01474195 | running_loss=0.01573443
2026-04-15 13:07:35,160 | INFO | lakeice_ncde | Epoch 22/120 | train batch 13/14 | batch_loss=0.01126420 | running_loss=0.01539057
2026-04-15 13:07:35,364 | INFO | lakeice_ncde | Epoch 22/120 | train batch 14/14 | batch_loss=0.01864147 | running_loss=0.01562278
2026-04-15 13:07:35,492 | INFO | lakeice_ncde | Epoch 22 complete | train_loss=0.01562278 | val_loss=29.14299087 | val_rmse=5.39842485 | val_mae=1.25618387 | val_r2=-641.62607391
2026-04-15 13:07:35,503 | INFO | lakeice_ncde | Epoch 23/120 started.
2026-04-15 13:07:35,676 | INFO | lakeice_ncde | Epoch 23/120 | train batch 1/14 | batch_loss=0.01239159 | running_loss=0.01239159
2026-04-15 13:07:35,901 | INFO | lakeice_ncde | Epoch 23/120 | train batch 2/14 | batch_loss=0.01547310 | running_loss=0.01393234
2026-04-15 13:07:36,099 | INFO | lakeice_ncde | Epoch 23/120 | train batch 3/14 | batch_loss=0.01251138 | running_loss=0.01345869
2026-04-15 13:07:36,305 | INFO | lakeice_ncde | Epoch 23/120 | train batch 4/14 | batch_loss=0.01207604 | running_loss=0.01311303
2026-04-15 13:07:36,541 | INFO | lakeice_ncde | Epoch 23/120 | train batch 5/14 | batch_loss=0.01272443 | running_loss=0.01303531
2026-04-15 13:07:36,786 | INFO | lakeice_ncde | Epoch 23/120 | train batch 6/14 | batch_loss=0.01464163 | running_loss=0.01330303
2026-04-15 13:07:37,054 | INFO | lakeice_ncde | Epoch 23/120 | train batch 7/14 | batch_loss=0.01540040 | running_loss=0.01360265
2026-04-15 13:07:37,256 | INFO | lakeice_ncde | Epoch 23/120 | train batch 8/14 | batch_loss=0.00972744 | running_loss=0.01311825
2026-04-15 13:07:37,435 | INFO | lakeice_ncde | Epoch 23/120 | train batch 9/14 | batch_loss=0.01233062 | running_loss=0.01303074
2026-04-15 13:07:37,662 | INFO | lakeice_ncde | Epoch 23/120 | train batch 10/14 | batch_loss=0.01432169 | running_loss=0.01315983
2026-04-15 13:07:37,786 | INFO | lakeice_ncde | Epoch 23/120 | train batch 11/14 | batch_loss=0.01076115 | running_loss=0.01294177
2026-04-15 13:07:38,028 | INFO | lakeice_ncde | Epoch 23/120 | train batch 12/14 | batch_loss=0.01029519 | running_loss=0.01272122
2026-04-15 13:07:38,254 | INFO | lakeice_ncde | Epoch 23/120 | train batch 13/14 | batch_loss=0.01119796 | running_loss=0.01260405
2026-04-15 13:07:38,473 | INFO | lakeice_ncde | Epoch 23/120 | train batch 14/14 | batch_loss=0.01115475 | running_loss=0.01250053
2026-04-15 13:07:38,614 | INFO | lakeice_ncde | Epoch 23 complete | train_loss=0.01250053 | val_loss=25.69546527 | val_rmse=5.06906947 | val_mae=1.23011670 | val_r2=-565.60539878
2026-04-15 13:07:38,624 | INFO | lakeice_ncde | Epoch 24/120 started.
2026-04-15 13:07:38,823 | INFO | lakeice_ncde | Epoch 24/120 | train batch 1/14 | batch_loss=0.01424039 | running_loss=0.01424039
2026-04-15 13:07:39,037 | INFO | lakeice_ncde | Epoch 24/120 | train batch 2/14 | batch_loss=0.01329845 | running_loss=0.01376942
2026-04-15 13:07:39,245 | INFO | lakeice_ncde | Epoch 24/120 | train batch 3/14 | batch_loss=0.00780119 | running_loss=0.01178001
2026-04-15 13:07:39,422 | INFO | lakeice_ncde | Epoch 24/120 | train batch 4/14 | batch_loss=0.03920621 | running_loss=0.01863656
2026-04-15 13:07:39,608 | INFO | lakeice_ncde | Epoch 24/120 | train batch 5/14 | batch_loss=0.00823929 | running_loss=0.01655711
2026-04-15 13:07:39,782 | INFO | lakeice_ncde | Epoch 24/120 | train batch 6/14 | batch_loss=0.01346778 | running_loss=0.01604222
2026-04-15 13:07:40,080 | INFO | lakeice_ncde | Epoch 24/120 | train batch 7/14 | batch_loss=0.01394686 | running_loss=0.01574288
2026-04-15 13:07:40,267 | INFO | lakeice_ncde | Epoch 24/120 | train batch 8/14 | batch_loss=0.01285255 | running_loss=0.01538159
2026-04-15 13:07:40,421 | INFO | lakeice_ncde | Epoch 24/120 | train batch 9/14 | batch_loss=0.01188098 | running_loss=0.01499263
2026-04-15 13:07:40,661 | INFO | lakeice_ncde | Epoch 24/120 | train batch 10/14 | batch_loss=0.01244849 | running_loss=0.01473822
2026-04-15 13:07:40,915 | INFO | lakeice_ncde | Epoch 24/120 | train batch 11/14 | batch_loss=0.01704356 | running_loss=0.01494780
2026-04-15 13:07:41,144 | INFO | lakeice_ncde | Epoch 24/120 | train batch 12/14 | batch_loss=0.01473866 | running_loss=0.01493037
2026-04-15 13:07:41,359 | INFO | lakeice_ncde | Epoch 24/120 | train batch 13/14 | batch_loss=0.01225116 | running_loss=0.01472428
2026-04-15 13:07:41,569 | INFO | lakeice_ncde | Epoch 24/120 | train batch 14/14 | batch_loss=0.01736357 | running_loss=0.01491280
2026-04-15 13:07:41,713 | INFO | lakeice_ncde | Epoch 24 complete | train_loss=0.01491280 | val_loss=28.42679999 | val_rmse=5.33167891 | val_mae=1.28332456 | val_r2=-625.83349676
2026-04-15 13:07:41,722 | INFO | lakeice_ncde | Epoch 25/120 started.
2026-04-15 13:07:41,945 | INFO | lakeice_ncde | Epoch 25/120 | train batch 1/14 | batch_loss=0.01002569 | running_loss=0.01002569
2026-04-15 13:07:42,140 | INFO | lakeice_ncde | Epoch 25/120 | train batch 2/14 | batch_loss=0.01221715 | running_loss=0.01112142
2026-04-15 13:07:42,348 | INFO | lakeice_ncde | Epoch 25/120 | train batch 3/14 | batch_loss=0.01037856 | running_loss=0.01087380
2026-04-15 13:07:42,540 | INFO | lakeice_ncde | Epoch 25/120 | train batch 4/14 | batch_loss=0.01277001 | running_loss=0.01134785
2026-04-15 13:07:42,781 | INFO | lakeice_ncde | Epoch 25/120 | train batch 5/14 | batch_loss=0.01630859 | running_loss=0.01234000
2026-04-15 13:07:43,019 | INFO | lakeice_ncde | Epoch 25/120 | train batch 6/14 | batch_loss=0.01302951 | running_loss=0.01245492
2026-04-15 13:07:43,169 | INFO | lakeice_ncde | Epoch 25/120 | train batch 7/14 | batch_loss=0.01104438 | running_loss=0.01225341
2026-04-15 13:07:43,395 | INFO | lakeice_ncde | Epoch 25/120 | train batch 8/14 | batch_loss=0.01436691 | running_loss=0.01251760
2026-04-15 13:07:43,716 | INFO | lakeice_ncde | Epoch 25/120 | train batch 9/14 | batch_loss=0.07712643 | running_loss=0.01969636
2026-04-15 13:07:43,997 | INFO | lakeice_ncde | Epoch 25/120 | train batch 10/14 | batch_loss=0.01490644 | running_loss=0.01921737
2026-04-15 13:07:44,186 | INFO | lakeice_ncde | Epoch 25/120 | train batch 11/14 | batch_loss=0.01149945 | running_loss=0.01851574
2026-04-15 13:07:44,349 | INFO | lakeice_ncde | Epoch 25/120 | train batch 12/14 | batch_loss=0.01980723 | running_loss=0.01862336
2026-04-15 13:07:44,572 | INFO | lakeice_ncde | Epoch 25/120 | train batch 13/14 | batch_loss=0.01208187 | running_loss=0.01812017
2026-04-15 13:07:44,734 | INFO | lakeice_ncde | Epoch 25/120 | train batch 14/14 | batch_loss=0.01143718 | running_loss=0.01764281
2026-04-15 13:07:44,872 | INFO | lakeice_ncde | Epoch 25 complete | train_loss=0.01764281 | val_loss=25.82407844 | val_rmse=5.08173971 | val_mae=1.29191179 | val_r2=-568.44142116
2026-04-15 13:07:44,881 | INFO | lakeice_ncde | Epoch 26/120 started.
2026-04-15 13:07:45,189 | INFO | lakeice_ncde | Epoch 26/120 | train batch 1/14 | batch_loss=0.01619865 | running_loss=0.01619865
2026-04-15 13:07:45,366 | INFO | lakeice_ncde | Epoch 26/120 | train batch 2/14 | batch_loss=0.01414217 | running_loss=0.01517041
2026-04-15 13:07:45,572 | INFO | lakeice_ncde | Epoch 26/120 | train batch 3/14 | batch_loss=0.01544551 | running_loss=0.01526211
2026-04-15 13:07:45,730 | INFO | lakeice_ncde | Epoch 26/120 | train batch 4/14 | batch_loss=0.01128233 | running_loss=0.01426716
2026-04-15 13:07:46,006 | INFO | lakeice_ncde | Epoch 26/120 | train batch 5/14 | batch_loss=0.00912290 | running_loss=0.01323831
2026-04-15 13:07:46,292 | INFO | lakeice_ncde | Epoch 26/120 | train batch 6/14 | batch_loss=0.01330372 | running_loss=0.01324921
2026-04-15 13:07:46,536 | INFO | lakeice_ncde | Epoch 26/120 | train batch 7/14 | batch_loss=0.01788047 | running_loss=0.01391082
2026-04-15 13:07:46,775 | INFO | lakeice_ncde | Epoch 26/120 | train batch 8/14 | batch_loss=0.01285962 | running_loss=0.01377942
2026-04-15 13:07:46,974 | INFO | lakeice_ncde | Epoch 26/120 | train batch 9/14 | batch_loss=0.01182183 | running_loss=0.01356191
2026-04-15 13:07:47,123 | INFO | lakeice_ncde | Epoch 26/120 | train batch 10/14 | batch_loss=0.01015962 | running_loss=0.01322168
2026-04-15 13:07:47,415 | INFO | lakeice_ncde | Epoch 26/120 | train batch 11/14 | batch_loss=0.01635755 | running_loss=0.01350676
2026-04-15 13:07:47,556 | INFO | lakeice_ncde | Epoch 26/120 | train batch 12/14 | batch_loss=0.00886508 | running_loss=0.01311996
2026-04-15 13:07:47,733 | INFO | lakeice_ncde | Epoch 26/120 | train batch 13/14 | batch_loss=0.02062698 | running_loss=0.01369742
2026-04-15 13:07:47,899 | INFO | lakeice_ncde | Epoch 26/120 | train batch 14/14 | batch_loss=0.01036287 | running_loss=0.01345924
2026-04-15 13:07:48,034 | INFO | lakeice_ncde | Epoch 26 complete | train_loss=0.01345924 | val_loss=19.55086114 | val_rmse=4.42163557 | val_mae=1.23171314 | val_r2=-430.11200194
2026-04-15 13:07:48,045 | INFO | lakeice_ncde | Epoch 27/120 started.
2026-04-15 13:07:48,258 | INFO | lakeice_ncde | Epoch 27/120 | train batch 1/14 | batch_loss=0.01531669 | running_loss=0.01531669
2026-04-15 13:07:48,471 | INFO | lakeice_ncde | Epoch 27/120 | train batch 2/14 | batch_loss=0.00988793 | running_loss=0.01260231
2026-04-15 13:07:48,679 | INFO | lakeice_ncde | Epoch 27/120 | train batch 3/14 | batch_loss=0.00888678 | running_loss=0.01136380
2026-04-15 13:07:48,934 | INFO | lakeice_ncde | Epoch 27/120 | train batch 4/14 | batch_loss=0.01111012 | running_loss=0.01130038
2026-04-15 13:07:49,158 | INFO | lakeice_ncde | Epoch 27/120 | train batch 5/14 | batch_loss=0.01328282 | running_loss=0.01169687
2026-04-15 13:07:49,316 | INFO | lakeice_ncde | Epoch 27/120 | train batch 6/14 | batch_loss=0.01334988 | running_loss=0.01197237
2026-04-15 13:07:49,499 | INFO | lakeice_ncde | Epoch 27/120 | train batch 7/14 | batch_loss=0.01423906 | running_loss=0.01229618
2026-04-15 13:07:49,732 | INFO | lakeice_ncde | Epoch 27/120 | train batch 8/14 | batch_loss=0.03277605 | running_loss=0.01485617
2026-04-15 13:07:50,026 | INFO | lakeice_ncde | Epoch 27/120 | train batch 9/14 | batch_loss=0.01434365 | running_loss=0.01479922
2026-04-15 13:07:50,182 | INFO | lakeice_ncde | Epoch 27/120 | train batch 10/14 | batch_loss=0.01939915 | running_loss=0.01525921
2026-04-15 13:07:50,561 | INFO | lakeice_ncde | Epoch 27/120 | train batch 11/14 | batch_loss=0.01128600 | running_loss=0.01489801
2026-04-15 13:07:50,774 | INFO | lakeice_ncde | Epoch 27/120 | train batch 12/14 | batch_loss=0.01220308 | running_loss=0.01467344
2026-04-15 13:07:50,988 | INFO | lakeice_ncde | Epoch 27/120 | train batch 13/14 | batch_loss=0.01203051 | running_loss=0.01447013
2026-04-15 13:07:51,127 | INFO | lakeice_ncde | Epoch 27/120 | train batch 14/14 | batch_loss=0.01171599 | running_loss=0.01427341
2026-04-15 13:07:51,258 | INFO | lakeice_ncde | Epoch 27 complete | train_loss=0.01427341 | val_loss=16.09586789 | val_rmse=4.01196559 | val_mae=1.14798207 | val_r2=-353.92665929
2026-04-15 13:07:51,268 | INFO | lakeice_ncde | Epoch 28/120 started.
2026-04-15 13:07:51,557 | INFO | lakeice_ncde | Epoch 28/120 | train batch 1/14 | batch_loss=0.01286835 | running_loss=0.01286835
2026-04-15 13:07:51,815 | INFO | lakeice_ncde | Epoch 28/120 | train batch 2/14 | batch_loss=0.01026381 | running_loss=0.01156608
2026-04-15 13:07:52,025 | INFO | lakeice_ncde | Epoch 28/120 | train batch 3/14 | batch_loss=0.01560560 | running_loss=0.01291259
2026-04-15 13:07:52,190 | INFO | lakeice_ncde | Epoch 28/120 | train batch 4/14 | batch_loss=0.01177292 | running_loss=0.01262767
2026-04-15 13:07:52,369 | INFO | lakeice_ncde | Epoch 28/120 | train batch 5/14 | batch_loss=0.01207348 | running_loss=0.01251683
2026-04-15 13:07:52,543 | INFO | lakeice_ncde | Epoch 28/120 | train batch 6/14 | batch_loss=0.01163110 | running_loss=0.01236921
2026-04-15 13:07:52,740 | INFO | lakeice_ncde | Epoch 28/120 | train batch 7/14 | batch_loss=0.01210750 | running_loss=0.01233182
2026-04-15 13:07:52,907 | INFO | lakeice_ncde | Epoch 28/120 | train batch 8/14 | batch_loss=0.03097126 | running_loss=0.01466175
2026-04-15 13:07:53,168 | INFO | lakeice_ncde | Epoch 28/120 | train batch 9/14 | batch_loss=0.01019320 | running_loss=0.01416525
2026-04-15 13:07:53,404 | INFO | lakeice_ncde | Epoch 28/120 | train batch 10/14 | batch_loss=0.01498473 | running_loss=0.01424719
2026-04-15 13:07:53,645 | INFO | lakeice_ncde | Epoch 28/120 | train batch 11/14 | batch_loss=0.01302208 | running_loss=0.01413582
2026-04-15 13:07:53,912 | INFO | lakeice_ncde | Epoch 28/120 | train batch 12/14 | batch_loss=0.01143140 | running_loss=0.01391045
2026-04-15 13:07:54,150 | INFO | lakeice_ncde | Epoch 28/120 | train batch 13/14 | batch_loss=0.01816300 | running_loss=0.01423757
2026-04-15 13:07:54,324 | INFO | lakeice_ncde | Epoch 28/120 | train batch 14/14 | batch_loss=0.01401757 | running_loss=0.01422186
2026-04-15 13:07:54,472 | INFO | lakeice_ncde | Epoch 28 complete | train_loss=0.01422186 | val_loss=15.42807385 | val_rmse=3.92785868 | val_mae=1.08247446 | val_r2=-339.20127060
2026-04-15 13:07:54,482 | INFO | lakeice_ncde | Epoch 29/120 started.
2026-04-15 13:07:54,638 | INFO | lakeice_ncde | Epoch 29/120 | train batch 1/14 | batch_loss=0.00951212 | running_loss=0.00951212
2026-04-15 13:07:54,779 | INFO | lakeice_ncde | Epoch 29/120 | train batch 2/14 | batch_loss=0.01149335 | running_loss=0.01050274
2026-04-15 13:07:55,047 | INFO | lakeice_ncde | Epoch 29/120 | train batch 3/14 | batch_loss=0.01499216 | running_loss=0.01199921
2026-04-15 13:07:55,431 | INFO | lakeice_ncde | Epoch 29/120 | train batch 4/14 | batch_loss=0.01202974 | running_loss=0.01200684
2026-04-15 13:07:55,632 | INFO | lakeice_ncde | Epoch 29/120 | train batch 5/14 | batch_loss=0.00904017 | running_loss=0.01141351
2026-04-15 13:07:55,877 | INFO | lakeice_ncde | Epoch 29/120 | train batch 6/14 | batch_loss=0.00973628 | running_loss=0.01113397
2026-04-15 13:07:56,061 | INFO | lakeice_ncde | Epoch 29/120 | train batch 7/14 | batch_loss=0.01307803 | running_loss=0.01141169
2026-04-15 13:07:56,272 | INFO | lakeice_ncde | Epoch 29/120 | train batch 8/14 | batch_loss=0.01140101 | running_loss=0.01141036
2026-04-15 13:07:56,514 | INFO | lakeice_ncde | Epoch 29/120 | train batch 9/14 | batch_loss=0.01652516 | running_loss=0.01197867
2026-04-15 13:07:56,697 | INFO | lakeice_ncde | Epoch 29/120 | train batch 10/14 | batch_loss=0.01172247 | running_loss=0.01195305
2026-04-15 13:07:56,922 | INFO | lakeice_ncde | Epoch 29/120 | train batch 11/14 | batch_loss=0.01249885 | running_loss=0.01200267
2026-04-15 13:07:57,246 | INFO | lakeice_ncde | Epoch 29/120 | train batch 12/14 | batch_loss=0.01187276 | running_loss=0.01199184
2026-04-15 13:07:57,440 | INFO | lakeice_ncde | Epoch 29/120 | train batch 13/14 | batch_loss=0.01570479 | running_loss=0.01227745
2026-04-15 13:07:57,585 | INFO | lakeice_ncde | Epoch 29/120 | train batch 14/14 | batch_loss=0.01105153 | running_loss=0.01218989
2026-04-15 13:07:57,722 | INFO | lakeice_ncde | Epoch 29 complete | train_loss=0.01218989 | val_loss=15.96873226 | val_rmse=3.99608962 | val_mae=1.07660982 | val_r2=-351.12321767
2026-04-15 13:07:57,732 | INFO | lakeice_ncde | Epoch 30/120 started.
2026-04-15 13:07:57,965 | INFO | lakeice_ncde | Epoch 30/120 | train batch 1/14 | batch_loss=0.01186585 | running_loss=0.01186585
2026-04-15 13:07:58,212 | INFO | lakeice_ncde | Epoch 30/120 | train batch 2/14 | batch_loss=0.01126709 | running_loss=0.01156647
2026-04-15 13:07:58,359 | INFO | lakeice_ncde | Epoch 30/120 | train batch 3/14 | batch_loss=0.00941925 | running_loss=0.01085073
2026-04-15 13:07:58,620 | INFO | lakeice_ncde | Epoch 30/120 | train batch 4/14 | batch_loss=0.04267471 | running_loss=0.01880673
2026-04-15 13:07:58,888 | INFO | lakeice_ncde | Epoch 30/120 | train batch 5/14 | batch_loss=0.01425480 | running_loss=0.01789634
2026-04-15 13:07:59,184 | INFO | lakeice_ncde | Epoch 30/120 | train batch 6/14 | batch_loss=0.01002330 | running_loss=0.01658417
2026-04-15 13:07:59,593 | INFO | lakeice_ncde | Epoch 30/120 | train batch 7/14 | batch_loss=0.01290747 | running_loss=0.01605892
2026-04-15 13:07:59,822 | INFO | lakeice_ncde | Epoch 30/120 | train batch 8/14 | batch_loss=0.01111972 | running_loss=0.01544152
2026-04-15 13:08:00,030 | INFO | lakeice_ncde | Epoch 30/120 | train batch 9/14 | batch_loss=0.00927734 | running_loss=0.01475661
2026-04-15 13:08:00,232 | INFO | lakeice_ncde | Epoch 30/120 | train batch 10/14 | batch_loss=0.01168736 | running_loss=0.01444969
2026-04-15 13:08:00,510 | INFO | lakeice_ncde | Epoch 30/120 | train batch 11/14 | batch_loss=0.01660405 | running_loss=0.01464554
2026-04-15 13:08:00,717 | INFO | lakeice_ncde | Epoch 30/120 | train batch 12/14 | batch_loss=0.01147968 | running_loss=0.01438172
2026-04-15 13:08:00,864 | INFO | lakeice_ncde | Epoch 30/120 | train batch 13/14 | batch_loss=0.05774177 | running_loss=0.01771711
2026-04-15 13:08:01,042 | INFO | lakeice_ncde | Epoch 30/120 | train batch 14/14 | batch_loss=0.00834798 | running_loss=0.01704788
2026-04-15 13:08:01,177 | INFO | lakeice_ncde | Epoch 30 complete | train_loss=0.01704788 | val_loss=16.48742507 | val_rmse=4.06047104 | val_mae=1.05717751 | val_r2=-362.56080582
2026-04-15 13:08:01,187 | INFO | lakeice_ncde | Epoch 31/120 started.
2026-04-15 13:08:01,427 | INFO | lakeice_ncde | Epoch 31/120 | train batch 1/14 | batch_loss=0.01425069 | running_loss=0.01425069
2026-04-15 13:08:01,632 | INFO | lakeice_ncde | Epoch 31/120 | train batch 2/14 | batch_loss=0.01481841 | running_loss=0.01453455
2026-04-15 13:08:01,917 | INFO | lakeice_ncde | Epoch 31/120 | train batch 3/14 | batch_loss=0.01171996 | running_loss=0.01359635
2026-04-15 13:08:02,149 | INFO | lakeice_ncde | Epoch 31/120 | train batch 4/14 | batch_loss=0.02090254 | running_loss=0.01542290
2026-04-15 13:08:02,458 | INFO | lakeice_ncde | Epoch 31/120 | train batch 5/14 | batch_loss=0.01998387 | running_loss=0.01633509
2026-04-15 13:08:02,673 | INFO | lakeice_ncde | Epoch 31/120 | train batch 6/14 | batch_loss=0.01056588 | running_loss=0.01537356
2026-04-15 13:08:02,900 | INFO | lakeice_ncde | Epoch 31/120 | train batch 7/14 | batch_loss=0.01430404 | running_loss=0.01522077
2026-04-15 13:08:03,104 | INFO | lakeice_ncde | Epoch 31/120 | train batch 8/14 | batch_loss=0.01052569 | running_loss=0.01463388
2026-04-15 13:08:03,310 | INFO | lakeice_ncde | Epoch 31/120 | train batch 9/14 | batch_loss=0.01299985 | running_loss=0.01445232
2026-04-15 13:08:03,491 | INFO | lakeice_ncde | Epoch 31/120 | train batch 10/14 | batch_loss=0.01138314 | running_loss=0.01414541
2026-04-15 13:08:03,676 | INFO | lakeice_ncde | Epoch 31/120 | train batch 11/14 | batch_loss=0.00941167 | running_loss=0.01371507
2026-04-15 13:08:03,828 | INFO | lakeice_ncde | Epoch 31/120 | train batch 12/14 | batch_loss=0.00718161 | running_loss=0.01317061
2026-04-15 13:08:04,003 | INFO | lakeice_ncde | Epoch 31/120 | train batch 13/14 | batch_loss=0.02229075 | running_loss=0.01387216
2026-04-15 13:08:04,191 | INFO | lakeice_ncde | Epoch 31/120 | train batch 14/14 | batch_loss=0.02026487 | running_loss=0.01432878
2026-04-15 13:08:04,327 | INFO | lakeice_ncde | Epoch 31 complete | train_loss=0.01432878 | val_loss=16.98729281 | val_rmse=4.12156436 | val_mae=1.08091790 | val_r2=-373.58328607
2026-04-15 13:08:04,338 | INFO | lakeice_ncde | Early stopping triggered at epoch 31.
2026-04-15 13:08:04,833 | INFO | lakeice_ncde | Final evaluation | val_loss=16.98729281 | test_loss=1.48842094 | best_val_rmse=1.68805973 | best_epoch=11
2026-04-15 13:08:07,034 | INFO | lakeice_ncde | Computing hermite coefficients for 528 windows from S:\STU-Papers\My_Papers\EXP1-Pre-Training-Standalone\outputs\runs\xiaoxingkai_transfer_daily12\xiaoxingkai_transfer_daily12_20260415_130612\artifacts\seasonal_rollout_windows.pt
2026-04-15 13:08:07,037 | INFO | lakeice_ncde | Coefficient progress for seasonal_rollout_windows.pt: 1/528 windows processed.
2026-04-15 13:08:07,060 | INFO | lakeice_ncde | Coefficient progress for seasonal_rollout_windows.pt: 52/528 windows processed.
2026-04-15 13:08:07,093 | INFO | lakeice_ncde | Coefficient progress for seasonal_rollout_windows.pt: 104/528 windows processed.
2026-04-15 13:08:07,124 | INFO | lakeice_ncde | Coefficient progress for seasonal_rollout_windows.pt: 156/528 windows processed.
2026-04-15 13:08:07,162 | INFO | lakeice_ncde | Coefficient progress for seasonal_rollout_windows.pt: 208/528 windows processed.
2026-04-15 13:08:07,194 | INFO | lakeice_ncde | Coefficient progress for seasonal_rollout_windows.pt: 260/528 windows processed.
2026-04-15 13:08:07,227 | INFO | lakeice_ncde | Coefficient progress for seasonal_rollout_windows.pt: 312/528 windows processed.
2026-04-15 13:08:07,258 | INFO | lakeice_ncde | Coefficient progress for seasonal_rollout_windows.pt: 364/528 windows processed.
2026-04-15 13:08:07,291 | INFO | lakeice_ncde | Coefficient progress for seasonal_rollout_windows.pt: 416/528 windows processed.
2026-04-15 13:08:07,323 | INFO | lakeice_ncde | Coefficient progress for seasonal_rollout_windows.pt: 468/528 windows processed.
2026-04-15 13:08:07,356 | INFO | lakeice_ncde | Coefficient progress for seasonal_rollout_windows.pt: 520/528 windows processed.
2026-04-15 13:08:07,363 | INFO | lakeice_ncde | Coefficient progress for seasonal_rollout_windows.pt: 528/528 windows processed.
2026-04-15 13:08:14,218 | INFO | lakeice_ncde | PDF report saved to S:\STU-Papers\My_Papers\EXP1-Pre-Training-Standalone\outputs\runs\xiaoxingkai_transfer_daily12\xiaoxingkai_transfer_daily12_20260415_130612\figures\report.pdf
2026-04-15 13:08:14,236 | INFO | lakeice_ncde | Finished experiment 'xiaoxingkai_transfer_daily12'. Run directory: S:\STU-Papers\My_Papers\EXP1-Pre-Training-Standalone\outputs\runs\xiaoxingkai_transfer_daily12\xiaoxingkai_transfer_daily12_20260415_130612
