2026-04-15 13:40:43,145 | INFO | lakeice_ncde | Starting experiment 'xiaoxingkai_transfer_daily12_history_autoreg'
2026-04-15 13:40:43,149 | INFO | lakeice_ncde | Run directory: S:\STU-Papers\My_Papers\EXP1-Pre-Training-Standalone\outputs\runs\xiaoxingkai_transfer_daily12_history_autoreg\xiaoxingkai_transfer_daily12_history_autoreg_20260415_134043
2026-04-15 13:40:43,171 | INFO | lakeice_ncde | Running target transfer | target=【Li】Lake Xiaoxingkai | train=['【Huo】Lake Hnagzhang', '【Huo】Lake Ulansu', '【IISD Experimental】Lake 239', '【IISD Experimental】Lake 302', '【North Temperate Lakes LTER】Big Muskellunge Lake', '【North Temperate Lakes LTER】Bog 12-15 (Trout Bog)', '【North Temperate Lakes LTER】Bog 27-2 (Crystal Bog)', '【North Temperate Lakes LTER】Crystal Lake (NTL)']
2026-04-15 13:40:43,178 | INFO | lakeice_ncde | Target lake test starts at 2026-01-01; target rows before the cutoff are split into train and val.
2026-04-15 13:40:43,181 | INFO | lakeice_ncde | Config summary | interpolation=hermite | method=rk4 | window_days=45 | batch_size=64 | target_transform=none
2026-04-15 13:40:43,221 | INFO | lakeice_ncde | Fold 'xiaoxingkai_transfer_daily12_history_autoreg' -> train lakes (9): ['【Huo】Lake Hnagzhang', '【Huo】Lake Ulansu', '【IISD Experimental】Lake 239', '【IISD Experimental】Lake 302', '【Li】Lake Xiaoxingkai', '【North Temperate Lakes LTER】Big Muskellunge Lake', '【North Temperate Lakes LTER】Bog 12-15 (Trout Bog)', '【North Temperate Lakes LTER】Bog 27-2 (Crystal Bog)', '【North Temperate Lakes LTER】Crystal Lake (NTL)']
2026-04-15 13:40:43,225 | INFO | lakeice_ncde | Fold 'xiaoxingkai_transfer_daily12_history_autoreg' -> val lakes (9): ['【Huo】Lake Hnagzhang', '【Huo】Lake Ulansu', '【IISD Experimental】Lake 239', '【IISD Experimental】Lake 302', '【Li】Lake Xiaoxingkai', '【North Temperate Lakes LTER】Big Muskellunge Lake', '【North Temperate Lakes LTER】Bog 12-15 (Trout Bog)', '【North Temperate Lakes LTER】Bog 27-2 (Crystal Bog)', '【North Temperate Lakes LTER】Crystal Lake (NTL)']
2026-04-15 13:40:43,228 | INFO | lakeice_ncde | Fold 'xiaoxingkai_transfer_daily12_history_autoreg' -> test lakes (1): ['【Li】Lake Xiaoxingkai']
2026-04-15 13:40:43,246 | INFO | lakeice_ncde | Building train windows for split 'xiaoxingkai_transfer_daily12_history_autoreg': 929 rows across 9 lakes.
2026-04-15 13:40:43,454 | INFO | lakeice_ncde | Window progress for split 'train': 1/9 lakes processed, 89 windows built.
2026-04-15 13:40:43,796 | INFO | lakeice_ncde | Window progress for split 'train': 2/9 lakes processed, 233 windows built.
2026-04-15 13:40:44,046 | INFO | lakeice_ncde | Window progress for split 'train': 3/9 lakes processed, 319 windows built.
2026-04-15 13:40:44,186 | INFO | lakeice_ncde | Window progress for split 'train': 4/9 lakes processed, 366 windows built.
2026-04-15 13:40:44,252 | INFO | lakeice_ncde | Window progress for split 'train': 5/9 lakes processed, 389 windows built.
2026-04-15 13:40:44,541 | INFO | lakeice_ncde | Window progress for split 'train': 6/9 lakes processed, 454 windows built.
2026-04-15 13:40:44,857 | INFO | lakeice_ncde | Window progress for split 'train': 7/9 lakes processed, 521 windows built.
2026-04-15 13:40:45,094 | INFO | lakeice_ncde | Window progress for split 'train': 8/9 lakes processed, 585 windows built.
2026-04-15 13:40:45,262 | INFO | lakeice_ncde | Window progress for split 'train': 9/9 lakes processed, 648 windows built.
2026-04-15 13:40:45,318 | INFO | lakeice_ncde | Saved train windows for split 'xiaoxingkai_transfer_daily12_history_autoreg': 648 samples -> S:\STU-Papers\My_Papers\EXP1-Pre-Training-Standalone\data\windows_xiaoxingkai_transfer_daily12_history_autoreg\xiaoxingkai_transfer_daily12_history_autoreg\train_windows.pt
2026-04-15 13:40:45,321 | INFO | lakeice_ncde | Building val windows for split 'xiaoxingkai_transfer_daily12_history_autoreg': 113 rows across 9 lakes.
2026-04-15 13:40:45,353 | INFO | lakeice_ncde | Window progress for split 'val': 1/9 lakes processed, 11 windows built.
2026-04-15 13:40:45,404 | INFO | lakeice_ncde | Window progress for split 'val': 2/9 lakes processed, 28 windows built.
2026-04-15 13:40:45,439 | INFO | lakeice_ncde | Window progress for split 'val': 3/9 lakes processed, 33 windows built.
2026-04-15 13:40:45,463 | INFO | lakeice_ncde | Window progress for split 'val': 4/9 lakes processed, 36 windows built.
2026-04-15 13:40:45,485 | INFO | lakeice_ncde | Window progress for split 'val': 5/9 lakes processed, 43 windows built.
2026-04-15 13:40:45,521 | INFO | lakeice_ncde | Window progress for split 'val': 6/9 lakes processed, 51 windows built.
2026-04-15 13:40:45,559 | INFO | lakeice_ncde | Window progress for split 'val': 7/9 lakes processed, 59 windows built.
2026-04-15 13:40:45,594 | INFO | lakeice_ncde | Window progress for split 'val': 8/9 lakes processed, 67 windows built.
2026-04-15 13:40:45,625 | INFO | lakeice_ncde | Window progress for split 'val': 9/9 lakes processed, 75 windows built.
2026-04-15 13:40:45,640 | INFO | lakeice_ncde | Saved val windows for split 'xiaoxingkai_transfer_daily12_history_autoreg': 75 samples -> S:\STU-Papers\My_Papers\EXP1-Pre-Training-Standalone\data\windows_xiaoxingkai_transfer_daily12_history_autoreg\xiaoxingkai_transfer_daily12_history_autoreg\val_windows.pt
2026-04-15 13:40:45,643 | INFO | lakeice_ncde | Building test windows for split 'xiaoxingkai_transfer_daily12_history_autoreg': 37 rows across 1 lakes.
2026-04-15 13:40:45,730 | INFO | lakeice_ncde | Window progress for split 'test': 1/1 lakes processed, 36 windows built.
2026-04-15 13:40:45,743 | INFO | lakeice_ncde | Saved test windows for split 'xiaoxingkai_transfer_daily12_history_autoreg': 36 samples -> S:\STU-Papers\My_Papers\EXP1-Pre-Training-Standalone\data\windows_xiaoxingkai_transfer_daily12_history_autoreg\xiaoxingkai_transfer_daily12_history_autoreg\test_windows.pt
2026-04-15 13:40:45,873 | INFO | lakeice_ncde | Balanced windows with train cap=160 and val cap=20
2026-04-15 13:40:46,633 | INFO | lakeice_ncde | Computing hermite coefficients for 648 windows from S:\STU-Papers\My_Papers\EXP1-Pre-Training-Standalone\data\windows_xiaoxingkai_transfer_daily12_history_autoreg\xiaoxingkai_transfer_daily12_history_autoreg\train_windows.pt
2026-04-15 13:40:46,636 | INFO | lakeice_ncde | Coefficient progress for train_windows.pt: 1/648 windows processed.
2026-04-15 13:40:46,664 | INFO | lakeice_ncde | Coefficient progress for train_windows.pt: 64/648 windows processed.
2026-04-15 13:40:46,694 | INFO | lakeice_ncde | Coefficient progress for train_windows.pt: 128/648 windows processed.
2026-04-15 13:40:46,726 | INFO | lakeice_ncde | Coefficient progress for train_windows.pt: 192/648 windows processed.
2026-04-15 13:40:46,755 | INFO | lakeice_ncde | Coefficient progress for train_windows.pt: 256/648 windows processed.
2026-04-15 13:40:46,773 | INFO | lakeice_ncde | Coefficient progress for train_windows.pt: 320/648 windows processed.
2026-04-15 13:40:46,797 | INFO | lakeice_ncde | Coefficient progress for train_windows.pt: 384/648 windows processed.
2026-04-15 13:40:46,819 | INFO | lakeice_ncde | Coefficient progress for train_windows.pt: 448/648 windows processed.
2026-04-15 13:40:46,837 | INFO | lakeice_ncde | Coefficient progress for train_windows.pt: 512/648 windows processed.
2026-04-15 13:40:46,859 | INFO | lakeice_ncde | Coefficient progress for train_windows.pt: 576/648 windows processed.
2026-04-15 13:40:46,879 | INFO | lakeice_ncde | Coefficient progress for train_windows.pt: 640/648 windows processed.
2026-04-15 13:40:46,884 | INFO | lakeice_ncde | Coefficient progress for train_windows.pt: 648/648 windows processed.
2026-04-15 13:40:46,987 | INFO | lakeice_ncde | Computing hermite coefficients for 75 windows from S:\STU-Papers\My_Papers\EXP1-Pre-Training-Standalone\data\windows_xiaoxingkai_transfer_daily12_history_autoreg\xiaoxingkai_transfer_daily12_history_autoreg\val_windows.pt
2026-04-15 13:40:46,990 | INFO | lakeice_ncde | Coefficient progress for val_windows.pt: 1/75 windows processed.
2026-04-15 13:40:46,995 | INFO | lakeice_ncde | Coefficient progress for val_windows.pt: 7/75 windows processed.
2026-04-15 13:40:47,000 | INFO | lakeice_ncde | Coefficient progress for val_windows.pt: 14/75 windows processed.
2026-04-15 13:40:47,006 | INFO | lakeice_ncde | Coefficient progress for val_windows.pt: 21/75 windows processed.
2026-04-15 13:40:47,011 | INFO | lakeice_ncde | Coefficient progress for val_windows.pt: 28/75 windows processed.
2026-04-15 13:40:47,015 | INFO | lakeice_ncde | Coefficient progress for val_windows.pt: 35/75 windows processed.
2026-04-15 13:40:47,020 | INFO | lakeice_ncde | Coefficient progress for val_windows.pt: 42/75 windows processed.
2026-04-15 13:40:47,025 | INFO | lakeice_ncde | Coefficient progress for val_windows.pt: 49/75 windows processed.
2026-04-15 13:40:47,028 | INFO | lakeice_ncde | Coefficient progress for val_windows.pt: 56/75 windows processed.
2026-04-15 13:40:47,032 | INFO | lakeice_ncde | Coefficient progress for val_windows.pt: 63/75 windows processed.
2026-04-15 13:40:47,037 | INFO | lakeice_ncde | Coefficient progress for val_windows.pt: 70/75 windows processed.
2026-04-15 13:40:47,040 | INFO | lakeice_ncde | Coefficient progress for val_windows.pt: 75/75 windows processed.
2026-04-15 13:40:47,073 | INFO | lakeice_ncde | Computing hermite coefficients for 36 windows from S:\STU-Papers\My_Papers\EXP1-Pre-Training-Standalone\data\windows_xiaoxingkai_transfer_daily12_history_autoreg\xiaoxingkai_transfer_daily12_history_autoreg\test_windows.pt
2026-04-15 13:40:47,076 | INFO | lakeice_ncde | Coefficient progress for test_windows.pt: 1/36 windows processed.
2026-04-15 13:40:47,079 | INFO | lakeice_ncde | Coefficient progress for test_windows.pt: 3/36 windows processed.
2026-04-15 13:40:47,083 | INFO | lakeice_ncde | Coefficient progress for test_windows.pt: 6/36 windows processed.
2026-04-15 13:40:47,086 | INFO | lakeice_ncde | Coefficient progress for test_windows.pt: 9/36 windows processed.
2026-04-15 13:40:47,089 | INFO | lakeice_ncde | Coefficient progress for test_windows.pt: 12/36 windows processed.
2026-04-15 13:40:47,091 | INFO | lakeice_ncde | Coefficient progress for test_windows.pt: 15/36 windows processed.
2026-04-15 13:40:47,094 | INFO | lakeice_ncde | Coefficient progress for test_windows.pt: 18/36 windows processed.
2026-04-15 13:40:47,098 | INFO | lakeice_ncde | Coefficient progress for test_windows.pt: 21/36 windows processed.
2026-04-15 13:40:47,102 | INFO | lakeice_ncde | Coefficient progress for test_windows.pt: 24/36 windows processed.
2026-04-15 13:40:47,105 | INFO | lakeice_ncde | Coefficient progress for test_windows.pt: 27/36 windows processed.
2026-04-15 13:40:47,108 | INFO | lakeice_ncde | Coefficient progress for test_windows.pt: 30/36 windows processed.
2026-04-15 13:40:47,112 | INFO | lakeice_ncde | Coefficient progress for test_windows.pt: 33/36 windows processed.
2026-04-15 13:40:47,115 | INFO | lakeice_ncde | Coefficient progress for test_windows.pt: 36/36 windows processed.
2026-04-15 13:40:47,130 | INFO | lakeice_ncde | Saved 3 coefficient bundle(s) under S:\STU-Papers\My_Papers\EXP1-Pre-Training-Standalone\data\coeffs_xiaoxingkai_transfer_daily12_history_autoreg
2026-04-15 13:40:47,250 | INFO | lakeice_ncde | Data summary | train=648 | val=75 | test=36 | input_channels=15 | batch_parallel=True
2026-04-15 13:40:50,568 | INFO | lakeice_ncde | Training on cuda | train_batches=11 | val_batches=2 | test_batches=1
2026-04-15 13:40:50,570 | INFO | lakeice_ncde | Epoch 1/120 started.
2026-04-15 13:40:54,560 | INFO | lakeice_ncde | Epoch 1/120 | train batch 1/11 | batch_loss=0.02122184 | running_loss=0.02122184
2026-04-15 13:40:57,740 | INFO | lakeice_ncde | Epoch 1/120 | train batch 2/11 | batch_loss=0.02222392 | running_loss=0.02172288
2026-04-15 13:41:00,432 | INFO | lakeice_ncde | Epoch 1/120 | train batch 3/11 | batch_loss=0.02124608 | running_loss=0.02156395
2026-04-15 13:41:02,991 | INFO | lakeice_ncde | Epoch 1/120 | train batch 4/11 | batch_loss=0.01887554 | running_loss=0.02089185
2026-04-15 13:41:05,634 | INFO | lakeice_ncde | Epoch 1/120 | train batch 5/11 | batch_loss=0.01278119 | running_loss=0.01926971
2026-04-15 13:41:09,058 | INFO | lakeice_ncde | Epoch 1/120 | train batch 6/11 | batch_loss=0.01379524 | running_loss=0.01835730
2026-04-15 13:41:11,338 | INFO | lakeice_ncde | Epoch 1/120 | train batch 7/11 | batch_loss=0.01402546 | running_loss=0.01773847
2026-04-15 13:41:14,880 | INFO | lakeice_ncde | Epoch 1/120 | train batch 8/11 | batch_loss=0.01313709 | running_loss=0.01716330
2026-04-15 13:41:18,203 | INFO | lakeice_ncde | Epoch 1/120 | train batch 9/11 | batch_loss=0.01425673 | running_loss=0.01684034
2026-04-15 13:41:22,216 | INFO | lakeice_ncde | Epoch 1/120 | train batch 10/11 | batch_loss=0.01095388 | running_loss=0.01625170
2026-04-15 13:41:22,923 | INFO | lakeice_ncde | Epoch 1/120 | train batch 11/11 | batch_loss=0.01753117 | running_loss=0.01636801
2026-04-15 13:41:24,150 | INFO | lakeice_ncde | Epoch 1 complete | train_loss=0.01636801 | val_loss=0.10050688 | val_rmse=0.31702821 | val_mae=0.26614293 | val_r2=-0.95409142
2026-04-15 13:41:24,176 | INFO | lakeice_ncde | Epoch 2/120 started.
2026-04-15 13:41:26,660 | INFO | lakeice_ncde | Epoch 2/120 | train batch 1/11 | batch_loss=0.01022112 | running_loss=0.01022112
2026-04-15 13:41:30,640 | INFO | lakeice_ncde | Epoch 2/120 | train batch 2/11 | batch_loss=0.00897429 | running_loss=0.00959771
2026-04-15 13:41:34,455 | INFO | lakeice_ncde | Epoch 2/120 | train batch 3/11 | batch_loss=0.01154123 | running_loss=0.01024555
2026-04-15 13:41:37,977 | INFO | lakeice_ncde | Epoch 2/120 | train batch 4/11 | batch_loss=0.00964481 | running_loss=0.01009536
2026-04-15 13:41:43,228 | INFO | lakeice_ncde | Epoch 2/120 | train batch 5/11 | batch_loss=0.00788160 | running_loss=0.00965261
2026-04-15 13:41:44,430 | INFO | lakeice_ncde | Epoch 2/120 | train batch 6/11 | batch_loss=0.01016903 | running_loss=0.00973868
2026-04-15 13:41:47,763 | INFO | lakeice_ncde | Epoch 2/120 | train batch 7/11 | batch_loss=0.00939306 | running_loss=0.00968931
2026-04-15 13:41:52,171 | INFO | lakeice_ncde | Epoch 2/120 | train batch 8/11 | batch_loss=0.00894952 | running_loss=0.00959683
2026-04-15 13:41:57,237 | INFO | lakeice_ncde | Epoch 2/120 | train batch 9/11 | batch_loss=0.00705464 | running_loss=0.00931437
2026-04-15 13:42:02,272 | INFO | lakeice_ncde | Epoch 2/120 | train batch 10/11 | batch_loss=0.00853885 | running_loss=0.00923682
2026-04-15 13:42:02,869 | INFO | lakeice_ncde | Epoch 2/120 | train batch 11/11 | batch_loss=0.00972938 | running_loss=0.00928159
2026-04-15 13:42:04,238 | INFO | lakeice_ncde | Epoch 2 complete | train_loss=0.00928159 | val_loss=0.03907983 | val_rmse=0.19768619 | val_mae=0.16005396 | val_r2=0.24019572
2026-04-15 13:42:04,265 | INFO | lakeice_ncde | Epoch 3/120 started.
2026-04-15 13:42:07,921 | INFO | lakeice_ncde | Epoch 3/120 | train batch 1/11 | batch_loss=0.00781152 | running_loss=0.00781152
2026-04-15 13:42:10,912 | INFO | lakeice_ncde | Epoch 3/120 | train batch 2/11 | batch_loss=0.00828239 | running_loss=0.00804696
2026-04-15 13:42:13,381 | INFO | lakeice_ncde | Epoch 3/120 | train batch 3/11 | batch_loss=0.00686891 | running_loss=0.00765427
2026-04-15 13:42:17,919 | INFO | lakeice_ncde | Epoch 3/120 | train batch 4/11 | batch_loss=0.00691639 | running_loss=0.00746980
2026-04-15 13:42:21,664 | INFO | lakeice_ncde | Epoch 3/120 | train batch 5/11 | batch_loss=0.00719446 | running_loss=0.00741473
2026-04-15 13:42:24,533 | INFO | lakeice_ncde | Epoch 3/120 | train batch 6/11 | batch_loss=0.00907276 | running_loss=0.00769107
2026-04-15 13:42:26,135 | INFO | lakeice_ncde | Epoch 3/120 | train batch 7/11 | batch_loss=0.00593364 | running_loss=0.00744001
2026-04-15 13:42:29,003 | INFO | lakeice_ncde | Epoch 3/120 | train batch 8/11 | batch_loss=0.00587841 | running_loss=0.00724481
2026-04-15 13:42:31,123 | INFO | lakeice_ncde | Epoch 3/120 | train batch 9/11 | batch_loss=0.00513923 | running_loss=0.00701086
2026-04-15 13:42:34,360 | INFO | lakeice_ncde | Epoch 3/120 | train batch 10/11 | batch_loss=0.00575329 | running_loss=0.00688510
2026-04-15 13:42:34,670 | INFO | lakeice_ncde | Epoch 3/120 | train batch 11/11 | batch_loss=0.01098829 | running_loss=0.00725812
2026-04-15 13:42:35,885 | INFO | lakeice_ncde | Epoch 3 complete | train_loss=0.00725812 | val_loss=0.03455096 | val_rmse=0.18587890 | val_mae=0.15186853 | val_r2=0.32824757
2026-04-15 13:42:35,910 | INFO | lakeice_ncde | Epoch 4/120 started.
2026-04-15 13:42:38,125 | INFO | lakeice_ncde | Epoch 4/120 | train batch 1/11 | batch_loss=0.00620937 | running_loss=0.00620937
2026-04-15 13:42:41,037 | INFO | lakeice_ncde | Epoch 4/120 | train batch 2/11 | batch_loss=0.00663113 | running_loss=0.00642025
2026-04-15 13:42:44,082 | INFO | lakeice_ncde | Epoch 4/120 | train batch 3/11 | batch_loss=0.00603556 | running_loss=0.00629202
2026-04-15 13:42:46,280 | INFO | lakeice_ncde | Epoch 4/120 | train batch 4/11 | batch_loss=0.00576542 | running_loss=0.00616037
2026-04-15 13:42:50,210 | INFO | lakeice_ncde | Epoch 4/120 | train batch 5/11 | batch_loss=0.00541945 | running_loss=0.00601219
2026-04-15 13:42:52,694 | INFO | lakeice_ncde | Epoch 4/120 | train batch 6/11 | batch_loss=0.00597634 | running_loss=0.00600621
2026-04-15 13:42:54,654 | INFO | lakeice_ncde | Epoch 4/120 | train batch 7/11 | batch_loss=0.00446057 | running_loss=0.00578541
2026-04-15 13:42:59,231 | INFO | lakeice_ncde | Epoch 4/120 | train batch 8/11 | batch_loss=0.00647804 | running_loss=0.00587199
2026-04-15 13:43:01,727 | INFO | lakeice_ncde | Epoch 4/120 | train batch 9/11 | batch_loss=0.00620550 | running_loss=0.00590904
2026-04-15 13:43:05,352 | INFO | lakeice_ncde | Epoch 4/120 | train batch 10/11 | batch_loss=0.00700543 | running_loss=0.00601868
2026-04-15 13:43:05,872 | INFO | lakeice_ncde | Epoch 4/120 | train batch 11/11 | batch_loss=0.00529622 | running_loss=0.00595300
2026-04-15 13:43:07,140 | INFO | lakeice_ncde | Epoch 4 complete | train_loss=0.00595300 | val_loss=0.03659859 | val_rmse=0.19130759 | val_mae=0.15734716 | val_r2=0.28843684
2026-04-15 13:43:07,151 | INFO | lakeice_ncde | Epoch 5/120 started.
2026-04-15 13:43:10,536 | INFO | lakeice_ncde | Epoch 5/120 | train batch 1/11 | batch_loss=0.00536830 | running_loss=0.00536830
2026-04-15 13:43:13,846 | INFO | lakeice_ncde | Epoch 5/120 | train batch 2/11 | batch_loss=0.00435333 | running_loss=0.00486081
2026-04-15 13:43:16,460 | INFO | lakeice_ncde | Epoch 5/120 | train batch 3/11 | batch_loss=0.00568052 | running_loss=0.00513405
2026-04-15 13:43:17,971 | INFO | lakeice_ncde | Epoch 5/120 | train batch 4/11 | batch_loss=0.00704296 | running_loss=0.00561128
2026-04-15 13:43:20,951 | INFO | lakeice_ncde | Epoch 5/120 | train batch 5/11 | batch_loss=0.00629984 | running_loss=0.00574899
2026-04-15 13:43:23,455 | INFO | lakeice_ncde | Epoch 5/120 | train batch 6/11 | batch_loss=0.00609595 | running_loss=0.00580682
2026-04-15 13:43:26,817 | INFO | lakeice_ncde | Epoch 5/120 | train batch 7/11 | batch_loss=0.00558442 | running_loss=0.00577505
2026-04-15 13:43:30,763 | INFO | lakeice_ncde | Epoch 5/120 | train batch 8/11 | batch_loss=0.00501765 | running_loss=0.00568037
2026-04-15 13:43:33,240 | INFO | lakeice_ncde | Epoch 5/120 | train batch 9/11 | batch_loss=0.00659329 | running_loss=0.00578181
2026-04-15 13:43:37,415 | INFO | lakeice_ncde | Epoch 5/120 | train batch 10/11 | batch_loss=0.00366238 | running_loss=0.00556986
2026-04-15 13:43:38,068 | INFO | lakeice_ncde | Epoch 5/120 | train batch 11/11 | batch_loss=0.00642095 | running_loss=0.00564724
2026-04-15 13:43:39,352 | INFO | lakeice_ncde | Epoch 5 complete | train_loss=0.00564724 | val_loss=0.03747296 | val_rmse=0.19357933 | val_mae=0.15929230 | val_r2=0.27143716
2026-04-15 13:43:39,363 | INFO | lakeice_ncde | Epoch 6/120 started.
2026-04-15 13:43:41,718 | INFO | lakeice_ncde | Epoch 6/120 | train batch 1/11 | batch_loss=0.00737779 | running_loss=0.00737779
2026-04-15 13:43:45,151 | INFO | lakeice_ncde | Epoch 6/120 | train batch 2/11 | batch_loss=0.00550077 | running_loss=0.00643928
2026-04-15 13:43:47,968 | INFO | lakeice_ncde | Epoch 6/120 | train batch 3/11 | batch_loss=0.00448385 | running_loss=0.00578747
2026-04-15 13:43:51,190 | INFO | lakeice_ncde | Epoch 6/120 | train batch 4/11 | batch_loss=0.00613541 | running_loss=0.00587445
2026-04-15 13:43:53,194 | INFO | lakeice_ncde | Epoch 6/120 | train batch 5/11 | batch_loss=0.00874671 | running_loss=0.00644890
2026-04-15 13:43:57,431 | INFO | lakeice_ncde | Epoch 6/120 | train batch 6/11 | batch_loss=0.00837082 | running_loss=0.00676922
2026-04-15 13:44:00,587 | INFO | lakeice_ncde | Epoch 6/120 | train batch 7/11 | batch_loss=0.00605113 | running_loss=0.00666664
2026-04-15 13:44:02,380 | INFO | lakeice_ncde | Epoch 6/120 | train batch 8/11 | batch_loss=0.00396817 | running_loss=0.00632933
2026-04-15 13:44:06,007 | INFO | lakeice_ncde | Epoch 6/120 | train batch 9/11 | batch_loss=0.00611758 | running_loss=0.00630580
2026-04-15 13:44:09,127 | INFO | lakeice_ncde | Epoch 6/120 | train batch 10/11 | batch_loss=0.00394629 | running_loss=0.00606985
2026-04-15 13:44:09,745 | INFO | lakeice_ncde | Epoch 6/120 | train batch 11/11 | batch_loss=0.00342335 | running_loss=0.00582926
2026-04-15 13:44:11,051 | INFO | lakeice_ncde | Epoch 6 complete | train_loss=0.00582926 | val_loss=0.03936563 | val_rmse=0.19840774 | val_mae=0.16410563 | val_r2=0.23463908
2026-04-15 13:44:11,060 | INFO | lakeice_ncde | Epoch 7/120 started.
2026-04-15 13:44:12,597 | INFO | lakeice_ncde | Epoch 7/120 | train batch 1/11 | batch_loss=0.00528734 | running_loss=0.00528734
2026-04-15 13:44:14,844 | INFO | lakeice_ncde | Epoch 7/120 | train batch 2/11 | batch_loss=0.00655509 | running_loss=0.00592122
2026-04-15 13:44:18,307 | INFO | lakeice_ncde | Epoch 7/120 | train batch 3/11 | batch_loss=0.00493607 | running_loss=0.00559283
2026-04-15 13:44:20,335 | INFO | lakeice_ncde | Epoch 7/120 | train batch 4/11 | batch_loss=0.00535613 | running_loss=0.00553366
2026-04-15 13:44:22,646 | INFO | lakeice_ncde | Epoch 7/120 | train batch 5/11 | batch_loss=0.00697324 | running_loss=0.00582157
2026-04-15 13:44:26,256 | INFO | lakeice_ncde | Epoch 7/120 | train batch 6/11 | batch_loss=0.00522407 | running_loss=0.00572199
2026-04-15 13:44:30,019 | INFO | lakeice_ncde | Epoch 7/120 | train batch 7/11 | batch_loss=0.00568303 | running_loss=0.00571642
2026-04-15 13:44:32,197 | INFO | lakeice_ncde | Epoch 7/120 | train batch 8/11 | batch_loss=0.00403984 | running_loss=0.00550685
2026-04-15 13:44:35,481 | INFO | lakeice_ncde | Epoch 7/120 | train batch 9/11 | batch_loss=0.00318877 | running_loss=0.00524929
2026-04-15 13:44:39,209 | INFO | lakeice_ncde | Epoch 7/120 | train batch 10/11 | batch_loss=0.00435397 | running_loss=0.00515976
2026-04-15 13:44:40,293 | INFO | lakeice_ncde | Epoch 7/120 | train batch 11/11 | batch_loss=0.00935129 | running_loss=0.00554080
2026-04-15 13:44:41,558 | INFO | lakeice_ncde | Epoch 7 complete | train_loss=0.00554080 | val_loss=0.03351480 | val_rmse=0.18307047 | val_mae=0.15157216 | val_r2=0.34839312
2026-04-15 13:44:41,582 | INFO | lakeice_ncde | Epoch 8/120 started.
2026-04-15 13:44:44,582 | INFO | lakeice_ncde | Epoch 8/120 | train batch 1/11 | batch_loss=0.00492910 | running_loss=0.00492910
2026-04-15 13:44:46,921 | INFO | lakeice_ncde | Epoch 8/120 | train batch 2/11 | batch_loss=0.00461186 | running_loss=0.00477048
2026-04-15 13:44:49,996 | INFO | lakeice_ncde | Epoch 8/120 | train batch 3/11 | batch_loss=0.00413827 | running_loss=0.00455974
2026-04-15 13:44:53,254 | INFO | lakeice_ncde | Epoch 8/120 | train batch 4/11 | batch_loss=0.00666881 | running_loss=0.00508701
2026-04-15 13:44:55,382 | INFO | lakeice_ncde | Epoch 8/120 | train batch 5/11 | batch_loss=0.00544572 | running_loss=0.00515875
2026-04-15 13:44:58,336 | INFO | lakeice_ncde | Epoch 8/120 | train batch 6/11 | batch_loss=0.00532047 | running_loss=0.00518571
2026-04-15 13:45:00,802 | INFO | lakeice_ncde | Epoch 8/120 | train batch 7/11 | batch_loss=0.00472629 | running_loss=0.00512007
2026-04-15 13:45:02,971 | INFO | lakeice_ncde | Epoch 8/120 | train batch 8/11 | batch_loss=0.00454963 | running_loss=0.00504877
2026-04-15 13:45:06,386 | INFO | lakeice_ncde | Epoch 8/120 | train batch 9/11 | batch_loss=0.00466630 | running_loss=0.00500627
2026-04-15 13:45:09,739 | INFO | lakeice_ncde | Epoch 8/120 | train batch 10/11 | batch_loss=0.00499539 | running_loss=0.00500518
2026-04-15 13:45:10,496 | INFO | lakeice_ncde | Epoch 8/120 | train batch 11/11 | batch_loss=0.00619641 | running_loss=0.00511348
2026-04-15 13:45:11,758 | INFO | lakeice_ncde | Epoch 8 complete | train_loss=0.00511348 | val_loss=0.03633724 | val_rmse=0.19062328 | val_mae=0.15976464 | val_r2=0.29351821
2026-04-15 13:45:11,768 | INFO | lakeice_ncde | Epoch 9/120 started.
2026-04-15 13:45:13,808 | INFO | lakeice_ncde | Epoch 9/120 | train batch 1/11 | batch_loss=0.00464896 | running_loss=0.00464896
2026-04-15 13:45:16,674 | INFO | lakeice_ncde | Epoch 9/120 | train batch 2/11 | batch_loss=0.00433078 | running_loss=0.00448987
2026-04-15 13:45:20,620 | INFO | lakeice_ncde | Epoch 9/120 | train batch 3/11 | batch_loss=0.00438759 | running_loss=0.00445578
2026-04-15 13:45:23,254 | INFO | lakeice_ncde | Epoch 9/120 | train batch 4/11 | batch_loss=0.00391078 | running_loss=0.00431953
2026-04-15 13:45:24,533 | INFO | lakeice_ncde | Epoch 9/120 | train batch 5/11 | batch_loss=0.00472862 | running_loss=0.00440135
2026-04-15 13:45:27,251 | INFO | lakeice_ncde | Epoch 9/120 | train batch 6/11 | batch_loss=0.00495028 | running_loss=0.00449283
2026-04-15 13:45:30,051 | INFO | lakeice_ncde | Epoch 9/120 | train batch 7/11 | batch_loss=0.00621083 | running_loss=0.00473826
2026-04-15 13:45:32,899 | INFO | lakeice_ncde | Epoch 9/120 | train batch 8/11 | batch_loss=0.00498936 | running_loss=0.00476965
2026-04-15 13:45:35,265 | INFO | lakeice_ncde | Epoch 9/120 | train batch 9/11 | batch_loss=0.00404213 | running_loss=0.00468881
2026-04-15 13:45:39,206 | INFO | lakeice_ncde | Epoch 9/120 | train batch 10/11 | batch_loss=0.00635774 | running_loss=0.00485571
2026-04-15 13:45:40,091 | INFO | lakeice_ncde | Epoch 9/120 | train batch 11/11 | batch_loss=0.00939248 | running_loss=0.00526814
2026-04-15 13:45:41,290 | INFO | lakeice_ncde | Epoch 9 complete | train_loss=0.00526814 | val_loss=0.03410785 | val_rmse=0.18468311 | val_mae=0.15553408 | val_r2=0.33686276
2026-04-15 13:45:41,302 | INFO | lakeice_ncde | Epoch 10/120 started.
2026-04-15 13:45:44,514 | INFO | lakeice_ncde | Epoch 10/120 | train batch 1/11 | batch_loss=0.00468257 | running_loss=0.00468257
2026-04-15 13:45:48,154 | INFO | lakeice_ncde | Epoch 10/120 | train batch 2/11 | batch_loss=0.00460650 | running_loss=0.00464453
2026-04-15 13:45:50,150 | INFO | lakeice_ncde | Epoch 10/120 | train batch 3/11 | batch_loss=0.00412038 | running_loss=0.00446982
2026-04-15 13:45:52,319 | INFO | lakeice_ncde | Epoch 10/120 | train batch 4/11 | batch_loss=0.00519991 | running_loss=0.00465234
2026-04-15 13:45:54,109 | INFO | lakeice_ncde | Epoch 10/120 | train batch 5/11 | batch_loss=0.00405034 | running_loss=0.00453194
2026-04-15 13:45:57,789 | INFO | lakeice_ncde | Epoch 10/120 | train batch 6/11 | batch_loss=0.00512317 | running_loss=0.00463048
2026-04-15 13:46:00,590 | INFO | lakeice_ncde | Epoch 10/120 | train batch 7/11 | batch_loss=0.00489930 | running_loss=0.00466888
2026-04-15 13:46:04,305 | INFO | lakeice_ncde | Epoch 10/120 | train batch 8/11 | batch_loss=0.00443690 | running_loss=0.00463988
2026-04-15 13:46:06,894 | INFO | lakeice_ncde | Epoch 10/120 | train batch 9/11 | batch_loss=0.00513824 | running_loss=0.00469526
2026-04-15 13:46:09,158 | INFO | lakeice_ncde | Epoch 10/120 | train batch 10/11 | batch_loss=0.00430291 | running_loss=0.00465602
2026-04-15 13:46:10,092 | INFO | lakeice_ncde | Epoch 10/120 | train batch 11/11 | batch_loss=0.00551658 | running_loss=0.00473426
2026-04-15 13:46:11,326 | INFO | lakeice_ncde | Epoch 10 complete | train_loss=0.00473426 | val_loss=0.03356305 | val_rmse=0.18320221 | val_mae=0.15546615 | val_r2=0.34745495
2026-04-15 13:46:11,335 | INFO | lakeice_ncde | Epoch 11/120 started.
2026-04-15 13:46:14,506 | INFO | lakeice_ncde | Epoch 11/120 | train batch 1/11 | batch_loss=0.00615459 | running_loss=0.00615459
2026-04-15 13:46:17,697 | INFO | lakeice_ncde | Epoch 11/120 | train batch 2/11 | batch_loss=0.00440150 | running_loss=0.00527804
2026-04-15 13:46:20,869 | INFO | lakeice_ncde | Epoch 11/120 | train batch 3/11 | batch_loss=0.00506460 | running_loss=0.00520690
2026-04-15 13:46:24,043 | INFO | lakeice_ncde | Epoch 11/120 | train batch 4/11 | batch_loss=0.00352979 | running_loss=0.00478762
2026-04-15 13:46:25,912 | INFO | lakeice_ncde | Epoch 11/120 | train batch 5/11 | batch_loss=0.00472923 | running_loss=0.00477594
2026-04-15 13:46:28,411 | INFO | lakeice_ncde | Epoch 11/120 | train batch 6/11 | batch_loss=0.00432077 | running_loss=0.00470008
2026-04-15 13:46:31,303 | INFO | lakeice_ncde | Epoch 11/120 | train batch 7/11 | batch_loss=0.00320851 | running_loss=0.00448700
2026-04-15 13:46:33,728 | INFO | lakeice_ncde | Epoch 11/120 | train batch 8/11 | batch_loss=0.00373505 | running_loss=0.00439300
2026-04-15 13:46:35,736 | INFO | lakeice_ncde | Epoch 11/120 | train batch 9/11 | batch_loss=0.00423054 | running_loss=0.00437495
2026-04-15 13:46:37,931 | INFO | lakeice_ncde | Epoch 11/120 | train batch 10/11 | batch_loss=0.00510591 | running_loss=0.00444805
2026-04-15 13:46:38,077 | INFO | lakeice_ncde | Epoch 11/120 | train batch 11/11 | batch_loss=0.00883661 | running_loss=0.00484701
2026-04-15 13:46:39,280 | INFO | lakeice_ncde | Epoch 11 complete | train_loss=0.00484701 | val_loss=0.03266636 | val_rmse=0.18073838 | val_mae=0.15400425 | val_r2=0.36488870
2026-04-15 13:46:39,305 | INFO | lakeice_ncde | Epoch 12/120 started.
2026-04-15 13:46:42,060 | INFO | lakeice_ncde | Epoch 12/120 | train batch 1/11 | batch_loss=0.00344660 | running_loss=0.00344660
2026-04-15 13:46:45,408 | INFO | lakeice_ncde | Epoch 12/120 | train batch 2/11 | batch_loss=0.00494305 | running_loss=0.00419483
2026-04-15 13:46:48,867 | INFO | lakeice_ncde | Epoch 12/120 | train batch 3/11 | batch_loss=0.00555607 | running_loss=0.00464857
2026-04-15 13:46:51,076 | INFO | lakeice_ncde | Epoch 12/120 | train batch 4/11 | batch_loss=0.00386152 | running_loss=0.00445181
2026-04-15 13:46:53,451 | INFO | lakeice_ncde | Epoch 12/120 | train batch 5/11 | batch_loss=0.00326928 | running_loss=0.00421531
2026-04-15 13:46:57,815 | INFO | lakeice_ncde | Epoch 12/120 | train batch 6/11 | batch_loss=0.00318740 | running_loss=0.00404399
2026-04-15 13:47:00,271 | INFO | lakeice_ncde | Epoch 12/120 | train batch 7/11 | batch_loss=0.00473264 | running_loss=0.00414237
2026-04-15 13:47:02,768 | INFO | lakeice_ncde | Epoch 12/120 | train batch 8/11 | batch_loss=0.00472334 | running_loss=0.00421499
2026-04-15 13:47:05,124 | INFO | lakeice_ncde | Epoch 12/120 | train batch 9/11 | batch_loss=0.00376734 | running_loss=0.00416525
2026-04-15 13:47:08,524 | INFO | lakeice_ncde | Epoch 12/120 | train batch 10/11 | batch_loss=0.00346732 | running_loss=0.00409546
2026-04-15 13:47:09,264 | INFO | lakeice_ncde | Epoch 12/120 | train batch 11/11 | batch_loss=0.00253486 | running_loss=0.00395359
2026-04-15 13:47:10,480 | INFO | lakeice_ncde | Epoch 12 complete | train_loss=0.00395359 | val_loss=0.02996106 | val_rmse=0.17309262 | val_mae=0.14682510 | val_r2=0.41748625
2026-04-15 13:47:10,503 | INFO | lakeice_ncde | Epoch 13/120 started.
2026-04-15 13:47:13,015 | INFO | lakeice_ncde | Epoch 13/120 | train batch 1/11 | batch_loss=0.00497212 | running_loss=0.00497212
2026-04-15 13:47:15,137 | INFO | lakeice_ncde | Epoch 13/120 | train batch 2/11 | batch_loss=0.00468045 | running_loss=0.00482628
2026-04-15 13:47:18,586 | INFO | lakeice_ncde | Epoch 13/120 | train batch 3/11 | batch_loss=0.00384476 | running_loss=0.00449911
2026-04-15 13:47:20,725 | INFO | lakeice_ncde | Epoch 13/120 | train batch 4/11 | batch_loss=0.00450374 | running_loss=0.00450027
2026-04-15 13:47:24,046 | INFO | lakeice_ncde | Epoch 13/120 | train batch 5/11 | batch_loss=0.00441130 | running_loss=0.00448247
2026-04-15 13:47:27,874 | INFO | lakeice_ncde | Epoch 13/120 | train batch 6/11 | batch_loss=0.00553197 | running_loss=0.00465739
2026-04-15 13:47:31,601 | INFO | lakeice_ncde | Epoch 13/120 | train batch 7/11 | batch_loss=0.00349290 | running_loss=0.00449103
2026-04-15 13:47:34,415 | INFO | lakeice_ncde | Epoch 13/120 | train batch 8/11 | batch_loss=0.00587505 | running_loss=0.00466404
2026-04-15 13:47:37,747 | INFO | lakeice_ncde | Epoch 13/120 | train batch 9/11 | batch_loss=0.00306333 | running_loss=0.00448618
2026-04-15 13:47:40,148 | INFO | lakeice_ncde | Epoch 13/120 | train batch 10/11 | batch_loss=0.00417381 | running_loss=0.00445494
2026-04-15 13:47:40,639 | INFO | lakeice_ncde | Epoch 13/120 | train batch 11/11 | batch_loss=0.00317845 | running_loss=0.00433890
2026-04-15 13:47:41,837 | INFO | lakeice_ncde | Epoch 13 complete | train_loss=0.00433890 | val_loss=0.02895839 | val_rmse=0.17017166 | val_mae=0.14499101 | val_r2=0.43698039
2026-04-15 13:47:41,866 | INFO | lakeice_ncde | Epoch 14/120 started.
2026-04-15 13:47:45,492 | INFO | lakeice_ncde | Epoch 14/120 | train batch 1/11 | batch_loss=0.00426836 | running_loss=0.00426836
2026-04-15 13:47:48,210 | INFO | lakeice_ncde | Epoch 14/120 | train batch 2/11 | batch_loss=0.00389798 | running_loss=0.00408317
2026-04-15 13:47:51,560 | INFO | lakeice_ncde | Epoch 14/120 | train batch 3/11 | batch_loss=0.00569906 | running_loss=0.00462180
2026-04-15 13:47:53,767 | INFO | lakeice_ncde | Epoch 14/120 | train batch 4/11 | batch_loss=0.00440382 | running_loss=0.00456730
2026-04-15 13:47:55,273 | INFO | lakeice_ncde | Epoch 14/120 | train batch 5/11 | batch_loss=0.00344700 | running_loss=0.00434324
2026-04-15 13:47:58,162 | INFO | lakeice_ncde | Epoch 14/120 | train batch 6/11 | batch_loss=0.00406972 | running_loss=0.00429766
2026-04-15 13:48:01,318 | INFO | lakeice_ncde | Epoch 14/120 | train batch 7/11 | batch_loss=0.00380612 | running_loss=0.00422744
2026-04-15 13:48:02,713 | INFO | lakeice_ncde | Epoch 14/120 | train batch 8/11 | batch_loss=0.00406673 | running_loss=0.00420735
2026-04-15 13:48:06,308 | INFO | lakeice_ncde | Epoch 14/120 | train batch 9/11 | batch_loss=0.00518120 | running_loss=0.00431555
2026-04-15 13:48:09,528 | INFO | lakeice_ncde | Epoch 14/120 | train batch 10/11 | batch_loss=0.00463995 | running_loss=0.00434799
2026-04-15 13:48:10,049 | INFO | lakeice_ncde | Epoch 14/120 | train batch 11/11 | batch_loss=0.00276120 | running_loss=0.00420374
2026-04-15 13:48:11,296 | INFO | lakeice_ncde | Epoch 14 complete | train_loss=0.00420374 | val_loss=0.02511949 | val_rmse=0.15849129 | val_mae=0.13373399 | val_r2=0.51161773
2026-04-15 13:48:11,320 | INFO | lakeice_ncde | Epoch 15/120 started.
2026-04-15 13:48:13,214 | INFO | lakeice_ncde | Epoch 15/120 | train batch 1/11 | batch_loss=0.00349543 | running_loss=0.00349543
2026-04-15 13:48:15,979 | INFO | lakeice_ncde | Epoch 15/120 | train batch 2/11 | batch_loss=0.00346892 | running_loss=0.00348217
2026-04-15 13:48:18,683 | INFO | lakeice_ncde | Epoch 15/120 | train batch 3/11 | batch_loss=0.00432198 | running_loss=0.00376211
2026-04-15 13:48:22,295 | INFO | lakeice_ncde | Epoch 15/120 | train batch 4/11 | batch_loss=0.00438046 | running_loss=0.00391670
2026-04-15 13:48:25,974 | INFO | lakeice_ncde | Epoch 15/120 | train batch 5/11 | batch_loss=0.00273307 | running_loss=0.00367997
2026-04-15 13:48:28,800 | INFO | lakeice_ncde | Epoch 15/120 | train batch 6/11 | batch_loss=0.00389857 | running_loss=0.00371640
2026-04-15 13:48:30,933 | INFO | lakeice_ncde | Epoch 15/120 | train batch 7/11 | batch_loss=0.00344111 | running_loss=0.00367708
2026-04-15 13:48:33,291 | INFO | lakeice_ncde | Epoch 15/120 | train batch 8/11 | batch_loss=0.00432532 | running_loss=0.00375811
2026-04-15 13:48:36,015 | INFO | lakeice_ncde | Epoch 15/120 | train batch 9/11 | batch_loss=0.00422691 | running_loss=0.00381020
2026-04-15 13:48:38,461 | INFO | lakeice_ncde | Epoch 15/120 | train batch 10/11 | batch_loss=0.00373395 | running_loss=0.00380257
2026-04-15 13:48:39,201 | INFO | lakeice_ncde | Epoch 15/120 | train batch 11/11 | batch_loss=0.00321389 | running_loss=0.00374905
2026-04-15 13:48:40,422 | INFO | lakeice_ncde | Epoch 15 complete | train_loss=0.00374905 | val_loss=0.02743729 | val_rmse=0.16564206 | val_mae=0.14200816 | val_r2=0.46655419
2026-04-15 13:48:40,431 | INFO | lakeice_ncde | Epoch 16/120 started.
2026-04-15 13:48:43,304 | INFO | lakeice_ncde | Epoch 16/120 | train batch 1/11 | batch_loss=0.00393852 | running_loss=0.00393852
2026-04-15 13:48:46,224 | INFO | lakeice_ncde | Epoch 16/120 | train batch 2/11 | batch_loss=0.00398608 | running_loss=0.00396230
2026-04-15 13:48:48,963 | INFO | lakeice_ncde | Epoch 16/120 | train batch 3/11 | batch_loss=0.00347912 | running_loss=0.00380124
2026-04-15 13:48:51,854 | INFO | lakeice_ncde | Epoch 16/120 | train batch 4/11 | batch_loss=0.00355058 | running_loss=0.00373858
2026-04-15 13:48:56,112 | INFO | lakeice_ncde | Epoch 16/120 | train batch 5/11 | batch_loss=0.00343152 | running_loss=0.00367716
2026-04-15 13:48:58,701 | INFO | lakeice_ncde | Epoch 16/120 | train batch 6/11 | batch_loss=0.00300775 | running_loss=0.00356560
2026-04-15 13:49:02,834 | INFO | lakeice_ncde | Epoch 16/120 | train batch 7/11 | batch_loss=0.00392576 | running_loss=0.00361705
2026-04-15 13:49:05,691 | INFO | lakeice_ncde | Epoch 16/120 | train batch 8/11 | batch_loss=0.00290965 | running_loss=0.00352862
2026-04-15 13:49:07,483 | INFO | lakeice_ncde | Epoch 16/120 | train batch 9/11 | batch_loss=0.00373965 | running_loss=0.00355207
2026-04-15 13:49:10,351 | INFO | lakeice_ncde | Epoch 16/120 | train batch 10/11 | batch_loss=0.00317282 | running_loss=0.00351415
2026-04-15 13:49:10,408 | INFO | lakeice_ncde | Epoch 16/120 | train batch 11/11 | batch_loss=0.00508333 | running_loss=0.00365680
2026-04-15 13:49:11,565 | INFO | lakeice_ncde | Epoch 16 complete | train_loss=0.00365680 | val_loss=0.02647724 | val_rmse=0.16271827 | val_mae=0.13985354 | val_r2=0.48521993
2026-04-15 13:49:11,574 | INFO | lakeice_ncde | Epoch 17/120 started.
2026-04-15 13:49:13,707 | INFO | lakeice_ncde | Epoch 17/120 | train batch 1/11 | batch_loss=0.00381709 | running_loss=0.00381709
2026-04-15 13:49:16,019 | INFO | lakeice_ncde | Epoch 17/120 | train batch 2/11 | batch_loss=0.00433806 | running_loss=0.00407757
2026-04-15 13:49:19,919 | INFO | lakeice_ncde | Epoch 17/120 | train batch 3/11 | batch_loss=0.00309463 | running_loss=0.00374993
2026-04-15 13:49:21,560 | INFO | lakeice_ncde | Epoch 17/120 | train batch 4/11 | batch_loss=0.00309114 | running_loss=0.00358523
2026-04-15 13:49:24,219 | INFO | lakeice_ncde | Epoch 17/120 | train batch 5/11 | batch_loss=0.00465123 | running_loss=0.00379843
2026-04-15 13:49:27,829 | INFO | lakeice_ncde | Epoch 17/120 | train batch 6/11 | batch_loss=0.00354304 | running_loss=0.00375586
2026-04-15 13:49:30,160 | INFO | lakeice_ncde | Epoch 17/120 | train batch 7/11 | batch_loss=0.00304597 | running_loss=0.00365445
2026-04-15 13:49:32,606 | INFO | lakeice_ncde | Epoch 17/120 | train batch 8/11 | batch_loss=0.00331660 | running_loss=0.00361222
2026-04-15 13:49:35,515 | INFO | lakeice_ncde | Epoch 17/120 | train batch 9/11 | batch_loss=0.00425349 | running_loss=0.00368347
2026-04-15 13:49:38,429 | INFO | lakeice_ncde | Epoch 17/120 | train batch 10/11 | batch_loss=0.00310067 | running_loss=0.00362519
2026-04-15 13:49:39,382 | INFO | lakeice_ncde | Epoch 17/120 | train batch 11/11 | batch_loss=0.00317765 | running_loss=0.00358451
2026-04-15 13:49:40,550 | INFO | lakeice_ncde | Epoch 17 complete | train_loss=0.00358451 | val_loss=0.02407020 | val_rmse=0.15514574 | val_mae=0.13343910 | val_r2=0.53201841
2026-04-15 13:49:40,573 | INFO | lakeice_ncde | Epoch 18/120 started.
2026-04-15 13:49:43,969 | INFO | lakeice_ncde | Epoch 18/120 | train batch 1/11 | batch_loss=0.00362608 | running_loss=0.00362608
2026-04-15 13:49:47,556 | INFO | lakeice_ncde | Epoch 18/120 | train batch 2/11 | batch_loss=0.00267915 | running_loss=0.00315262
2026-04-15 13:49:50,269 | INFO | lakeice_ncde | Epoch 18/120 | train batch 3/11 | batch_loss=0.00371104 | running_loss=0.00333876
2026-04-15 13:49:53,373 | INFO | lakeice_ncde | Epoch 18/120 | train batch 4/11 | batch_loss=0.00317470 | running_loss=0.00329774
2026-04-15 13:49:56,524 | INFO | lakeice_ncde | Epoch 18/120 | train batch 5/11 | batch_loss=0.00343032 | running_loss=0.00332426
2026-04-15 13:49:58,279 | INFO | lakeice_ncde | Epoch 18/120 | train batch 6/11 | batch_loss=0.00395954 | running_loss=0.00343014
2026-04-15 13:49:59,727 | INFO | lakeice_ncde | Epoch 18/120 | train batch 7/11 | batch_loss=0.00380152 | running_loss=0.00348319
2026-04-15 13:50:02,833 | INFO | lakeice_ncde | Epoch 18/120 | train batch 8/11 | batch_loss=0.00793389 | running_loss=0.00403953
2026-04-15 13:50:05,785 | INFO | lakeice_ncde | Epoch 18/120 | train batch 9/11 | batch_loss=0.00418114 | running_loss=0.00405526
2026-04-15 13:50:09,032 | INFO | lakeice_ncde | Epoch 18/120 | train batch 10/11 | batch_loss=0.00320136 | running_loss=0.00396987
2026-04-15 13:50:09,121 | INFO | lakeice_ncde | Epoch 18/120 | train batch 11/11 | batch_loss=0.00104363 | running_loss=0.00370385
2026-04-15 13:50:12,861 | INFO | lakeice_ncde | Epoch 18 complete | train_loss=0.00370385 | val_loss=0.02551708 | val_rmse=0.15974068 | val_mae=0.13838448 | val_r2=0.50388756
2026-04-15 13:50:12,888 | INFO | lakeice_ncde | Epoch 19/120 started.
2026-04-15 13:50:17,915 | INFO | lakeice_ncde | Epoch 19/120 | train batch 1/11 | batch_loss=0.00341832 | running_loss=0.00341832
2026-04-15 13:50:23,416 | INFO | lakeice_ncde | Epoch 19/120 | train batch 2/11 | batch_loss=0.00356683 | running_loss=0.00349258
2026-04-15 13:50:28,089 | INFO | lakeice_ncde | Epoch 19/120 | train batch 3/11 | batch_loss=0.00388514 | running_loss=0.00362343
2026-04-15 13:50:32,136 | INFO | lakeice_ncde | Epoch 19/120 | train batch 4/11 | batch_loss=0.00340505 | running_loss=0.00356883
2026-04-15 13:50:34,279 | INFO | lakeice_ncde | Epoch 19/120 | train batch 5/11 | batch_loss=0.00228658 | running_loss=0.00331238
2026-04-15 13:50:36,659 | INFO | lakeice_ncde | Epoch 19/120 | train batch 6/11 | batch_loss=0.00453471 | running_loss=0.00351611
2026-04-15 13:50:38,852 | INFO | lakeice_ncde | Epoch 19/120 | train batch 7/11 | batch_loss=0.00379267 | running_loss=0.00355561
2026-04-15 13:50:42,223 | INFO | lakeice_ncde | Epoch 19/120 | train batch 8/11 | batch_loss=0.00265180 | running_loss=0.00344264
2026-04-15 13:50:45,861 | INFO | lakeice_ncde | Epoch 19/120 | train batch 9/11 | batch_loss=0.00334823 | running_loss=0.00343215
2026-04-15 13:50:49,512 | INFO | lakeice_ncde | Epoch 19/120 | train batch 10/11 | batch_loss=0.00351343 | running_loss=0.00344028
2026-04-15 13:50:50,095 | INFO | lakeice_ncde | Epoch 19/120 | train batch 11/11 | batch_loss=0.00142177 | running_loss=0.00325677
2026-04-15 13:50:51,702 | INFO | lakeice_ncde | Epoch 19 complete | train_loss=0.00325677 | val_loss=0.02262251 | val_rmse=0.15040782 | val_mae=0.12878724 | val_r2=0.56016488
2026-04-15 13:50:51,726 | INFO | lakeice_ncde | Epoch 20/120 started.
2026-04-15 13:50:56,828 | INFO | lakeice_ncde | Epoch 20/120 | train batch 1/11 | batch_loss=0.00241098 | running_loss=0.00241098
2026-04-15 13:51:00,575 | INFO | lakeice_ncde | Epoch 20/120 | train batch 2/11 | batch_loss=0.00329842 | running_loss=0.00285470
2026-04-15 13:51:03,194 | INFO | lakeice_ncde | Epoch 20/120 | train batch 3/11 | batch_loss=0.00307422 | running_loss=0.00292787
