2026-04-15 13:16:52,417 | INFO | lakeice_ncde | Starting experiment 'xiaoxingkai_transfer_daily12_history_autoreg'
2026-04-15 13:16:52,423 | INFO | lakeice_ncde | Run directory: S:\STU-Papers\My_Papers\EXP1-Pre-Training-Standalone\outputs\runs\xiaoxingkai_transfer_daily12_history_autoreg\xiaoxingkai_transfer_daily12_history_autoreg_20260415_131652
2026-04-15 13:16:54,071 | ERROR | lakeice_ncde | Uncaught exception
Traceback (most recent call last):
  File "<frozen runpy>", line 198, in _run_module_as_main
  File "<frozen runpy>", line 88, in _run_code
  File "S:\STU-Papers\My_Papers\EXP1-Pre-Training-Standalone\src\lakeice_ncde\__main__.py", line 5, in <module>
    main()
  File "S:\STU-Papers\My_Papers\EXP1-Pre-Training-Standalone\src\lakeice_ncde\cli.py", line 30, in main
    run_xiaoxingkai_transfer(config, paths, logger)
  File "S:\STU-Papers\My_Papers\EXP1-Pre-Training-Standalone\src\lakeice_ncde\workflows\xiaoxingkai_transfer.py", line 323, in run
    prepared_df = load_or_prepare_dataframe(config, paths, logger)
                  ^^^^^^^^^^^^^^^^^^^^^^^^^^^^^^^^^^^^^^^^^^^^^^^^
  File "S:\STU-Papers\My_Papers\EXP1-Pre-Training-Standalone\src\lakeice_ncde\pipeline.py", line 94, in load_or_prepare_dataframe
    prepared_df, _ = prepare_dataframe_artifact(config, paths, logger)
                     ^^^^^^^^^^^^^^^^^^^^^^^^^^^^^^^^^^^^^^^^^^^^^^^^^
  File "S:\STU-Papers\My_Papers\EXP1-Pre-Training-Standalone\src\lakeice_ncde\pipeline.py", line 69, in prepare_dataframe_artifact
    prepared_df, schema = standardize_dataframe(raw_df, config)
                          ^^^^^^^^^^^^^^^^^^^^^^^^^^^^^^^^^^^^^
  File "S:\STU-Papers\My_Papers\EXP1-Pre-Training-Standalone\src\lakeice_ncde\data\load_excel.py", line 53, in standardize_dataframe
    df = filter_include_lakes(df, config)
         ^^^^^^^^^^^^^^^^^^^^^^^^^^^^^^^^
  File "S:\STU-Papers\My_Papers\EXP1-Pre-Training-Standalone\src\lakeice_ncde\data\load_excel.py", line 31, in filter_include_lakes
    raise ValueError(
ValueError: Configured data.include_lakes did not match any rows. Requested=['銆怘uo銆慙ake Hnagzhang', '銆怘uo銆慙ake Ulansu', '銆怚ISD Experimental銆慙ake 239', '銆怚ISD Experimental銆慙ake 302', '銆怢i銆慙ake Xiaoxingkai', '銆怤orth Temperate Lakes LTER銆慉llequash Lake', '銆怤orth Temperate Lakes LTER銆態ig Muskellunge Lake', '銆怤orth Temperate Lakes LTER銆態og 12-15 (Trout Bog)', '銆怤orth Temperate Lakes LTER銆態og 27-2 (Crystal Bog)', '銆怤orth Temperate Lakes LTER銆慍rystal Lake (NTL)', '銆怤orth Temperate Lakes LTER銆慡parkling Lake', '銆怤orth Temperate Lakes LTER銆慣rout Lake']. Available lake names sample=['【Huo】Lake Hnagzhang', '【Huo】Lake Ulansu', '【IISD Experimental】Lake 239', '【IISD Experimental】Lake 302', '【Li】Lake Xiaoxingkai', '【North Temperate Lakes LTER】Allequash Lake', '【North Temperate Lakes LTER】Big Muskellunge Lake', '【North Temperate Lakes LTER】Bog 12-15 (Trout Bog)', '【North Temperate Lakes LTER】Bog 27-2 (Crystal Bog)', '【North Temperate Lakes LTER】Crystal Lake (NTL)', '【North Temperate Lakes LTER】Sparkling Lake', '【North Temperate Lakes LTER】Trout Lake'] (total=12).
