2026-04-15 11:24:42,602 | INFO | lakeice_ncde | Starting experiment 'xiaoxingkai_transfer_daily12'
2026-04-15 11:24:42,607 | INFO | lakeice_ncde | Run directory: S:\STU-Papers\My_Papers\EXP1-Pre-Training-Standalone\outputs\runs\xiaoxingkai_transfer_daily12\xiaoxingkai_transfer_daily12_20260415_112442
2026-04-15 11:24:42,610 | INFO | lakeice_ncde | Running target transfer | test=【Li】Lake Xiaoxingkai | train=['【Huo】Lake Hnagzhang', '【Huo】Lake Ulansu', '【North Temperate Lakes LTER】Crystal Lake (NTL)', '【North Temperate Lakes LTER】Bog 27-2 (Crystal Bog)', '【North Temperate Lakes LTER】Sparkling Lake', '【North Temperate Lakes LTER】Big Muskellunge Lake', '【North Temperate Lakes LTER】Allequash Lake', '【North Temperate Lakes LTER】Bog 12-15 (Trout Bog)', '【North Temperate Lakes LTER】Trout Lake', '【IISD Experimental】Lake 239', '【IISD Experimental】Lake 302']
2026-04-15 11:24:42,616 | INFO | lakeice_ncde | Config summary | interpolation=hermite | method=midpoint | window_days=30 | batch_size=64 | target_transform=none
2026-04-15 11:24:42,686 | INFO | lakeice_ncde | Fold 'xiaoxingkai_transfer_daily12' -> train lakes (11): ['【Huo】Lake Hnagzhang', '【Huo】Lake Ulansu', '【IISD Experimental】Lake 239', '【IISD Experimental】Lake 302', '【North Temperate Lakes LTER】Allequash Lake', '【North Temperate Lakes LTER】Big Muskellunge Lake', '【North Temperate Lakes LTER】Bog 12-15 (Trout Bog)', '【North Temperate Lakes LTER】Bog 27-2 (Crystal Bog)', '【North Temperate Lakes LTER】Crystal Lake (NTL)', '【North Temperate Lakes LTER】Sparkling Lake', '【North Temperate Lakes LTER】Trout Lake']
2026-04-15 11:24:42,691 | INFO | lakeice_ncde | Fold 'xiaoxingkai_transfer_daily12' -> val lakes (11): ['【Huo】Lake Hnagzhang', '【Huo】Lake Ulansu', '【IISD Experimental】Lake 239', '【IISD Experimental】Lake 302', '【North Temperate Lakes LTER】Allequash Lake', '【North Temperate Lakes LTER】Big Muskellunge Lake', '【North Temperate Lakes LTER】Bog 12-15 (Trout Bog)', '【North Temperate Lakes LTER】Bog 27-2 (Crystal Bog)', '【North Temperate Lakes LTER】Crystal Lake (NTL)', '【North Temperate Lakes LTER】Sparkling Lake', '【North Temperate Lakes LTER】Trout Lake']
2026-04-15 11:24:42,694 | INFO | lakeice_ncde | Fold 'xiaoxingkai_transfer_daily12' -> test lakes (1): ['【Li】Lake Xiaoxingkai']
2026-04-15 11:24:42,713 | INFO | lakeice_ncde | Building train windows for split 'xiaoxingkai_transfer_daily12': 1227 rows across 11 lakes.
2026-04-15 11:24:43,051 | INFO | lakeice_ncde | Window progress for split 'train': 1/11 lakes processed, 89 windows built.
2026-04-15 11:24:43,586 | INFO | lakeice_ncde | Window progress for split 'train': 2/11 lakes processed, 233 windows built.
2026-04-15 11:24:44,019 | INFO | lakeice_ncde | Window progress for split 'train': 3/11 lakes processed, 300 windows built.
2026-04-15 11:24:44,255 | INFO | lakeice_ncde | Window progress for split 'train': 4/11 lakes processed, 330 windows built.
2026-04-15 11:24:44,458 | INFO | lakeice_ncde | Window progress for split 'train': 5/11 lakes processed, 354 windows built.
2026-04-15 11:24:44,727 | INFO | lakeice_ncde | Window progress for split 'train': 6/11 lakes processed, 371 windows built.
2026-04-15 11:24:44,904 | INFO | lakeice_ncde | Window progress for split 'train': 7/11 lakes processed, 400 windows built.
2026-04-15 11:24:45,082 | INFO | lakeice_ncde | Window progress for split 'train': 8/11 lakes processed, 423 windows built.
2026-04-15 11:24:45,228 | INFO | lakeice_ncde | Window progress for split 'train': 9/11 lakes processed, 438 windows built.
2026-04-15 11:24:45,348 | INFO | lakeice_ncde | Window progress for split 'train': 10/11 lakes processed, 454 windows built.
2026-04-15 11:24:45,508 | INFO | lakeice_ncde | Window progress for split 'train': 11/11 lakes processed, 476 windows built.
2026-04-15 11:24:45,562 | INFO | lakeice_ncde | Saved train windows for split 'xiaoxingkai_transfer_daily12': 476 samples -> S:\STU-Papers\My_Papers\EXP1-Pre-Training-Standalone\data\windows_xiaoxingkai_transfer_daily12\xiaoxingkai_transfer_daily12\train_windows.pt
2026-04-15 11:24:45,567 | INFO | lakeice_ncde | Building val windows for split 'xiaoxingkai_transfer_daily12': 143 rows across 11 lakes.
2026-04-15 11:24:45,632 | INFO | lakeice_ncde | Window progress for split 'val': 1/11 lakes processed, 11 windows built.
2026-04-15 11:24:45,704 | INFO | lakeice_ncde | Window progress for split 'val': 2/11 lakes processed, 28 windows built.
2026-04-15 11:24:45,741 | INFO | lakeice_ncde | Window progress for split 'val': 3/11 lakes processed, 32 windows built.
2026-04-15 11:24:45,765 | INFO | lakeice_ncde | Window progress for split 'val': 4/11 lakes processed, 35 windows built.
2026-04-15 11:24:45,803 | INFO | lakeice_ncde | Window progress for split 'val': 5/11 lakes processed, 41 windows built.
2026-04-15 11:24:45,835 | INFO | lakeice_ncde | Window progress for split 'val': 6/11 lakes processed, 46 windows built.
2026-04-15 11:24:45,865 | INFO | lakeice_ncde | Window progress for split 'val': 7/11 lakes processed, 51 windows built.
2026-04-15 11:24:45,897 | INFO | lakeice_ncde | Window progress for split 'val': 8/11 lakes processed, 57 windows built.
2026-04-15 11:24:45,929 | INFO | lakeice_ncde | Window progress for split 'val': 9/11 lakes processed, 61 windows built.
2026-04-15 11:24:45,980 | INFO | lakeice_ncde | Window progress for split 'val': 10/11 lakes processed, 66 windows built.
2026-04-15 11:24:46,035 | INFO | lakeice_ncde | Window progress for split 'val': 11/11 lakes processed, 70 windows built.
2026-04-15 11:24:46,069 | INFO | lakeice_ncde | Saved val windows for split 'xiaoxingkai_transfer_daily12': 70 samples -> S:\STU-Papers\My_Papers\EXP1-Pre-Training-Standalone\data\windows_xiaoxingkai_transfer_daily12\xiaoxingkai_transfer_daily12\val_windows.pt
2026-04-15 11:24:46,075 | INFO | lakeice_ncde | Building test windows for split 'xiaoxingkai_transfer_daily12': 68 rows across 1 lakes.
2026-04-15 11:24:46,307 | INFO | lakeice_ncde | Window progress for split 'test': 1/1 lakes processed, 66 windows built.
2026-04-15 11:24:46,327 | INFO | lakeice_ncde | Saved test windows for split 'xiaoxingkai_transfer_daily12': 66 samples -> S:\STU-Papers\My_Papers\EXP1-Pre-Training-Standalone\data\windows_xiaoxingkai_transfer_daily12\xiaoxingkai_transfer_daily12\test_windows.pt
2026-04-15 11:24:46,441 | INFO | lakeice_ncde | Balanced windows with train cap=160 and val cap=20
2026-04-15 11:24:47,318 | INFO | lakeice_ncde | Computing hermite coefficients for 476 windows from S:\STU-Papers\My_Papers\EXP1-Pre-Training-Standalone\data\windows_xiaoxingkai_transfer_daily12\xiaoxingkai_transfer_daily12\train_windows.pt
2026-04-15 11:24:47,323 | INFO | lakeice_ncde | Coefficient progress for train_windows.pt: 1/476 windows processed.
2026-04-15 11:24:47,352 | INFO | lakeice_ncde | Coefficient progress for train_windows.pt: 47/476 windows processed.
2026-04-15 11:24:47,381 | INFO | lakeice_ncde | Coefficient progress for train_windows.pt: 94/476 windows processed.
2026-04-15 11:24:47,407 | INFO | lakeice_ncde | Coefficient progress for train_windows.pt: 141/476 windows processed.
2026-04-15 11:24:47,435 | INFO | lakeice_ncde | Coefficient progress for train_windows.pt: 188/476 windows processed.
2026-04-15 11:24:47,466 | INFO | lakeice_ncde | Coefficient progress for train_windows.pt: 235/476 windows processed.
2026-04-15 11:24:47,483 | INFO | lakeice_ncde | Coefficient progress for train_windows.pt: 282/476 windows processed.
2026-04-15 11:24:47,502 | INFO | lakeice_ncde | Coefficient progress for train_windows.pt: 329/476 windows processed.
2026-04-15 11:24:47,520 | INFO | lakeice_ncde | Coefficient progress for train_windows.pt: 376/476 windows processed.
2026-04-15 11:24:47,538 | INFO | lakeice_ncde | Coefficient progress for train_windows.pt: 423/476 windows processed.
2026-04-15 11:24:47,556 | INFO | lakeice_ncde | Coefficient progress for train_windows.pt: 470/476 windows processed.
2026-04-15 11:24:47,560 | INFO | lakeice_ncde | Coefficient progress for train_windows.pt: 476/476 windows processed.
2026-04-15 11:24:47,661 | INFO | lakeice_ncde | Computing hermite coefficients for 70 windows from S:\STU-Papers\My_Papers\EXP1-Pre-Training-Standalone\data\windows_xiaoxingkai_transfer_daily12\xiaoxingkai_transfer_daily12\val_windows.pt
2026-04-15 11:24:47,664 | INFO | lakeice_ncde | Coefficient progress for val_windows.pt: 1/70 windows processed.
2026-04-15 11:24:47,670 | INFO | lakeice_ncde | Coefficient progress for val_windows.pt: 7/70 windows processed.
2026-04-15 11:24:47,677 | INFO | lakeice_ncde | Coefficient progress for val_windows.pt: 14/70 windows processed.
2026-04-15 11:24:47,683 | INFO | lakeice_ncde | Coefficient progress for val_windows.pt: 21/70 windows processed.
2026-04-15 11:24:47,689 | INFO | lakeice_ncde | Coefficient progress for val_windows.pt: 28/70 windows processed.
2026-04-15 11:24:47,694 | INFO | lakeice_ncde | Coefficient progress for val_windows.pt: 35/70 windows processed.
2026-04-15 11:24:47,698 | INFO | lakeice_ncde | Coefficient progress for val_windows.pt: 42/70 windows processed.
2026-04-15 11:24:47,703 | INFO | lakeice_ncde | Coefficient progress for val_windows.pt: 49/70 windows processed.
2026-04-15 11:24:47,707 | INFO | lakeice_ncde | Coefficient progress for val_windows.pt: 56/70 windows processed.
2026-04-15 11:24:47,711 | INFO | lakeice_ncde | Coefficient progress for val_windows.pt: 63/70 windows processed.
2026-04-15 11:24:47,716 | INFO | lakeice_ncde | Coefficient progress for val_windows.pt: 70/70 windows processed.
2026-04-15 11:24:47,750 | INFO | lakeice_ncde | Computing hermite coefficients for 66 windows from S:\STU-Papers\My_Papers\EXP1-Pre-Training-Standalone\data\windows_xiaoxingkai_transfer_daily12\xiaoxingkai_transfer_daily12\test_windows.pt
2026-04-15 11:24:47,753 | INFO | lakeice_ncde | Coefficient progress for test_windows.pt: 1/66 windows processed.
2026-04-15 11:24:47,756 | INFO | lakeice_ncde | Coefficient progress for test_windows.pt: 6/66 windows processed.
2026-04-15 11:24:47,760 | INFO | lakeice_ncde | Coefficient progress for test_windows.pt: 12/66 windows processed.
2026-04-15 11:24:47,765 | INFO | lakeice_ncde | Coefficient progress for test_windows.pt: 18/66 windows processed.
2026-04-15 11:24:47,770 | INFO | lakeice_ncde | Coefficient progress for test_windows.pt: 24/66 windows processed.
2026-04-15 11:24:47,775 | INFO | lakeice_ncde | Coefficient progress for test_windows.pt: 30/66 windows processed.
2026-04-15 11:24:47,778 | INFO | lakeice_ncde | Coefficient progress for test_windows.pt: 36/66 windows processed.
2026-04-15 11:24:47,783 | INFO | lakeice_ncde | Coefficient progress for test_windows.pt: 42/66 windows processed.
2026-04-15 11:24:47,788 | INFO | lakeice_ncde | Coefficient progress for test_windows.pt: 48/66 windows processed.
2026-04-15 11:24:47,791 | INFO | lakeice_ncde | Coefficient progress for test_windows.pt: 54/66 windows processed.
2026-04-15 11:24:47,797 | INFO | lakeice_ncde | Coefficient progress for test_windows.pt: 60/66 windows processed.
2026-04-15 11:24:47,802 | INFO | lakeice_ncde | Coefficient progress for test_windows.pt: 66/66 windows processed.
2026-04-15 11:24:47,822 | INFO | lakeice_ncde | Saved 3 coefficient bundle(s) under S:\STU-Papers\My_Papers\EXP1-Pre-Training-Standalone\data\coeffs_xiaoxingkai_transfer_daily12
2026-04-15 11:24:47,921 | INFO | lakeice_ncde | Data summary | train=476 | val=70 | test=66 | input_channels=12 | batch_parallel=True
2026-04-15 11:24:51,606 | INFO | lakeice_ncde | Training on cuda | train_batches=8 | val_batches=2 | test_batches=2
2026-04-15 11:24:51,609 | INFO | lakeice_ncde | Epoch 1/120 started.
2026-04-15 11:24:52,171 | INFO | lakeice_ncde | Epoch 1/120 | train batch 1/8 | batch_loss=0.12338692 | running_loss=0.12338692
2026-04-15 11:24:52,311 | INFO | lakeice_ncde | Epoch 1/120 | train batch 2/8 | batch_loss=0.11383063 | running_loss=0.11860877
2026-04-15 11:24:52,466 | INFO | lakeice_ncde | Epoch 1/120 | train batch 3/8 | batch_loss=0.11004275 | running_loss=0.11575343
2026-04-15 11:24:52,727 | INFO | lakeice_ncde | Epoch 1/120 | train batch 4/8 | batch_loss=0.13982573 | running_loss=0.12177151
2026-04-15 11:24:53,009 | INFO | lakeice_ncde | Epoch 1/120 | train batch 5/8 | batch_loss=0.19522670 | running_loss=0.13646255
2026-04-15 11:24:53,258 | INFO | lakeice_ncde | Epoch 1/120 | train batch 6/8 | batch_loss=0.14644539 | running_loss=0.13812635
2026-04-15 11:24:53,425 | INFO | lakeice_ncde | Epoch 1/120 | train batch 7/8 | batch_loss=0.11747853 | running_loss=0.13517667
2026-04-15 11:24:53,540 | INFO | lakeice_ncde | Epoch 1/120 | train batch 8/8 | batch_loss=0.10660858 | running_loss=0.13160565
2026-04-15 11:24:53,579 | INFO | lakeice_ncde | Epoch 1 complete | train_loss=0.13160565 | val_loss=12.48534746 | val_rmse=3.53346112 | val_mae=1.18093961 | val_r2=-273.60890299
2026-04-15 11:24:53,606 | INFO | lakeice_ncde | Epoch 2/120 started.
2026-04-15 11:24:53,864 | INFO | lakeice_ncde | Epoch 2/120 | train batch 1/8 | batch_loss=0.05848071 | running_loss=0.05848071
2026-04-15 11:24:54,034 | INFO | lakeice_ncde | Epoch 2/120 | train batch 2/8 | batch_loss=0.13776806 | running_loss=0.09812439
2026-04-15 11:24:54,300 | INFO | lakeice_ncde | Epoch 2/120 | train batch 3/8 | batch_loss=0.06391677 | running_loss=0.08672185
2026-04-15 11:24:54,470 | INFO | lakeice_ncde | Epoch 2/120 | train batch 4/8 | batch_loss=0.08212310 | running_loss=0.08557216
2026-04-15 11:24:54,656 | INFO | lakeice_ncde | Epoch 2/120 | train batch 5/8 | batch_loss=0.08655594 | running_loss=0.08576892
2026-04-15 11:24:54,940 | INFO | lakeice_ncde | Epoch 2/120 | train batch 6/8 | batch_loss=0.06021316 | running_loss=0.08150962
2026-04-15 11:24:55,115 | INFO | lakeice_ncde | Epoch 2/120 | train batch 7/8 | batch_loss=0.03645484 | running_loss=0.07507323
2026-04-15 11:24:55,204 | INFO | lakeice_ncde | Epoch 2/120 | train batch 8/8 | batch_loss=0.06442451 | running_loss=0.07374214
2026-04-15 11:24:55,257 | INFO | lakeice_ncde | Epoch 2 complete | train_loss=0.07374214 | val_loss=5.80699943 | val_rmse=2.40977165 | val_mae=0.87988026 | val_r2=-126.72201557
2026-04-15 11:24:55,285 | INFO | lakeice_ncde | Epoch 3/120 started.
2026-04-15 11:24:55,437 | INFO | lakeice_ncde | Epoch 3/120 | train batch 1/8 | batch_loss=0.04701616 | running_loss=0.04701616
2026-04-15 11:24:55,569 | INFO | lakeice_ncde | Epoch 3/120 | train batch 2/8 | batch_loss=0.07368800 | running_loss=0.06035208
2026-04-15 11:24:55,787 | INFO | lakeice_ncde | Epoch 3/120 | train batch 3/8 | batch_loss=0.04857446 | running_loss=0.05642620
2026-04-15 11:24:55,966 | INFO | lakeice_ncde | Epoch 3/120 | train batch 4/8 | batch_loss=0.04870490 | running_loss=0.05449588
2026-04-15 11:24:56,198 | INFO | lakeice_ncde | Epoch 3/120 | train batch 5/8 | batch_loss=0.06397291 | running_loss=0.05639129
2026-04-15 11:24:56,329 | INFO | lakeice_ncde | Epoch 3/120 | train batch 6/8 | batch_loss=0.09931884 | running_loss=0.06354588
2026-04-15 11:24:56,517 | INFO | lakeice_ncde | Epoch 3/120 | train batch 7/8 | batch_loss=0.04247130 | running_loss=0.06053522
2026-04-15 11:24:56,642 | INFO | lakeice_ncde | Epoch 3/120 | train batch 8/8 | batch_loss=0.02802693 | running_loss=0.05647169
2026-04-15 11:24:56,679 | INFO | lakeice_ncde | Epoch 3 complete | train_loss=0.05647169 | val_loss=5.68319016 | val_rmse=2.38394425 | val_mae=0.87786414 | val_r2=-123.99889342
2026-04-15 11:24:56,703 | INFO | lakeice_ncde | Epoch 4/120 started.
2026-04-15 11:24:56,882 | INFO | lakeice_ncde | Epoch 4/120 | train batch 1/8 | batch_loss=0.01626968 | running_loss=0.01626968
2026-04-15 11:24:57,100 | INFO | lakeice_ncde | Epoch 4/120 | train batch 2/8 | batch_loss=0.05886167 | running_loss=0.03756567
2026-04-15 11:24:57,240 | INFO | lakeice_ncde | Epoch 4/120 | train batch 3/8 | batch_loss=0.04797381 | running_loss=0.04103505
2026-04-15 11:24:57,462 | INFO | lakeice_ncde | Epoch 4/120 | train batch 4/8 | batch_loss=0.04517589 | running_loss=0.04207026
2026-04-15 11:24:57,625 | INFO | lakeice_ncde | Epoch 4/120 | train batch 5/8 | batch_loss=0.03613566 | running_loss=0.04088334
2026-04-15 11:24:57,743 | INFO | lakeice_ncde | Epoch 4/120 | train batch 6/8 | batch_loss=0.07400416 | running_loss=0.04640348
2026-04-15 11:24:57,898 | INFO | lakeice_ncde | Epoch 4/120 | train batch 7/8 | batch_loss=0.04993378 | running_loss=0.04690781
2026-04-15 11:24:58,008 | INFO | lakeice_ncde | Epoch 4/120 | train batch 8/8 | batch_loss=0.10388937 | running_loss=0.05403050
2026-04-15 11:24:58,053 | INFO | lakeice_ncde | Epoch 4 complete | train_loss=0.05403050 | val_loss=7.28419907 | val_rmse=2.69892554 | val_mae=0.84060842 | val_r2=-159.21227453
2026-04-15 11:24:58,064 | INFO | lakeice_ncde | Epoch 5/120 started.
2026-04-15 11:24:58,250 | INFO | lakeice_ncde | Epoch 5/120 | train batch 1/8 | batch_loss=0.07296407 | running_loss=0.07296407
2026-04-15 11:24:58,373 | INFO | lakeice_ncde | Epoch 5/120 | train batch 2/8 | batch_loss=0.03603020 | running_loss=0.05449713
2026-04-15 11:24:58,594 | INFO | lakeice_ncde | Epoch 5/120 | train batch 3/8 | batch_loss=0.02903589 | running_loss=0.04601005
2026-04-15 11:24:58,734 | INFO | lakeice_ncde | Epoch 5/120 | train batch 4/8 | batch_loss=0.01843248 | running_loss=0.03911566
2026-04-15 11:24:58,907 | INFO | lakeice_ncde | Epoch 5/120 | train batch 5/8 | batch_loss=0.02129392 | running_loss=0.03555131
2026-04-15 11:24:59,104 | INFO | lakeice_ncde | Epoch 5/120 | train batch 6/8 | batch_loss=0.02807535 | running_loss=0.03430532
2026-04-15 11:24:59,264 | INFO | lakeice_ncde | Epoch 5/120 | train batch 7/8 | batch_loss=0.02178389 | running_loss=0.03251654
2026-04-15 11:24:59,401 | INFO | lakeice_ncde | Epoch 5/120 | train batch 8/8 | batch_loss=0.03360125 | running_loss=0.03265213
2026-04-15 11:24:59,439 | INFO | lakeice_ncde | Epoch 5 complete | train_loss=0.03265213 | val_loss=8.78571516 | val_rmse=2.96407071 | val_mae=0.83159488 | val_r2=-192.23736162
2026-04-15 11:24:59,449 | INFO | lakeice_ncde | Epoch 6/120 started.
2026-04-15 11:24:59,615 | INFO | lakeice_ncde | Epoch 6/120 | train batch 1/8 | batch_loss=0.05188189 | running_loss=0.05188189
2026-04-15 11:24:59,878 | INFO | lakeice_ncde | Epoch 6/120 | train batch 2/8 | batch_loss=0.03452450 | running_loss=0.04320320
2026-04-15 11:25:00,112 | INFO | lakeice_ncde | Epoch 6/120 | train batch 3/8 | batch_loss=0.02233666 | running_loss=0.03624768
2026-04-15 11:25:00,331 | INFO | lakeice_ncde | Epoch 6/120 | train batch 4/8 | batch_loss=0.03054380 | running_loss=0.03482171
2026-04-15 11:25:00,500 | INFO | lakeice_ncde | Epoch 6/120 | train batch 5/8 | batch_loss=0.01938685 | running_loss=0.03173474
2026-04-15 11:25:00,674 | INFO | lakeice_ncde | Epoch 6/120 | train batch 6/8 | batch_loss=0.02535383 | running_loss=0.03067126
2026-04-15 11:25:00,830 | INFO | lakeice_ncde | Epoch 6/120 | train batch 7/8 | batch_loss=0.02352636 | running_loss=0.02965056
2026-04-15 11:25:00,931 | INFO | lakeice_ncde | Epoch 6/120 | train batch 8/8 | batch_loss=0.01539674 | running_loss=0.02786883
2026-04-15 11:25:00,976 | INFO | lakeice_ncde | Epoch 6 complete | train_loss=0.02786883 | val_loss=10.45225284 | val_rmse=3.23299441 | val_mae=0.86518818 | val_r2=-228.89201508
2026-04-15 11:25:00,987 | INFO | lakeice_ncde | Epoch 7/120 started.
2026-04-15 11:25:01,222 | INFO | lakeice_ncde | Epoch 7/120 | train batch 1/8 | batch_loss=0.03151139 | running_loss=0.03151139
2026-04-15 11:25:01,421 | INFO | lakeice_ncde | Epoch 7/120 | train batch 2/8 | batch_loss=0.03986371 | running_loss=0.03568755
2026-04-15 11:25:01,557 | INFO | lakeice_ncde | Epoch 7/120 | train batch 3/8 | batch_loss=0.03833933 | running_loss=0.03657147
2026-04-15 11:25:01,687 | INFO | lakeice_ncde | Epoch 7/120 | train batch 4/8 | batch_loss=0.02061757 | running_loss=0.03258300
2026-04-15 11:25:01,864 | INFO | lakeice_ncde | Epoch 7/120 | train batch 5/8 | batch_loss=0.03984764 | running_loss=0.03403593
2026-04-15 11:25:02,113 | INFO | lakeice_ncde | Epoch 7/120 | train batch 6/8 | batch_loss=0.02562368 | running_loss=0.03263389
2026-04-15 11:25:02,287 | INFO | lakeice_ncde | Epoch 7/120 | train batch 7/8 | batch_loss=0.02710984 | running_loss=0.03184474
2026-04-15 11:25:02,403 | INFO | lakeice_ncde | Epoch 7/120 | train batch 8/8 | batch_loss=0.03111158 | running_loss=0.03175309
2026-04-15 11:25:02,443 | INFO | lakeice_ncde | Epoch 7 complete | train_loss=0.03175309 | val_loss=5.60293502 | val_rmse=2.36705197 | val_mae=0.64634103 | val_r2=-122.23372206
2026-04-15 11:25:02,468 | INFO | lakeice_ncde | Epoch 8/120 started.
2026-04-15 11:25:02,626 | INFO | lakeice_ncde | Epoch 8/120 | train batch 1/8 | batch_loss=0.02830669 | running_loss=0.02830669
2026-04-15 11:25:02,764 | INFO | lakeice_ncde | Epoch 8/120 | train batch 2/8 | batch_loss=0.02124566 | running_loss=0.02477617
2026-04-15 11:25:02,977 | INFO | lakeice_ncde | Epoch 8/120 | train batch 3/8 | batch_loss=0.04363241 | running_loss=0.03106159
2026-04-15 11:25:03,162 | INFO | lakeice_ncde | Epoch 8/120 | train batch 4/8 | batch_loss=0.02344416 | running_loss=0.02915723
2026-04-15 11:25:03,393 | INFO | lakeice_ncde | Epoch 8/120 | train batch 5/8 | batch_loss=0.03632964 | running_loss=0.03059171
2026-04-15 11:25:03,588 | INFO | lakeice_ncde | Epoch 8/120 | train batch 6/8 | batch_loss=0.02138174 | running_loss=0.02905672
2026-04-15 11:25:03,865 | INFO | lakeice_ncde | Epoch 8/120 | train batch 7/8 | batch_loss=0.02408215 | running_loss=0.02834606
2026-04-15 11:25:03,987 | INFO | lakeice_ncde | Epoch 8/120 | train batch 8/8 | batch_loss=0.03809602 | running_loss=0.02956481
2026-04-15 11:25:04,041 | INFO | lakeice_ncde | Epoch 8 complete | train_loss=0.02956481 | val_loss=2.43935189 | val_rmse=1.56184247 | val_mae=0.53232432 | val_r2=-52.65231124
2026-04-15 11:25:04,070 | INFO | lakeice_ncde | Epoch 9/120 started.
2026-04-15 11:25:04,263 | INFO | lakeice_ncde | Epoch 9/120 | train batch 1/8 | batch_loss=0.03011919 | running_loss=0.03011919
2026-04-15 11:25:04,451 | INFO | lakeice_ncde | Epoch 9/120 | train batch 2/8 | batch_loss=0.01775482 | running_loss=0.02393701
2026-04-15 11:25:04,648 | INFO | lakeice_ncde | Epoch 9/120 | train batch 3/8 | batch_loss=0.02470057 | running_loss=0.02419153
2026-04-15 11:25:04,829 | INFO | lakeice_ncde | Epoch 9/120 | train batch 4/8 | batch_loss=0.04094086 | running_loss=0.02837886
2026-04-15 11:25:05,001 | INFO | lakeice_ncde | Epoch 9/120 | train batch 5/8 | batch_loss=0.01839159 | running_loss=0.02638141
2026-04-15 11:25:05,166 | INFO | lakeice_ncde | Epoch 9/120 | train batch 6/8 | batch_loss=0.01670453 | running_loss=0.02476860
2026-04-15 11:25:05,389 | INFO | lakeice_ncde | Epoch 9/120 | train batch 7/8 | batch_loss=0.03440576 | running_loss=0.02614533
2026-04-15 11:25:05,485 | INFO | lakeice_ncde | Epoch 9/120 | train batch 8/8 | batch_loss=0.01556554 | running_loss=0.02482286
2026-04-15 11:25:05,533 | INFO | lakeice_ncde | Epoch 9 complete | train_loss=0.02482286 | val_loss=2.05833287 | val_rmse=1.43468912 | val_mae=0.52374441 | val_r2=-44.27199041
2026-04-15 11:25:05,561 | INFO | lakeice_ncde | Epoch 10/120 started.
2026-04-15 11:25:05,728 | INFO | lakeice_ncde | Epoch 10/120 | train batch 1/8 | batch_loss=0.01923752 | running_loss=0.01923752
2026-04-15 11:25:05,907 | INFO | lakeice_ncde | Epoch 10/120 | train batch 2/8 | batch_loss=0.04024693 | running_loss=0.02974222
2026-04-15 11:25:06,049 | INFO | lakeice_ncde | Epoch 10/120 | train batch 3/8 | batch_loss=0.02384298 | running_loss=0.02777581
2026-04-15 11:25:06,231 | INFO | lakeice_ncde | Epoch 10/120 | train batch 4/8 | batch_loss=0.01559572 | running_loss=0.02473078
2026-04-15 11:25:06,449 | INFO | lakeice_ncde | Epoch 10/120 | train batch 5/8 | batch_loss=0.06740922 | running_loss=0.03326647
2026-04-15 11:25:06,642 | INFO | lakeice_ncde | Epoch 10/120 | train batch 6/8 | batch_loss=0.02361279 | running_loss=0.03165753
2026-04-15 11:25:06,892 | INFO | lakeice_ncde | Epoch 10/120 | train batch 7/8 | batch_loss=0.02304437 | running_loss=0.03042708
2026-04-15 11:25:06,991 | INFO | lakeice_ncde | Epoch 10/120 | train batch 8/8 | batch_loss=0.01238744 | running_loss=0.02817212
2026-04-15 11:25:07,036 | INFO | lakeice_ncde | Epoch 10 complete | train_loss=0.02817212 | val_loss=2.73957158 | val_rmse=1.65516512 | val_mae=0.56773313 | val_r2=-59.25549138
2026-04-15 11:25:07,049 | INFO | lakeice_ncde | Epoch 11/120 started.
2026-04-15 11:25:07,267 | INFO | lakeice_ncde | Epoch 11/120 | train batch 1/8 | batch_loss=0.01701544 | running_loss=0.01701544
2026-04-15 11:25:07,405 | INFO | lakeice_ncde | Epoch 11/120 | train batch 2/8 | batch_loss=0.03356715 | running_loss=0.02529129
2026-04-15 11:25:07,566 | INFO | lakeice_ncde | Epoch 11/120 | train batch 3/8 | batch_loss=0.04576473 | running_loss=0.03211577
2026-04-15 11:25:07,820 | INFO | lakeice_ncde | Epoch 11/120 | train batch 4/8 | batch_loss=0.01768195 | running_loss=0.02850732
2026-04-15 11:25:08,000 | INFO | lakeice_ncde | Epoch 11/120 | train batch 5/8 | batch_loss=0.02865398 | running_loss=0.02853665
2026-04-15 11:25:08,203 | INFO | lakeice_ncde | Epoch 11/120 | train batch 6/8 | batch_loss=0.02791918 | running_loss=0.02843374
2026-04-15 11:25:08,365 | INFO | lakeice_ncde | Epoch 11/120 | train batch 7/8 | batch_loss=0.01820884 | running_loss=0.02697304
2026-04-15 11:25:08,467 | INFO | lakeice_ncde | Epoch 11/120 | train batch 8/8 | batch_loss=0.02736281 | running_loss=0.02702176
2026-04-15 11:25:08,506 | INFO | lakeice_ncde | Epoch 11 complete | train_loss=0.02702176 | val_loss=1.40954781 | val_rmse=1.18724379 | val_mae=0.41390987 | val_r2=-30.00229123
2026-04-15 11:25:08,532 | INFO | lakeice_ncde | Epoch 12/120 started.
2026-04-15 11:25:08,667 | INFO | lakeice_ncde | Epoch 12/120 | train batch 1/8 | batch_loss=0.01539240 | running_loss=0.01539240
2026-04-15 11:25:08,877 | INFO | lakeice_ncde | Epoch 12/120 | train batch 2/8 | batch_loss=0.03154751 | running_loss=0.02346996
2026-04-15 11:25:09,072 | INFO | lakeice_ncde | Epoch 12/120 | train batch 3/8 | batch_loss=0.01929508 | running_loss=0.02207833
2026-04-15 11:25:09,353 | INFO | lakeice_ncde | Epoch 12/120 | train batch 4/8 | batch_loss=0.01505462 | running_loss=0.02032240
2026-04-15 11:25:09,675 | INFO | lakeice_ncde | Epoch 12/120 | train batch 5/8 | batch_loss=0.02332013 | running_loss=0.02092195
2026-04-15 11:25:09,850 | INFO | lakeice_ncde | Epoch 12/120 | train batch 6/8 | batch_loss=0.02784045 | running_loss=0.02207503
2026-04-15 11:25:10,097 | INFO | lakeice_ncde | Epoch 12/120 | train batch 7/8 | batch_loss=0.01772272 | running_loss=0.02145327
2026-04-15 11:25:10,233 | INFO | lakeice_ncde | Epoch 12/120 | train batch 8/8 | batch_loss=0.02479988 | running_loss=0.02187160
2026-04-15 11:25:10,286 | INFO | lakeice_ncde | Epoch 12 complete | train_loss=0.02187160 | val_loss=1.72952168 | val_rmse=1.31511280 | val_mae=0.39351633 | val_r2=-37.03995461
2026-04-15 11:25:10,299 | INFO | lakeice_ncde | Epoch 13/120 started.
2026-04-15 11:25:10,609 | INFO | lakeice_ncde | Epoch 13/120 | train batch 1/8 | batch_loss=0.04577987 | running_loss=0.04577987
2026-04-15 11:25:10,925 | INFO | lakeice_ncde | Epoch 13/120 | train batch 2/8 | batch_loss=0.01757727 | running_loss=0.03167857
2026-04-15 11:25:11,699 | INFO | lakeice_ncde | Epoch 13/120 | train batch 3/8 | batch_loss=0.05882092 | running_loss=0.04072602
2026-04-15 11:25:12,151 | INFO | lakeice_ncde | Epoch 13/120 | train batch 4/8 | batch_loss=0.02988364 | running_loss=0.03801542
2026-04-15 11:25:12,655 | INFO | lakeice_ncde | Epoch 13/120 | train batch 5/8 | batch_loss=0.02345814 | running_loss=0.03510397
2026-04-15 11:25:13,046 | INFO | lakeice_ncde | Epoch 13/120 | train batch 6/8 | batch_loss=0.01610353 | running_loss=0.03193723
2026-04-15 11:25:13,774 | INFO | lakeice_ncde | Epoch 13/120 | train batch 7/8 | batch_loss=0.02118054 | running_loss=0.03040056
2026-04-15 11:25:14,323 | INFO | lakeice_ncde | Epoch 13/120 | train batch 8/8 | batch_loss=0.01905888 | running_loss=0.02898285
2026-04-15 11:25:14,631 | INFO | lakeice_ncde | Epoch 13 complete | train_loss=0.02898285 | val_loss=3.18517447 | val_rmse=1.78470571 | val_mae=0.50181304 | val_r2=-69.05630168
2026-04-15 11:25:14,696 | INFO | lakeice_ncde | Epoch 14/120 started.
2026-04-15 11:25:15,384 | INFO | lakeice_ncde | Epoch 14/120 | train batch 1/8 | batch_loss=0.01785498 | running_loss=0.01785498
2026-04-15 11:25:15,714 | INFO | lakeice_ncde | Epoch 14/120 | train batch 2/8 | batch_loss=0.01991846 | running_loss=0.01888672
2026-04-15 11:25:15,908 | INFO | lakeice_ncde | Epoch 14/120 | train batch 3/8 | batch_loss=0.03021206 | running_loss=0.02266183
2026-04-15 11:25:16,233 | INFO | lakeice_ncde | Epoch 14/120 | train batch 4/8 | batch_loss=0.01465200 | running_loss=0.02065938
2026-04-15 11:25:16,459 | INFO | lakeice_ncde | Epoch 14/120 | train batch 5/8 | batch_loss=0.03691770 | running_loss=0.02391104
2026-04-15 11:25:16,667 | INFO | lakeice_ncde | Epoch 14/120 | train batch 6/8 | batch_loss=0.01924353 | running_loss=0.02313312
2026-04-15 11:25:16,888 | INFO | lakeice_ncde | Epoch 14/120 | train batch 7/8 | batch_loss=0.02366462 | running_loss=0.02320905
2026-04-15 11:25:16,991 | INFO | lakeice_ncde | Epoch 14/120 | train batch 8/8 | batch_loss=0.01675632 | running_loss=0.02240246
2026-04-15 11:25:17,043 | INFO | lakeice_ncde | Epoch 14 complete | train_loss=0.02240246 | val_loss=2.03397570 | val_rmse=1.42617520 | val_mae=0.43844921 | val_r2=-43.73626678
2026-04-15 11:25:17,059 | INFO | lakeice_ncde | Epoch 15/120 started.
2026-04-15 11:25:17,232 | INFO | lakeice_ncde | Epoch 15/120 | train batch 1/8 | batch_loss=0.02086705 | running_loss=0.02086705
2026-04-15 11:25:17,425 | INFO | lakeice_ncde | Epoch 15/120 | train batch 2/8 | batch_loss=0.02569615 | running_loss=0.02328160
2026-04-15 11:25:17,638 | INFO | lakeice_ncde | Epoch 15/120 | train batch 3/8 | batch_loss=0.03616189 | running_loss=0.02757503
2026-04-15 11:25:17,871 | INFO | lakeice_ncde | Epoch 15/120 | train batch 4/8 | batch_loss=0.01437984 | running_loss=0.02427623
2026-04-15 11:25:18,055 | INFO | lakeice_ncde | Epoch 15/120 | train batch 5/8 | batch_loss=0.02749969 | running_loss=0.02492092
2026-04-15 11:25:18,210 | INFO | lakeice_ncde | Epoch 15/120 | train batch 6/8 | batch_loss=0.01248461 | running_loss=0.02284821
2026-04-15 11:25:18,570 | INFO | lakeice_ncde | Epoch 15/120 | train batch 7/8 | batch_loss=0.02247755 | running_loss=0.02279526
2026-04-15 11:25:18,631 | INFO | lakeice_ncde | Epoch 15/120 | train batch 8/8 | batch_loss=0.01119193 | running_loss=0.02134484
2026-04-15 11:25:18,681 | INFO | lakeice_ncde | Epoch 15 complete | train_loss=0.02134484 | val_loss=1.81102512 | val_rmse=1.34574333 | val_mae=0.46848202 | val_r2=-38.83258167
2026-04-15 11:25:18,700 | INFO | lakeice_ncde | Epoch 16/120 started.
2026-04-15 11:25:19,007 | INFO | lakeice_ncde | Epoch 16/120 | train batch 1/8 | batch_loss=0.01690876 | running_loss=0.01690876
2026-04-15 11:25:19,415 | INFO | lakeice_ncde | Epoch 16/120 | train batch 2/8 | batch_loss=0.02970101 | running_loss=0.02330488
2026-04-15 11:25:19,639 | INFO | lakeice_ncde | Epoch 16/120 | train batch 3/8 | batch_loss=0.02723063 | running_loss=0.02461347
2026-04-15 11:25:19,818 | INFO | lakeice_ncde | Epoch 16/120 | train batch 4/8 | batch_loss=0.02654651 | running_loss=0.02509673
2026-04-15 11:25:19,951 | INFO | lakeice_ncde | Epoch 16/120 | train batch 5/8 | batch_loss=0.01779655 | running_loss=0.02363669
2026-04-15 11:25:20,179 | INFO | lakeice_ncde | Epoch 16/120 | train batch 6/8 | batch_loss=0.01500308 | running_loss=0.02219776
2026-04-15 11:25:20,422 | INFO | lakeice_ncde | Epoch 16/120 | train batch 7/8 | batch_loss=0.02488948 | running_loss=0.02258229
2026-04-15 11:25:20,533 | INFO | lakeice_ncde | Epoch 16/120 | train batch 8/8 | batch_loss=0.01155090 | running_loss=0.02120337
2026-04-15 11:25:20,584 | INFO | lakeice_ncde | Epoch 16 complete | train_loss=0.02120337 | val_loss=3.70409540 | val_rmse=1.92460266 | val_mae=0.60128494 | val_r2=-80.46970501
2026-04-15 11:25:20,597 | INFO | lakeice_ncde | Epoch 17/120 started.
2026-04-15 11:25:20,781 | INFO | lakeice_ncde | Epoch 17/120 | train batch 1/8 | batch_loss=0.01647593 | running_loss=0.01647593
2026-04-15 11:25:21,009 | INFO | lakeice_ncde | Epoch 17/120 | train batch 2/8 | batch_loss=0.02481152 | running_loss=0.02064373
2026-04-15 11:25:21,178 | INFO | lakeice_ncde | Epoch 17/120 | train batch 3/8 | batch_loss=0.01387600 | running_loss=0.01838782
2026-04-15 11:25:21,396 | INFO | lakeice_ncde | Epoch 17/120 | train batch 4/8 | batch_loss=0.03000943 | running_loss=0.02129322
2026-04-15 11:25:21,558 | INFO | lakeice_ncde | Epoch 17/120 | train batch 5/8 | batch_loss=0.01807678 | running_loss=0.02064993
2026-04-15 11:25:21,753 | INFO | lakeice_ncde | Epoch 17/120 | train batch 6/8 | batch_loss=0.01926994 | running_loss=0.02041993
2026-04-15 11:25:21,973 | INFO | lakeice_ncde | Epoch 17/120 | train batch 7/8 | batch_loss=0.01484681 | running_loss=0.01962377
2026-04-15 11:25:22,061 | INFO | lakeice_ncde | Epoch 17/120 | train batch 8/8 | batch_loss=0.01683942 | running_loss=0.01927573
2026-04-15 11:25:22,106 | INFO | lakeice_ncde | Epoch 17 complete | train_loss=0.01927573 | val_loss=4.65733573 | val_rmse=2.15808613 | val_mae=0.62560168 | val_r2=-101.43574407
2026-04-15 11:25:22,116 | INFO | lakeice_ncde | Epoch 18/120 started.
2026-04-15 11:25:22,327 | INFO | lakeice_ncde | Epoch 18/120 | train batch 1/8 | batch_loss=0.01959882 | running_loss=0.01959882
2026-04-15 11:25:22,461 | INFO | lakeice_ncde | Epoch 18/120 | train batch 2/8 | batch_loss=0.02346757 | running_loss=0.02153320
2026-04-15 11:25:22,636 | INFO | lakeice_ncde | Epoch 18/120 | train batch 3/8 | batch_loss=0.01687569 | running_loss=0.01998070
2026-04-15 11:25:22,772 | INFO | lakeice_ncde | Epoch 18/120 | train batch 4/8 | batch_loss=0.03092840 | running_loss=0.02271762
2026-04-15 11:25:22,944 | INFO | lakeice_ncde | Epoch 18/120 | train batch 5/8 | batch_loss=0.01703954 | running_loss=0.02158201
2026-04-15 11:25:23,196 | INFO | lakeice_ncde | Epoch 18/120 | train batch 6/8 | batch_loss=0.01659411 | running_loss=0.02075069
2026-04-15 11:25:23,459 | INFO | lakeice_ncde | Epoch 18/120 | train batch 7/8 | batch_loss=0.02010119 | running_loss=0.02065790
2026-04-15 11:25:23,605 | INFO | lakeice_ncde | Epoch 18/120 | train batch 8/8 | batch_loss=0.01625110 | running_loss=0.02010705
2026-04-15 11:25:23,648 | INFO | lakeice_ncde | Epoch 18 complete | train_loss=0.02010705 | val_loss=4.12557872 | val_rmse=2.03115207 | val_mae=0.58927894 | val_r2=-89.74001743
2026-04-15 11:25:23,662 | INFO | lakeice_ncde | Epoch 19/120 started.
2026-04-15 11:25:23,824 | INFO | lakeice_ncde | Epoch 19/120 | train batch 1/8 | batch_loss=0.02287336 | running_loss=0.02287336
2026-04-15 11:25:23,986 | INFO | lakeice_ncde | Epoch 19/120 | train batch 2/8 | batch_loss=0.02012239 | running_loss=0.02149788
2026-04-15 11:25:24,241 | INFO | lakeice_ncde | Epoch 19/120 | train batch 3/8 | batch_loss=0.02412963 | running_loss=0.02237513
2026-04-15 11:25:24,475 | INFO | lakeice_ncde | Epoch 19/120 | train batch 4/8 | batch_loss=0.01791772 | running_loss=0.02126078
2026-04-15 11:25:24,644 | INFO | lakeice_ncde | Epoch 19/120 | train batch 5/8 | batch_loss=0.01522347 | running_loss=0.02005332
2026-04-15 11:25:24,804 | INFO | lakeice_ncde | Epoch 19/120 | train batch 6/8 | batch_loss=0.01752556 | running_loss=0.01963202
2026-04-15 11:25:25,032 | INFO | lakeice_ncde | Epoch 19/120 | train batch 7/8 | batch_loss=0.01923891 | running_loss=0.01957586
2026-04-15 11:25:25,123 | INFO | lakeice_ncde | Epoch 19/120 | train batch 8/8 | batch_loss=0.01660180 | running_loss=0.01920411
2026-04-15 11:25:25,163 | INFO | lakeice_ncde | Epoch 19 complete | train_loss=0.01920411 | val_loss=4.89880962 | val_rmse=2.21332547 | val_mae=0.54644183 | val_r2=-106.74684015
2026-04-15 11:25:25,173 | INFO | lakeice_ncde | Epoch 20/120 started.
2026-04-15 11:25:25,347 | INFO | lakeice_ncde | Epoch 20/120 | train batch 1/8 | batch_loss=0.01495021 | running_loss=0.01495021
2026-04-15 11:25:25,476 | INFO | lakeice_ncde | Epoch 20/120 | train batch 2/8 | batch_loss=0.01742143 | running_loss=0.01618582
2026-04-15 11:25:25,685 | INFO | lakeice_ncde | Epoch 20/120 | train batch 3/8 | batch_loss=0.02119979 | running_loss=0.01785715
2026-04-15 11:25:25,856 | INFO | lakeice_ncde | Epoch 20/120 | train batch 4/8 | batch_loss=0.01603113 | running_loss=0.01740064
2026-04-15 11:25:26,057 | INFO | lakeice_ncde | Epoch 20/120 | train batch 5/8 | batch_loss=0.01486907 | running_loss=0.01689433
2026-04-15 11:25:26,341 | INFO | lakeice_ncde | Epoch 20/120 | train batch 6/8 | batch_loss=0.01991369 | running_loss=0.01739755
2026-04-15 11:25:26,597 | INFO | lakeice_ncde | Epoch 20/120 | train batch 7/8 | batch_loss=0.01677724 | running_loss=0.01730894
2026-04-15 11:25:26,719 | INFO | lakeice_ncde | Epoch 20/120 | train batch 8/8 | batch_loss=0.01691568 | running_loss=0.01725978
2026-04-15 11:25:26,761 | INFO | lakeice_ncde | Epoch 20 complete | train_loss=0.01725978 | val_loss=3.46382171 | val_rmse=1.86113452 | val_mae=0.52548853 | val_r2=-75.18500679
2026-04-15 11:25:26,774 | INFO | lakeice_ncde | Epoch 21/120 started.
2026-04-15 11:25:26,957 | INFO | lakeice_ncde | Epoch 21/120 | train batch 1/8 | batch_loss=0.01743444 | running_loss=0.01743444
2026-04-15 11:25:27,247 | INFO | lakeice_ncde | Epoch 21/120 | train batch 2/8 | batch_loss=0.01877172 | running_loss=0.01810308
2026-04-15 11:25:27,449 | INFO | lakeice_ncde | Epoch 21/120 | train batch 3/8 | batch_loss=0.02540028 | running_loss=0.02053548
2026-04-15 11:25:27,747 | INFO | lakeice_ncde | Epoch 21/120 | train batch 4/8 | batch_loss=0.01721425 | running_loss=0.01970517
2026-04-15 11:25:27,938 | INFO | lakeice_ncde | Epoch 21/120 | train batch 5/8 | batch_loss=0.01454840 | running_loss=0.01867382
2026-04-15 11:25:28,170 | INFO | lakeice_ncde | Epoch 21/120 | train batch 6/8 | batch_loss=0.01755567 | running_loss=0.01848746
2026-04-15 11:25:28,302 | INFO | lakeice_ncde | Epoch 21/120 | train batch 7/8 | batch_loss=0.01388698 | running_loss=0.01783025
2026-04-15 11:25:28,425 | INFO | lakeice_ncde | Epoch 21/120 | train batch 8/8 | batch_loss=0.00942952 | running_loss=0.01678016
2026-04-15 11:25:28,475 | INFO | lakeice_ncde | Epoch 21 complete | train_loss=0.01678016 | val_loss=2.13510186 | val_rmse=1.46119878 | val_mae=0.44510415 | val_r2=-45.96048570
2026-04-15 11:25:28,485 | INFO | lakeice_ncde | Epoch 22/120 started.
2026-04-15 11:25:28,707 | INFO | lakeice_ncde | Epoch 22/120 | train batch 1/8 | batch_loss=0.01280736 | running_loss=0.01280736
2026-04-15 11:25:28,960 | INFO | lakeice_ncde | Epoch 22/120 | train batch 2/8 | batch_loss=0.01723308 | running_loss=0.01502022
2026-04-15 11:25:29,075 | INFO | lakeice_ncde | Epoch 22/120 | train batch 3/8 | batch_loss=0.01487445 | running_loss=0.01497163
2026-04-15 11:25:29,244 | INFO | lakeice_ncde | Epoch 22/120 | train batch 4/8 | batch_loss=0.01527855 | running_loss=0.01504836
2026-04-15 11:25:29,461 | INFO | lakeice_ncde | Epoch 22/120 | train batch 5/8 | batch_loss=0.01901517 | running_loss=0.01584172
2026-04-15 11:25:29,637 | INFO | lakeice_ncde | Epoch 22/120 | train batch 6/8 | batch_loss=0.01108926 | running_loss=0.01504965
2026-04-15 11:25:29,838 | INFO | lakeice_ncde | Epoch 22/120 | train batch 7/8 | batch_loss=0.01909407 | running_loss=0.01562742
2026-04-15 11:25:29,922 | INFO | lakeice_ncde | Epoch 22/120 | train batch 8/8 | batch_loss=0.01961659 | running_loss=0.01612607
2026-04-15 11:25:29,964 | INFO | lakeice_ncde | Epoch 22 complete | train_loss=0.01612607 | val_loss=1.77567166 | val_rmse=1.33254331 | val_mae=0.42554923 | val_r2=-38.05500022
2026-04-15 11:25:29,975 | INFO | lakeice_ncde | Epoch 23/120 started.
2026-04-15 11:25:30,264 | INFO | lakeice_ncde | Epoch 23/120 | train batch 1/8 | batch_loss=0.01731260 | running_loss=0.01731260
2026-04-15 11:25:30,418 | INFO | lakeice_ncde | Epoch 23/120 | train batch 2/8 | batch_loss=0.01386188 | running_loss=0.01558724
2026-04-15 11:25:30,619 | INFO | lakeice_ncde | Epoch 23/120 | train batch 3/8 | batch_loss=0.01417874 | running_loss=0.01511774
2026-04-15 11:25:30,849 | INFO | lakeice_ncde | Epoch 23/120 | train batch 4/8 | batch_loss=0.01164129 | running_loss=0.01424863
2026-04-15 11:25:31,001 | INFO | lakeice_ncde | Epoch 23/120 | train batch 5/8 | batch_loss=0.01626742 | running_loss=0.01465239
2026-04-15 11:25:31,163 | INFO | lakeice_ncde | Epoch 23/120 | train batch 6/8 | batch_loss=0.01822528 | running_loss=0.01524787
2026-04-15 11:25:31,306 | INFO | lakeice_ncde | Epoch 23/120 | train batch 7/8 | batch_loss=0.01738457 | running_loss=0.01555311
2026-04-15 11:25:31,429 | INFO | lakeice_ncde | Epoch 23/120 | train batch 8/8 | batch_loss=0.01481160 | running_loss=0.01546042
2026-04-15 11:25:31,481 | INFO | lakeice_ncde | Epoch 23 complete | train_loss=0.01546042 | val_loss=1.85560722 | val_rmse=1.36220675 | val_mae=0.43945525 | val_r2=-39.81314243
2026-04-15 11:25:31,492 | INFO | lakeice_ncde | Epoch 24/120 started.
2026-04-15 11:25:31,754 | INFO | lakeice_ncde | Epoch 24/120 | train batch 1/8 | batch_loss=0.01726957 | running_loss=0.01726957
2026-04-15 11:25:31,910 | INFO | lakeice_ncde | Epoch 24/120 | train batch 2/8 | batch_loss=0.02008927 | running_loss=0.01867942
2026-04-15 11:25:32,136 | INFO | lakeice_ncde | Epoch 24/120 | train batch 3/8 | batch_loss=0.01914830 | running_loss=0.01883571
2026-04-15 11:25:32,341 | INFO | lakeice_ncde | Epoch 24/120 | train batch 4/8 | batch_loss=0.01359795 | running_loss=0.01752627
2026-04-15 11:25:32,520 | INFO | lakeice_ncde | Epoch 24/120 | train batch 5/8 | batch_loss=0.01314707 | running_loss=0.01665043
2026-04-15 11:25:32,687 | INFO | lakeice_ncde | Epoch 24/120 | train batch 6/8 | batch_loss=0.02308238 | running_loss=0.01772242
2026-04-15 11:25:32,867 | INFO | lakeice_ncde | Epoch 24/120 | train batch 7/8 | batch_loss=0.02451926 | running_loss=0.01869340
2026-04-15 11:25:32,946 | INFO | lakeice_ncde | Epoch 24/120 | train batch 8/8 | batch_loss=0.01149317 | running_loss=0.01779337
2026-04-15 11:25:32,992 | INFO | lakeice_ncde | Epoch 24 complete | train_loss=0.01779337 | val_loss=2.08238518 | val_rmse=1.44304719 | val_mae=0.44956814 | val_r2=-44.80100889
2026-04-15 11:25:33,004 | INFO | lakeice_ncde | Epoch 25/120 started.
2026-04-15 11:25:33,223 | INFO | lakeice_ncde | Epoch 25/120 | train batch 1/8 | batch_loss=0.01427619 | running_loss=0.01427619
2026-04-15 11:25:33,484 | INFO | lakeice_ncde | Epoch 25/120 | train batch 2/8 | batch_loss=0.02131473 | running_loss=0.01779546
2026-04-15 11:25:33,606 | INFO | lakeice_ncde | Epoch 25/120 | train batch 3/8 | batch_loss=0.02521374 | running_loss=0.02026822
2026-04-15 11:25:33,830 | INFO | lakeice_ncde | Epoch 25/120 | train batch 4/8 | batch_loss=0.01829644 | running_loss=0.01977527
2026-04-15 11:25:34,006 | INFO | lakeice_ncde | Epoch 25/120 | train batch 5/8 | batch_loss=0.02118712 | running_loss=0.02005764
2026-04-15 11:25:34,278 | INFO | lakeice_ncde | Epoch 25/120 | train batch 6/8 | batch_loss=0.01781854 | running_loss=0.01968446
2026-04-15 11:25:34,419 | INFO | lakeice_ncde | Epoch 25/120 | train batch 7/8 | batch_loss=0.02981316 | running_loss=0.02113142
2026-04-15 11:25:34,524 | INFO | lakeice_ncde | Epoch 25/120 | train batch 8/8 | batch_loss=0.01912860 | running_loss=0.02088106
2026-04-15 11:25:34,567 | INFO | lakeice_ncde | Epoch 25 complete | train_loss=0.02088106 | val_loss=2.16931046 | val_rmse=1.47285792 | val_mae=0.45140952 | val_r2=-46.71288642
2026-04-15 11:25:34,577 | INFO | lakeice_ncde | Epoch 26/120 started.
2026-04-15 11:25:34,801 | INFO | lakeice_ncde | Epoch 26/120 | train batch 1/8 | batch_loss=0.01585103 | running_loss=0.01585103
2026-04-15 11:25:34,941 | INFO | lakeice_ncde | Epoch 26/120 | train batch 2/8 | batch_loss=0.01416601 | running_loss=0.01500852
2026-04-15 11:25:35,115 | INFO | lakeice_ncde | Epoch 26/120 | train batch 3/8 | batch_loss=0.01572506 | running_loss=0.01524737
2026-04-15 11:25:35,281 | INFO | lakeice_ncde | Epoch 26/120 | train batch 4/8 | batch_loss=0.04058660 | running_loss=0.02158218
2026-04-15 11:25:35,445 | INFO | lakeice_ncde | Epoch 26/120 | train batch 5/8 | batch_loss=0.01807358 | running_loss=0.02088046
2026-04-15 11:25:35,593 | INFO | lakeice_ncde | Epoch 26/120 | train batch 6/8 | batch_loss=0.01232335 | running_loss=0.01945427
2026-04-15 11:25:35,819 | INFO | lakeice_ncde | Epoch 26/120 | train batch 7/8 | batch_loss=0.01610079 | running_loss=0.01897520
2026-04-15 11:25:35,954 | INFO | lakeice_ncde | Epoch 26/120 | train batch 8/8 | batch_loss=0.01932202 | running_loss=0.01901856
2026-04-15 11:25:35,997 | INFO | lakeice_ncde | Epoch 26 complete | train_loss=0.01901856 | val_loss=2.41551183 | val_rmse=1.55419170 | val_mae=0.46110617 | val_r2=-52.12796101
2026-04-15 11:25:36,009 | INFO | lakeice_ncde | Epoch 27/120 started.
2026-04-15 11:25:36,139 | INFO | lakeice_ncde | Epoch 27/120 | train batch 1/8 | batch_loss=0.01254267 | running_loss=0.01254267
2026-04-15 11:25:36,347 | INFO | lakeice_ncde | Epoch 27/120 | train batch 2/8 | batch_loss=0.01639289 | running_loss=0.01446778
2026-04-15 11:25:36,511 | INFO | lakeice_ncde | Epoch 27/120 | train batch 3/8 | batch_loss=0.01789443 | running_loss=0.01561000
2026-04-15 11:25:36,701 | INFO | lakeice_ncde | Epoch 27/120 | train batch 4/8 | batch_loss=0.01498319 | running_loss=0.01545330
2026-04-15 11:25:36,866 | INFO | lakeice_ncde | Epoch 27/120 | train batch 5/8 | batch_loss=0.01559044 | running_loss=0.01548073
2026-04-15 11:25:37,056 | INFO | lakeice_ncde | Epoch 27/120 | train batch 6/8 | batch_loss=0.01211762 | running_loss=0.01492021
2026-04-15 11:25:37,330 | INFO | lakeice_ncde | Epoch 27/120 | train batch 7/8 | batch_loss=0.01480315 | running_loss=0.01490349
2026-04-15 11:25:37,445 | INFO | lakeice_ncde | Epoch 27/120 | train batch 8/8 | batch_loss=0.05507970 | running_loss=0.01992551
2026-04-15 11:25:37,485 | INFO | lakeice_ncde | Epoch 27 complete | train_loss=0.01992551 | val_loss=2.27125409 | val_rmse=1.50706804 | val_mae=0.46508650 | val_r2=-48.95508505
2026-04-15 11:25:37,495 | INFO | lakeice_ncde | Epoch 28/120 started.
2026-04-15 11:25:37,658 | INFO | lakeice_ncde | Epoch 28/120 | train batch 1/8 | batch_loss=0.01746935 | running_loss=0.01746935
2026-04-15 11:25:37,789 | INFO | lakeice_ncde | Epoch 28/120 | train batch 2/8 | batch_loss=0.01401963 | running_loss=0.01574449
2026-04-15 11:25:37,973 | INFO | lakeice_ncde | Epoch 28/120 | train batch 3/8 | batch_loss=0.02371517 | running_loss=0.01840138
2026-04-15 11:25:38,104 | INFO | lakeice_ncde | Epoch 28/120 | train batch 4/8 | batch_loss=0.01925597 | running_loss=0.01861503
2026-04-15 11:25:38,299 | INFO | lakeice_ncde | Epoch 28/120 | train batch 5/8 | batch_loss=0.01824246 | running_loss=0.01854051
2026-04-15 11:25:38,466 | INFO | lakeice_ncde | Epoch 28/120 | train batch 6/8 | batch_loss=0.01495094 | running_loss=0.01794225
2026-04-15 11:25:38,717 | INFO | lakeice_ncde | Epoch 28/120 | train batch 7/8 | batch_loss=0.01570719 | running_loss=0.01762296
2026-04-15 11:25:38,803 | INFO | lakeice_ncde | Epoch 28/120 | train batch 8/8 | batch_loss=0.00637795 | running_loss=0.01621733
2026-04-15 11:25:38,843 | INFO | lakeice_ncde | Epoch 28 complete | train_loss=0.01621733 | val_loss=1.84444303 | val_rmse=1.35810273 | val_mae=0.43955143 | val_r2=-39.56759169
2026-04-15 11:25:38,853 | INFO | lakeice_ncde | Epoch 29/120 started.
2026-04-15 11:25:39,024 | INFO | lakeice_ncde | Epoch 29/120 | train batch 1/8 | batch_loss=0.01564329 | running_loss=0.01564329
2026-04-15 11:25:39,258 | INFO | lakeice_ncde | Epoch 29/120 | train batch 2/8 | batch_loss=0.01414370 | running_loss=0.01489350
2026-04-15 11:25:39,419 | INFO | lakeice_ncde | Epoch 29/120 | train batch 3/8 | batch_loss=0.01734380 | running_loss=0.01571027
2026-04-15 11:25:39,666 | INFO | lakeice_ncde | Epoch 29/120 | train batch 4/8 | batch_loss=0.01561207 | running_loss=0.01568572
2026-04-15 11:25:39,804 | INFO | lakeice_ncde | Epoch 29/120 | train batch 5/8 | batch_loss=0.01708833 | running_loss=0.01596624
2026-04-15 11:25:39,963 | INFO | lakeice_ncde | Epoch 29/120 | train batch 6/8 | batch_loss=0.01187863 | running_loss=0.01528497
2026-04-15 11:25:40,181 | INFO | lakeice_ncde | Epoch 29/120 | train batch 7/8 | batch_loss=0.01354840 | running_loss=0.01503689
2026-04-15 11:25:40,277 | INFO | lakeice_ncde | Epoch 29/120 | train batch 8/8 | batch_loss=0.01744657 | running_loss=0.01533810
2026-04-15 11:25:40,333 | INFO | lakeice_ncde | Epoch 29 complete | train_loss=0.01533810 | val_loss=1.56538812 | val_rmse=1.25115471 | val_mae=0.41270625 | val_r2=-33.42992001
2026-04-15 11:25:40,343 | INFO | lakeice_ncde | Epoch 30/120 started.
2026-04-15 11:25:40,545 | INFO | lakeice_ncde | Epoch 30/120 | train batch 1/8 | batch_loss=0.02525651 | running_loss=0.02525651
2026-04-15 11:25:40,692 | INFO | lakeice_ncde | Epoch 30/120 | train batch 2/8 | batch_loss=0.01447490 | running_loss=0.01986571
2026-04-15 11:25:40,876 | INFO | lakeice_ncde | Epoch 30/120 | train batch 3/8 | batch_loss=0.01642791 | running_loss=0.01871978
2026-04-15 11:25:41,100 | INFO | lakeice_ncde | Epoch 30/120 | train batch 4/8 | batch_loss=0.01407142 | running_loss=0.01755769
2026-04-15 11:25:41,278 | INFO | lakeice_ncde | Epoch 30/120 | train batch 5/8 | batch_loss=0.02196238 | running_loss=0.01843863
2026-04-15 11:25:41,487 | INFO | lakeice_ncde | Epoch 30/120 | train batch 6/8 | batch_loss=0.01381090 | running_loss=0.01766734
2026-04-15 11:25:41,737 | INFO | lakeice_ncde | Epoch 30/120 | train batch 7/8 | batch_loss=0.01427016 | running_loss=0.01718203
2026-04-15 11:25:41,834 | INFO | lakeice_ncde | Epoch 30/120 | train batch 8/8 | batch_loss=0.01234852 | running_loss=0.01657784
2026-04-15 11:25:41,876 | INFO | lakeice_ncde | Epoch 30 complete | train_loss=0.01657784 | val_loss=1.33993437 | val_rmse=1.15755534 | val_mae=0.39848059 | val_r2=-28.47117890
2026-04-15 11:25:41,905 | INFO | lakeice_ncde | Epoch 31/120 started.
2026-04-15 11:25:42,065 | INFO | lakeice_ncde | Epoch 31/120 | train batch 1/8 | batch_loss=0.01902005 | running_loss=0.01902005
2026-04-15 11:25:42,319 | INFO | lakeice_ncde | Epoch 31/120 | train batch 2/8 | batch_loss=0.01501109 | running_loss=0.01701557
2026-04-15 11:25:42,559 | INFO | lakeice_ncde | Epoch 31/120 | train batch 3/8 | batch_loss=0.01648931 | running_loss=0.01684015
2026-04-15 11:25:42,783 | INFO | lakeice_ncde | Epoch 31/120 | train batch 4/8 | batch_loss=0.01887636 | running_loss=0.01734920
2026-04-15 11:25:42,881 | INFO | lakeice_ncde | Epoch 31/120 | train batch 5/8 | batch_loss=0.01452295 | running_loss=0.01678395
2026-04-15 11:25:43,067 | INFO | lakeice_ncde | Epoch 31/120 | train batch 6/8 | batch_loss=0.02291960 | running_loss=0.01780656
2026-04-15 11:25:43,272 | INFO | lakeice_ncde | Epoch 31/120 | train batch 7/8 | batch_loss=0.01615462 | running_loss=0.01757057
2026-04-15 11:25:43,376 | INFO | lakeice_ncde | Epoch 31/120 | train batch 8/8 | batch_loss=0.01744455 | running_loss=0.01755482
2026-04-15 11:25:43,417 | INFO | lakeice_ncde | Epoch 31 complete | train_loss=0.01755482 | val_loss=1.16341752 | val_rmse=1.07861834 | val_mae=0.37758321 | val_r2=-24.58877989
2026-04-15 11:25:43,442 | INFO | lakeice_ncde | Epoch 32/120 started.
2026-04-15 11:25:43,635 | INFO | lakeice_ncde | Epoch 32/120 | train batch 1/8 | batch_loss=0.01615868 | running_loss=0.01615868
2026-04-15 11:25:43,871 | INFO | lakeice_ncde | Epoch 32/120 | train batch 2/8 | batch_loss=0.01742754 | running_loss=0.01679311
2026-04-15 11:25:44,051 | INFO | lakeice_ncde | Epoch 32/120 | train batch 3/8 | batch_loss=0.01429939 | running_loss=0.01596187
2026-04-15 11:25:44,268 | INFO | lakeice_ncde | Epoch 32/120 | train batch 4/8 | batch_loss=0.01434175 | running_loss=0.01555684
2026-04-15 11:25:44,421 | INFO | lakeice_ncde | Epoch 32/120 | train batch 5/8 | batch_loss=0.01395599 | running_loss=0.01523667
2026-04-15 11:25:44,578 | INFO | lakeice_ncde | Epoch 32/120 | train batch 6/8 | batch_loss=0.01638845 | running_loss=0.01542863
2026-04-15 11:25:44,730 | INFO | lakeice_ncde | Epoch 32/120 | train batch 7/8 | batch_loss=0.01389727 | running_loss=0.01520987
2026-04-15 11:25:44,836 | INFO | lakeice_ncde | Epoch 32/120 | train batch 8/8 | batch_loss=0.02191713 | running_loss=0.01604828
2026-04-15 11:25:44,874 | INFO | lakeice_ncde | Epoch 32 complete | train_loss=0.01604828 | val_loss=1.01067581 | val_rmse=1.00532373 | val_mae=0.34677801 | val_r2=-21.22930323
2026-04-15 11:25:44,900 | INFO | lakeice_ncde | Epoch 33/120 started.
2026-04-15 11:25:45,069 | INFO | lakeice_ncde | Epoch 33/120 | train batch 1/8 | batch_loss=0.01151487 | running_loss=0.01151487
2026-04-15 11:25:45,267 | INFO | lakeice_ncde | Epoch 33/120 | train batch 2/8 | batch_loss=0.01882032 | running_loss=0.01516759
2026-04-15 11:25:45,471 | INFO | lakeice_ncde | Epoch 33/120 | train batch 3/8 | batch_loss=0.01588011 | running_loss=0.01540510
2026-04-15 11:25:45,663 | INFO | lakeice_ncde | Epoch 33/120 | train batch 4/8 | batch_loss=0.01264666 | running_loss=0.01471549
2026-04-15 11:25:45,809 | INFO | lakeice_ncde | Epoch 33/120 | train batch 5/8 | batch_loss=0.01182042 | running_loss=0.01413648
2026-04-15 11:25:45,935 | INFO | lakeice_ncde | Epoch 33/120 | train batch 6/8 | batch_loss=0.01511338 | running_loss=0.01429929
2026-04-15 11:25:46,085 | INFO | lakeice_ncde | Epoch 33/120 | train batch 7/8 | batch_loss=0.01727405 | running_loss=0.01472426
2026-04-15 11:25:46,208 | INFO | lakeice_ncde | Epoch 33/120 | train batch 8/8 | batch_loss=0.02015302 | running_loss=0.01540285
2026-04-15 11:25:46,247 | INFO | lakeice_ncde | Epoch 33 complete | train_loss=0.01540285 | val_loss=0.92838833 | val_rmse=0.96352910 | val_mae=0.32241341 | val_r2=-19.41943188
2026-04-15 11:25:46,271 | INFO | lakeice_ncde | Epoch 34/120 started.
2026-04-15 11:25:46,418 | INFO | lakeice_ncde | Epoch 34/120 | train batch 1/8 | batch_loss=0.01756480 | running_loss=0.01756480
2026-04-15 11:25:46,645 | INFO | lakeice_ncde | Epoch 34/120 | train batch 2/8 | batch_loss=0.01143490 | running_loss=0.01449985
2026-04-15 11:25:46,810 | INFO | lakeice_ncde | Epoch 34/120 | train batch 3/8 | batch_loss=0.01697133 | running_loss=0.01532368
2026-04-15 11:25:47,017 | INFO | lakeice_ncde | Epoch 34/120 | train batch 4/8 | batch_loss=0.01823239 | running_loss=0.01605085
2026-04-15 11:25:47,203 | INFO | lakeice_ncde | Epoch 34/120 | train batch 5/8 | batch_loss=0.01202109 | running_loss=0.01524490
2026-04-15 11:25:47,379 | INFO | lakeice_ncde | Epoch 34/120 | train batch 6/8 | batch_loss=0.01477847 | running_loss=0.01516716
2026-04-15 11:25:47,550 | INFO | lakeice_ncde | Epoch 34/120 | train batch 7/8 | batch_loss=0.01416182 | running_loss=0.01502354
2026-04-15 11:25:47,604 | INFO | lakeice_ncde | Epoch 34/120 | train batch 8/8 | batch_loss=0.01505972 | running_loss=0.01502807
2026-04-15 11:25:47,642 | INFO | lakeice_ncde | Epoch 34 complete | train_loss=0.01502807 | val_loss=0.84410326 | val_rmse=0.91875092 | val_mae=0.31053203 | val_r2=-17.56562430
2026-04-15 11:25:47,667 | INFO | lakeice_ncde | Epoch 35/120 started.
2026-04-15 11:25:47,791 | INFO | lakeice_ncde | Epoch 35/120 | train batch 1/8 | batch_loss=0.01695640 | running_loss=0.01695640
2026-04-15 11:25:47,970 | INFO | lakeice_ncde | Epoch 35/120 | train batch 2/8 | batch_loss=0.01801781 | running_loss=0.01748711
2026-04-15 11:25:48,190 | INFO | lakeice_ncde | Epoch 35/120 | train batch 3/8 | batch_loss=0.02019882 | running_loss=0.01839101
2026-04-15 11:25:48,462 | INFO | lakeice_ncde | Epoch 35/120 | train batch 4/8 | batch_loss=0.01548724 | running_loss=0.01766507
2026-04-15 11:25:48,627 | INFO | lakeice_ncde | Epoch 35/120 | train batch 5/8 | batch_loss=0.01329704 | running_loss=0.01679146
2026-04-15 11:25:48,747 | INFO | lakeice_ncde | Epoch 35/120 | train batch 6/8 | batch_loss=0.01620264 | running_loss=0.01669333
2026-04-15 11:25:48,919 | INFO | lakeice_ncde | Epoch 35/120 | train batch 7/8 | batch_loss=0.01421360 | running_loss=0.01633908
2026-04-15 11:25:49,044 | INFO | lakeice_ncde | Epoch 35/120 | train batch 8/8 | batch_loss=0.02027174 | running_loss=0.01683066
2026-04-15 11:25:49,087 | INFO | lakeice_ncde | Epoch 35 complete | train_loss=0.01683066 | val_loss=0.64064291 | val_rmse=0.80040172 | val_mae=0.28318608 | val_r2=-13.09061673
2026-04-15 11:25:49,113 | INFO | lakeice_ncde | Epoch 36/120 started.
2026-04-15 11:25:49,299 | INFO | lakeice_ncde | Epoch 36/120 | train batch 1/8 | batch_loss=0.01468278 | running_loss=0.01468278
2026-04-15 11:25:49,551 | INFO | lakeice_ncde | Epoch 36/120 | train batch 2/8 | batch_loss=0.01480167 | running_loss=0.01474223
2026-04-15 11:25:49,805 | INFO | lakeice_ncde | Epoch 36/120 | train batch 3/8 | batch_loss=0.01358378 | running_loss=0.01435608
2026-04-15 11:25:49,958 | INFO | lakeice_ncde | Epoch 36/120 | train batch 4/8 | batch_loss=0.01376165 | running_loss=0.01420747
2026-04-15 11:25:50,101 | INFO | lakeice_ncde | Epoch 36/120 | train batch 5/8 | batch_loss=0.01850033 | running_loss=0.01506604
2026-04-15 11:25:50,290 | INFO | lakeice_ncde | Epoch 36/120 | train batch 6/8 | batch_loss=0.01751727 | running_loss=0.01547458
2026-04-15 11:25:50,413 | INFO | lakeice_ncde | Epoch 36/120 | train batch 7/8 | batch_loss=0.01588643 | running_loss=0.01553342
2026-04-15 11:25:50,499 | INFO | lakeice_ncde | Epoch 36/120 | train batch 8/8 | batch_loss=0.02107127 | running_loss=0.01622565
2026-04-15 11:25:50,537 | INFO | lakeice_ncde | Epoch 36 complete | train_loss=0.01622565 | val_loss=0.55904007 | val_rmse=0.74768982 | val_mae=0.27221821 | val_r2=-11.29580365
2026-04-15 11:25:50,561 | INFO | lakeice_ncde | Epoch 37/120 started.
2026-04-15 11:25:50,699 | INFO | lakeice_ncde | Epoch 37/120 | train batch 1/8 | batch_loss=0.01401525 | running_loss=0.01401525
2026-04-15 11:25:50,900 | INFO | lakeice_ncde | Epoch 37/120 | train batch 2/8 | batch_loss=0.01480460 | running_loss=0.01440993
2026-04-15 11:25:51,026 | INFO | lakeice_ncde | Epoch 37/120 | train batch 3/8 | batch_loss=0.01823149 | running_loss=0.01568378
2026-04-15 11:25:51,172 | INFO | lakeice_ncde | Epoch 37/120 | train batch 4/8 | batch_loss=0.01760827 | running_loss=0.01616490
2026-04-15 11:25:51,397 | INFO | lakeice_ncde | Epoch 37/120 | train batch 5/8 | batch_loss=0.01886670 | running_loss=0.01670526
2026-04-15 11:25:51,558 | INFO | lakeice_ncde | Epoch 37/120 | train batch 6/8 | batch_loss=0.01430346 | running_loss=0.01630496
2026-04-15 11:25:51,750 | INFO | lakeice_ncde | Epoch 37/120 | train batch 7/8 | batch_loss=0.02142631 | running_loss=0.01703658
2026-04-15 11:25:51,844 | INFO | lakeice_ncde | Epoch 37/120 | train batch 8/8 | batch_loss=0.01227060 | running_loss=0.01644083
2026-04-15 11:25:51,882 | INFO | lakeice_ncde | Epoch 37 complete | train_loss=0.01644083 | val_loss=0.53131667 | val_rmse=0.72891472 | val_mae=0.27111809 | val_r2=-10.68604151
2026-04-15 11:25:51,907 | INFO | lakeice_ncde | Epoch 38/120 started.
2026-04-15 11:25:52,102 | INFO | lakeice_ncde | Epoch 38/120 | train batch 1/8 | batch_loss=0.01969598 | running_loss=0.01969598
2026-04-15 11:25:52,302 | INFO | lakeice_ncde | Epoch 38/120 | train batch 2/8 | batch_loss=0.01999323 | running_loss=0.01984461
2026-04-15 11:25:52,583 | INFO | lakeice_ncde | Epoch 38/120 | train batch 3/8 | batch_loss=0.01730014 | running_loss=0.01899645
2026-04-15 11:25:52,748 | INFO | lakeice_ncde | Epoch 38/120 | train batch 4/8 | batch_loss=0.01467795 | running_loss=0.01791683
2026-04-15 11:25:52,915 | INFO | lakeice_ncde | Epoch 38/120 | train batch 5/8 | batch_loss=0.01313303 | running_loss=0.01696007
2026-04-15 11:25:53,048 | INFO | lakeice_ncde | Epoch 38/120 | train batch 6/8 | batch_loss=0.01222028 | running_loss=0.01617010
2026-04-15 11:25:53,196 | INFO | lakeice_ncde | Epoch 38/120 | train batch 7/8 | batch_loss=0.01197701 | running_loss=0.01557109
2026-04-15 11:25:53,338 | INFO | lakeice_ncde | Epoch 38/120 | train batch 8/8 | batch_loss=0.02722166 | running_loss=0.01702741
2026-04-15 11:25:53,383 | INFO | lakeice_ncde | Epoch 38 complete | train_loss=0.01702741 | val_loss=0.54679333 | val_rmse=0.73945475 | val_mae=0.27358866 | val_r2=-11.02644272
2026-04-15 11:25:53,393 | INFO | lakeice_ncde | Epoch 39/120 started.
2026-04-15 11:25:53,541 | INFO | lakeice_ncde | Epoch 39/120 | train batch 1/8 | batch_loss=0.02152845 | running_loss=0.02152845
2026-04-15 11:25:53,734 | INFO | lakeice_ncde | Epoch 39/120 | train batch 2/8 | batch_loss=0.01608261 | running_loss=0.01880553
2026-04-15 11:25:53,926 | INFO | lakeice_ncde | Epoch 39/120 | train batch 3/8 | batch_loss=0.01547726 | running_loss=0.01769610
2026-04-15 11:25:54,053 | INFO | lakeice_ncde | Epoch 39/120 | train batch 4/8 | batch_loss=0.01497471 | running_loss=0.01701575
2026-04-15 11:25:54,251 | INFO | lakeice_ncde | Epoch 39/120 | train batch 5/8 | batch_loss=0.01552966 | running_loss=0.01671853
2026-04-15 11:25:54,489 | INFO | lakeice_ncde | Epoch 39/120 | train batch 6/8 | batch_loss=0.02033134 | running_loss=0.01732067
2026-04-15 11:25:54,633 | INFO | lakeice_ncde | Epoch 39/120 | train batch 7/8 | batch_loss=0.01164996 | running_loss=0.01651057
2026-04-15 11:25:54,729 | INFO | lakeice_ncde | Epoch 39/120 | train batch 8/8 | batch_loss=0.01396954 | running_loss=0.01619294
2026-04-15 11:25:54,767 | INFO | lakeice_ncde | Epoch 39 complete | train_loss=0.01619294 | val_loss=0.65729287 | val_rmse=0.81073601 | val_mae=0.30498731 | val_r2=-13.45682427
2026-04-15 11:25:54,777 | INFO | lakeice_ncde | Epoch 40/120 started.
2026-04-15 11:25:55,007 | INFO | lakeice_ncde | Epoch 40/120 | train batch 1/8 | batch_loss=0.01458676 | running_loss=0.01458676
2026-04-15 11:25:55,147 | INFO | lakeice_ncde | Epoch 40/120 | train batch 2/8 | batch_loss=0.01554965 | running_loss=0.01506821
2026-04-15 11:25:55,367 | INFO | lakeice_ncde | Epoch 40/120 | train batch 3/8 | batch_loss=0.01349578 | running_loss=0.01454406
2026-04-15 11:25:55,536 | INFO | lakeice_ncde | Epoch 40/120 | train batch 4/8 | batch_loss=0.01523055 | running_loss=0.01471569
2026-04-15 11:25:55,708 | INFO | lakeice_ncde | Epoch 40/120 | train batch 5/8 | batch_loss=0.01417370 | running_loss=0.01460729
2026-04-15 11:25:55,915 | INFO | lakeice_ncde | Epoch 40/120 | train batch 6/8 | batch_loss=0.01515988 | running_loss=0.01469939
2026-04-15 11:25:56,119 | INFO | lakeice_ncde | Epoch 40/120 | train batch 7/8 | batch_loss=0.01336136 | running_loss=0.01450824
2026-04-15 11:25:56,182 | INFO | lakeice_ncde | Epoch 40/120 | train batch 8/8 | batch_loss=0.01316068 | running_loss=0.01433980
2026-04-15 11:25:56,224 | INFO | lakeice_ncde | Epoch 40 complete | train_loss=0.01433980 | val_loss=0.74004123 | val_rmse=0.86025649 | val_mae=0.32402487 | val_r2=-15.27683269
2026-04-15 11:25:56,235 | INFO | lakeice_ncde | Epoch 41/120 started.
2026-04-15 11:25:56,448 | INFO | lakeice_ncde | Epoch 41/120 | train batch 1/8 | batch_loss=0.01820769 | running_loss=0.01820769
2026-04-15 11:25:56,672 | INFO | lakeice_ncde | Epoch 41/120 | train batch 2/8 | batch_loss=0.01863350 | running_loss=0.01842059
2026-04-15 11:25:56,855 | INFO | lakeice_ncde | Epoch 41/120 | train batch 3/8 | batch_loss=0.01665543 | running_loss=0.01783221
2026-04-15 11:25:56,982 | INFO | lakeice_ncde | Epoch 41/120 | train batch 4/8 | batch_loss=0.01216464 | running_loss=0.01641531
2026-04-15 11:25:57,143 | INFO | lakeice_ncde | Epoch 41/120 | train batch 5/8 | batch_loss=0.01346972 | running_loss=0.01582620
2026-04-15 11:25:57,441 | INFO | lakeice_ncde | Epoch 41/120 | train batch 6/8 | batch_loss=0.01431290 | running_loss=0.01557398
2026-04-15 11:25:57,648 | INFO | lakeice_ncde | Epoch 41/120 | train batch 7/8 | batch_loss=0.01307127 | running_loss=0.01521645
2026-04-15 11:25:57,764 | INFO | lakeice_ncde | Epoch 41/120 | train batch 8/8 | batch_loss=0.04961601 | running_loss=0.01951639
2026-04-15 11:25:57,807 | INFO | lakeice_ncde | Epoch 41 complete | train_loss=0.01951639 | val_loss=0.93777378 | val_rmse=0.96838721 | val_mae=0.35284721 | val_r2=-19.62586000
2026-04-15 11:25:57,820 | INFO | lakeice_ncde | Epoch 42/120 started.
2026-04-15 11:25:57,982 | INFO | lakeice_ncde | Epoch 42/120 | train batch 1/8 | batch_loss=0.02287279 | running_loss=0.02287279
2026-04-15 11:25:58,171 | INFO | lakeice_ncde | Epoch 42/120 | train batch 2/8 | batch_loss=0.01523208 | running_loss=0.01905244
2026-04-15 11:25:58,435 | INFO | lakeice_ncde | Epoch 42/120 | train batch 3/8 | batch_loss=0.01731212 | running_loss=0.01847233
2026-04-15 11:25:58,598 | INFO | lakeice_ncde | Epoch 42/120 | train batch 4/8 | batch_loss=0.01697849 | running_loss=0.01809887
2026-04-15 11:25:58,739 | INFO | lakeice_ncde | Epoch 42/120 | train batch 5/8 | batch_loss=0.01671931 | running_loss=0.01782296
2026-04-15 11:25:58,948 | INFO | lakeice_ncde | Epoch 42/120 | train batch 6/8 | batch_loss=0.01308550 | running_loss=0.01703338
2026-04-15 11:25:59,169 | INFO | lakeice_ncde | Epoch 42/120 | train batch 7/8 | batch_loss=0.01322436 | running_loss=0.01648924
2026-04-15 11:25:59,251 | INFO | lakeice_ncde | Epoch 42/120 | train batch 8/8 | batch_loss=0.02381948 | running_loss=0.01740552
2026-04-15 11:25:59,292 | INFO | lakeice_ncde | Epoch 42 complete | train_loss=0.01740552 | val_loss=1.09467196 | val_rmse=1.04626572 | val_mae=0.36858629 | val_r2=-23.07675604
2026-04-15 11:25:59,301 | INFO | lakeice_ncde | Epoch 43/120 started.
2026-04-15 11:25:59,444 | INFO | lakeice_ncde | Epoch 43/120 | train batch 1/8 | batch_loss=0.01422971 | running_loss=0.01422971
2026-04-15 11:25:59,595 | INFO | lakeice_ncde | Epoch 43/120 | train batch 2/8 | batch_loss=0.01603859 | running_loss=0.01513415
2026-04-15 11:25:59,768 | INFO | lakeice_ncde | Epoch 43/120 | train batch 3/8 | batch_loss=0.01241739 | running_loss=0.01422856
2026-04-15 11:25:59,907 | INFO | lakeice_ncde | Epoch 43/120 | train batch 4/8 | batch_loss=0.01181136 | running_loss=0.01362426
2026-04-15 11:26:00,074 | INFO | lakeice_ncde | Epoch 43/120 | train batch 5/8 | batch_loss=0.01388999 | running_loss=0.01367741
2026-04-15 11:26:00,236 | INFO | lakeice_ncde | Epoch 43/120 | train batch 6/8 | batch_loss=0.01795290 | running_loss=0.01438999
2026-04-15 11:26:00,502 | INFO | lakeice_ncde | Epoch 43/120 | train batch 7/8 | batch_loss=0.01884716 | running_loss=0.01502673
2026-04-15 11:26:00,598 | INFO | lakeice_ncde | Epoch 43/120 | train batch 8/8 | batch_loss=0.01764957 | running_loss=0.01535458
2026-04-15 11:26:00,640 | INFO | lakeice_ncde | Epoch 43 complete | train_loss=0.01535458 | val_loss=1.23658788 | val_rmse=1.11201973 | val_mae=0.38026602 | val_r2=-26.19812493
2026-04-15 11:26:00,651 | INFO | lakeice_ncde | Epoch 44/120 started.
2026-04-15 11:26:00,868 | INFO | lakeice_ncde | Epoch 44/120 | train batch 1/8 | batch_loss=0.01682818 | running_loss=0.01682818
2026-04-15 11:26:01,039 | INFO | lakeice_ncde | Epoch 44/120 | train batch 2/8 | batch_loss=0.01450505 | running_loss=0.01566662
2026-04-15 11:26:01,272 | INFO | lakeice_ncde | Epoch 44/120 | train batch 3/8 | batch_loss=0.01209826 | running_loss=0.01447716
2026-04-15 11:26:01,421 | INFO | lakeice_ncde | Epoch 44/120 | train batch 4/8 | batch_loss=0.01100190 | running_loss=0.01360835
2026-04-15 11:26:01,569 | INFO | lakeice_ncde | Epoch 44/120 | train batch 5/8 | batch_loss=0.01536311 | running_loss=0.01395930
2026-04-15 11:26:01,775 | INFO | lakeice_ncde | Epoch 44/120 | train batch 6/8 | batch_loss=0.01290746 | running_loss=0.01378399
2026-04-15 11:26:01,948 | INFO | lakeice_ncde | Epoch 44/120 | train batch 7/8 | batch_loss=0.01646940 | running_loss=0.01416762
2026-04-15 11:26:02,094 | INFO | lakeice_ncde | Epoch 44/120 | train batch 8/8 | batch_loss=0.02316357 | running_loss=0.01529212
2026-04-15 11:26:02,135 | INFO | lakeice_ncde | Epoch 44 complete | train_loss=0.01529212 | val_loss=1.17923322 | val_rmse=1.08592505 | val_mae=0.37088801 | val_r2=-24.93663822
2026-04-15 11:26:02,148 | INFO | lakeice_ncde | Epoch 45/120 started.
2026-04-15 11:26:02,344 | INFO | lakeice_ncde | Epoch 45/120 | train batch 1/8 | batch_loss=0.01720027 | running_loss=0.01720027
2026-04-15 11:26:02,565 | INFO | lakeice_ncde | Epoch 45/120 | train batch 2/8 | batch_loss=0.01609420 | running_loss=0.01664724
2026-04-15 11:26:02,723 | INFO | lakeice_ncde | Epoch 45/120 | train batch 3/8 | batch_loss=0.01316281 | running_loss=0.01548576
2026-04-15 11:26:02,838 | INFO | lakeice_ncde | Epoch 45/120 | train batch 4/8 | batch_loss=0.01423420 | running_loss=0.01517287
2026-04-15 11:26:03,039 | INFO | lakeice_ncde | Epoch 45/120 | train batch 5/8 | batch_loss=0.01669775 | running_loss=0.01547785
2026-04-15 11:26:03,169 | INFO | lakeice_ncde | Epoch 45/120 | train batch 6/8 | batch_loss=0.01790836 | running_loss=0.01588293
2026-04-15 11:26:03,351 | INFO | lakeice_ncde | Epoch 45/120 | train batch 7/8 | batch_loss=0.01237701 | running_loss=0.01538209
2026-04-15 11:26:03,436 | INFO | lakeice_ncde | Epoch 45/120 | train batch 8/8 | batch_loss=0.01453642 | running_loss=0.01527638
2026-04-15 11:26:03,484 | INFO | lakeice_ncde | Epoch 45 complete | train_loss=0.01527638 | val_loss=0.99037671 | val_rmse=0.99517672 | val_mae=0.34118213 | val_r2=-20.78283484
2026-04-15 11:26:03,494 | INFO | lakeice_ncde | Epoch 46/120 started.
2026-04-15 11:26:03,646 | INFO | lakeice_ncde | Epoch 46/120 | train batch 1/8 | batch_loss=0.01313933 | running_loss=0.01313933
2026-04-15 11:26:03,839 | INFO | lakeice_ncde | Epoch 46/120 | train batch 2/8 | batch_loss=0.01279770 | running_loss=0.01296852
2026-04-15 11:26:04,008 | INFO | lakeice_ncde | Epoch 46/120 | train batch 3/8 | batch_loss=0.01259459 | running_loss=0.01284387
2026-04-15 11:26:04,147 | INFO | lakeice_ncde | Epoch 46/120 | train batch 4/8 | batch_loss=0.01210895 | running_loss=0.01266014
2026-04-15 11:26:04,335 | INFO | lakeice_ncde | Epoch 46/120 | train batch 5/8 | batch_loss=0.01583748 | running_loss=0.01329561
2026-04-15 11:26:04,553 | INFO | lakeice_ncde | Epoch 46/120 | train batch 6/8 | batch_loss=0.01734076 | running_loss=0.01396980
2026-04-15 11:26:04,711 | INFO | lakeice_ncde | Epoch 46/120 | train batch 7/8 | batch_loss=0.01456342 | running_loss=0.01405460
2026-04-15 11:26:04,818 | INFO | lakeice_ncde | Epoch 46/120 | train batch 8/8 | batch_loss=0.01537902 | running_loss=0.01422016
2026-04-15 11:26:04,857 | INFO | lakeice_ncde | Epoch 46 complete | train_loss=0.01422016 | val_loss=0.87893024 | val_rmse=0.93751279 | val_mae=0.32072357 | val_r2=-18.33162611
2026-04-15 11:26:04,867 | INFO | lakeice_ncde | Epoch 47/120 started.
2026-04-15 11:26:05,034 | INFO | lakeice_ncde | Epoch 47/120 | train batch 1/8 | batch_loss=0.01284828 | running_loss=0.01284828
2026-04-15 11:26:05,236 | INFO | lakeice_ncde | Epoch 47/120 | train batch 2/8 | batch_loss=0.01390867 | running_loss=0.01337847
2026-04-15 11:26:05,451 | INFO | lakeice_ncde | Epoch 47/120 | train batch 3/8 | batch_loss=0.01537869 | running_loss=0.01404521
2026-04-15 11:26:05,647 | INFO | lakeice_ncde | Epoch 47/120 | train batch 4/8 | batch_loss=0.02863424 | running_loss=0.01769247
2026-04-15 11:26:05,745 | INFO | lakeice_ncde | Epoch 47/120 | train batch 5/8 | batch_loss=0.01411535 | running_loss=0.01697705
2026-04-15 11:26:05,939 | INFO | lakeice_ncde | Epoch 47/120 | train batch 6/8 | batch_loss=0.01313298 | running_loss=0.01633637
2026-04-15 11:26:06,114 | INFO | lakeice_ncde | Epoch 47/120 | train batch 7/8 | batch_loss=0.01691602 | running_loss=0.01641917
2026-04-15 11:26:06,236 | INFO | lakeice_ncde | Epoch 47/120 | train batch 8/8 | batch_loss=0.01483400 | running_loss=0.01622103
2026-04-15 11:26:06,276 | INFO | lakeice_ncde | Epoch 47 complete | train_loss=0.01622103 | val_loss=0.84771465 | val_rmse=0.92071421 | val_mae=0.32239250 | val_r2=-17.64505508
2026-04-15 11:26:06,285 | INFO | lakeice_ncde | Epoch 48/120 started.
2026-04-15 11:26:06,498 | INFO | lakeice_ncde | Epoch 48/120 | train batch 1/8 | batch_loss=0.02057954 | running_loss=0.02057954
2026-04-15 11:26:06,645 | INFO | lakeice_ncde | Epoch 48/120 | train batch 2/8 | batch_loss=0.01397409 | running_loss=0.01727682
2026-04-15 11:26:06,810 | INFO | lakeice_ncde | Epoch 48/120 | train batch 3/8 | batch_loss=0.01420792 | running_loss=0.01625385
2026-04-15 11:26:06,988 | INFO | lakeice_ncde | Epoch 48/120 | train batch 4/8 | batch_loss=0.01122356 | running_loss=0.01499628
2026-04-15 11:26:07,153 | INFO | lakeice_ncde | Epoch 48/120 | train batch 5/8 | batch_loss=0.01751428 | running_loss=0.01549988
2026-04-15 11:26:07,341 | INFO | lakeice_ncde | Epoch 48/120 | train batch 6/8 | batch_loss=0.01717543 | running_loss=0.01577914
2026-04-15 11:26:07,541 | INFO | lakeice_ncde | Epoch 48/120 | train batch 7/8 | batch_loss=0.01419713 | running_loss=0.01555314
2026-04-15 11:26:07,650 | INFO | lakeice_ncde | Epoch 48/120 | train batch 8/8 | batch_loss=0.01427322 | running_loss=0.01539315
2026-04-15 11:26:07,689 | INFO | lakeice_ncde | Epoch 48 complete | train_loss=0.01539315 | val_loss=0.82174272 | val_rmse=0.90650026 | val_mae=0.32068935 | val_r2=-17.07381545
2026-04-15 11:26:07,698 | INFO | lakeice_ncde | Epoch 49/120 started.
2026-04-15 11:26:07,848 | INFO | lakeice_ncde | Epoch 49/120 | train batch 1/8 | batch_loss=0.01611868 | running_loss=0.01611868
2026-04-15 11:26:07,989 | INFO | lakeice_ncde | Epoch 49/120 | train batch 2/8 | batch_loss=0.01359059 | running_loss=0.01485464
2026-04-15 11:26:08,210 | INFO | lakeice_ncde | Epoch 49/120 | train batch 3/8 | batch_loss=0.01470838 | running_loss=0.01480589
2026-04-15 11:26:08,331 | INFO | lakeice_ncde | Epoch 49/120 | train batch 4/8 | batch_loss=0.01518865 | running_loss=0.01490158
2026-04-15 11:26:08,502 | INFO | lakeice_ncde | Epoch 49/120 | train batch 5/8 | batch_loss=0.01348707 | running_loss=0.01461868
2026-04-15 11:26:08,734 | INFO | lakeice_ncde | Epoch 49/120 | train batch 6/8 | batch_loss=0.01529072 | running_loss=0.01473068
2026-04-15 11:26:08,957 | INFO | lakeice_ncde | Epoch 49/120 | train batch 7/8 | batch_loss=0.01366817 | running_loss=0.01457890
2026-04-15 11:26:09,079 | INFO | lakeice_ncde | Epoch 49/120 | train batch 8/8 | batch_loss=0.02028673 | running_loss=0.01529238
2026-04-15 11:26:09,123 | INFO | lakeice_ncde | Epoch 49 complete | train_loss=0.01529238 | val_loss=0.80439421 | val_rmse=0.89688027 | val_mae=0.31946896 | val_r2=-16.69224385
2026-04-15 11:26:09,133 | INFO | lakeice_ncde | Epoch 50/120 started.
2026-04-15 11:26:09,302 | INFO | lakeice_ncde | Epoch 50/120 | train batch 1/8 | batch_loss=0.01514068 | running_loss=0.01514068
2026-04-15 11:26:09,495 | INFO | lakeice_ncde | Epoch 50/120 | train batch 2/8 | batch_loss=0.02788874 | running_loss=0.02151471
2026-04-15 11:26:09,677 | INFO | lakeice_ncde | Epoch 50/120 | train batch 3/8 | batch_loss=0.01019586 | running_loss=0.01774176
2026-04-15 11:26:09,816 | INFO | lakeice_ncde | Epoch 50/120 | train batch 4/8 | batch_loss=0.01407994 | running_loss=0.01682630
2026-04-15 11:26:10,006 | INFO | lakeice_ncde | Epoch 50/120 | train batch 5/8 | batch_loss=0.01452880 | running_loss=0.01636680
2026-04-15 11:26:10,203 | INFO | lakeice_ncde | Epoch 50/120 | train batch 6/8 | batch_loss=0.01520600 | running_loss=0.01617334
2026-04-15 11:26:10,386 | INFO | lakeice_ncde | Epoch 50/120 | train batch 7/8 | batch_loss=0.01384871 | running_loss=0.01584125
2026-04-15 11:26:10,515 | INFO | lakeice_ncde | Epoch 50/120 | train batch 8/8 | batch_loss=0.01683443 | running_loss=0.01596539
2026-04-15 11:26:10,557 | INFO | lakeice_ncde | Epoch 50 complete | train_loss=0.01596539 | val_loss=0.77537029 | val_rmse=0.88055113 | val_mae=0.31737850 | val_r2=-16.05387746
2026-04-15 11:26:10,566 | INFO | lakeice_ncde | Epoch 51/120 started.
2026-04-15 11:26:10,735 | INFO | lakeice_ncde | Epoch 51/120 | train batch 1/8 | batch_loss=0.01177786 | running_loss=0.01177786
2026-04-15 11:26:10,948 | INFO | lakeice_ncde | Epoch 51/120 | train batch 2/8 | batch_loss=0.02085427 | running_loss=0.01631606
2026-04-15 11:26:11,120 | INFO | lakeice_ncde | Epoch 51/120 | train batch 3/8 | batch_loss=0.01461170 | running_loss=0.01574794
2026-04-15 11:26:11,298 | INFO | lakeice_ncde | Epoch 51/120 | train batch 4/8 | batch_loss=0.01521462 | running_loss=0.01561461
2026-04-15 11:26:11,484 | INFO | lakeice_ncde | Epoch 51/120 | train batch 5/8 | batch_loss=0.01337934 | running_loss=0.01516756
2026-04-15 11:26:11,609 | INFO | lakeice_ncde | Epoch 51/120 | train batch 6/8 | batch_loss=0.01439292 | running_loss=0.01503845
2026-04-15 11:26:11,797 | INFO | lakeice_ncde | Epoch 51/120 | train batch 7/8 | batch_loss=0.01875600 | running_loss=0.01556953
2026-04-15 11:26:11,887 | INFO | lakeice_ncde | Epoch 51/120 | train batch 8/8 | batch_loss=0.01800820 | running_loss=0.01587436
2026-04-15 11:26:11,933 | INFO | lakeice_ncde | Epoch 51 complete | train_loss=0.01587436 | val_loss=0.74265754 | val_rmse=0.86177581 | val_mae=0.31451266 | val_r2=-15.33437704
2026-04-15 11:26:11,943 | INFO | lakeice_ncde | Epoch 52/120 started.
2026-04-15 11:26:12,181 | INFO | lakeice_ncde | Epoch 52/120 | train batch 1/8 | batch_loss=0.01151194 | running_loss=0.01151194
2026-04-15 11:26:12,341 | INFO | lakeice_ncde | Epoch 52/120 | train batch 2/8 | batch_loss=0.01760708 | running_loss=0.01455951
2026-04-15 11:26:12,528 | INFO | lakeice_ncde | Epoch 52/120 | train batch 3/8 | batch_loss=0.01429978 | running_loss=0.01447293
2026-04-15 11:26:12,727 | INFO | lakeice_ncde | Epoch 52/120 | train batch 4/8 | batch_loss=0.01216726 | running_loss=0.01389652
2026-04-15 11:26:12,952 | INFO | lakeice_ncde | Epoch 52/120 | train batch 5/8 | batch_loss=0.02220391 | running_loss=0.01555799
2026-04-15 11:26:13,168 | INFO | lakeice_ncde | Epoch 52/120 | train batch 6/8 | batch_loss=0.01787736 | running_loss=0.01594455
2026-04-15 11:26:13,356 | INFO | lakeice_ncde | Epoch 52/120 | train batch 7/8 | batch_loss=0.01543687 | running_loss=0.01587203
2026-04-15 11:26:13,477 | INFO | lakeice_ncde | Epoch 52/120 | train batch 8/8 | batch_loss=0.01970112 | running_loss=0.01635067
2026-04-15 11:26:13,519 | INFO | lakeice_ncde | Epoch 52 complete | train_loss=0.01635067 | val_loss=0.72337969 | val_rmse=0.85051731 | val_mae=0.31087944 | val_r2=-14.91037037
2026-04-15 11:26:13,528 | INFO | lakeice_ncde | Epoch 53/120 started.
2026-04-15 11:26:13,758 | INFO | lakeice_ncde | Epoch 53/120 | train batch 1/8 | batch_loss=0.01660657 | running_loss=0.01660657
2026-04-15 11:26:13,933 | INFO | lakeice_ncde | Epoch 53/120 | train batch 2/8 | batch_loss=0.01462543 | running_loss=0.01561600
2026-04-15 11:26:14,076 | INFO | lakeice_ncde | Epoch 53/120 | train batch 3/8 | batch_loss=0.01132935 | running_loss=0.01418712
2026-04-15 11:26:14,292 | INFO | lakeice_ncde | Epoch 53/120 | train batch 4/8 | batch_loss=0.01197414 | running_loss=0.01363387
2026-04-15 11:26:14,539 | INFO | lakeice_ncde | Epoch 53/120 | train batch 5/8 | batch_loss=0.03565145 | running_loss=0.01803739
2026-04-15 11:26:14,679 | INFO | lakeice_ncde | Epoch 53/120 | train batch 6/8 | batch_loss=0.01134381 | running_loss=0.01692179
2026-04-15 11:26:14,847 | INFO | lakeice_ncde | Epoch 53/120 | train batch 7/8 | batch_loss=0.01056702 | running_loss=0.01601397
2026-04-15 11:26:14,980 | INFO | lakeice_ncde | Epoch 53/120 | train batch 8/8 | batch_loss=0.01664142 | running_loss=0.01609240
2026-04-15 11:26:15,020 | INFO | lakeice_ncde | Epoch 53 complete | train_loss=0.01609240 | val_loss=0.69253615 | val_rmse=0.83218757 | val_mae=0.30435953 | val_r2=-14.23198239
2026-04-15 11:26:15,030 | INFO | lakeice_ncde | Epoch 54/120 started.
2026-04-15 11:26:15,212 | INFO | lakeice_ncde | Epoch 54/120 | train batch 1/8 | batch_loss=0.01576654 | running_loss=0.01576654
2026-04-15 11:26:15,381 | INFO | lakeice_ncde | Epoch 54/120 | train batch 2/8 | batch_loss=0.01632583 | running_loss=0.01604618
2026-04-15 11:26:15,554 | INFO | lakeice_ncde | Epoch 54/120 | train batch 3/8 | batch_loss=0.01268392 | running_loss=0.01492543
2026-04-15 11:26:15,708 | INFO | lakeice_ncde | Epoch 54/120 | train batch 4/8 | batch_loss=0.01888880 | running_loss=0.01591627
2026-04-15 11:26:15,859 | INFO | lakeice_ncde | Epoch 54/120 | train batch 5/8 | batch_loss=0.01167150 | running_loss=0.01506732
2026-04-15 11:26:15,991 | INFO | lakeice_ncde | Epoch 54/120 | train batch 6/8 | batch_loss=0.01433586 | running_loss=0.01494541
2026-04-15 11:26:16,152 | INFO | lakeice_ncde | Epoch 54/120 | train batch 7/8 | batch_loss=0.01228480 | running_loss=0.01456532
2026-04-15 11:26:16,262 | INFO | lakeice_ncde | Epoch 54/120 | train batch 8/8 | batch_loss=0.01239095 | running_loss=0.01429353
2026-04-15 11:26:16,305 | INFO | lakeice_ncde | Epoch 54 complete | train_loss=0.01429353 | val_loss=0.69476128 | val_rmse=0.83352341 | val_mae=0.30319112 | val_r2=-14.28092294
2026-04-15 11:26:16,315 | INFO | lakeice_ncde | Epoch 55/120 started.
2026-04-15 11:26:16,456 | INFO | lakeice_ncde | Epoch 55/120 | train batch 1/8 | batch_loss=0.01647596 | running_loss=0.01647596
2026-04-15 11:26:16,664 | INFO | lakeice_ncde | Epoch 55/120 | train batch 2/8 | batch_loss=0.01534618 | running_loss=0.01591107
2026-04-15 11:26:16,847 | INFO | lakeice_ncde | Epoch 55/120 | train batch 3/8 | batch_loss=0.01280566 | running_loss=0.01487593
2026-04-15 11:26:16,983 | INFO | lakeice_ncde | Epoch 55/120 | train batch 4/8 | batch_loss=0.01589524 | running_loss=0.01513076
2026-04-15 11:26:17,165 | INFO | lakeice_ncde | Epoch 55/120 | train batch 5/8 | batch_loss=0.01254503 | running_loss=0.01461361
2026-04-15 11:26:17,400 | INFO | lakeice_ncde | Epoch 55/120 | train batch 6/8 | batch_loss=0.02702406 | running_loss=0.01668202
2026-04-15 11:26:17,592 | INFO | lakeice_ncde | Epoch 55/120 | train batch 7/8 | batch_loss=0.01931793 | running_loss=0.01705858
2026-04-15 11:26:17,674 | INFO | lakeice_ncde | Epoch 55/120 | train batch 8/8 | batch_loss=0.01494710 | running_loss=0.01679464
2026-04-15 11:26:17,713 | INFO | lakeice_ncde | Epoch 55 complete | train_loss=0.01679464 | val_loss=0.74142151 | val_rmse=0.86105837 | val_mae=0.30369859 | val_r2=-15.30719113
2026-04-15 11:26:17,722 | INFO | lakeice_ncde | Epoch 56/120 started.
2026-04-15 11:26:17,893 | INFO | lakeice_ncde | Epoch 56/120 | train batch 1/8 | batch_loss=0.01467694 | running_loss=0.01467694
2026-04-15 11:26:18,061 | INFO | lakeice_ncde | Epoch 56/120 | train batch 2/8 | batch_loss=0.01423695 | running_loss=0.01445695
2026-04-15 11:26:18,264 | INFO | lakeice_ncde | Epoch 56/120 | train batch 3/8 | batch_loss=0.01329848 | running_loss=0.01407079
2026-04-15 11:26:18,406 | INFO | lakeice_ncde | Epoch 56/120 | train batch 4/8 | batch_loss=0.01553981 | running_loss=0.01443804
2026-04-15 11:26:18,586 | INFO | lakeice_ncde | Epoch 56/120 | train batch 5/8 | batch_loss=0.01165635 | running_loss=0.01388170
2026-04-15 11:26:18,716 | INFO | lakeice_ncde | Epoch 56/120 | train batch 6/8 | batch_loss=0.01265556 | running_loss=0.01367735
2026-04-15 11:26:18,930 | INFO | lakeice_ncde | Epoch 56/120 | train batch 7/8 | batch_loss=0.01543093 | running_loss=0.01392786
2026-04-15 11:26:19,040 | INFO | lakeice_ncde | Epoch 56/120 | train batch 8/8 | batch_loss=0.01933117 | running_loss=0.01460327
2026-04-15 11:26:19,084 | INFO | lakeice_ncde | Epoch 56 complete | train_loss=0.01460327 | val_loss=0.75704292 | val_rmse=0.87008213 | val_mae=0.30731083 | val_r2=-15.65077608
2026-04-15 11:26:19,094 | INFO | lakeice_ncde | Epoch 57/120 started.
2026-04-15 11:26:19,325 | INFO | lakeice_ncde | Epoch 57/120 | train batch 1/8 | batch_loss=0.01414992 | running_loss=0.01414992
2026-04-15 11:26:19,547 | INFO | lakeice_ncde | Epoch 57/120 | train batch 2/8 | batch_loss=0.01354658 | running_loss=0.01384825
2026-04-15 11:26:19,757 | INFO | lakeice_ncde | Epoch 57/120 | train batch 3/8 | batch_loss=0.01444050 | running_loss=0.01404567
2026-04-15 11:26:19,923 | INFO | lakeice_ncde | Epoch 57/120 | train batch 4/8 | batch_loss=0.01283615 | running_loss=0.01374329
2026-04-15 11:26:20,080 | INFO | lakeice_ncde | Epoch 57/120 | train batch 5/8 | batch_loss=0.01296035 | running_loss=0.01358670
2026-04-15 11:26:20,310 | INFO | lakeice_ncde | Epoch 57/120 | train batch 6/8 | batch_loss=0.01701020 | running_loss=0.01415728
2026-04-15 11:26:20,557 | INFO | lakeice_ncde | Epoch 57/120 | train batch 7/8 | batch_loss=0.01201428 | running_loss=0.01385114
2026-04-15 11:26:20,670 | INFO | lakeice_ncde | Epoch 57/120 | train batch 8/8 | batch_loss=0.02027377 | running_loss=0.01465397
2026-04-15 11:26:20,719 | INFO | lakeice_ncde | Epoch 57 complete | train_loss=0.01465397 | val_loss=0.76943154 | val_rmse=0.87717247 | val_mae=0.31185877 | val_r2=-15.92325770
2026-04-15 11:26:20,731 | INFO | lakeice_ncde | Early stopping triggered at epoch 57.
2026-04-15 11:26:21,165 | INFO | lakeice_ncde | Final evaluation | val_loss=0.76943154 | test_loss=2.32946123 | best_val_rmse=0.72891472 | best_epoch=37
2026-04-15 11:26:25,569 | INFO | lakeice_ncde | PDF report saved to S:\STU-Papers\My_Papers\EXP1-Pre-Training-Standalone\outputs\runs\xiaoxingkai_transfer_daily12\xiaoxingkai_transfer_daily12_20260415_112442\figures\report.pdf
2026-04-15 11:26:25,585 | INFO | lakeice_ncde | Finished experiment 'xiaoxingkai_transfer_daily12'. Run directory: S:\STU-Papers\My_Papers\EXP1-Pre-Training-Standalone\outputs\runs\xiaoxingkai_transfer_daily12\xiaoxingkai_transfer_daily12_20260415_112442
