2026-04-15 11:50:07,376 | INFO | lakeice_ncde | Starting experiment 'xiaoxingkai_transfer_daily12'
2026-04-15 11:50:07,380 | INFO | lakeice_ncde | Run directory: S:\STU-Papers\My_Papers\EXP1-Pre-Training-Standalone\outputs\runs\xiaoxingkai_transfer_daily12\xiaoxingkai_transfer_daily12_20260415_115007
2026-04-15 11:50:07,382 | INFO | lakeice_ncde | Running target transfer | target=【Li】Lake Xiaoxingkai | train=['【Huo】Lake Hnagzhang', '【Huo】Lake Ulansu', '【North Temperate Lakes LTER】Crystal Lake (NTL)', '【North Temperate Lakes LTER】Bog 27-2 (Crystal Bog)', '【North Temperate Lakes LTER】Sparkling Lake', '【North Temperate Lakes LTER】Big Muskellunge Lake', '【North Temperate Lakes LTER】Allequash Lake', '【North Temperate Lakes LTER】Bog 12-15 (Trout Bog)', '【North Temperate Lakes LTER】Trout Lake', '【IISD Experimental】Lake 239', '【IISD Experimental】Lake 302']
2026-04-15 11:50:07,387 | INFO | lakeice_ncde | Target lake test starts at 2026-01-01; target rows before the cutoff are split into train and val.
2026-04-15 11:50:07,389 | INFO | lakeice_ncde | Config summary | interpolation=hermite | method=midpoint | window_days=10 | batch_size=64 | target_transform=none
2026-04-15 11:50:07,444 | INFO | lakeice_ncde | Fold 'xiaoxingkai_transfer_daily12' -> train lakes (12): ['【Huo】Lake Hnagzhang', '【Huo】Lake Ulansu', '【IISD Experimental】Lake 239', '【IISD Experimental】Lake 302', '【Li】Lake Xiaoxingkai', '【North Temperate Lakes LTER】Allequash Lake', '【North Temperate Lakes LTER】Big Muskellunge Lake', '【North Temperate Lakes LTER】Bog 12-15 (Trout Bog)', '【North Temperate Lakes LTER】Bog 27-2 (Crystal Bog)', '【North Temperate Lakes LTER】Crystal Lake (NTL)', '【North Temperate Lakes LTER】Sparkling Lake', '【North Temperate Lakes LTER】Trout Lake']
2026-04-15 11:50:07,448 | INFO | lakeice_ncde | Fold 'xiaoxingkai_transfer_daily12' -> val lakes (12): ['【Huo】Lake Hnagzhang', '【Huo】Lake Ulansu', '【IISD Experimental】Lake 239', '【IISD Experimental】Lake 302', '【Li】Lake Xiaoxingkai', '【North Temperate Lakes LTER】Allequash Lake', '【North Temperate Lakes LTER】Big Muskellunge Lake', '【North Temperate Lakes LTER】Bog 12-15 (Trout Bog)', '【North Temperate Lakes LTER】Bog 27-2 (Crystal Bog)', '【North Temperate Lakes LTER】Crystal Lake (NTL)', '【North Temperate Lakes LTER】Sparkling Lake', '【North Temperate Lakes LTER】Trout Lake']
2026-04-15 11:50:07,451 | INFO | lakeice_ncde | Fold 'xiaoxingkai_transfer_daily12' -> test lakes (1): ['【Li】Lake Xiaoxingkai']
2026-04-15 11:50:07,470 | INFO | lakeice_ncde | Building train windows for split 'xiaoxingkai_transfer_daily12': 1251 rows across 12 lakes.
2026-04-15 11:50:07,661 | INFO | lakeice_ncde | Window progress for split 'train': 1/12 lakes processed, 89 windows built.
2026-04-15 11:50:07,976 | INFO | lakeice_ncde | Window progress for split 'train': 2/12 lakes processed, 233 windows built.
2026-04-15 11:50:08,160 | INFO | lakeice_ncde | Window progress for split 'train': 3/12 lakes processed, 254 windows built.
2026-04-15 11:50:08,245 | INFO | lakeice_ncde | Window progress for split 'train': 4/12 lakes processed, 260 windows built.
2026-04-15 11:50:08,301 | INFO | lakeice_ncde | Window progress for split 'train': 5/12 lakes processed, 283 windows built.
2026-04-15 11:50:08,408 | INFO | lakeice_ncde | Window progress for split 'train': 6/12 lakes processed, 284 windows built.
2026-04-15 11:50:08,515 | INFO | lakeice_ncde | Window progress for split 'train': 7/12 lakes processed, 284 windows built.
2026-04-15 11:50:08,651 | INFO | lakeice_ncde | Window progress for split 'train': 8/12 lakes processed, 284 windows built.
2026-04-15 11:50:08,773 | INFO | lakeice_ncde | Window progress for split 'train': 9/12 lakes processed, 284 windows built.
2026-04-15 11:50:08,905 | INFO | lakeice_ncde | Window progress for split 'train': 10/12 lakes processed, 284 windows built.
2026-04-15 11:50:09,004 | INFO | lakeice_ncde | Window progress for split 'train': 11/12 lakes processed, 284 windows built.
2026-04-15 11:50:09,106 | INFO | lakeice_ncde | Window progress for split 'train': 12/12 lakes processed, 284 windows built.
2026-04-15 11:50:09,139 | INFO | lakeice_ncde | Saved train windows for split 'xiaoxingkai_transfer_daily12': 284 samples -> S:\STU-Papers\My_Papers\EXP1-Pre-Training-Standalone\data\windows_xiaoxingkai_transfer_daily12\xiaoxingkai_transfer_daily12\train_windows.pt
2026-04-15 11:50:09,143 | INFO | lakeice_ncde | Building val windows for split 'xiaoxingkai_transfer_daily12': 150 rows across 12 lakes.
2026-04-15 11:50:09,179 | INFO | lakeice_ncde | Window progress for split 'val': 1/12 lakes processed, 11 windows built.
2026-04-15 11:50:09,231 | INFO | lakeice_ncde | Window progress for split 'val': 2/12 lakes processed, 28 windows built.
2026-04-15 11:50:09,262 | INFO | lakeice_ncde | Window progress for split 'val': 3/12 lakes processed, 30 windows built.
2026-04-15 11:50:09,287 | INFO | lakeice_ncde | Window progress for split 'val': 4/12 lakes processed, 33 windows built.
2026-04-15 11:50:09,311 | INFO | lakeice_ncde | Window progress for split 'val': 5/12 lakes processed, 40 windows built.
2026-04-15 11:50:09,334 | INFO | lakeice_ncde | Window progress for split 'val': 6/12 lakes processed, 40 windows built.
2026-04-15 11:50:09,357 | INFO | lakeice_ncde | Window progress for split 'val': 7/12 lakes processed, 40 windows built.
2026-04-15 11:50:09,384 | INFO | lakeice_ncde | Window progress for split 'val': 8/12 lakes processed, 41 windows built.
2026-04-15 11:50:09,411 | INFO | lakeice_ncde | Window progress for split 'val': 9/12 lakes processed, 41 windows built.
2026-04-15 11:50:09,433 | INFO | lakeice_ncde | Window progress for split 'val': 10/12 lakes processed, 41 windows built.
2026-04-15 11:50:09,455 | INFO | lakeice_ncde | Window progress for split 'val': 11/12 lakes processed, 41 windows built.
2026-04-15 11:50:09,476 | INFO | lakeice_ncde | Window progress for split 'val': 12/12 lakes processed, 41 windows built.
2026-04-15 11:50:09,489 | INFO | lakeice_ncde | Saved val windows for split 'xiaoxingkai_transfer_daily12': 41 samples -> S:\STU-Papers\My_Papers\EXP1-Pre-Training-Standalone\data\windows_xiaoxingkai_transfer_daily12\xiaoxingkai_transfer_daily12\val_windows.pt
2026-04-15 11:50:09,492 | INFO | lakeice_ncde | Building test windows for split 'xiaoxingkai_transfer_daily12': 37 rows across 1 lakes.
2026-04-15 11:50:09,579 | INFO | lakeice_ncde | Window progress for split 'test': 1/1 lakes processed, 36 windows built.
2026-04-15 11:50:09,590 | INFO | lakeice_ncde | Saved test windows for split 'xiaoxingkai_transfer_daily12': 36 samples -> S:\STU-Papers\My_Papers\EXP1-Pre-Training-Standalone\data\windows_xiaoxingkai_transfer_daily12\xiaoxingkai_transfer_daily12\test_windows.pt
2026-04-15 11:50:09,671 | INFO | lakeice_ncde | Balanced windows with train cap=160 and val cap=20
2026-04-15 11:50:10,435 | INFO | lakeice_ncde | Computing hermite coefficients for 284 windows from S:\STU-Papers\My_Papers\EXP1-Pre-Training-Standalone\data\windows_xiaoxingkai_transfer_daily12\xiaoxingkai_transfer_daily12\train_windows.pt
2026-04-15 11:50:10,439 | INFO | lakeice_ncde | Coefficient progress for train_windows.pt: 1/284 windows processed.
2026-04-15 11:50:10,450 | INFO | lakeice_ncde | Coefficient progress for train_windows.pt: 28/284 windows processed.
2026-04-15 11:50:10,464 | INFO | lakeice_ncde | Coefficient progress for train_windows.pt: 56/284 windows processed.
2026-04-15 11:50:10,476 | INFO | lakeice_ncde | Coefficient progress for train_windows.pt: 84/284 windows processed.
2026-04-15 11:50:10,489 | INFO | lakeice_ncde | Coefficient progress for train_windows.pt: 112/284 windows processed.
2026-04-15 11:50:10,500 | INFO | lakeice_ncde | Coefficient progress for train_windows.pt: 140/284 windows processed.
2026-04-15 11:50:10,511 | INFO | lakeice_ncde | Coefficient progress for train_windows.pt: 168/284 windows processed.
2026-04-15 11:50:10,522 | INFO | lakeice_ncde | Coefficient progress for train_windows.pt: 196/284 windows processed.
2026-04-15 11:50:10,536 | INFO | lakeice_ncde | Coefficient progress for train_windows.pt: 224/284 windows processed.
2026-04-15 11:50:10,547 | INFO | lakeice_ncde | Coefficient progress for train_windows.pt: 252/284 windows processed.
2026-04-15 11:50:10,557 | INFO | lakeice_ncde | Coefficient progress for train_windows.pt: 280/284 windows processed.
2026-04-15 11:50:10,559 | INFO | lakeice_ncde | Coefficient progress for train_windows.pt: 284/284 windows processed.
2026-04-15 11:50:10,615 | INFO | lakeice_ncde | Computing hermite coefficients for 41 windows from S:\STU-Papers\My_Papers\EXP1-Pre-Training-Standalone\data\windows_xiaoxingkai_transfer_daily12\xiaoxingkai_transfer_daily12\val_windows.pt
2026-04-15 11:50:10,616 | INFO | lakeice_ncde | Coefficient progress for val_windows.pt: 1/41 windows processed.
2026-04-15 11:50:10,619 | INFO | lakeice_ncde | Coefficient progress for val_windows.pt: 4/41 windows processed.
2026-04-15 11:50:10,622 | INFO | lakeice_ncde | Coefficient progress for val_windows.pt: 8/41 windows processed.
2026-04-15 11:50:10,625 | INFO | lakeice_ncde | Coefficient progress for val_windows.pt: 12/41 windows processed.
2026-04-15 11:50:10,629 | INFO | lakeice_ncde | Coefficient progress for val_windows.pt: 16/41 windows processed.
2026-04-15 11:50:10,633 | INFO | lakeice_ncde | Coefficient progress for val_windows.pt: 20/41 windows processed.
2026-04-15 11:50:10,637 | INFO | lakeice_ncde | Coefficient progress for val_windows.pt: 24/41 windows processed.
2026-04-15 11:50:10,641 | INFO | lakeice_ncde | Coefficient progress for val_windows.pt: 28/41 windows processed.
2026-04-15 11:50:10,644 | INFO | lakeice_ncde | Coefficient progress for val_windows.pt: 32/41 windows processed.
2026-04-15 11:50:10,648 | INFO | lakeice_ncde | Coefficient progress for val_windows.pt: 36/41 windows processed.
2026-04-15 11:50:10,651 | INFO | lakeice_ncde | Coefficient progress for val_windows.pt: 40/41 windows processed.
2026-04-15 11:50:10,653 | INFO | lakeice_ncde | Coefficient progress for val_windows.pt: 41/41 windows processed.
2026-04-15 11:50:10,678 | INFO | lakeice_ncde | Computing hermite coefficients for 36 windows from S:\STU-Papers\My_Papers\EXP1-Pre-Training-Standalone\data\windows_xiaoxingkai_transfer_daily12\xiaoxingkai_transfer_daily12\test_windows.pt
2026-04-15 11:50:10,680 | INFO | lakeice_ncde | Coefficient progress for test_windows.pt: 1/36 windows processed.
2026-04-15 11:50:10,683 | INFO | lakeice_ncde | Coefficient progress for test_windows.pt: 3/36 windows processed.
2026-04-15 11:50:10,686 | INFO | lakeice_ncde | Coefficient progress for test_windows.pt: 6/36 windows processed.
2026-04-15 11:50:10,689 | INFO | lakeice_ncde | Coefficient progress for test_windows.pt: 9/36 windows processed.
2026-04-15 11:50:10,692 | INFO | lakeice_ncde | Coefficient progress for test_windows.pt: 12/36 windows processed.
2026-04-15 11:50:10,695 | INFO | lakeice_ncde | Coefficient progress for test_windows.pt: 15/36 windows processed.
2026-04-15 11:50:10,697 | INFO | lakeice_ncde | Coefficient progress for test_windows.pt: 18/36 windows processed.
2026-04-15 11:50:10,700 | INFO | lakeice_ncde | Coefficient progress for test_windows.pt: 21/36 windows processed.
2026-04-15 11:50:10,703 | INFO | lakeice_ncde | Coefficient progress for test_windows.pt: 24/36 windows processed.
2026-04-15 11:50:10,707 | INFO | lakeice_ncde | Coefficient progress for test_windows.pt: 27/36 windows processed.
2026-04-15 11:50:10,711 | INFO | lakeice_ncde | Coefficient progress for test_windows.pt: 30/36 windows processed.
2026-04-15 11:50:10,715 | INFO | lakeice_ncde | Coefficient progress for test_windows.pt: 33/36 windows processed.
2026-04-15 11:50:10,717 | INFO | lakeice_ncde | Coefficient progress for test_windows.pt: 36/36 windows processed.
2026-04-15 11:50:10,733 | INFO | lakeice_ncde | Saved 3 coefficient bundle(s) under S:\STU-Papers\My_Papers\EXP1-Pre-Training-Standalone\data\coeffs_xiaoxingkai_transfer_daily12
2026-04-15 11:50:10,803 | INFO | lakeice_ncde | Data summary | train=284 | val=41 | test=36 | input_channels=12 | batch_parallel=True
2026-04-15 11:50:13,911 | INFO | lakeice_ncde | Training on cuda | train_batches=5 | val_batches=1 | test_batches=1
2026-04-15 11:50:13,915 | INFO | lakeice_ncde | Epoch 1/120 started.
2026-04-15 11:50:14,364 | INFO | lakeice_ncde | Epoch 1/120 | train batch 1/5 | batch_loss=0.04662075 | running_loss=0.04662075
2026-04-15 11:50:14,417 | INFO | lakeice_ncde | Epoch 1/120 | train batch 2/5 | batch_loss=0.04487751 | running_loss=0.04574913
2026-04-15 11:50:14,519 | INFO | lakeice_ncde | Epoch 1/120 | train batch 3/5 | batch_loss=0.04914866 | running_loss=0.04688231
2026-04-15 11:50:14,613 | INFO | lakeice_ncde | Epoch 1/120 | train batch 4/5 | batch_loss=0.04012077 | running_loss=0.04519192
2026-04-15 11:50:14,688 | INFO | lakeice_ncde | Epoch 1/120 | train batch 5/5 | batch_loss=0.04706483 | running_loss=0.04556650
2026-04-15 11:50:14,709 | INFO | lakeice_ncde | Epoch 1 complete | train_loss=0.04556650 | val_loss=0.80765675 | val_rmse=0.89869725 | val_mae=0.58099625 | val_r2=-11.88141924
2026-04-15 11:50:14,737 | INFO | lakeice_ncde | Epoch 2/120 started.
2026-04-15 11:50:14,828 | INFO | lakeice_ncde | Epoch 2/120 | train batch 1/5 | batch_loss=0.04618359 | running_loss=0.04618359
2026-04-15 11:50:14,898 | INFO | lakeice_ncde | Epoch 2/120 | train batch 2/5 | batch_loss=0.05417316 | running_loss=0.05017838
2026-04-15 11:50:15,009 | INFO | lakeice_ncde | Epoch 2/120 | train batch 3/5 | batch_loss=0.03565976 | running_loss=0.04533884
2026-04-15 11:50:15,086 | INFO | lakeice_ncde | Epoch 2/120 | train batch 4/5 | batch_loss=0.04142597 | running_loss=0.04436062
2026-04-15 11:50:15,143 | INFO | lakeice_ncde | Epoch 2/120 | train batch 5/5 | batch_loss=0.04426631 | running_loss=0.04434176
2026-04-15 11:50:15,165 | INFO | lakeice_ncde | Epoch 2 complete | train_loss=0.04434176 | val_loss=0.72470516 | val_rmse=0.85129616 | val_mae=0.51774626 | val_r2=-10.55841378
2026-04-15 11:50:15,191 | INFO | lakeice_ncde | Epoch 3/120 started.
2026-04-15 11:50:15,315 | INFO | lakeice_ncde | Epoch 3/120 | train batch 1/5 | batch_loss=0.03251251 | running_loss=0.03251251
2026-04-15 11:50:15,372 | INFO | lakeice_ncde | Epoch 3/120 | train batch 2/5 | batch_loss=0.03593558 | running_loss=0.03422404
2026-04-15 11:50:15,452 | INFO | lakeice_ncde | Epoch 3/120 | train batch 3/5 | batch_loss=0.04777684 | running_loss=0.03874164
2026-04-15 11:50:15,542 | INFO | lakeice_ncde | Epoch 3/120 | train batch 4/5 | batch_loss=0.02845682 | running_loss=0.03617044
2026-04-15 11:50:15,587 | INFO | lakeice_ncde | Epoch 3/120 | train batch 5/5 | batch_loss=0.01398254 | running_loss=0.03173286
2026-04-15 11:50:15,605 | INFO | lakeice_ncde | Epoch 3 complete | train_loss=0.03173286 | val_loss=1.02055094 | val_rmse=1.01022321 | val_mae=0.53876061 | val_r2=-15.27689536
2026-04-15 11:50:15,614 | INFO | lakeice_ncde | Epoch 4/120 started.
2026-04-15 11:50:15,704 | INFO | lakeice_ncde | Epoch 4/120 | train batch 1/5 | batch_loss=0.03661174 | running_loss=0.03661174
2026-04-15 11:50:15,810 | INFO | lakeice_ncde | Epoch 4/120 | train batch 2/5 | batch_loss=0.02489782 | running_loss=0.03075478
2026-04-15 11:50:15,895 | INFO | lakeice_ncde | Epoch 4/120 | train batch 3/5 | batch_loss=0.02545414 | running_loss=0.02898790
2026-04-15 11:50:15,980 | INFO | lakeice_ncde | Epoch 4/120 | train batch 4/5 | batch_loss=0.03688910 | running_loss=0.03096320
2026-04-15 11:50:16,026 | INFO | lakeice_ncde | Epoch 4/120 | train batch 5/5 | batch_loss=0.01946146 | running_loss=0.02866285
2026-04-15 11:50:16,047 | INFO | lakeice_ncde | Epoch 4 complete | train_loss=0.02866285 | val_loss=0.71186380 | val_rmse=0.84372021 | val_mae=0.48797524 | val_r2=-10.35360528
2026-04-15 11:50:16,071 | INFO | lakeice_ncde | Epoch 5/120 started.
2026-04-15 11:50:16,166 | INFO | lakeice_ncde | Epoch 5/120 | train batch 1/5 | batch_loss=0.03070849 | running_loss=0.03070849
2026-04-15 11:50:16,255 | INFO | lakeice_ncde | Epoch 5/120 | train batch 2/5 | batch_loss=0.02307846 | running_loss=0.02689347
2026-04-15 11:50:16,342 | INFO | lakeice_ncde | Epoch 5/120 | train batch 3/5 | batch_loss=0.02604877 | running_loss=0.02661191
2026-04-15 11:50:16,406 | INFO | lakeice_ncde | Epoch 5/120 | train batch 4/5 | batch_loss=0.01916500 | running_loss=0.02475018
2026-04-15 11:50:16,497 | INFO | lakeice_ncde | Epoch 5/120 | train batch 5/5 | batch_loss=0.02450852 | running_loss=0.02470185
2026-04-15 11:50:16,516 | INFO | lakeice_ncde | Epoch 5 complete | train_loss=0.02470185 | val_loss=0.37682760 | val_rmse=0.61386285 | val_mae=0.41968653 | val_r2=-5.01007080
2026-04-15 11:50:16,542 | INFO | lakeice_ncde | Epoch 6/120 started.
2026-04-15 11:50:16,619 | INFO | lakeice_ncde | Epoch 6/120 | train batch 1/5 | batch_loss=0.02076664 | running_loss=0.02076664
2026-04-15 11:50:16,714 | INFO | lakeice_ncde | Epoch 6/120 | train batch 2/5 | batch_loss=0.02257277 | running_loss=0.02166970
2026-04-15 11:50:16,802 | INFO | lakeice_ncde | Epoch 6/120 | train batch 3/5 | batch_loss=0.01742193 | running_loss=0.02025378
2026-04-15 11:50:16,892 | INFO | lakeice_ncde | Epoch 6/120 | train batch 4/5 | batch_loss=0.03221866 | running_loss=0.02324500
2026-04-15 11:50:16,956 | INFO | lakeice_ncde | Epoch 6/120 | train batch 5/5 | batch_loss=0.01904540 | running_loss=0.02240508
2026-04-15 11:50:16,974 | INFO | lakeice_ncde | Epoch 6 complete | train_loss=0.02240508 | val_loss=0.26419354 | val_rmse=0.51399761 | val_mae=0.38224999 | val_r2=-3.21365606
2026-04-15 11:50:17,004 | INFO | lakeice_ncde | Epoch 7/120 started.
2026-04-15 11:50:17,083 | INFO | lakeice_ncde | Epoch 7/120 | train batch 1/5 | batch_loss=0.01548388 | running_loss=0.01548388
2026-04-15 11:50:17,169 | INFO | lakeice_ncde | Epoch 7/120 | train batch 2/5 | batch_loss=0.02701064 | running_loss=0.02124726
2026-04-15 11:50:17,233 | INFO | lakeice_ncde | Epoch 7/120 | train batch 3/5 | batch_loss=0.02710182 | running_loss=0.02319878
2026-04-15 11:50:17,332 | INFO | lakeice_ncde | Epoch 7/120 | train batch 4/5 | batch_loss=0.02349937 | running_loss=0.02327393
2026-04-15 11:50:17,401 | INFO | lakeice_ncde | Epoch 7/120 | train batch 5/5 | batch_loss=0.02374727 | running_loss=0.02336860
2026-04-15 11:50:17,421 | INFO | lakeice_ncde | Epoch 7 complete | train_loss=0.02336860 | val_loss=0.20628201 | val_rmse=0.45418280 | val_mae=0.34759717 | val_r2=-2.29001778
2026-04-15 11:50:17,445 | INFO | lakeice_ncde | Epoch 8/120 started.
2026-04-15 11:50:17,528 | INFO | lakeice_ncde | Epoch 8/120 | train batch 1/5 | batch_loss=0.01770422 | running_loss=0.01770422
2026-04-15 11:50:17,609 | INFO | lakeice_ncde | Epoch 8/120 | train batch 2/5 | batch_loss=0.02611736 | running_loss=0.02191079
2026-04-15 11:50:17,682 | INFO | lakeice_ncde | Epoch 8/120 | train batch 3/5 | batch_loss=0.02634996 | running_loss=0.02339051
2026-04-15 11:50:17,820 | INFO | lakeice_ncde | Epoch 8/120 | train batch 4/5 | batch_loss=0.03908241 | running_loss=0.02731349
2026-04-15 11:50:17,870 | INFO | lakeice_ncde | Epoch 8/120 | train batch 5/5 | batch_loss=0.02937827 | running_loss=0.02772644
2026-04-15 11:50:17,890 | INFO | lakeice_ncde | Epoch 8 complete | train_loss=0.02772644 | val_loss=0.20208135 | val_rmse=0.44953460 | val_mae=0.34203366 | val_r2=-2.22302093
2026-04-15 11:50:17,929 | INFO | lakeice_ncde | Epoch 9/120 started.
2026-04-15 11:50:18,009 | INFO | lakeice_ncde | Epoch 9/120 | train batch 1/5 | batch_loss=0.02075189 | running_loss=0.02075189
2026-04-15 11:50:18,137 | INFO | lakeice_ncde | Epoch 9/120 | train batch 2/5 | batch_loss=0.01994633 | running_loss=0.02034911
2026-04-15 11:50:18,271 | INFO | lakeice_ncde | Epoch 9/120 | train batch 3/5 | batch_loss=0.01672599 | running_loss=0.01914141
2026-04-15 11:50:18,479 | INFO | lakeice_ncde | Epoch 9/120 | train batch 4/5 | batch_loss=0.01991248 | running_loss=0.01933418
2026-04-15 11:50:18,648 | INFO | lakeice_ncde | Epoch 9/120 | train batch 5/5 | batch_loss=0.02777001 | running_loss=0.02102134
2026-04-15 11:50:18,668 | INFO | lakeice_ncde | Epoch 9 complete | train_loss=0.02102134 | val_loss=0.17517293 | val_rmse=0.41853665 | val_mae=0.32678211 | val_r2=-1.79385505
2026-04-15 11:50:18,706 | INFO | lakeice_ncde | Epoch 10/120 started.
2026-04-15 11:50:18,900 | INFO | lakeice_ncde | Epoch 10/120 | train batch 1/5 | batch_loss=0.02318777 | running_loss=0.02318777
2026-04-15 11:50:19,013 | INFO | lakeice_ncde | Epoch 10/120 | train batch 2/5 | batch_loss=0.02053989 | running_loss=0.02186383
2026-04-15 11:50:19,081 | INFO | lakeice_ncde | Epoch 10/120 | train batch 3/5 | batch_loss=0.01607670 | running_loss=0.01993479
2026-04-15 11:50:19,145 | INFO | lakeice_ncde | Epoch 10/120 | train batch 4/5 | batch_loss=0.01652299 | running_loss=0.01908184
2026-04-15 11:50:19,258 | INFO | lakeice_ncde | Epoch 10/120 | train batch 5/5 | batch_loss=0.01935970 | running_loss=0.01913741
2026-04-15 11:50:19,281 | INFO | lakeice_ncde | Epoch 10 complete | train_loss=0.01913741 | val_loss=0.17671320 | val_rmse=0.42037269 | val_mae=0.32428784 | val_r2=-1.81842111
2026-04-15 11:50:19,293 | INFO | lakeice_ncde | Epoch 11/120 started.
2026-04-15 11:50:19,390 | INFO | lakeice_ncde | Epoch 11/120 | train batch 1/5 | batch_loss=0.01534181 | running_loss=0.01534181
2026-04-15 11:50:19,476 | INFO | lakeice_ncde | Epoch 11/120 | train batch 2/5 | batch_loss=0.02080079 | running_loss=0.01807130
2026-04-15 11:50:19,583 | INFO | lakeice_ncde | Epoch 11/120 | train batch 3/5 | batch_loss=0.01989408 | running_loss=0.01867889
2026-04-15 11:50:19,654 | INFO | lakeice_ncde | Epoch 11/120 | train batch 4/5 | batch_loss=0.02005767 | running_loss=0.01902359
2026-04-15 11:50:19,712 | INFO | lakeice_ncde | Epoch 11/120 | train batch 5/5 | batch_loss=0.01532447 | running_loss=0.01828376
2026-04-15 11:50:19,732 | INFO | lakeice_ncde | Epoch 11 complete | train_loss=0.01828376 | val_loss=0.19333721 | val_rmse=0.43970127 | val_mae=0.33156800 | val_r2=-2.08355948
2026-04-15 11:50:19,742 | INFO | lakeice_ncde | Epoch 12/120 started.
2026-04-15 11:50:19,854 | INFO | lakeice_ncde | Epoch 12/120 | train batch 1/5 | batch_loss=0.01949908 | running_loss=0.01949908
2026-04-15 11:50:19,943 | INFO | lakeice_ncde | Epoch 12/120 | train batch 2/5 | batch_loss=0.01605264 | running_loss=0.01777586
2026-04-15 11:50:19,998 | INFO | lakeice_ncde | Epoch 12/120 | train batch 3/5 | batch_loss=0.01537152 | running_loss=0.01697441
2026-04-15 11:50:20,087 | INFO | lakeice_ncde | Epoch 12/120 | train batch 4/5 | batch_loss=0.01905780 | running_loss=0.01749526
2026-04-15 11:50:20,142 | INFO | lakeice_ncde | Epoch 12/120 | train batch 5/5 | batch_loss=0.01447738 | running_loss=0.01689168
2026-04-15 11:50:20,161 | INFO | lakeice_ncde | Epoch 12 complete | train_loss=0.01689168 | val_loss=0.17770464 | val_rmse=0.42155028 | val_mae=0.32356991 | val_r2=-1.83423363
2026-04-15 11:50:20,173 | INFO | lakeice_ncde | Epoch 13/120 started.
2026-04-15 11:50:20,269 | INFO | lakeice_ncde | Epoch 13/120 | train batch 1/5 | batch_loss=0.02166077 | running_loss=0.02166077
2026-04-15 11:50:20,340 | INFO | lakeice_ncde | Epoch 13/120 | train batch 2/5 | batch_loss=0.01573012 | running_loss=0.01869544
2026-04-15 11:50:20,414 | INFO | lakeice_ncde | Epoch 13/120 | train batch 3/5 | batch_loss=0.02001295 | running_loss=0.01913461
2026-04-15 11:50:20,482 | INFO | lakeice_ncde | Epoch 13/120 | train batch 4/5 | batch_loss=0.01699765 | running_loss=0.01860037
2026-04-15 11:50:20,534 | INFO | lakeice_ncde | Epoch 13/120 | train batch 5/5 | batch_loss=0.01215889 | running_loss=0.01731208
2026-04-15 11:50:20,551 | INFO | lakeice_ncde | Epoch 13 complete | train_loss=0.01731208 | val_loss=0.13370579 | val_rmse=0.36565802 | val_mae=0.30129368 | val_r2=-1.13249042
2026-04-15 11:50:20,578 | INFO | lakeice_ncde | Epoch 14/120 started.
2026-04-15 11:50:20,668 | INFO | lakeice_ncde | Epoch 14/120 | train batch 1/5 | batch_loss=0.01483995 | running_loss=0.01483995
2026-04-15 11:50:20,744 | INFO | lakeice_ncde | Epoch 14/120 | train batch 2/5 | batch_loss=0.01684877 | running_loss=0.01584436
2026-04-15 11:50:20,855 | INFO | lakeice_ncde | Epoch 14/120 | train batch 3/5 | batch_loss=0.01939451 | running_loss=0.01702774
2026-04-15 11:50:20,931 | INFO | lakeice_ncde | Epoch 14/120 | train batch 4/5 | batch_loss=0.01831162 | running_loss=0.01734871
2026-04-15 11:50:21,005 | INFO | lakeice_ncde | Epoch 14/120 | train batch 5/5 | batch_loss=0.02028326 | running_loss=0.01793562
2026-04-15 11:50:21,022 | INFO | lakeice_ncde | Epoch 14 complete | train_loss=0.01793562 | val_loss=0.11698675 | val_rmse=0.34203326 | val_mae=0.29199191 | val_r2=-0.86583639
2026-04-15 11:50:21,044 | INFO | lakeice_ncde | Epoch 15/120 started.
2026-04-15 11:50:21,115 | INFO | lakeice_ncde | Epoch 15/120 | train batch 1/5 | batch_loss=0.01586588 | running_loss=0.01586588
2026-04-15 11:50:21,208 | INFO | lakeice_ncde | Epoch 15/120 | train batch 2/5 | batch_loss=0.01618133 | running_loss=0.01602361
2026-04-15 11:50:21,280 | INFO | lakeice_ncde | Epoch 15/120 | train batch 3/5 | batch_loss=0.01394588 | running_loss=0.01533103
2026-04-15 11:50:21,379 | INFO | lakeice_ncde | Epoch 15/120 | train batch 4/5 | batch_loss=0.01770029 | running_loss=0.01592335
2026-04-15 11:50:21,414 | INFO | lakeice_ncde | Epoch 15/120 | train batch 5/5 | batch_loss=0.01421790 | running_loss=0.01558226
2026-04-15 11:50:21,433 | INFO | lakeice_ncde | Epoch 15 complete | train_loss=0.01558226 | val_loss=0.12247964 | val_rmse=0.34997091 | val_mae=0.29660881 | val_r2=-0.95344312
2026-04-15 11:50:21,443 | INFO | lakeice_ncde | Epoch 16/120 started.
2026-04-15 11:50:21,523 | INFO | lakeice_ncde | Epoch 16/120 | train batch 1/5 | batch_loss=0.01716695 | running_loss=0.01716695
2026-04-15 11:50:21,610 | INFO | lakeice_ncde | Epoch 16/120 | train batch 2/5 | batch_loss=0.01294368 | running_loss=0.01505531
2026-04-15 11:50:21,698 | INFO | lakeice_ncde | Epoch 16/120 | train batch 3/5 | batch_loss=0.01477022 | running_loss=0.01496028
2026-04-15 11:50:21,781 | INFO | lakeice_ncde | Epoch 16/120 | train batch 4/5 | batch_loss=0.01574060 | running_loss=0.01515536
2026-04-15 11:50:21,840 | INFO | lakeice_ncde | Epoch 16/120 | train batch 5/5 | batch_loss=0.01417430 | running_loss=0.01495915
2026-04-15 11:50:21,858 | INFO | lakeice_ncde | Epoch 16 complete | train_loss=0.01495915 | val_loss=0.12005660 | val_rmse=0.34649185 | val_mae=0.29499434 | val_r2=-0.91479782
2026-04-15 11:50:21,869 | INFO | lakeice_ncde | Epoch 17/120 started.
2026-04-15 11:50:21,949 | INFO | lakeice_ncde | Epoch 17/120 | train batch 1/5 | batch_loss=0.01531290 | running_loss=0.01531290
2026-04-15 11:50:22,015 | INFO | lakeice_ncde | Epoch 17/120 | train batch 2/5 | batch_loss=0.01504091 | running_loss=0.01517690
2026-04-15 11:50:22,101 | INFO | lakeice_ncde | Epoch 17/120 | train batch 3/5 | batch_loss=0.01470557 | running_loss=0.01501979
2026-04-15 11:50:22,179 | INFO | lakeice_ncde | Epoch 17/120 | train batch 4/5 | batch_loss=0.01929421 | running_loss=0.01608840
2026-04-15 11:50:22,260 | INFO | lakeice_ncde | Epoch 17/120 | train batch 5/5 | batch_loss=0.01845050 | running_loss=0.01656082
2026-04-15 11:50:22,280 | INFO | lakeice_ncde | Epoch 17 complete | train_loss=0.01656082 | val_loss=0.11023775 | val_rmse=0.33202070 | val_mae=0.28397592 | val_r2=-0.75819572
2026-04-15 11:50:22,306 | INFO | lakeice_ncde | Epoch 18/120 started.
2026-04-15 11:50:22,396 | INFO | lakeice_ncde | Epoch 18/120 | train batch 1/5 | batch_loss=0.01167630 | running_loss=0.01167630
2026-04-15 11:50:22,477 | INFO | lakeice_ncde | Epoch 18/120 | train batch 2/5 | batch_loss=0.01847373 | running_loss=0.01507501
2026-04-15 11:50:22,563 | INFO | lakeice_ncde | Epoch 18/120 | train batch 3/5 | batch_loss=0.01659499 | running_loss=0.01558167
2026-04-15 11:50:22,673 | INFO | lakeice_ncde | Epoch 18/120 | train batch 4/5 | batch_loss=0.02721386 | running_loss=0.01848972
2026-04-15 11:50:22,737 | INFO | lakeice_ncde | Epoch 18/120 | train batch 5/5 | batch_loss=0.01901126 | running_loss=0.01859403
2026-04-15 11:50:22,756 | INFO | lakeice_ncde | Epoch 18 complete | train_loss=0.01859403 | val_loss=0.11638145 | val_rmse=0.34114725 | val_mae=0.28757642 | val_r2=-0.85618233
2026-04-15 11:50:22,765 | INFO | lakeice_ncde | Epoch 19/120 started.
2026-04-15 11:50:22,857 | INFO | lakeice_ncde | Epoch 19/120 | train batch 1/5 | batch_loss=0.01799887 | running_loss=0.01799887
2026-04-15 11:50:22,935 | INFO | lakeice_ncde | Epoch 19/120 | train batch 2/5 | batch_loss=0.01676276 | running_loss=0.01738081
2026-04-15 11:50:23,006 | INFO | lakeice_ncde | Epoch 19/120 | train batch 3/5 | batch_loss=0.01702446 | running_loss=0.01726203
2026-04-15 11:50:23,099 | INFO | lakeice_ncde | Epoch 19/120 | train batch 4/5 | batch_loss=0.01447546 | running_loss=0.01656539
2026-04-15 11:50:23,173 | INFO | lakeice_ncde | Epoch 19/120 | train batch 5/5 | batch_loss=0.01436271 | running_loss=0.01612485
2026-04-15 11:50:23,192 | INFO | lakeice_ncde | Epoch 19 complete | train_loss=0.01612485 | val_loss=0.17196796 | val_rmse=0.41469019 | val_mae=0.32342129 | val_r2=-1.74273860
2026-04-15 11:50:23,201 | INFO | lakeice_ncde | Epoch 20/120 started.
2026-04-15 11:50:23,272 | INFO | lakeice_ncde | Epoch 20/120 | train batch 1/5 | batch_loss=0.01290447 | running_loss=0.01290447
2026-04-15 11:50:23,369 | INFO | lakeice_ncde | Epoch 20/120 | train batch 2/5 | batch_loss=0.01378929 | running_loss=0.01334688
2026-04-15 11:50:23,433 | INFO | lakeice_ncde | Epoch 20/120 | train batch 3/5 | batch_loss=0.01310698 | running_loss=0.01326691
2026-04-15 11:50:23,521 | INFO | lakeice_ncde | Epoch 20/120 | train batch 4/5 | batch_loss=0.02845142 | running_loss=0.01706304
2026-04-15 11:50:23,576 | INFO | lakeice_ncde | Epoch 20/120 | train batch 5/5 | batch_loss=0.01264321 | running_loss=0.01617907
2026-04-15 11:50:23,596 | INFO | lakeice_ncde | Epoch 20 complete | train_loss=0.01617907 | val_loss=0.18037463 | val_rmse=0.42470535 | val_mae=0.33089714 | val_r2=-1.87681774
2026-04-15 11:50:23,607 | INFO | lakeice_ncde | Epoch 21/120 started.
2026-04-15 11:50:23,719 | INFO | lakeice_ncde | Epoch 21/120 | train batch 1/5 | batch_loss=0.01412449 | running_loss=0.01412449
2026-04-15 11:50:23,813 | INFO | lakeice_ncde | Epoch 21/120 | train batch 2/5 | batch_loss=0.01377172 | running_loss=0.01394811
2026-04-15 11:50:23,903 | INFO | lakeice_ncde | Epoch 21/120 | train batch 3/5 | batch_loss=0.01289455 | running_loss=0.01359692
2026-04-15 11:50:23,986 | INFO | lakeice_ncde | Epoch 21/120 | train batch 4/5 | batch_loss=0.01331038 | running_loss=0.01352529
2026-04-15 11:50:24,044 | INFO | lakeice_ncde | Epoch 21/120 | train batch 5/5 | batch_loss=0.01922567 | running_loss=0.01466536
2026-04-15 11:50:24,064 | INFO | lakeice_ncde | Epoch 21 complete | train_loss=0.01466536 | val_loss=0.15669557 | val_rmse=0.39584791 | val_mae=0.32012471 | val_r2=-1.49915735
2026-04-15 11:50:24,073 | INFO | lakeice_ncde | Epoch 22/120 started.
2026-04-15 11:50:24,164 | INFO | lakeice_ncde | Epoch 22/120 | train batch 1/5 | batch_loss=0.01025048 | running_loss=0.01025048
2026-04-15 11:50:24,230 | INFO | lakeice_ncde | Epoch 22/120 | train batch 2/5 | batch_loss=0.01302791 | running_loss=0.01163920
2026-04-15 11:50:24,352 | INFO | lakeice_ncde | Epoch 22/120 | train batch 3/5 | batch_loss=0.01592467 | running_loss=0.01306769
2026-04-15 11:50:24,439 | INFO | lakeice_ncde | Epoch 22/120 | train batch 4/5 | batch_loss=0.01515971 | running_loss=0.01359069
2026-04-15 11:50:24,485 | INFO | lakeice_ncde | Epoch 22/120 | train batch 5/5 | batch_loss=0.01432798 | running_loss=0.01373815
2026-04-15 11:50:24,502 | INFO | lakeice_ncde | Epoch 22 complete | train_loss=0.01373815 | val_loss=0.14784217 | val_rmse=0.38450249 | val_mae=0.31354226 | val_r2=-1.35795332
2026-04-15 11:50:24,512 | INFO | lakeice_ncde | Epoch 23/120 started.
2026-04-15 11:50:24,598 | INFO | lakeice_ncde | Epoch 23/120 | train batch 1/5 | batch_loss=0.01484185 | running_loss=0.01484185
2026-04-15 11:50:24,679 | INFO | lakeice_ncde | Epoch 23/120 | train batch 2/5 | batch_loss=0.01527153 | running_loss=0.01505669
2026-04-15 11:50:24,770 | INFO | lakeice_ncde | Epoch 23/120 | train batch 3/5 | batch_loss=0.01278525 | running_loss=0.01429955
2026-04-15 11:50:24,853 | INFO | lakeice_ncde | Epoch 23/120 | train batch 4/5 | batch_loss=0.01373957 | running_loss=0.01415955
2026-04-15 11:50:24,926 | INFO | lakeice_ncde | Epoch 23/120 | train batch 5/5 | batch_loss=0.01114359 | running_loss=0.01355636
2026-04-15 11:50:24,950 | INFO | lakeice_ncde | Epoch 23 complete | train_loss=0.01355636 | val_loss=0.13947780 | val_rmse=0.37346726 | val_mae=0.30887574 | val_r2=-1.22454892
2026-04-15 11:50:24,960 | INFO | lakeice_ncde | Epoch 24/120 started.
2026-04-15 11:50:25,039 | INFO | lakeice_ncde | Epoch 24/120 | train batch 1/5 | batch_loss=0.01314390 | running_loss=0.01314390
2026-04-15 11:50:25,127 | INFO | lakeice_ncde | Epoch 24/120 | train batch 2/5 | batch_loss=0.01384446 | running_loss=0.01349418
2026-04-15 11:50:25,215 | INFO | lakeice_ncde | Epoch 24/120 | train batch 3/5 | batch_loss=0.01374038 | running_loss=0.01357624
2026-04-15 11:50:25,287 | INFO | lakeice_ncde | Epoch 24/120 | train batch 4/5 | batch_loss=0.01384931 | running_loss=0.01364451
2026-04-15 11:50:25,366 | INFO | lakeice_ncde | Epoch 24/120 | train batch 5/5 | batch_loss=0.01077816 | running_loss=0.01307124
2026-04-15 11:50:25,387 | INFO | lakeice_ncde | Epoch 24 complete | train_loss=0.01307124 | val_loss=0.13433128 | val_rmse=0.36651231 | val_mae=0.30594680 | val_r2=-1.14246644
2026-04-15 11:50:25,398 | INFO | lakeice_ncde | Epoch 25/120 started.
2026-04-15 11:50:25,486 | INFO | lakeice_ncde | Epoch 25/120 | train batch 1/5 | batch_loss=0.01084704 | running_loss=0.01084704
2026-04-15 11:50:25,561 | INFO | lakeice_ncde | Epoch 25/120 | train batch 2/5 | batch_loss=0.01089168 | running_loss=0.01086936
2026-04-15 11:50:25,655 | INFO | lakeice_ncde | Epoch 25/120 | train batch 3/5 | batch_loss=0.01428923 | running_loss=0.01200932
2026-04-15 11:50:25,734 | INFO | lakeice_ncde | Epoch 25/120 | train batch 4/5 | batch_loss=0.01327185 | running_loss=0.01232495
2026-04-15 11:50:25,794 | INFO | lakeice_ncde | Epoch 25/120 | train batch 5/5 | batch_loss=0.01315412 | running_loss=0.01249079
2026-04-15 11:50:25,813 | INFO | lakeice_ncde | Epoch 25 complete | train_loss=0.01249079 | val_loss=0.12669987 | val_rmse=0.35594925 | val_mae=0.29845832 | val_r2=-1.02075211
2026-04-15 11:50:25,823 | INFO | lakeice_ncde | Epoch 26/120 started.
2026-04-15 11:50:25,915 | INFO | lakeice_ncde | Epoch 26/120 | train batch 1/5 | batch_loss=0.01606088 | running_loss=0.01606088
2026-04-15 11:50:25,992 | INFO | lakeice_ncde | Epoch 26/120 | train batch 2/5 | batch_loss=0.01457470 | running_loss=0.01531779
2026-04-15 11:50:26,088 | INFO | lakeice_ncde | Epoch 26/120 | train batch 3/5 | batch_loss=0.01074537 | running_loss=0.01379365
2026-04-15 11:50:26,181 | INFO | lakeice_ncde | Epoch 26/120 | train batch 4/5 | batch_loss=0.01040848 | running_loss=0.01294736
2026-04-15 11:50:26,248 | INFO | lakeice_ncde | Epoch 26/120 | train batch 5/5 | batch_loss=0.00776027 | running_loss=0.01190994
2026-04-15 11:50:26,270 | INFO | lakeice_ncde | Epoch 26 complete | train_loss=0.01190994 | val_loss=0.11852702 | val_rmse=0.34427753 | val_mae=0.28921582 | val_r2=-0.89040235
2026-04-15 11:50:26,280 | INFO | lakeice_ncde | Epoch 27/120 started.
2026-04-15 11:50:26,365 | INFO | lakeice_ncde | Epoch 27/120 | train batch 1/5 | batch_loss=0.01368089 | running_loss=0.01368089
2026-04-15 11:50:26,442 | INFO | lakeice_ncde | Epoch 27/120 | train batch 2/5 | batch_loss=0.01099802 | running_loss=0.01233945
2026-04-15 11:50:26,530 | INFO | lakeice_ncde | Epoch 27/120 | train batch 3/5 | batch_loss=0.00977612 | running_loss=0.01148501
2026-04-15 11:50:26,606 | INFO | lakeice_ncde | Epoch 27/120 | train batch 4/5 | batch_loss=0.01139623 | running_loss=0.01146281
2026-04-15 11:50:26,689 | INFO | lakeice_ncde | Epoch 27/120 | train batch 5/5 | batch_loss=0.01721325 | running_loss=0.01261290
2026-04-15 11:50:26,711 | INFO | lakeice_ncde | Epoch 27 complete | train_loss=0.01261290 | val_loss=0.11939034 | val_rmse=0.34552907 | val_mae=0.28823115 | val_r2=-0.90417157
2026-04-15 11:50:26,720 | INFO | lakeice_ncde | Epoch 28/120 started.
2026-04-15 11:50:26,781 | INFO | lakeice_ncde | Epoch 28/120 | train batch 1/5 | batch_loss=0.01072600 | running_loss=0.01072600
2026-04-15 11:50:26,859 | INFO | lakeice_ncde | Epoch 28/120 | train batch 2/5 | batch_loss=0.01369236 | running_loss=0.01220918
2026-04-15 11:50:26,937 | INFO | lakeice_ncde | Epoch 28/120 | train batch 3/5 | batch_loss=0.01131283 | running_loss=0.01191040
2026-04-15 11:50:27,040 | INFO | lakeice_ncde | Epoch 28/120 | train batch 4/5 | batch_loss=0.01198353 | running_loss=0.01192868
2026-04-15 11:50:27,088 | INFO | lakeice_ncde | Epoch 28/120 | train batch 5/5 | batch_loss=0.01252612 | running_loss=0.01204817
2026-04-15 11:50:27,105 | INFO | lakeice_ncde | Epoch 28 complete | train_loss=0.01204817 | val_loss=0.12172569 | val_rmse=0.34889209 | val_mae=0.28904804 | val_r2=-0.94141834
2026-04-15 11:50:27,114 | INFO | lakeice_ncde | Epoch 29/120 started.
2026-04-15 11:50:27,200 | INFO | lakeice_ncde | Epoch 29/120 | train batch 1/5 | batch_loss=0.01144662 | running_loss=0.01144662
2026-04-15 11:50:27,293 | INFO | lakeice_ncde | Epoch 29/120 | train batch 2/5 | batch_loss=0.01405489 | running_loss=0.01275075
2026-04-15 11:50:27,350 | INFO | lakeice_ncde | Epoch 29/120 | train batch 3/5 | batch_loss=0.01164682 | running_loss=0.01238278
2026-04-15 11:50:27,417 | INFO | lakeice_ncde | Epoch 29/120 | train batch 4/5 | batch_loss=0.01287517 | running_loss=0.01250587
2026-04-15 11:50:27,468 | INFO | lakeice_ncde | Epoch 29/120 | train batch 5/5 | batch_loss=0.01018898 | running_loss=0.01204250
2026-04-15 11:50:27,491 | INFO | lakeice_ncde | Epoch 29 complete | train_loss=0.01204250 | val_loss=0.12979736 | val_rmse=0.36027401 | val_mae=0.29290856 | val_r2=-1.07015449
2026-04-15 11:50:27,502 | INFO | lakeice_ncde | Epoch 30/120 started.
2026-04-15 11:50:27,571 | INFO | lakeice_ncde | Epoch 30/120 | train batch 1/5 | batch_loss=0.01094141 | running_loss=0.01094141
2026-04-15 11:50:27,669 | INFO | lakeice_ncde | Epoch 30/120 | train batch 2/5 | batch_loss=0.01113710 | running_loss=0.01103926
2026-04-15 11:50:27,774 | INFO | lakeice_ncde | Epoch 30/120 | train batch 3/5 | batch_loss=0.01195125 | running_loss=0.01134326
2026-04-15 11:50:27,850 | INFO | lakeice_ncde | Epoch 30/120 | train batch 4/5 | batch_loss=0.01126488 | running_loss=0.01132366
2026-04-15 11:50:27,918 | INFO | lakeice_ncde | Epoch 30/120 | train batch 5/5 | batch_loss=0.01015782 | running_loss=0.01109049
2026-04-15 11:50:27,937 | INFO | lakeice_ncde | Epoch 30 complete | train_loss=0.01109049 | val_loss=0.13840372 | val_rmse=0.37202651 | val_mae=0.29620442 | val_r2=-1.20741837
2026-04-15 11:50:27,946 | INFO | lakeice_ncde | Epoch 31/120 started.
2026-04-15 11:50:28,005 | INFO | lakeice_ncde | Epoch 31/120 | train batch 1/5 | batch_loss=0.01329544 | running_loss=0.01329544
2026-04-15 11:50:28,076 | INFO | lakeice_ncde | Epoch 31/120 | train batch 2/5 | batch_loss=0.01020812 | running_loss=0.01175178
2026-04-15 11:50:28,151 | INFO | lakeice_ncde | Epoch 31/120 | train batch 3/5 | batch_loss=0.01076771 | running_loss=0.01142376
2026-04-15 11:50:28,234 | INFO | lakeice_ncde | Epoch 31/120 | train batch 4/5 | batch_loss=0.01163438 | running_loss=0.01147641
2026-04-15 11:50:28,313 | INFO | lakeice_ncde | Epoch 31/120 | train batch 5/5 | batch_loss=0.01359719 | running_loss=0.01190057
2026-04-15 11:50:28,330 | INFO | lakeice_ncde | Epoch 31 complete | train_loss=0.01190057 | val_loss=0.14262467 | val_rmse=0.37765682 | val_mae=0.29722657 | val_r2=-1.27473884
2026-04-15 11:50:28,340 | INFO | lakeice_ncde | Epoch 32/120 started.
2026-04-15 11:50:28,411 | INFO | lakeice_ncde | Epoch 32/120 | train batch 1/5 | batch_loss=0.01060474 | running_loss=0.01060474
2026-04-15 11:50:28,487 | INFO | lakeice_ncde | Epoch 32/120 | train batch 2/5 | batch_loss=0.01359929 | running_loss=0.01210201
2026-04-15 11:50:28,608 | INFO | lakeice_ncde | Epoch 32/120 | train batch 3/5 | batch_loss=0.01018894 | running_loss=0.01146432
2026-04-15 11:50:28,688 | INFO | lakeice_ncde | Epoch 32/120 | train batch 4/5 | batch_loss=0.00989960 | running_loss=0.01107314
2026-04-15 11:50:28,758 | INFO | lakeice_ncde | Epoch 32/120 | train batch 5/5 | batch_loss=0.01673104 | running_loss=0.01220472
2026-04-15 11:50:28,777 | INFO | lakeice_ncde | Epoch 32 complete | train_loss=0.01220472 | val_loss=0.13826029 | val_rmse=0.37183369 | val_mae=0.29488243 | val_r2=-1.20513078
2026-04-15 11:50:28,786 | INFO | lakeice_ncde | Epoch 33/120 started.
2026-04-15 11:50:28,857 | INFO | lakeice_ncde | Epoch 33/120 | train batch 1/5 | batch_loss=0.00930286 | running_loss=0.00930286
2026-04-15 11:50:28,952 | INFO | lakeice_ncde | Epoch 33/120 | train batch 2/5 | batch_loss=0.01373434 | running_loss=0.01151860
2026-04-15 11:50:29,061 | INFO | lakeice_ncde | Epoch 33/120 | train batch 3/5 | batch_loss=0.00915929 | running_loss=0.01073216
2026-04-15 11:50:29,147 | INFO | lakeice_ncde | Epoch 33/120 | train batch 4/5 | batch_loss=0.01119386 | running_loss=0.01084759
2026-04-15 11:50:29,195 | INFO | lakeice_ncde | Epoch 33/120 | train batch 5/5 | batch_loss=0.01932725 | running_loss=0.01254352
2026-04-15 11:50:29,213 | INFO | lakeice_ncde | Epoch 33 complete | train_loss=0.01254352 | val_loss=0.12535610 | val_rmse=0.35405664 | val_mae=0.28648210 | val_r2=-0.99932027
2026-04-15 11:50:29,222 | INFO | lakeice_ncde | Epoch 34/120 started.
2026-04-15 11:50:29,320 | INFO | lakeice_ncde | Epoch 34/120 | train batch 1/5 | batch_loss=0.01343028 | running_loss=0.01343028
2026-04-15 11:50:29,390 | INFO | lakeice_ncde | Epoch 34/120 | train batch 2/5 | batch_loss=0.01107770 | running_loss=0.01225399
2026-04-15 11:50:29,499 | INFO | lakeice_ncde | Epoch 34/120 | train batch 3/5 | batch_loss=0.01090006 | running_loss=0.01180268
2026-04-15 11:50:29,585 | INFO | lakeice_ncde | Epoch 34/120 | train batch 4/5 | batch_loss=0.01143962 | running_loss=0.01171191
2026-04-15 11:50:29,664 | INFO | lakeice_ncde | Epoch 34/120 | train batch 5/5 | batch_loss=0.02098300 | running_loss=0.01356613
2026-04-15 11:50:29,683 | INFO | lakeice_ncde | Epoch 34 complete | train_loss=0.01356613 | val_loss=0.11524269 | val_rmse=0.33947414 | val_mae=0.27837144 | val_r2=-0.83802021
2026-04-15 11:50:29,700 | INFO | lakeice_ncde | Epoch 35/120 started.
2026-04-15 11:50:29,770 | INFO | lakeice_ncde | Epoch 35/120 | train batch 1/5 | batch_loss=0.01314473 | running_loss=0.01314473
2026-04-15 11:50:29,858 | INFO | lakeice_ncde | Epoch 35/120 | train batch 2/5 | batch_loss=0.01297853 | running_loss=0.01306163
2026-04-15 11:50:29,974 | INFO | lakeice_ncde | Epoch 35/120 | train batch 3/5 | batch_loss=0.01033337 | running_loss=0.01215221
2026-04-15 11:50:30,083 | INFO | lakeice_ncde | Epoch 35/120 | train batch 4/5 | batch_loss=0.01063157 | running_loss=0.01177205
2026-04-15 11:50:30,121 | INFO | lakeice_ncde | Epoch 35/120 | train batch 5/5 | batch_loss=0.01061300 | running_loss=0.01154024
2026-04-15 11:50:30,154 | INFO | lakeice_ncde | Epoch 35 complete | train_loss=0.01154024 | val_loss=0.11129754 | val_rmse=0.33361287 | val_mae=0.27756462 | val_r2=-0.77509855
2026-04-15 11:50:30,171 | INFO | lakeice_ncde | Epoch 36/120 started.
2026-04-15 11:50:30,255 | INFO | lakeice_ncde | Epoch 36/120 | train batch 1/5 | batch_loss=0.00996040 | running_loss=0.00996040
2026-04-15 11:50:30,320 | INFO | lakeice_ncde | Epoch 36/120 | train batch 2/5 | batch_loss=0.01209467 | running_loss=0.01102754
2026-04-15 11:50:30,396 | INFO | lakeice_ncde | Epoch 36/120 | train batch 3/5 | batch_loss=0.00987151 | running_loss=0.01064220
2026-04-15 11:50:30,503 | INFO | lakeice_ncde | Epoch 36/120 | train batch 4/5 | batch_loss=0.01278374 | running_loss=0.01117758
2026-04-15 11:50:30,566 | INFO | lakeice_ncde | Epoch 36/120 | train batch 5/5 | batch_loss=0.01675716 | running_loss=0.01229350
2026-04-15 11:50:30,586 | INFO | lakeice_ncde | Epoch 36 complete | train_loss=0.01229350 | val_loss=0.11005210 | val_rmse=0.33174101 | val_mae=0.27802380 | val_r2=-0.75523473
2026-04-15 11:50:30,607 | INFO | lakeice_ncde | Epoch 37/120 started.
2026-04-15 11:50:30,694 | INFO | lakeice_ncde | Epoch 37/120 | train batch 1/5 | batch_loss=0.01277381 | running_loss=0.01277381
2026-04-15 11:50:30,776 | INFO | lakeice_ncde | Epoch 37/120 | train batch 2/5 | batch_loss=0.01056260 | running_loss=0.01166821
2026-04-15 11:50:30,841 | INFO | lakeice_ncde | Epoch 37/120 | train batch 3/5 | batch_loss=0.00924178 | running_loss=0.01085940
2026-04-15 11:50:30,940 | INFO | lakeice_ncde | Epoch 37/120 | train batch 4/5 | batch_loss=0.01169570 | running_loss=0.01106847
2026-04-15 11:50:31,021 | INFO | lakeice_ncde | Epoch 37/120 | train batch 5/5 | batch_loss=0.01454312 | running_loss=0.01176340
2026-04-15 11:50:31,040 | INFO | lakeice_ncde | Epoch 37 complete | train_loss=0.01176340 | val_loss=0.11006687 | val_rmse=0.33176328 | val_mae=0.27873221 | val_r2=-0.75547042
2026-04-15 11:50:31,050 | INFO | lakeice_ncde | Epoch 38/120 started.
2026-04-15 11:50:31,144 | INFO | lakeice_ncde | Epoch 38/120 | train batch 1/5 | batch_loss=0.00906455 | running_loss=0.00906455
2026-04-15 11:50:31,234 | INFO | lakeice_ncde | Epoch 38/120 | train batch 2/5 | batch_loss=0.01281444 | running_loss=0.01093949
2026-04-15 11:50:31,312 | INFO | lakeice_ncde | Epoch 38/120 | train batch 3/5 | batch_loss=0.01165030 | running_loss=0.01117643
2026-04-15 11:50:31,406 | INFO | lakeice_ncde | Epoch 38/120 | train batch 4/5 | batch_loss=0.01105783 | running_loss=0.01114678
2026-04-15 11:50:31,463 | INFO | lakeice_ncde | Epoch 38/120 | train batch 5/5 | batch_loss=0.00979017 | running_loss=0.01087546
2026-04-15 11:50:31,486 | INFO | lakeice_ncde | Epoch 38 complete | train_loss=0.01087546 | val_loss=0.11027369 | val_rmse=0.33207483 | val_mae=0.27859898 | val_r2=-0.75876897
2026-04-15 11:50:31,499 | INFO | lakeice_ncde | Epoch 39/120 started.
2026-04-15 11:50:31,610 | INFO | lakeice_ncde | Epoch 39/120 | train batch 1/5 | batch_loss=0.01055130 | running_loss=0.01055130
2026-04-15 11:50:31,691 | INFO | lakeice_ncde | Epoch 39/120 | train batch 2/5 | batch_loss=0.01123914 | running_loss=0.01089522
2026-04-15 11:50:31,763 | INFO | lakeice_ncde | Epoch 39/120 | train batch 3/5 | batch_loss=0.01124414 | running_loss=0.01101153
2026-04-15 11:50:31,831 | INFO | lakeice_ncde | Epoch 39/120 | train batch 4/5 | batch_loss=0.01173662 | running_loss=0.01119280
2026-04-15 11:50:31,893 | INFO | lakeice_ncde | Epoch 39/120 | train batch 5/5 | batch_loss=0.01449559 | running_loss=0.01185336
2026-04-15 11:50:31,910 | INFO | lakeice_ncde | Epoch 39 complete | train_loss=0.01185336 | val_loss=0.10953810 | val_rmse=0.33096540 | val_mae=0.27824913 | val_r2=-0.74703693
2026-04-15 11:50:31,933 | INFO | lakeice_ncde | Epoch 40/120 started.
2026-04-15 11:50:32,016 | INFO | lakeice_ncde | Epoch 40/120 | train batch 1/5 | batch_loss=0.00835594 | running_loss=0.00835594
2026-04-15 11:50:32,119 | INFO | lakeice_ncde | Epoch 40/120 | train batch 2/5 | batch_loss=0.01157594 | running_loss=0.00996594
2026-04-15 11:50:32,192 | INFO | lakeice_ncde | Epoch 40/120 | train batch 3/5 | batch_loss=0.01073435 | running_loss=0.01022208
2026-04-15 11:50:32,247 | INFO | lakeice_ncde | Epoch 40/120 | train batch 4/5 | batch_loss=0.00789958 | running_loss=0.00964145
2026-04-15 11:50:32,317 | INFO | lakeice_ncde | Epoch 40/120 | train batch 5/5 | batch_loss=0.01201338 | running_loss=0.01011584
2026-04-15 11:50:32,334 | INFO | lakeice_ncde | Epoch 40 complete | train_loss=0.01011584 | val_loss=0.10956830 | val_rmse=0.33101103 | val_mae=0.27898837 | val_r2=-0.74751862
2026-04-15 11:50:32,347 | INFO | lakeice_ncde | Epoch 41/120 started.
2026-04-15 11:50:32,447 | INFO | lakeice_ncde | Epoch 41/120 | train batch 1/5 | batch_loss=0.01145803 | running_loss=0.01145803
2026-04-15 11:50:32,557 | INFO | lakeice_ncde | Epoch 41/120 | train batch 2/5 | batch_loss=0.01004291 | running_loss=0.01075047
2026-04-15 11:50:32,607 | INFO | lakeice_ncde | Epoch 41/120 | train batch 3/5 | batch_loss=0.01071971 | running_loss=0.01074021
2026-04-15 11:50:32,697 | INFO | lakeice_ncde | Epoch 41/120 | train batch 4/5 | batch_loss=0.01151267 | running_loss=0.01093333
2026-04-15 11:50:32,766 | INFO | lakeice_ncde | Epoch 41/120 | train batch 5/5 | batch_loss=0.00852080 | running_loss=0.01045082
2026-04-15 11:50:32,785 | INFO | lakeice_ncde | Epoch 41 complete | train_loss=0.01045082 | val_loss=0.10703825 | val_rmse=0.32716701 | val_mae=0.27781840 | val_r2=-0.70716654
2026-04-15 11:50:32,814 | INFO | lakeice_ncde | Epoch 42/120 started.
2026-04-15 11:50:32,920 | INFO | lakeice_ncde | Epoch 42/120 | train batch 1/5 | batch_loss=0.01009921 | running_loss=0.01009921
2026-04-15 11:50:32,976 | INFO | lakeice_ncde | Epoch 42/120 | train batch 2/5 | batch_loss=0.01085278 | running_loss=0.01047600
2026-04-15 11:50:33,064 | INFO | lakeice_ncde | Epoch 42/120 | train batch 3/5 | batch_loss=0.01023726 | running_loss=0.01039642
2026-04-15 11:50:33,150 | INFO | lakeice_ncde | Epoch 42/120 | train batch 4/5 | batch_loss=0.01001997 | running_loss=0.01030231
2026-04-15 11:50:33,215 | INFO | lakeice_ncde | Epoch 42/120 | train batch 5/5 | batch_loss=0.01355439 | running_loss=0.01095272
2026-04-15 11:50:33,234 | INFO | lakeice_ncde | Epoch 42 complete | train_loss=0.01095272 | val_loss=0.10691285 | val_rmse=0.32697530 | val_mae=0.27776250 | val_r2=-0.70516642
2026-04-15 11:50:33,256 | INFO | lakeice_ncde | Epoch 43/120 started.
2026-04-15 11:50:33,343 | INFO | lakeice_ncde | Epoch 43/120 | train batch 1/5 | batch_loss=0.00939630 | running_loss=0.00939630
2026-04-15 11:50:33,444 | INFO | lakeice_ncde | Epoch 43/120 | train batch 2/5 | batch_loss=0.01041861 | running_loss=0.00990746
2026-04-15 11:50:33,529 | INFO | lakeice_ncde | Epoch 43/120 | train batch 3/5 | batch_loss=0.01178374 | running_loss=0.01053288
2026-04-15 11:50:33,620 | INFO | lakeice_ncde | Epoch 43/120 | train batch 4/5 | batch_loss=0.00950462 | running_loss=0.01027582
2026-04-15 11:50:33,682 | INFO | lakeice_ncde | Epoch 43/120 | train batch 5/5 | batch_loss=0.01027269 | running_loss=0.01027519
2026-04-15 11:50:33,699 | INFO | lakeice_ncde | Epoch 43 complete | train_loss=0.01027519 | val_loss=0.10778433 | val_rmse=0.32830524 | val_mae=0.27798453 | val_r2=-0.71906586
2026-04-15 11:50:33,709 | INFO | lakeice_ncde | Epoch 44/120 started.
2026-04-15 11:50:33,799 | INFO | lakeice_ncde | Epoch 44/120 | train batch 1/5 | batch_loss=0.01199162 | running_loss=0.01199162
2026-04-15 11:50:33,888 | INFO | lakeice_ncde | Epoch 44/120 | train batch 2/5 | batch_loss=0.01092808 | running_loss=0.01145985
2026-04-15 11:50:33,991 | INFO | lakeice_ncde | Epoch 44/120 | train batch 3/5 | batch_loss=0.01278403 | running_loss=0.01190124
2026-04-15 11:50:34,058 | INFO | lakeice_ncde | Epoch 44/120 | train batch 4/5 | batch_loss=0.00975954 | running_loss=0.01136582
2026-04-15 11:50:34,137 | INFO | lakeice_ncde | Epoch 44/120 | train batch 5/5 | batch_loss=0.01046080 | running_loss=0.01118481
2026-04-15 11:50:34,159 | INFO | lakeice_ncde | Epoch 44 complete | train_loss=0.01118481 | val_loss=0.10956177 | val_rmse=0.33100116 | val_mae=0.27852278 | val_r2=-0.74741448
2026-04-15 11:50:34,170 | INFO | lakeice_ncde | Epoch 45/120 started.
2026-04-15 11:50:34,267 | INFO | lakeice_ncde | Epoch 45/120 | train batch 1/5 | batch_loss=0.01205141 | running_loss=0.01205141
2026-04-15 11:50:34,343 | INFO | lakeice_ncde | Epoch 45/120 | train batch 2/5 | batch_loss=0.01129707 | running_loss=0.01167424
2026-04-15 11:50:34,422 | INFO | lakeice_ncde | Epoch 45/120 | train batch 3/5 | batch_loss=0.01161168 | running_loss=0.01165339
2026-04-15 11:50:34,517 | INFO | lakeice_ncde | Epoch 45/120 | train batch 4/5 | batch_loss=0.00819591 | running_loss=0.01078902
2026-04-15 11:50:34,571 | INFO | lakeice_ncde | Epoch 45/120 | train batch 5/5 | batch_loss=0.01207480 | running_loss=0.01104617
2026-04-15 11:50:34,589 | INFO | lakeice_ncde | Epoch 45 complete | train_loss=0.01104617 | val_loss=0.11143036 | val_rmse=0.33381187 | val_mae=0.27916848 | val_r2=-0.77721687
2026-04-15 11:50:34,599 | INFO | lakeice_ncde | Epoch 46/120 started.
2026-04-15 11:50:34,662 | INFO | lakeice_ncde | Epoch 46/120 | train batch 1/5 | batch_loss=0.00792955 | running_loss=0.00792955
2026-04-15 11:50:34,749 | INFO | lakeice_ncde | Epoch 46/120 | train batch 2/5 | batch_loss=0.01150966 | running_loss=0.00971960
2026-04-15 11:50:34,837 | INFO | lakeice_ncde | Epoch 46/120 | train batch 3/5 | batch_loss=0.01211004 | running_loss=0.01051642
2026-04-15 11:50:34,929 | INFO | lakeice_ncde | Epoch 46/120 | train batch 4/5 | batch_loss=0.01162131 | running_loss=0.01079264
2026-04-15 11:50:34,979 | INFO | lakeice_ncde | Epoch 46/120 | train batch 5/5 | batch_loss=0.01065367 | running_loss=0.01076485
2026-04-15 11:50:35,001 | INFO | lakeice_ncde | Epoch 46 complete | train_loss=0.01076485 | val_loss=0.11228624 | val_rmse=0.33509139 | val_mae=0.27868337 | val_r2=-0.79086741
2026-04-15 11:50:35,011 | INFO | lakeice_ncde | Epoch 47/120 started.
2026-04-15 11:50:35,092 | INFO | lakeice_ncde | Epoch 47/120 | train batch 1/5 | batch_loss=0.00945090 | running_loss=0.00945090
2026-04-15 11:50:35,177 | INFO | lakeice_ncde | Epoch 47/120 | train batch 2/5 | batch_loss=0.01085538 | running_loss=0.01015314
2026-04-15 11:50:35,261 | INFO | lakeice_ncde | Epoch 47/120 | train batch 3/5 | batch_loss=0.00898713 | running_loss=0.00976447
2026-04-15 11:50:35,337 | INFO | lakeice_ncde | Epoch 47/120 | train batch 4/5 | batch_loss=0.01003996 | running_loss=0.00983334
2026-04-15 11:50:35,412 | INFO | lakeice_ncde | Epoch 47/120 | train batch 5/5 | batch_loss=0.01161571 | running_loss=0.01018982
2026-04-15 11:50:35,431 | INFO | lakeice_ncde | Epoch 47 complete | train_loss=0.01018982 | val_loss=0.11469324 | val_rmse=0.33866390 | val_mae=0.27942816 | val_r2=-0.82925688
2026-04-15 11:50:35,441 | INFO | lakeice_ncde | Epoch 48/120 started.
2026-04-15 11:50:35,531 | INFO | lakeice_ncde | Epoch 48/120 | train batch 1/5 | batch_loss=0.01140647 | running_loss=0.01140647
2026-04-15 11:50:35,623 | INFO | lakeice_ncde | Epoch 48/120 | train batch 2/5 | batch_loss=0.00896648 | running_loss=0.01018648
2026-04-15 11:50:35,701 | INFO | lakeice_ncde | Epoch 48/120 | train batch 3/5 | batch_loss=0.00974157 | running_loss=0.01003817
2026-04-15 11:50:35,787 | INFO | lakeice_ncde | Epoch 48/120 | train batch 4/5 | batch_loss=0.01153541 | running_loss=0.01041248
2026-04-15 11:50:35,833 | INFO | lakeice_ncde | Epoch 48/120 | train batch 5/5 | batch_loss=0.00799967 | running_loss=0.00992992
2026-04-15 11:50:35,850 | INFO | lakeice_ncde | Epoch 48 complete | train_loss=0.00992992 | val_loss=0.11579121 | val_rmse=0.34028107 | val_mae=0.27998588 | val_r2=-0.84676854
2026-04-15 11:50:35,860 | INFO | lakeice_ncde | Epoch 49/120 started.
2026-04-15 11:50:35,927 | INFO | lakeice_ncde | Epoch 49/120 | train batch 1/5 | batch_loss=0.01036033 | running_loss=0.01036033
2026-04-15 11:50:35,985 | INFO | lakeice_ncde | Epoch 49/120 | train batch 2/5 | batch_loss=0.00979844 | running_loss=0.01007938
2026-04-15 11:50:36,069 | INFO | lakeice_ncde | Epoch 49/120 | train batch 3/5 | batch_loss=0.01034644 | running_loss=0.01016840
2026-04-15 11:50:36,115 | INFO | lakeice_ncde | Epoch 49/120 | train batch 4/5 | batch_loss=0.01031565 | running_loss=0.01020521
2026-04-15 11:50:36,198 | INFO | lakeice_ncde | Epoch 49/120 | train batch 5/5 | batch_loss=0.01235068 | running_loss=0.01063431
2026-04-15 11:50:36,217 | INFO | lakeice_ncde | Epoch 49 complete | train_loss=0.01063431 | val_loss=0.11526218 | val_rmse=0.33950285 | val_mae=0.28001357 | val_r2=-0.83833109
2026-04-15 11:50:36,228 | INFO | lakeice_ncde | Epoch 50/120 started.
2026-04-15 11:50:36,323 | INFO | lakeice_ncde | Epoch 50/120 | train batch 1/5 | batch_loss=0.01036866 | running_loss=0.01036866
2026-04-15 11:50:36,397 | INFO | lakeice_ncde | Epoch 50/120 | train batch 2/5 | batch_loss=0.00938631 | running_loss=0.00987749
2026-04-15 11:50:36,463 | INFO | lakeice_ncde | Epoch 50/120 | train batch 3/5 | batch_loss=0.00984273 | running_loss=0.00986590
2026-04-15 11:50:36,537 | INFO | lakeice_ncde | Epoch 50/120 | train batch 4/5 | batch_loss=0.01333104 | running_loss=0.01073219
2026-04-15 11:50:36,618 | INFO | lakeice_ncde | Epoch 50/120 | train batch 5/5 | batch_loss=0.01010441 | running_loss=0.01060663
2026-04-15 11:50:36,638 | INFO | lakeice_ncde | Epoch 50 complete | train_loss=0.01060663 | val_loss=0.11518835 | val_rmse=0.33939410 | val_mae=0.28186626 | val_r2=-0.83715356
2026-04-15 11:50:36,647 | INFO | lakeice_ncde | Epoch 51/120 started.
2026-04-15 11:50:36,737 | INFO | lakeice_ncde | Epoch 51/120 | train batch 1/5 | batch_loss=0.01206555 | running_loss=0.01206555
2026-04-15 11:50:36,835 | INFO | lakeice_ncde | Epoch 51/120 | train batch 2/5 | batch_loss=0.00881667 | running_loss=0.01044111
2026-04-15 11:50:36,916 | INFO | lakeice_ncde | Epoch 51/120 | train batch 3/5 | batch_loss=0.00990593 | running_loss=0.01026272
2026-04-15 11:50:36,964 | INFO | lakeice_ncde | Epoch 51/120 | train batch 4/5 | batch_loss=0.00877435 | running_loss=0.00989063
2026-04-15 11:50:37,013 | INFO | lakeice_ncde | Epoch 51/120 | train batch 5/5 | batch_loss=0.01101076 | running_loss=0.01011465
2026-04-15 11:50:37,031 | INFO | lakeice_ncde | Epoch 51 complete | train_loss=0.01011465 | val_loss=0.11585653 | val_rmse=0.34037704 | val_mae=0.28268502 | val_r2=-0.84781033
2026-04-15 11:50:37,040 | INFO | lakeice_ncde | Epoch 52/120 started.
2026-04-15 11:50:37,115 | INFO | lakeice_ncde | Epoch 52/120 | train batch 1/5 | batch_loss=0.01114326 | running_loss=0.01114326
2026-04-15 11:50:37,209 | INFO | lakeice_ncde | Epoch 52/120 | train batch 2/5 | batch_loss=0.01024325 | running_loss=0.01069326
2026-04-15 11:50:37,284 | INFO | lakeice_ncde | Epoch 52/120 | train batch 3/5 | batch_loss=0.00738361 | running_loss=0.00959004
2026-04-15 11:50:37,354 | INFO | lakeice_ncde | Epoch 52/120 | train batch 4/5 | batch_loss=0.01182004 | running_loss=0.01014754
2026-04-15 11:50:37,413 | INFO | lakeice_ncde | Epoch 52/120 | train batch 5/5 | batch_loss=0.01425381 | running_loss=0.01096879
2026-04-15 11:50:37,430 | INFO | lakeice_ncde | Epoch 52 complete | train_loss=0.01096879 | val_loss=0.11603271 | val_rmse=0.34063575 | val_mae=0.28237293 | val_r2=-0.85062036
2026-04-15 11:50:37,440 | INFO | lakeice_ncde | Epoch 53/120 started.
2026-04-15 11:50:37,542 | INFO | lakeice_ncde | Epoch 53/120 | train batch 1/5 | batch_loss=0.01136022 | running_loss=0.01136022
2026-04-15 11:50:37,657 | INFO | lakeice_ncde | Epoch 53/120 | train batch 2/5 | batch_loss=0.01060408 | running_loss=0.01098215
2026-04-15 11:50:37,739 | INFO | lakeice_ncde | Epoch 53/120 | train batch 3/5 | batch_loss=0.01089180 | running_loss=0.01095203
2026-04-15 11:50:37,806 | INFO | lakeice_ncde | Epoch 53/120 | train batch 4/5 | batch_loss=0.01149932 | running_loss=0.01108885
2026-04-15 11:50:37,843 | INFO | lakeice_ncde | Epoch 53/120 | train batch 5/5 | batch_loss=0.00893990 | running_loss=0.01065906
2026-04-15 11:50:37,865 | INFO | lakeice_ncde | Epoch 53 complete | train_loss=0.01065906 | val_loss=0.11560201 | val_rmse=0.34000296 | val_mae=0.28199099 | val_r2=-0.84375107
2026-04-15 11:50:37,877 | INFO | lakeice_ncde | Epoch 54/120 started.
2026-04-15 11:50:37,983 | INFO | lakeice_ncde | Epoch 54/120 | train batch 1/5 | batch_loss=0.01045108 | running_loss=0.01045108
2026-04-15 11:50:38,051 | INFO | lakeice_ncde | Epoch 54/120 | train batch 2/5 | batch_loss=0.01102168 | running_loss=0.01073638
2026-04-15 11:50:38,126 | INFO | lakeice_ncde | Epoch 54/120 | train batch 3/5 | batch_loss=0.01029202 | running_loss=0.01058826
2026-04-15 11:50:38,223 | INFO | lakeice_ncde | Epoch 54/120 | train batch 4/5 | batch_loss=0.01065477 | running_loss=0.01060489
2026-04-15 11:50:38,273 | INFO | lakeice_ncde | Epoch 54/120 | train batch 5/5 | batch_loss=0.01348456 | running_loss=0.01118082
2026-04-15 11:50:38,292 | INFO | lakeice_ncde | Epoch 54 complete | train_loss=0.01118082 | val_loss=0.11536131 | val_rmse=0.33964881 | val_mae=0.28166861 | val_r2=-0.83991209
2026-04-15 11:50:38,302 | INFO | lakeice_ncde | Epoch 55/120 started.
2026-04-15 11:50:38,400 | INFO | lakeice_ncde | Epoch 55/120 | train batch 1/5 | batch_loss=0.01211359 | running_loss=0.01211359
2026-04-15 11:50:38,510 | INFO | lakeice_ncde | Epoch 55/120 | train batch 2/5 | batch_loss=0.01092068 | running_loss=0.01151713
2026-04-15 11:50:38,594 | INFO | lakeice_ncde | Epoch 55/120 | train batch 3/5 | batch_loss=0.00936560 | running_loss=0.01079996
2026-04-15 11:50:38,696 | INFO | lakeice_ncde | Epoch 55/120 | train batch 4/5 | batch_loss=0.00939368 | running_loss=0.01044839
2026-04-15 11:50:38,797 | INFO | lakeice_ncde | Epoch 55/120 | train batch 5/5 | batch_loss=0.01184368 | running_loss=0.01072745
2026-04-15 11:50:38,817 | INFO | lakeice_ncde | Epoch 55 complete | train_loss=0.01072745 | val_loss=0.11644707 | val_rmse=0.34124341 | val_mae=0.28183540 | val_r2=-0.85722890
2026-04-15 11:50:38,828 | INFO | lakeice_ncde | Epoch 56/120 started.
2026-04-15 11:50:38,904 | INFO | lakeice_ncde | Epoch 56/120 | train batch 1/5 | batch_loss=0.01069136 | running_loss=0.01069136
2026-04-15 11:50:39,020 | INFO | lakeice_ncde | Epoch 56/120 | train batch 2/5 | batch_loss=0.01135283 | running_loss=0.01102209
2026-04-15 11:50:39,103 | INFO | lakeice_ncde | Epoch 56/120 | train batch 3/5 | batch_loss=0.01027536 | running_loss=0.01077318
2026-04-15 11:50:39,212 | INFO | lakeice_ncde | Epoch 56/120 | train batch 4/5 | batch_loss=0.01018507 | running_loss=0.01062615
2026-04-15 11:50:39,294 | INFO | lakeice_ncde | Epoch 56/120 | train batch 5/5 | batch_loss=0.01078591 | running_loss=0.01065811
2026-04-15 11:50:39,315 | INFO | lakeice_ncde | Epoch 56 complete | train_loss=0.01065811 | val_loss=0.11517629 | val_rmse=0.33937633 | val_mae=0.28082312 | val_r2=-0.83696120
2026-04-15 11:50:39,326 | INFO | lakeice_ncde | Epoch 57/120 started.
2026-04-15 11:50:39,428 | INFO | lakeice_ncde | Epoch 57/120 | train batch 1/5 | batch_loss=0.01063044 | running_loss=0.01063044
2026-04-15 11:50:39,543 | INFO | lakeice_ncde | Epoch 57/120 | train batch 2/5 | batch_loss=0.00895560 | running_loss=0.00979302
2026-04-15 11:50:39,638 | INFO | lakeice_ncde | Epoch 57/120 | train batch 3/5 | batch_loss=0.01241151 | running_loss=0.01066585
2026-04-15 11:50:39,761 | INFO | lakeice_ncde | Epoch 57/120 | train batch 4/5 | batch_loss=0.01176672 | running_loss=0.01094107
2026-04-15 11:50:39,837 | INFO | lakeice_ncde | Epoch 57/120 | train batch 5/5 | batch_loss=0.01301885 | running_loss=0.01135662
2026-04-15 11:50:39,860 | INFO | lakeice_ncde | Epoch 57 complete | train_loss=0.01135662 | val_loss=0.11426792 | val_rmse=0.33803538 | val_mae=0.28013146 | val_r2=-0.82247344
2026-04-15 11:50:39,871 | INFO | lakeice_ncde | Epoch 58/120 started.
2026-04-15 11:50:40,010 | INFO | lakeice_ncde | Epoch 58/120 | train batch 1/5 | batch_loss=0.01040446 | running_loss=0.01040446
2026-04-15 11:50:40,118 | INFO | lakeice_ncde | Epoch 58/120 | train batch 2/5 | batch_loss=0.01200856 | running_loss=0.01120651
2026-04-15 11:50:40,217 | INFO | lakeice_ncde | Epoch 58/120 | train batch 3/5 | batch_loss=0.01083448 | running_loss=0.01108250
2026-04-15 11:50:40,317 | INFO | lakeice_ncde | Epoch 58/120 | train batch 4/5 | batch_loss=0.00929791 | running_loss=0.01063636
2026-04-15 11:50:40,377 | INFO | lakeice_ncde | Epoch 58/120 | train batch 5/5 | batch_loss=0.00981384 | running_loss=0.01047185
2026-04-15 11:50:40,400 | INFO | lakeice_ncde | Epoch 58 complete | train_loss=0.01047185 | val_loss=0.11316934 | val_rmse=0.33640651 | val_mae=0.27957538 | val_r2=-0.80495206
2026-04-15 11:50:40,412 | INFO | lakeice_ncde | Epoch 59/120 started.
2026-04-15 11:50:40,547 | INFO | lakeice_ncde | Epoch 59/120 | train batch 1/5 | batch_loss=0.00961006 | running_loss=0.00961006
2026-04-15 11:50:40,642 | INFO | lakeice_ncde | Epoch 59/120 | train batch 2/5 | batch_loss=0.00977246 | running_loss=0.00969126
2026-04-15 11:50:40,709 | INFO | lakeice_ncde | Epoch 59/120 | train batch 3/5 | batch_loss=0.01129419 | running_loss=0.01022557
2026-04-15 11:50:40,809 | INFO | lakeice_ncde | Epoch 59/120 | train batch 4/5 | batch_loss=0.01333842 | running_loss=0.01100378
2026-04-15 11:50:40,876 | INFO | lakeice_ncde | Epoch 59/120 | train batch 5/5 | batch_loss=0.00967905 | running_loss=0.01073883
2026-04-15 11:50:40,899 | INFO | lakeice_ncde | Epoch 59 complete | train_loss=0.01073883 | val_loss=0.11181895 | val_rmse=0.33439341 | val_mae=0.27932803 | val_r2=-0.78341458
2026-04-15 11:50:40,909 | INFO | lakeice_ncde | Epoch 60/120 started.
2026-04-15 11:50:41,012 | INFO | lakeice_ncde | Epoch 60/120 | train batch 1/5 | batch_loss=0.00880688 | running_loss=0.00880688
2026-04-15 11:50:41,109 | INFO | lakeice_ncde | Epoch 60/120 | train batch 2/5 | batch_loss=0.00977145 | running_loss=0.00928916
2026-04-15 11:50:41,184 | INFO | lakeice_ncde | Epoch 60/120 | train batch 3/5 | batch_loss=0.01023372 | running_loss=0.00960402
2026-04-15 11:50:41,272 | INFO | lakeice_ncde | Epoch 60/120 | train batch 4/5 | batch_loss=0.01187085 | running_loss=0.01017072
2026-04-15 11:50:41,331 | INFO | lakeice_ncde | Epoch 60/120 | train batch 5/5 | batch_loss=0.00813854 | running_loss=0.00976429
2026-04-15 11:50:41,353 | INFO | lakeice_ncde | Epoch 60 complete | train_loss=0.00976429 | val_loss=0.11085775 | val_rmse=0.33295307 | val_mae=0.27899759 | val_r2=-0.76808417
2026-04-15 11:50:41,364 | INFO | lakeice_ncde | Epoch 61/120 started.
2026-04-15 11:50:41,431 | INFO | lakeice_ncde | Epoch 61/120 | train batch 1/5 | batch_loss=0.01048279 | running_loss=0.01048279
2026-04-15 11:50:41,515 | INFO | lakeice_ncde | Epoch 61/120 | train batch 2/5 | batch_loss=0.00894699 | running_loss=0.00971489
2026-04-15 11:50:41,612 | INFO | lakeice_ncde | Epoch 61/120 | train batch 3/5 | batch_loss=0.00981955 | running_loss=0.00974978
2026-04-15 11:50:41,683 | INFO | lakeice_ncde | Epoch 61/120 | train batch 4/5 | batch_loss=0.01134304 | running_loss=0.01014809
2026-04-15 11:50:41,760 | INFO | lakeice_ncde | Epoch 61/120 | train batch 5/5 | batch_loss=0.01194385 | running_loss=0.01050724
2026-04-15 11:50:41,779 | INFO | lakeice_ncde | Epoch 61 complete | train_loss=0.01050724 | val_loss=0.11103663 | val_rmse=0.33322159 | val_mae=0.27898683 | val_r2=-0.77093716
2026-04-15 11:50:41,788 | INFO | lakeice_ncde | Epoch 62/120 started.
2026-04-15 11:50:41,901 | INFO | lakeice_ncde | Epoch 62/120 | train batch 1/5 | batch_loss=0.01278757 | running_loss=0.01278757
2026-04-15 11:50:41,970 | INFO | lakeice_ncde | Epoch 62/120 | train batch 2/5 | batch_loss=0.00783658 | running_loss=0.01031207
2026-04-15 11:50:42,047 | INFO | lakeice_ncde | Epoch 62/120 | train batch 3/5 | batch_loss=0.01035457 | running_loss=0.01032624
2026-04-15 11:50:42,128 | INFO | lakeice_ncde | Epoch 62/120 | train batch 4/5 | batch_loss=0.01062037 | running_loss=0.01039977
2026-04-15 11:50:42,189 | INFO | lakeice_ncde | Epoch 62/120 | train batch 5/5 | batch_loss=0.01261863 | running_loss=0.01084354
2026-04-15 11:50:42,207 | INFO | lakeice_ncde | Epoch 62 complete | train_loss=0.01084354 | val_loss=0.11094019 | val_rmse=0.33307686 | val_mae=0.27865850 | val_r2=-0.76939913
2026-04-15 11:50:42,217 | INFO | lakeice_ncde | Early stopping triggered at epoch 62.
2026-04-15 11:50:42,352 | INFO | lakeice_ncde | Final evaluation | val_loss=0.11094019 | test_loss=0.14051123 | best_val_rmse=0.32697530 | best_epoch=42
2026-04-15 11:50:46,644 | INFO | lakeice_ncde | PDF report saved to S:\STU-Papers\My_Papers\EXP1-Pre-Training-Standalone\outputs\runs\xiaoxingkai_transfer_daily12\xiaoxingkai_transfer_daily12_20260415_115007\figures\report.pdf
2026-04-15 11:50:46,657 | INFO | lakeice_ncde | Finished experiment 'xiaoxingkai_transfer_daily12'. Run directory: S:\STU-Papers\My_Papers\EXP1-Pre-Training-Standalone\outputs\runs\xiaoxingkai_transfer_daily12\xiaoxingkai_transfer_daily12_20260415_115007
