2026-04-15 12:48:07,839 | INFO | lakeice_ncde | Starting experiment 'xiaoxingkai_transfer_daily12'
2026-04-15 12:48:07,844 | INFO | lakeice_ncde | Run directory: S:\STU-Papers\My_Papers\EXP1-Pre-Training-Standalone\outputs\runs\xiaoxingkai_transfer_daily12\xiaoxingkai_transfer_daily12_20260415_124807
2026-04-15 12:48:07,847 | INFO | lakeice_ncde | Running target transfer | target=【Li】Lake Xiaoxingkai | train=['【Huo】Lake Hnagzhang', '【Huo】Lake Ulansu', '【North Temperate Lakes LTER】Crystal Lake (NTL)', '【North Temperate Lakes LTER】Bog 27-2 (Crystal Bog)', '【North Temperate Lakes LTER】Sparkling Lake', '【North Temperate Lakes LTER】Big Muskellunge Lake', '【North Temperate Lakes LTER】Allequash Lake', '【North Temperate Lakes LTER】Bog 12-15 (Trout Bog)', '【North Temperate Lakes LTER】Trout Lake', '【IISD Experimental】Lake 239', '【IISD Experimental】Lake 302']
2026-04-15 12:48:07,853 | INFO | lakeice_ncde | Target lake test starts at 2026-01-01; target rows before the cutoff are split into train and val.
2026-04-15 12:48:07,856 | INFO | lakeice_ncde | Config summary | interpolation=hermite | method=midpoint | window_days=28 | batch_size=64 | target_transform=none
2026-04-15 12:48:07,918 | INFO | lakeice_ncde | Fold 'xiaoxingkai_transfer_daily12' -> train lakes (12): ['【Huo】Lake Hnagzhang', '【Huo】Lake Ulansu', '【IISD Experimental】Lake 239', '【IISD Experimental】Lake 302', '【Li】Lake Xiaoxingkai', '【North Temperate Lakes LTER】Allequash Lake', '【North Temperate Lakes LTER】Big Muskellunge Lake', '【North Temperate Lakes LTER】Bog 12-15 (Trout Bog)', '【North Temperate Lakes LTER】Bog 27-2 (Crystal Bog)', '【North Temperate Lakes LTER】Crystal Lake (NTL)', '【North Temperate Lakes LTER】Sparkling Lake', '【North Temperate Lakes LTER】Trout Lake']
2026-04-15 12:48:07,922 | INFO | lakeice_ncde | Fold 'xiaoxingkai_transfer_daily12' -> val lakes (12): ['【Huo】Lake Hnagzhang', '【Huo】Lake Ulansu', '【IISD Experimental】Lake 239', '【IISD Experimental】Lake 302', '【Li】Lake Xiaoxingkai', '【North Temperate Lakes LTER】Allequash Lake', '【North Temperate Lakes LTER】Big Muskellunge Lake', '【North Temperate Lakes LTER】Bog 12-15 (Trout Bog)', '【North Temperate Lakes LTER】Bog 27-2 (Crystal Bog)', '【North Temperate Lakes LTER】Crystal Lake (NTL)', '【North Temperate Lakes LTER】Sparkling Lake', '【North Temperate Lakes LTER】Trout Lake']
2026-04-15 12:48:07,925 | INFO | lakeice_ncde | Fold 'xiaoxingkai_transfer_daily12' -> test lakes (1): ['【Li】Lake Xiaoxingkai']
2026-04-15 12:48:07,942 | INFO | lakeice_ncde | Building train windows for split 'xiaoxingkai_transfer_daily12': 1251 rows across 12 lakes.
2026-04-15 12:48:08,152 | INFO | lakeice_ncde | Window progress for split 'train': 1/12 lakes processed, 89 windows built.
2026-04-15 12:48:08,474 | INFO | lakeice_ncde | Window progress for split 'train': 2/12 lakes processed, 233 windows built.
2026-04-15 12:48:08,693 | INFO | lakeice_ncde | Window progress for split 'train': 3/12 lakes processed, 295 windows built.
2026-04-15 12:48:08,809 | INFO | lakeice_ncde | Window progress for split 'train': 4/12 lakes processed, 322 windows built.
2026-04-15 12:48:08,865 | INFO | lakeice_ncde | Window progress for split 'train': 5/12 lakes processed, 345 windows built.
2026-04-15 12:48:09,006 | INFO | lakeice_ncde | Window progress for split 'train': 6/12 lakes processed, 361 windows built.
2026-04-15 12:48:09,168 | INFO | lakeice_ncde | Window progress for split 'train': 7/12 lakes processed, 372 windows built.
2026-04-15 12:48:09,356 | INFO | lakeice_ncde | Window progress for split 'train': 8/12 lakes processed, 394 windows built.
2026-04-15 12:48:09,497 | INFO | lakeice_ncde | Window progress for split 'train': 9/12 lakes processed, 409 windows built.
2026-04-15 12:48:09,637 | INFO | lakeice_ncde | Window progress for split 'train': 10/12 lakes processed, 421 windows built.
2026-04-15 12:48:09,781 | INFO | lakeice_ncde | Window progress for split 'train': 11/12 lakes processed, 435 windows built.
2026-04-15 12:48:09,921 | INFO | lakeice_ncde | Window progress for split 'train': 12/12 lakes processed, 453 windows built.
2026-04-15 12:48:09,960 | INFO | lakeice_ncde | Saved train windows for split 'xiaoxingkai_transfer_daily12': 453 samples -> S:\STU-Papers\My_Papers\EXP1-Pre-Training-Standalone\data\windows_xiaoxingkai_transfer_daily12\xiaoxingkai_transfer_daily12\train_windows.pt
2026-04-15 12:48:09,962 | INFO | lakeice_ncde | Building val windows for split 'xiaoxingkai_transfer_daily12': 150 rows across 12 lakes.
2026-04-15 12:48:10,005 | INFO | lakeice_ncde | Window progress for split 'val': 1/12 lakes processed, 11 windows built.
2026-04-15 12:48:10,056 | INFO | lakeice_ncde | Window progress for split 'val': 2/12 lakes processed, 28 windows built.
2026-04-15 12:48:10,087 | INFO | lakeice_ncde | Window progress for split 'val': 3/12 lakes processed, 32 windows built.
2026-04-15 12:48:10,114 | INFO | lakeice_ncde | Window progress for split 'val': 4/12 lakes processed, 35 windows built.
2026-04-15 12:48:10,136 | INFO | lakeice_ncde | Window progress for split 'val': 5/12 lakes processed, 42 windows built.
2026-04-15 12:48:10,162 | INFO | lakeice_ncde | Window progress for split 'val': 6/12 lakes processed, 46 windows built.
2026-04-15 12:48:10,190 | INFO | lakeice_ncde | Window progress for split 'val': 7/12 lakes processed, 50 windows built.
2026-04-15 12:48:10,216 | INFO | lakeice_ncde | Window progress for split 'val': 8/12 lakes processed, 54 windows built.
2026-04-15 12:48:10,242 | INFO | lakeice_ncde | Window progress for split 'val': 9/12 lakes processed, 58 windows built.
2026-04-15 12:48:10,271 | INFO | lakeice_ncde | Window progress for split 'val': 10/12 lakes processed, 61 windows built.
2026-04-15 12:48:10,299 | INFO | lakeice_ncde | Window progress for split 'val': 11/12 lakes processed, 65 windows built.
2026-04-15 12:48:10,322 | INFO | lakeice_ncde | Window progress for split 'val': 12/12 lakes processed, 67 windows built.
2026-04-15 12:48:10,335 | INFO | lakeice_ncde | Saved val windows for split 'xiaoxingkai_transfer_daily12': 67 samples -> S:\STU-Papers\My_Papers\EXP1-Pre-Training-Standalone\data\windows_xiaoxingkai_transfer_daily12\xiaoxingkai_transfer_daily12\val_windows.pt
2026-04-15 12:48:10,338 | INFO | lakeice_ncde | Building test windows for split 'xiaoxingkai_transfer_daily12': 37 rows across 1 lakes.
2026-04-15 12:48:10,421 | INFO | lakeice_ncde | Window progress for split 'test': 1/1 lakes processed, 36 windows built.
2026-04-15 12:48:10,434 | INFO | lakeice_ncde | Saved test windows for split 'xiaoxingkai_transfer_daily12': 36 samples -> S:\STU-Papers\My_Papers\EXP1-Pre-Training-Standalone\data\windows_xiaoxingkai_transfer_daily12\xiaoxingkai_transfer_daily12\test_windows.pt
2026-04-15 12:48:10,608 | INFO | lakeice_ncde | Balanced windows with train cap=160 and val cap=20
2026-04-15 12:48:11,372 | INFO | lakeice_ncde | Computing hermite coefficients for 453 windows from S:\STU-Papers\My_Papers\EXP1-Pre-Training-Standalone\data\windows_xiaoxingkai_transfer_daily12\xiaoxingkai_transfer_daily12\train_windows.pt
2026-04-15 12:48:11,376 | INFO | lakeice_ncde | Coefficient progress for train_windows.pt: 1/453 windows processed.
2026-04-15 12:48:11,393 | INFO | lakeice_ncde | Coefficient progress for train_windows.pt: 45/453 windows processed.
2026-04-15 12:48:11,415 | INFO | lakeice_ncde | Coefficient progress for train_windows.pt: 90/453 windows processed.
2026-04-15 12:48:11,435 | INFO | lakeice_ncde | Coefficient progress for train_windows.pt: 135/453 windows processed.
2026-04-15 12:48:11,457 | INFO | lakeice_ncde | Coefficient progress for train_windows.pt: 180/453 windows processed.
2026-04-15 12:48:11,479 | INFO | lakeice_ncde | Coefficient progress for train_windows.pt: 225/453 windows processed.
2026-04-15 12:48:11,495 | INFO | lakeice_ncde | Coefficient progress for train_windows.pt: 270/453 windows processed.
2026-04-15 12:48:11,510 | INFO | lakeice_ncde | Coefficient progress for train_windows.pt: 315/453 windows processed.
2026-04-15 12:48:11,527 | INFO | lakeice_ncde | Coefficient progress for train_windows.pt: 360/453 windows processed.
2026-04-15 12:48:11,542 | INFO | lakeice_ncde | Coefficient progress for train_windows.pt: 405/453 windows processed.
2026-04-15 12:48:11,558 | INFO | lakeice_ncde | Coefficient progress for train_windows.pt: 450/453 windows processed.
2026-04-15 12:48:11,560 | INFO | lakeice_ncde | Coefficient progress for train_windows.pt: 453/453 windows processed.
2026-04-15 12:48:11,642 | INFO | lakeice_ncde | Computing hermite coefficients for 67 windows from S:\STU-Papers\My_Papers\EXP1-Pre-Training-Standalone\data\windows_xiaoxingkai_transfer_daily12\xiaoxingkai_transfer_daily12\val_windows.pt
2026-04-15 12:48:11,644 | INFO | lakeice_ncde | Coefficient progress for val_windows.pt: 1/67 windows processed.
2026-04-15 12:48:11,648 | INFO | lakeice_ncde | Coefficient progress for val_windows.pt: 6/67 windows processed.
2026-04-15 12:48:11,653 | INFO | lakeice_ncde | Coefficient progress for val_windows.pt: 12/67 windows processed.
2026-04-15 12:48:11,657 | INFO | lakeice_ncde | Coefficient progress for val_windows.pt: 18/67 windows processed.
2026-04-15 12:48:11,662 | INFO | lakeice_ncde | Coefficient progress for val_windows.pt: 24/67 windows processed.
2026-04-15 12:48:11,666 | INFO | lakeice_ncde | Coefficient progress for val_windows.pt: 30/67 windows processed.
2026-04-15 12:48:11,670 | INFO | lakeice_ncde | Coefficient progress for val_windows.pt: 36/67 windows processed.
2026-04-15 12:48:11,676 | INFO | lakeice_ncde | Coefficient progress for val_windows.pt: 42/67 windows processed.
2026-04-15 12:48:11,680 | INFO | lakeice_ncde | Coefficient progress for val_windows.pt: 48/67 windows processed.
2026-04-15 12:48:11,685 | INFO | lakeice_ncde | Coefficient progress for val_windows.pt: 54/67 windows processed.
2026-04-15 12:48:11,689 | INFO | lakeice_ncde | Coefficient progress for val_windows.pt: 60/67 windows processed.
2026-04-15 12:48:11,692 | INFO | lakeice_ncde | Coefficient progress for val_windows.pt: 66/67 windows processed.
2026-04-15 12:48:11,695 | INFO | lakeice_ncde | Coefficient progress for val_windows.pt: 67/67 windows processed.
2026-04-15 12:48:11,726 | INFO | lakeice_ncde | Computing hermite coefficients for 36 windows from S:\STU-Papers\My_Papers\EXP1-Pre-Training-Standalone\data\windows_xiaoxingkai_transfer_daily12\xiaoxingkai_transfer_daily12\test_windows.pt
2026-04-15 12:48:11,728 | INFO | lakeice_ncde | Coefficient progress for test_windows.pt: 1/36 windows processed.
2026-04-15 12:48:11,730 | INFO | lakeice_ncde | Coefficient progress for test_windows.pt: 3/36 windows processed.
2026-04-15 12:48:11,733 | INFO | lakeice_ncde | Coefficient progress for test_windows.pt: 6/36 windows processed.
2026-04-15 12:48:11,736 | INFO | lakeice_ncde | Coefficient progress for test_windows.pt: 9/36 windows processed.
2026-04-15 12:48:11,739 | INFO | lakeice_ncde | Coefficient progress for test_windows.pt: 12/36 windows processed.
2026-04-15 12:48:11,742 | INFO | lakeice_ncde | Coefficient progress for test_windows.pt: 15/36 windows processed.
2026-04-15 12:48:11,745 | INFO | lakeice_ncde | Coefficient progress for test_windows.pt: 18/36 windows processed.
2026-04-15 12:48:11,748 | INFO | lakeice_ncde | Coefficient progress for test_windows.pt: 21/36 windows processed.
2026-04-15 12:48:11,751 | INFO | lakeice_ncde | Coefficient progress for test_windows.pt: 24/36 windows processed.
2026-04-15 12:48:11,755 | INFO | lakeice_ncde | Coefficient progress for test_windows.pt: 27/36 windows processed.
2026-04-15 12:48:11,758 | INFO | lakeice_ncde | Coefficient progress for test_windows.pt: 30/36 windows processed.
2026-04-15 12:48:11,761 | INFO | lakeice_ncde | Coefficient progress for test_windows.pt: 33/36 windows processed.
2026-04-15 12:48:11,764 | INFO | lakeice_ncde | Coefficient progress for test_windows.pt: 36/36 windows processed.
2026-04-15 12:48:11,779 | INFO | lakeice_ncde | Saved 3 coefficient bundle(s) under S:\STU-Papers\My_Papers\EXP1-Pre-Training-Standalone\data\coeffs_xiaoxingkai_transfer_daily12
2026-04-15 12:48:11,873 | INFO | lakeice_ncde | Data summary | train=453 | val=67 | test=36 | input_channels=12 | batch_parallel=True
2026-04-15 12:48:14,825 | INFO | lakeice_ncde | Training on cuda | train_batches=8 | val_batches=2 | test_batches=1
2026-04-15 12:48:14,827 | INFO | lakeice_ncde | Epoch 1/120 started.
2026-04-15 12:48:15,235 | INFO | lakeice_ncde | Epoch 1/120 | train batch 1/8 | batch_loss=0.11022791 | running_loss=0.11022791
2026-04-15 12:48:15,371 | INFO | lakeice_ncde | Epoch 1/120 | train batch 2/8 | batch_loss=0.09012938 | running_loss=0.10017864
2026-04-15 12:48:15,545 | INFO | lakeice_ncde | Epoch 1/120 | train batch 3/8 | batch_loss=0.09953438 | running_loss=0.09996389
2026-04-15 12:48:15,784 | INFO | lakeice_ncde | Epoch 1/120 | train batch 4/8 | batch_loss=0.13980235 | running_loss=0.10992350
2026-04-15 12:48:15,991 | INFO | lakeice_ncde | Epoch 1/120 | train batch 5/8 | batch_loss=0.16599010 | running_loss=0.12113682
2026-04-15 12:48:16,235 | INFO | lakeice_ncde | Epoch 1/120 | train batch 6/8 | batch_loss=0.08666681 | running_loss=0.11539182
2026-04-15 12:48:16,428 | INFO | lakeice_ncde | Epoch 1/120 | train batch 7/8 | batch_loss=0.10948789 | running_loss=0.11454840
2026-04-15 12:48:16,472 | INFO | lakeice_ncde | Epoch 1/120 | train batch 8/8 | batch_loss=0.25998053 | running_loss=0.13272742
2026-04-15 12:48:16,563 | INFO | lakeice_ncde | Epoch 1 complete | train_loss=0.13272742 | val_loss=60.29495328 | val_rmse=7.76498250 | val_mae=2.17197112 | val_r2=-1027.41062453
2026-04-15 12:48:16,588 | INFO | lakeice_ncde | Epoch 2/120 started.
2026-04-15 12:48:16,777 | INFO | lakeice_ncde | Epoch 2/120 | train batch 1/8 | batch_loss=0.06691898 | running_loss=0.06691898
2026-04-15 12:48:16,918 | INFO | lakeice_ncde | Epoch 2/120 | train batch 2/8 | batch_loss=0.12867007 | running_loss=0.09779452
2026-04-15 12:48:17,206 | INFO | lakeice_ncde | Epoch 2/120 | train batch 3/8 | batch_loss=0.06220161 | running_loss=0.08593022
2026-04-15 12:48:17,395 | INFO | lakeice_ncde | Epoch 2/120 | train batch 4/8 | batch_loss=0.17889237 | running_loss=0.10917076
2026-04-15 12:48:17,561 | INFO | lakeice_ncde | Epoch 2/120 | train batch 5/8 | batch_loss=0.08595888 | running_loss=0.10452838
2026-04-15 12:48:17,800 | INFO | lakeice_ncde | Epoch 2/120 | train batch 6/8 | batch_loss=0.09321530 | running_loss=0.10264287
2026-04-15 12:48:17,956 | INFO | lakeice_ncde | Epoch 2/120 | train batch 7/8 | batch_loss=0.11049002 | running_loss=0.10376389
2026-04-15 12:48:17,989 | INFO | lakeice_ncde | Epoch 2/120 | train batch 8/8 | batch_loss=0.18744873 | running_loss=0.11422449
2026-04-15 12:48:18,069 | INFO | lakeice_ncde | Epoch 2 complete | train_loss=0.11422449 | val_loss=89.20156352 | val_rmse=9.44465794 | val_mae=2.10123332 | val_r2=-1520.45131003
2026-04-15 12:48:18,078 | INFO | lakeice_ncde | Epoch 3/120 started.
2026-04-15 12:48:18,245 | INFO | lakeice_ncde | Epoch 3/120 | train batch 1/8 | batch_loss=0.06735323 | running_loss=0.06735323
2026-04-15 12:48:18,416 | INFO | lakeice_ncde | Epoch 3/120 | train batch 2/8 | batch_loss=0.04705743 | running_loss=0.05720533
2026-04-15 12:48:18,640 | INFO | lakeice_ncde | Epoch 3/120 | train batch 3/8 | batch_loss=0.05205810 | running_loss=0.05548959
2026-04-15 12:48:18,933 | INFO | lakeice_ncde | Epoch 3/120 | train batch 4/8 | batch_loss=0.05914530 | running_loss=0.05640352
2026-04-15 12:48:19,108 | INFO | lakeice_ncde | Epoch 3/120 | train batch 5/8 | batch_loss=0.05680827 | running_loss=0.05648447
2026-04-15 12:48:19,287 | INFO | lakeice_ncde | Epoch 3/120 | train batch 6/8 | batch_loss=0.04529428 | running_loss=0.05461944
2026-04-15 12:48:19,438 | INFO | lakeice_ncde | Epoch 3/120 | train batch 7/8 | batch_loss=0.06448146 | running_loss=0.05602830
2026-04-15 12:48:19,464 | INFO | lakeice_ncde | Epoch 3/120 | train batch 8/8 | batch_loss=0.01384874 | running_loss=0.05075585
2026-04-15 12:48:19,541 | INFO | lakeice_ncde | Epoch 3 complete | train_loss=0.05075585 | val_loss=95.70325031 | val_rmse=9.78280381 | val_mae=1.96327431 | val_r2=-1631.34622593
2026-04-15 12:48:19,550 | INFO | lakeice_ncde | Epoch 4/120 started.
2026-04-15 12:48:19,711 | INFO | lakeice_ncde | Epoch 4/120 | train batch 1/8 | batch_loss=0.04757124 | running_loss=0.04757124
2026-04-15 12:48:19,939 | INFO | lakeice_ncde | Epoch 4/120 | train batch 2/8 | batch_loss=0.02323804 | running_loss=0.03540464
2026-04-15 12:48:20,165 | INFO | lakeice_ncde | Epoch 4/120 | train batch 3/8 | batch_loss=0.02588025 | running_loss=0.03222985
2026-04-15 12:48:20,336 | INFO | lakeice_ncde | Epoch 4/120 | train batch 4/8 | batch_loss=0.13489494 | running_loss=0.05789612
2026-04-15 12:48:20,505 | INFO | lakeice_ncde | Epoch 4/120 | train batch 5/8 | batch_loss=0.02574306 | running_loss=0.05146551
2026-04-15 12:48:20,708 | INFO | lakeice_ncde | Epoch 4/120 | train batch 6/8 | batch_loss=0.06407307 | running_loss=0.05356677
2026-04-15 12:48:20,813 | INFO | lakeice_ncde | Epoch 4/120 | train batch 7/8 | batch_loss=0.07719451 | running_loss=0.05694216
2026-04-15 12:48:20,856 | INFO | lakeice_ncde | Epoch 4/120 | train batch 8/8 | batch_loss=0.13104783 | running_loss=0.06620537
2026-04-15 12:48:21,009 | INFO | lakeice_ncde | Epoch 4 complete | train_loss=0.06620537 | val_loss=73.35979463 | val_rmse=8.56503325 | val_mae=1.71637747 | val_r2=-1250.24887093
2026-04-15 12:48:21,020 | INFO | lakeice_ncde | Epoch 5/120 started.
2026-04-15 12:48:21,193 | INFO | lakeice_ncde | Epoch 5/120 | train batch 1/8 | batch_loss=0.03844615 | running_loss=0.03844615
2026-04-15 12:48:21,349 | INFO | lakeice_ncde | Epoch 5/120 | train batch 2/8 | batch_loss=0.14422190 | running_loss=0.09133403
2026-04-15 12:48:21,597 | INFO | lakeice_ncde | Epoch 5/120 | train batch 3/8 | batch_loss=0.04457276 | running_loss=0.07574694
2026-04-15 12:48:21,808 | INFO | lakeice_ncde | Epoch 5/120 | train batch 4/8 | batch_loss=0.02051023 | running_loss=0.06193776
2026-04-15 12:48:22,016 | INFO | lakeice_ncde | Epoch 5/120 | train batch 5/8 | batch_loss=0.03255101 | running_loss=0.05606041
2026-04-15 12:48:22,215 | INFO | lakeice_ncde | Epoch 5/120 | train batch 6/8 | batch_loss=0.04790162 | running_loss=0.05470061
2026-04-15 12:48:22,404 | INFO | lakeice_ncde | Epoch 5/120 | train batch 7/8 | batch_loss=0.04211882 | running_loss=0.05290321
2026-04-15 12:48:22,448 | INFO | lakeice_ncde | Epoch 5/120 | train batch 8/8 | batch_loss=0.00609024 | running_loss=0.04705159
2026-04-15 12:48:22,529 | INFO | lakeice_ncde | Epoch 5 complete | train_loss=0.04705159 | val_loss=31.50229657 | val_rmse=5.61269067 | val_mae=1.16321012 | val_r2=-536.31356818
2026-04-15 12:48:22,551 | INFO | lakeice_ncde | Epoch 6/120 started.
2026-04-15 12:48:22,703 | INFO | lakeice_ncde | Epoch 6/120 | train batch 1/8 | batch_loss=0.09921789 | running_loss=0.09921789
2026-04-15 12:48:22,886 | INFO | lakeice_ncde | Epoch 6/120 | train batch 2/8 | batch_loss=0.02777993 | running_loss=0.06349891
2026-04-15 12:48:23,054 | INFO | lakeice_ncde | Epoch 6/120 | train batch 3/8 | batch_loss=0.02201039 | running_loss=0.04966941
2026-04-15 12:48:23,250 | INFO | lakeice_ncde | Epoch 6/120 | train batch 4/8 | batch_loss=0.03599705 | running_loss=0.04625132
2026-04-15 12:48:23,417 | INFO | lakeice_ncde | Epoch 6/120 | train batch 5/8 | batch_loss=0.02153485 | running_loss=0.04130802
2026-04-15 12:48:23,555 | INFO | lakeice_ncde | Epoch 6/120 | train batch 6/8 | batch_loss=0.06052390 | running_loss=0.04451067
2026-04-15 12:48:23,757 | INFO | lakeice_ncde | Epoch 6/120 | train batch 7/8 | batch_loss=0.02370870 | running_loss=0.04153896
2026-04-15 12:48:23,802 | INFO | lakeice_ncde | Epoch 6/120 | train batch 8/8 | batch_loss=0.01210224 | running_loss=0.03785937
2026-04-15 12:48:23,891 | INFO | lakeice_ncde | Epoch 6 complete | train_loss=0.03785937 | val_loss=14.43461346 | val_rmse=3.79929118 | val_mae=0.84133602 | val_r2=-245.20153159
2026-04-15 12:48:23,915 | INFO | lakeice_ncde | Epoch 7/120 started.
2026-04-15 12:48:24,066 | INFO | lakeice_ncde | Epoch 7/120 | train batch 1/8 | batch_loss=0.02959502 | running_loss=0.02959502
2026-04-15 12:48:24,252 | INFO | lakeice_ncde | Epoch 7/120 | train batch 2/8 | batch_loss=0.04247367 | running_loss=0.03603434
2026-04-15 12:48:24,437 | INFO | lakeice_ncde | Epoch 7/120 | train batch 3/8 | batch_loss=0.01503149 | running_loss=0.02903339
2026-04-15 12:48:24,625 | INFO | lakeice_ncde | Epoch 7/120 | train batch 4/8 | batch_loss=0.02318480 | running_loss=0.02757124
2026-04-15 12:48:24,745 | INFO | lakeice_ncde | Epoch 7/120 | train batch 5/8 | batch_loss=0.02428851 | running_loss=0.02691470
2026-04-15 12:48:24,941 | INFO | lakeice_ncde | Epoch 7/120 | train batch 6/8 | batch_loss=0.02361970 | running_loss=0.02636553
2026-04-15 12:48:25,096 | INFO | lakeice_ncde | Epoch 7/120 | train batch 7/8 | batch_loss=0.02103092 | running_loss=0.02560344
2026-04-15 12:48:25,158 | INFO | lakeice_ncde | Epoch 7/120 | train batch 8/8 | batch_loss=0.01966203 | running_loss=0.02486077
2026-04-15 12:48:25,247 | INFO | lakeice_ncde | Epoch 7 complete | train_loss=0.02486077 | val_loss=16.36112185 | val_rmse=4.04488836 | val_mae=0.93782701 | val_r2=-278.06069461
2026-04-15 12:48:25,256 | INFO | lakeice_ncde | Epoch 8/120 started.
2026-04-15 12:48:25,435 | INFO | lakeice_ncde | Epoch 8/120 | train batch 1/8 | batch_loss=0.02349378 | running_loss=0.02349378
2026-04-15 12:48:25,609 | INFO | lakeice_ncde | Epoch 8/120 | train batch 2/8 | batch_loss=0.02684023 | running_loss=0.02516701
2026-04-15 12:48:25,815 | INFO | lakeice_ncde | Epoch 8/120 | train batch 3/8 | batch_loss=0.01931154 | running_loss=0.02321519
2026-04-15 12:48:25,980 | INFO | lakeice_ncde | Epoch 8/120 | train batch 4/8 | batch_loss=0.02541767 | running_loss=0.02376581
2026-04-15 12:48:26,137 | INFO | lakeice_ncde | Epoch 8/120 | train batch 5/8 | batch_loss=0.03085816 | running_loss=0.02518428
2026-04-15 12:48:26,327 | INFO | lakeice_ncde | Epoch 8/120 | train batch 6/8 | batch_loss=0.02554073 | running_loss=0.02524369
2026-04-15 12:48:26,422 | INFO | lakeice_ncde | Epoch 8/120 | train batch 7/8 | batch_loss=0.02431440 | running_loss=0.02511093
2026-04-15 12:48:26,464 | INFO | lakeice_ncde | Epoch 8/120 | train batch 8/8 | batch_loss=0.01987570 | running_loss=0.02445653
2026-04-15 12:48:26,542 | INFO | lakeice_ncde | Epoch 8 complete | train_loss=0.02445653 | val_loss=15.10469439 | val_rmse=3.88647583 | val_mae=0.86535271 | val_r2=-256.63065305
2026-04-15 12:48:26,551 | INFO | lakeice_ncde | Epoch 9/120 started.
2026-04-15 12:48:26,703 | INFO | lakeice_ncde | Epoch 9/120 | train batch 1/8 | batch_loss=0.02571541 | running_loss=0.02571541
2026-04-15 12:48:26,922 | INFO | lakeice_ncde | Epoch 9/120 | train batch 2/8 | batch_loss=0.02033740 | running_loss=0.02302641
2026-04-15 12:48:27,099 | INFO | lakeice_ncde | Epoch 9/120 | train batch 3/8 | batch_loss=0.02980843 | running_loss=0.02528708
2026-04-15 12:48:27,245 | INFO | lakeice_ncde | Epoch 9/120 | train batch 4/8 | batch_loss=0.03292349 | running_loss=0.02719618
2026-04-15 12:48:27,418 | INFO | lakeice_ncde | Epoch 9/120 | train batch 5/8 | batch_loss=0.02224167 | running_loss=0.02620528
2026-04-15 12:48:27,604 | INFO | lakeice_ncde | Epoch 9/120 | train batch 6/8 | batch_loss=0.02206410 | running_loss=0.02551509
2026-04-15 12:48:27,800 | INFO | lakeice_ncde | Epoch 9/120 | train batch 7/8 | batch_loss=0.04169459 | running_loss=0.02782644
2026-04-15 12:48:27,845 | INFO | lakeice_ncde | Epoch 9/120 | train batch 8/8 | batch_loss=0.00953466 | running_loss=0.02553997
2026-04-15 12:48:27,921 | INFO | lakeice_ncde | Epoch 9 complete | train_loss=0.02553997 | val_loss=18.38270880 | val_rmse=4.28750613 | val_mae=0.97516445 | val_r2=-312.54154881
2026-04-15 12:48:27,930 | INFO | lakeice_ncde | Epoch 10/120 started.
2026-04-15 12:48:28,052 | INFO | lakeice_ncde | Epoch 10/120 | train batch 1/8 | batch_loss=0.06375702 | running_loss=0.06375702
2026-04-15 12:48:28,231 | INFO | lakeice_ncde | Epoch 10/120 | train batch 2/8 | batch_loss=0.03875423 | running_loss=0.05125562
2026-04-15 12:48:28,422 | INFO | lakeice_ncde | Epoch 10/120 | train batch 3/8 | batch_loss=0.02553919 | running_loss=0.04268348
2026-04-15 12:48:28,568 | INFO | lakeice_ncde | Epoch 10/120 | train batch 4/8 | batch_loss=0.04808947 | running_loss=0.04403498
2026-04-15 12:48:28,753 | INFO | lakeice_ncde | Epoch 10/120 | train batch 5/8 | batch_loss=0.02184136 | running_loss=0.03959625
2026-04-15 12:48:28,939 | INFO | lakeice_ncde | Epoch 10/120 | train batch 6/8 | batch_loss=0.03434122 | running_loss=0.03872041
2026-04-15 12:48:29,114 | INFO | lakeice_ncde | Epoch 10/120 | train batch 7/8 | batch_loss=0.01765994 | running_loss=0.03571178
2026-04-15 12:48:29,188 | INFO | lakeice_ncde | Epoch 10/120 | train batch 8/8 | batch_loss=0.01780365 | running_loss=0.03347326
2026-04-15 12:48:29,262 | INFO | lakeice_ncde | Epoch 10 complete | train_loss=0.03347326 | val_loss=21.93336741 | val_rmse=4.68330732 | val_mae=1.02096453 | val_r2=-373.10275408
2026-04-15 12:48:29,271 | INFO | lakeice_ncde | Epoch 11/120 started.
2026-04-15 12:48:29,441 | INFO | lakeice_ncde | Epoch 11/120 | train batch 1/8 | batch_loss=0.02441391 | running_loss=0.02441391
2026-04-15 12:48:29,618 | INFO | lakeice_ncde | Epoch 11/120 | train batch 2/8 | batch_loss=0.02154238 | running_loss=0.02297814
2026-04-15 12:48:29,775 | INFO | lakeice_ncde | Epoch 11/120 | train batch 3/8 | batch_loss=0.03339659 | running_loss=0.02645096
2026-04-15 12:48:29,930 | INFO | lakeice_ncde | Epoch 11/120 | train batch 4/8 | batch_loss=0.01847573 | running_loss=0.02445715
2026-04-15 12:48:30,132 | INFO | lakeice_ncde | Epoch 11/120 | train batch 5/8 | batch_loss=0.01859416 | running_loss=0.02328455
2026-04-15 12:48:30,340 | INFO | lakeice_ncde | Epoch 11/120 | train batch 6/8 | batch_loss=0.01802980 | running_loss=0.02240876
2026-04-15 12:48:30,493 | INFO | lakeice_ncde | Epoch 11/120 | train batch 7/8 | batch_loss=0.02691540 | running_loss=0.02305257
2026-04-15 12:48:30,538 | INFO | lakeice_ncde | Epoch 11/120 | train batch 8/8 | batch_loss=0.00843538 | running_loss=0.02122542
2026-04-15 12:48:30,612 | INFO | lakeice_ncde | Epoch 11 complete | train_loss=0.02122542 | val_loss=22.77048416 | val_rmse=4.77184285 | val_mae=0.98878017 | val_r2=-387.38089368
2026-04-15 12:48:30,621 | INFO | lakeice_ncde | Epoch 12/120 started.
2026-04-15 12:48:30,812 | INFO | lakeice_ncde | Epoch 12/120 | train batch 1/8 | batch_loss=0.01773830 | running_loss=0.01773830
2026-04-15 12:48:30,990 | INFO | lakeice_ncde | Epoch 12/120 | train batch 2/8 | batch_loss=0.03004134 | running_loss=0.02388982
2026-04-15 12:48:31,189 | INFO | lakeice_ncde | Epoch 12/120 | train batch 3/8 | batch_loss=0.01549822 | running_loss=0.02109262
2026-04-15 12:48:31,335 | INFO | lakeice_ncde | Epoch 12/120 | train batch 4/8 | batch_loss=0.02024788 | running_loss=0.02088144
2026-04-15 12:48:31,610 | INFO | lakeice_ncde | Epoch 12/120 | train batch 5/8 | batch_loss=0.03157485 | running_loss=0.02302012
2026-04-15 12:48:31,777 | INFO | lakeice_ncde | Epoch 12/120 | train batch 6/8 | batch_loss=0.01930073 | running_loss=0.02240022
2026-04-15 12:48:31,923 | INFO | lakeice_ncde | Epoch 12/120 | train batch 7/8 | batch_loss=0.02419006 | running_loss=0.02265591
2026-04-15 12:48:31,967 | INFO | lakeice_ncde | Epoch 12/120 | train batch 8/8 | batch_loss=0.01300190 | running_loss=0.02144916
2026-04-15 12:48:32,047 | INFO | lakeice_ncde | Epoch 12 complete | train_loss=0.02144916 | val_loss=15.22459784 | val_rmse=3.90187107 | val_mae=0.86732604 | val_r2=-258.67576595
2026-04-15 12:48:32,056 | INFO | lakeice_ncde | Epoch 13/120 started.
2026-04-15 12:48:32,211 | INFO | lakeice_ncde | Epoch 13/120 | train batch 1/8 | batch_loss=0.02138570 | running_loss=0.02138570
2026-04-15 12:48:32,383 | INFO | lakeice_ncde | Epoch 13/120 | train batch 2/8 | batch_loss=0.02060608 | running_loss=0.02099589
2026-04-15 12:48:32,538 | INFO | lakeice_ncde | Epoch 13/120 | train batch 3/8 | batch_loss=0.02261176 | running_loss=0.02153451
2026-04-15 12:48:32,727 | INFO | lakeice_ncde | Epoch 13/120 | train batch 4/8 | batch_loss=0.03281562 | running_loss=0.02435479
2026-04-15 12:48:32,912 | INFO | lakeice_ncde | Epoch 13/120 | train batch 5/8 | batch_loss=0.02858956 | running_loss=0.02520174
2026-04-15 12:48:33,068 | INFO | lakeice_ncde | Epoch 13/120 | train batch 6/8 | batch_loss=0.02614474 | running_loss=0.02535891
2026-04-15 12:48:33,215 | INFO | lakeice_ncde | Epoch 13/120 | train batch 7/8 | batch_loss=0.02537787 | running_loss=0.02536162
2026-04-15 12:48:33,255 | INFO | lakeice_ncde | Epoch 13/120 | train batch 8/8 | batch_loss=0.08463179 | running_loss=0.03277039
2026-04-15 12:48:33,331 | INFO | lakeice_ncde | Epoch 13 complete | train_loss=0.03277039 | val_loss=4.69773443 | val_rmse=2.16742576 | val_mae=0.62778772 | val_r2=-79.12610900
2026-04-15 12:48:33,355 | INFO | lakeice_ncde | Epoch 14/120 started.
2026-04-15 12:48:33,531 | INFO | lakeice_ncde | Epoch 14/120 | train batch 1/8 | batch_loss=0.02332450 | running_loss=0.02332450
2026-04-15 12:48:33,692 | INFO | lakeice_ncde | Epoch 14/120 | train batch 2/8 | batch_loss=0.02286172 | running_loss=0.02309311
2026-04-15 12:48:33,885 | INFO | lakeice_ncde | Epoch 14/120 | train batch 3/8 | batch_loss=0.01968129 | running_loss=0.02195584
2026-04-15 12:48:34,029 | INFO | lakeice_ncde | Epoch 14/120 | train batch 4/8 | batch_loss=0.01549154 | running_loss=0.02033976
2026-04-15 12:48:34,182 | INFO | lakeice_ncde | Epoch 14/120 | train batch 5/8 | batch_loss=0.01788071 | running_loss=0.01984795
2026-04-15 12:48:34,358 | INFO | lakeice_ncde | Epoch 14/120 | train batch 6/8 | batch_loss=0.01951742 | running_loss=0.01979286
2026-04-15 12:48:34,503 | INFO | lakeice_ncde | Epoch 14/120 | train batch 7/8 | batch_loss=0.03610642 | running_loss=0.02212337
2026-04-15 12:48:34,540 | INFO | lakeice_ncde | Epoch 14/120 | train batch 8/8 | batch_loss=0.01145670 | running_loss=0.02079004
2026-04-15 12:48:34,613 | INFO | lakeice_ncde | Epoch 14 complete | train_loss=0.02079004 | val_loss=4.92588299 | val_rmse=2.21943303 | val_mae=0.63038692 | val_r2=-83.01748615
2026-04-15 12:48:34,622 | INFO | lakeice_ncde | Epoch 15/120 started.
2026-04-15 12:48:34,808 | INFO | lakeice_ncde | Epoch 15/120 | train batch 1/8 | batch_loss=0.02235660 | running_loss=0.02235660
2026-04-15 12:48:34,970 | INFO | lakeice_ncde | Epoch 15/120 | train batch 2/8 | batch_loss=0.01327216 | running_loss=0.01781438
2026-04-15 12:48:35,127 | INFO | lakeice_ncde | Epoch 15/120 | train batch 3/8 | batch_loss=0.01596401 | running_loss=0.01719759
2026-04-15 12:48:35,279 | INFO | lakeice_ncde | Epoch 15/120 | train batch 4/8 | batch_loss=0.01791220 | running_loss=0.01737624
2026-04-15 12:48:35,451 | INFO | lakeice_ncde | Epoch 15/120 | train batch 5/8 | batch_loss=0.02337123 | running_loss=0.01857524
2026-04-15 12:48:35,654 | INFO | lakeice_ncde | Epoch 15/120 | train batch 6/8 | batch_loss=0.02308571 | running_loss=0.01932699
2026-04-15 12:48:35,894 | INFO | lakeice_ncde | Epoch 15/120 | train batch 7/8 | batch_loss=0.02067765 | running_loss=0.01951994
2026-04-15 12:48:35,936 | INFO | lakeice_ncde | Epoch 15/120 | train batch 8/8 | batch_loss=0.01116892 | running_loss=0.01847606
2026-04-15 12:48:36,026 | INFO | lakeice_ncde | Epoch 15 complete | train_loss=0.01847606 | val_loss=16.73157169 | val_rmse=4.09042439 | val_mae=0.88249497 | val_r2=-284.37920937
2026-04-15 12:48:36,036 | INFO | lakeice_ncde | Epoch 16/120 started.
2026-04-15 12:48:36,298 | INFO | lakeice_ncde | Epoch 16/120 | train batch 1/8 | batch_loss=0.01984353 | running_loss=0.01984353
2026-04-15 12:48:36,481 | INFO | lakeice_ncde | Epoch 16/120 | train batch 2/8 | batch_loss=0.02227827 | running_loss=0.02106090
2026-04-15 12:48:36,683 | INFO | lakeice_ncde | Epoch 16/120 | train batch 3/8 | batch_loss=0.02352642 | running_loss=0.02188274
2026-04-15 12:48:36,850 | INFO | lakeice_ncde | Epoch 16/120 | train batch 4/8 | batch_loss=0.02224833 | running_loss=0.02197414
2026-04-15 12:48:37,097 | INFO | lakeice_ncde | Epoch 16/120 | train batch 5/8 | batch_loss=0.02125416 | running_loss=0.02183014
2026-04-15 12:48:37,424 | INFO | lakeice_ncde | Epoch 16/120 | train batch 6/8 | batch_loss=0.01262020 | running_loss=0.02029515
2026-04-15 12:48:37,624 | INFO | lakeice_ncde | Epoch 16/120 | train batch 7/8 | batch_loss=0.01563054 | running_loss=0.01962878
2026-04-15 12:48:37,686 | INFO | lakeice_ncde | Epoch 16/120 | train batch 8/8 | batch_loss=0.01977781 | running_loss=0.01964741
2026-04-15 12:48:37,800 | INFO | lakeice_ncde | Epoch 16 complete | train_loss=0.01964741 | val_loss=29.48365455 | val_rmse=5.42988532 | val_mae=1.03021641 | val_r2=-501.88294367
2026-04-15 12:48:37,810 | INFO | lakeice_ncde | Epoch 17/120 started.
2026-04-15 12:48:38,025 | INFO | lakeice_ncde | Epoch 17/120 | train batch 1/8 | batch_loss=0.01639748 | running_loss=0.01639748
2026-04-15 12:48:38,182 | INFO | lakeice_ncde | Epoch 17/120 | train batch 2/8 | batch_loss=0.01901092 | running_loss=0.01770420
2026-04-15 12:48:38,340 | INFO | lakeice_ncde | Epoch 17/120 | train batch 3/8 | batch_loss=0.02057237 | running_loss=0.01866025
2026-04-15 12:48:38,572 | INFO | lakeice_ncde | Epoch 17/120 | train batch 4/8 | batch_loss=0.02002242 | running_loss=0.01900079
2026-04-15 12:48:38,728 | INFO | lakeice_ncde | Epoch 17/120 | train batch 5/8 | batch_loss=0.01515519 | running_loss=0.01823167
2026-04-15 12:48:38,881 | INFO | lakeice_ncde | Epoch 17/120 | train batch 6/8 | batch_loss=0.02484720 | running_loss=0.01933426
2026-04-15 12:48:39,040 | INFO | lakeice_ncde | Epoch 17/120 | train batch 7/8 | batch_loss=0.02327940 | running_loss=0.01989785
2026-04-15 12:48:39,085 | INFO | lakeice_ncde | Epoch 17/120 | train batch 8/8 | batch_loss=0.03461568 | running_loss=0.02173758
2026-04-15 12:48:39,171 | INFO | lakeice_ncde | Epoch 17 complete | train_loss=0.02173758 | val_loss=18.69748702 | val_rmse=4.32405909 | val_mae=0.81789111 | val_r2=-317.91051013
2026-04-15 12:48:39,181 | INFO | lakeice_ncde | Epoch 18/120 started.
2026-04-15 12:48:39,370 | INFO | lakeice_ncde | Epoch 18/120 | train batch 1/8 | batch_loss=0.01557993 | running_loss=0.01557993
2026-04-15 12:48:39,510 | INFO | lakeice_ncde | Epoch 18/120 | train batch 2/8 | batch_loss=0.02914070 | running_loss=0.02236031
2026-04-15 12:48:39,687 | INFO | lakeice_ncde | Epoch 18/120 | train batch 3/8 | batch_loss=0.02738223 | running_loss=0.02403429
2026-04-15 12:48:39,903 | INFO | lakeice_ncde | Epoch 18/120 | train batch 4/8 | batch_loss=0.03469087 | running_loss=0.02669843
2026-04-15 12:48:40,099 | INFO | lakeice_ncde | Epoch 18/120 | train batch 5/8 | batch_loss=0.01837059 | running_loss=0.02503286
2026-04-15 12:48:40,251 | INFO | lakeice_ncde | Epoch 18/120 | train batch 6/8 | batch_loss=0.01956847 | running_loss=0.02412213
2026-04-15 12:48:40,448 | INFO | lakeice_ncde | Epoch 18/120 | train batch 7/8 | batch_loss=0.01758913 | running_loss=0.02318885
2026-04-15 12:48:40,495 | INFO | lakeice_ncde | Epoch 18/120 | train batch 8/8 | batch_loss=0.01626164 | running_loss=0.02232295
2026-04-15 12:48:40,572 | INFO | lakeice_ncde | Epoch 18 complete | train_loss=0.02232295 | val_loss=17.18581045 | val_rmse=4.14557722 | val_mae=0.80956462 | val_r2=-292.12685558
2026-04-15 12:48:40,582 | INFO | lakeice_ncde | Epoch 19/120 started.
2026-04-15 12:48:40,774 | INFO | lakeice_ncde | Epoch 19/120 | train batch 1/8 | batch_loss=0.01933856 | running_loss=0.01933856
2026-04-15 12:48:40,968 | INFO | lakeice_ncde | Epoch 19/120 | train batch 2/8 | batch_loss=0.02448246 | running_loss=0.02191051
2026-04-15 12:48:41,170 | INFO | lakeice_ncde | Epoch 19/120 | train batch 3/8 | batch_loss=0.01528534 | running_loss=0.01970212
2026-04-15 12:48:41,343 | INFO | lakeice_ncde | Epoch 19/120 | train batch 4/8 | batch_loss=0.02202464 | running_loss=0.02028275
2026-04-15 12:48:41,513 | INFO | lakeice_ncde | Epoch 19/120 | train batch 5/8 | batch_loss=0.01277789 | running_loss=0.01878178
2026-04-15 12:48:41,687 | INFO | lakeice_ncde | Epoch 19/120 | train batch 6/8 | batch_loss=0.01866019 | running_loss=0.01876151
2026-04-15 12:48:41,903 | INFO | lakeice_ncde | Epoch 19/120 | train batch 7/8 | batch_loss=0.01905790 | running_loss=0.01880385
2026-04-15 12:48:42,028 | INFO | lakeice_ncde | Epoch 19/120 | train batch 8/8 | batch_loss=0.00890580 | running_loss=0.01756660
2026-04-15 12:48:42,153 | INFO | lakeice_ncde | Epoch 19 complete | train_loss=0.01756660 | val_loss=24.88463879 | val_rmse=4.98845054 | val_mae=0.94152459 | val_r2=-423.44061277
2026-04-15 12:48:42,165 | INFO | lakeice_ncde | Epoch 20/120 started.
2026-04-15 12:48:42,448 | INFO | lakeice_ncde | Epoch 20/120 | train batch 1/8 | batch_loss=0.02450060 | running_loss=0.02450060
2026-04-15 12:48:42,662 | INFO | lakeice_ncde | Epoch 20/120 | train batch 2/8 | batch_loss=0.01911775 | running_loss=0.02180917
2026-04-15 12:48:42,835 | INFO | lakeice_ncde | Epoch 20/120 | train batch 3/8 | batch_loss=0.01949884 | running_loss=0.02103906
2026-04-15 12:48:43,000 | INFO | lakeice_ncde | Epoch 20/120 | train batch 4/8 | batch_loss=0.02172583 | running_loss=0.02121075
2026-04-15 12:48:43,221 | INFO | lakeice_ncde | Epoch 20/120 | train batch 5/8 | batch_loss=0.02209457 | running_loss=0.02138752
2026-04-15 12:48:43,458 | INFO | lakeice_ncde | Epoch 20/120 | train batch 6/8 | batch_loss=0.01629317 | running_loss=0.02053846
2026-04-15 12:48:43,704 | INFO | lakeice_ncde | Epoch 20/120 | train batch 7/8 | batch_loss=0.01807719 | running_loss=0.02018685
2026-04-15 12:48:43,757 | INFO | lakeice_ncde | Epoch 20/120 | train batch 8/8 | batch_loss=0.02662507 | running_loss=0.02099163
2026-04-15 12:48:43,840 | INFO | lakeice_ncde | Epoch 20 complete | train_loss=0.02099163 | val_loss=28.40307736 | val_rmse=5.32945376 | val_mae=1.04691884 | val_r2=-483.45226246
2026-04-15 12:48:43,852 | INFO | lakeice_ncde | Epoch 21/120 started.
2026-04-15 12:48:44,024 | INFO | lakeice_ncde | Epoch 21/120 | train batch 1/8 | batch_loss=0.02793013 | running_loss=0.02793013
2026-04-15 12:48:44,180 | INFO | lakeice_ncde | Epoch 21/120 | train batch 2/8 | batch_loss=0.01517020 | running_loss=0.02155017
2026-04-15 12:48:44,372 | INFO | lakeice_ncde | Epoch 21/120 | train batch 3/8 | batch_loss=0.01906044 | running_loss=0.02072026
2026-04-15 12:48:44,532 | INFO | lakeice_ncde | Epoch 21/120 | train batch 4/8 | batch_loss=0.01764518 | running_loss=0.01995149
2026-04-15 12:48:44,709 | INFO | lakeice_ncde | Epoch 21/120 | train batch 5/8 | batch_loss=0.02079908 | running_loss=0.02012101
2026-04-15 12:48:44,846 | INFO | lakeice_ncde | Epoch 21/120 | train batch 6/8 | batch_loss=0.01700916 | running_loss=0.01960237
2026-04-15 12:48:45,012 | INFO | lakeice_ncde | Epoch 21/120 | train batch 7/8 | batch_loss=0.02161895 | running_loss=0.01989045
2026-04-15 12:48:45,055 | INFO | lakeice_ncde | Epoch 21/120 | train batch 8/8 | batch_loss=0.01514924 | running_loss=0.01929780
2026-04-15 12:48:45,133 | INFO | lakeice_ncde | Epoch 21 complete | train_loss=0.01929780 | val_loss=16.26918068 | val_rmse=4.03350724 | val_mae=0.84887917 | val_r2=-276.49251559
2026-04-15 12:48:45,142 | INFO | lakeice_ncde | Epoch 22/120 started.
2026-04-15 12:48:45,307 | INFO | lakeice_ncde | Epoch 22/120 | train batch 1/8 | batch_loss=0.02007782 | running_loss=0.02007782
2026-04-15 12:48:45,491 | INFO | lakeice_ncde | Epoch 22/120 | train batch 2/8 | batch_loss=0.01632845 | running_loss=0.01820313
2026-04-15 12:48:45,690 | INFO | lakeice_ncde | Epoch 22/120 | train batch 3/8 | batch_loss=0.01871599 | running_loss=0.01837408
2026-04-15 12:48:45,928 | INFO | lakeice_ncde | Epoch 22/120 | train batch 4/8 | batch_loss=0.01894773 | running_loss=0.01851750
2026-04-15 12:48:46,136 | INFO | lakeice_ncde | Epoch 22/120 | train batch 5/8 | batch_loss=0.02033809 | running_loss=0.01888161
2026-04-15 12:48:46,308 | INFO | lakeice_ncde | Epoch 22/120 | train batch 6/8 | batch_loss=0.02280049 | running_loss=0.01953476
2026-04-15 12:48:46,454 | INFO | lakeice_ncde | Epoch 22/120 | train batch 7/8 | batch_loss=0.02417947 | running_loss=0.02019829
2026-04-15 12:48:46,528 | INFO | lakeice_ncde | Epoch 22/120 | train batch 8/8 | batch_loss=0.02739423 | running_loss=0.02109778
2026-04-15 12:48:46,606 | INFO | lakeice_ncde | Epoch 22 complete | train_loss=0.02109778 | val_loss=3.44497906 | val_rmse=1.85606548 | val_mae=0.50187099 | val_r2=-57.75869994
2026-04-15 12:48:46,632 | INFO | lakeice_ncde | Epoch 23/120 started.
2026-04-15 12:48:46,834 | INFO | lakeice_ncde | Epoch 23/120 | train batch 1/8 | batch_loss=0.01480426 | running_loss=0.01480426
2026-04-15 12:48:46,980 | INFO | lakeice_ncde | Epoch 23/120 | train batch 2/8 | batch_loss=0.01509637 | running_loss=0.01495032
2026-04-15 12:48:47,180 | INFO | lakeice_ncde | Epoch 23/120 | train batch 3/8 | batch_loss=0.01726842 | running_loss=0.01572302
2026-04-15 12:48:47,366 | INFO | lakeice_ncde | Epoch 23/120 | train batch 4/8 | batch_loss=0.01489536 | running_loss=0.01551610
2026-04-15 12:48:47,574 | INFO | lakeice_ncde | Epoch 23/120 | train batch 5/8 | batch_loss=0.02036860 | running_loss=0.01648660
2026-04-15 12:48:47,719 | INFO | lakeice_ncde | Epoch 23/120 | train batch 6/8 | batch_loss=0.01654351 | running_loss=0.01649609
2026-04-15 12:48:47,853 | INFO | lakeice_ncde | Epoch 23/120 | train batch 7/8 | batch_loss=0.01405911 | running_loss=0.01614795
2026-04-15 12:48:47,883 | INFO | lakeice_ncde | Epoch 23/120 | train batch 8/8 | batch_loss=0.02424178 | running_loss=0.01715968
2026-04-15 12:48:47,961 | INFO | lakeice_ncde | Epoch 23 complete | train_loss=0.01715968 | val_loss=3.14750244 | val_rmse=1.77412019 | val_mae=0.45276928 | val_r2=-52.68484052
2026-04-15 12:48:47,984 | INFO | lakeice_ncde | Epoch 24/120 started.
2026-04-15 12:48:48,218 | INFO | lakeice_ncde | Epoch 24/120 | train batch 1/8 | batch_loss=0.01920105 | running_loss=0.01920105
2026-04-15 12:48:48,434 | INFO | lakeice_ncde | Epoch 24/120 | train batch 2/8 | batch_loss=0.02024788 | running_loss=0.01972447
2026-04-15 12:48:48,604 | INFO | lakeice_ncde | Epoch 24/120 | train batch 3/8 | batch_loss=0.01585995 | running_loss=0.01843629
2026-04-15 12:48:48,769 | INFO | lakeice_ncde | Epoch 24/120 | train batch 4/8 | batch_loss=0.02001927 | running_loss=0.01883204
2026-04-15 12:48:48,958 | INFO | lakeice_ncde | Epoch 24/120 | train batch 5/8 | batch_loss=0.02306303 | running_loss=0.01967824
2026-04-15 12:48:49,100 | INFO | lakeice_ncde | Epoch 24/120 | train batch 6/8 | batch_loss=0.01347174 | running_loss=0.01864382
2026-04-15 12:48:49,250 | INFO | lakeice_ncde | Epoch 24/120 | train batch 7/8 | batch_loss=0.01665398 | running_loss=0.01835956
2026-04-15 12:48:49,297 | INFO | lakeice_ncde | Epoch 24/120 | train batch 8/8 | batch_loss=0.02219744 | running_loss=0.01883929
2026-04-15 12:48:49,369 | INFO | lakeice_ncde | Epoch 24 complete | train_loss=0.01883929 | val_loss=7.99332597 | val_rmse=2.82724707 | val_mae=0.59443785 | val_r2=-135.33680606
2026-04-15 12:48:49,378 | INFO | lakeice_ncde | Epoch 25/120 started.
2026-04-15 12:48:49,584 | INFO | lakeice_ncde | Epoch 25/120 | train batch 1/8 | batch_loss=0.01603458 | running_loss=0.01603458
2026-04-15 12:48:49,731 | INFO | lakeice_ncde | Epoch 25/120 | train batch 2/8 | batch_loss=0.01273093 | running_loss=0.01438275
2026-04-15 12:48:49,891 | INFO | lakeice_ncde | Epoch 25/120 | train batch 3/8 | batch_loss=0.01683182 | running_loss=0.01519911
2026-04-15 12:48:50,018 | INFO | lakeice_ncde | Epoch 25/120 | train batch 4/8 | batch_loss=0.01565840 | running_loss=0.01531393
2026-04-15 12:48:50,264 | INFO | lakeice_ncde | Epoch 25/120 | train batch 5/8 | batch_loss=0.03967234 | running_loss=0.02018561
2026-04-15 12:48:50,438 | INFO | lakeice_ncde | Epoch 25/120 | train batch 6/8 | batch_loss=0.01738303 | running_loss=0.01971852
2026-04-15 12:48:50,574 | INFO | lakeice_ncde | Epoch 25/120 | train batch 7/8 | batch_loss=0.01780777 | running_loss=0.01944555
2026-04-15 12:48:50,616 | INFO | lakeice_ncde | Epoch 25/120 | train batch 8/8 | batch_loss=0.01657279 | running_loss=0.01908646
2026-04-15 12:48:50,691 | INFO | lakeice_ncde | Epoch 25 complete | train_loss=0.01908646 | val_loss=13.93175736 | val_rmse=3.73252694 | val_mae=0.72316909 | val_r2=-236.62465199
2026-04-15 12:48:50,701 | INFO | lakeice_ncde | Epoch 26/120 started.
2026-04-15 12:48:50,932 | INFO | lakeice_ncde | Epoch 26/120 | train batch 1/8 | batch_loss=0.01832426 | running_loss=0.01832426
2026-04-15 12:48:51,122 | INFO | lakeice_ncde | Epoch 26/120 | train batch 2/8 | batch_loss=0.01598395 | running_loss=0.01715411
2026-04-15 12:48:51,302 | INFO | lakeice_ncde | Epoch 26/120 | train batch 3/8 | batch_loss=0.01275889 | running_loss=0.01568904
2026-04-15 12:48:51,461 | INFO | lakeice_ncde | Epoch 26/120 | train batch 4/8 | batch_loss=0.01878201 | running_loss=0.01646228
2026-04-15 12:48:51,595 | INFO | lakeice_ncde | Epoch 26/120 | train batch 5/8 | batch_loss=0.01587454 | running_loss=0.01634473
2026-04-15 12:48:51,794 | INFO | lakeice_ncde | Epoch 26/120 | train batch 6/8 | batch_loss=0.02233332 | running_loss=0.01734283
2026-04-15 12:48:51,956 | INFO | lakeice_ncde | Epoch 26/120 | train batch 7/8 | batch_loss=0.01620773 | running_loss=0.01718067
2026-04-15 12:48:52,013 | INFO | lakeice_ncde | Epoch 26/120 | train batch 8/8 | batch_loss=0.01032273 | running_loss=0.01632343
2026-04-15 12:48:52,090 | INFO | lakeice_ncde | Epoch 26 complete | train_loss=0.01632343 | val_loss=23.68767763 | val_rmse=4.86699883 | val_mae=0.88901642 | val_r2=-403.02484821
2026-04-15 12:48:52,101 | INFO | lakeice_ncde | Epoch 27/120 started.
2026-04-15 12:48:52,238 | INFO | lakeice_ncde | Epoch 27/120 | train batch 1/8 | batch_loss=0.01886554 | running_loss=0.01886554
2026-04-15 12:48:52,390 | INFO | lakeice_ncde | Epoch 27/120 | train batch 2/8 | batch_loss=0.01872764 | running_loss=0.01879659
2026-04-15 12:48:52,552 | INFO | lakeice_ncde | Epoch 27/120 | train batch 3/8 | batch_loss=0.02453469 | running_loss=0.02070929
2026-04-15 12:48:52,764 | INFO | lakeice_ncde | Epoch 27/120 | train batch 4/8 | batch_loss=0.01993518 | running_loss=0.02051576
2026-04-15 12:48:52,968 | INFO | lakeice_ncde | Epoch 27/120 | train batch 5/8 | batch_loss=0.01805899 | running_loss=0.02002441
2026-04-15 12:48:53,194 | INFO | lakeice_ncde | Epoch 27/120 | train batch 6/8 | batch_loss=0.01805726 | running_loss=0.01969655
2026-04-15 12:48:53,372 | INFO | lakeice_ncde | Epoch 27/120 | train batch 7/8 | batch_loss=0.01161671 | running_loss=0.01854229
2026-04-15 12:48:53,427 | INFO | lakeice_ncde | Epoch 27/120 | train batch 8/8 | batch_loss=0.01322880 | running_loss=0.01787810
2026-04-15 12:48:53,526 | INFO | lakeice_ncde | Epoch 27 complete | train_loss=0.01787810 | val_loss=22.40734954 | val_rmse=4.73364020 | val_mae=0.85063195 | val_r2=-381.18714978
2026-04-15 12:48:53,537 | INFO | lakeice_ncde | Epoch 28/120 started.
2026-04-15 12:48:53,711 | INFO | lakeice_ncde | Epoch 28/120 | train batch 1/8 | batch_loss=0.01387222 | running_loss=0.01387222
2026-04-15 12:48:53,855 | INFO | lakeice_ncde | Epoch 28/120 | train batch 2/8 | batch_loss=0.01989955 | running_loss=0.01688588
2026-04-15 12:48:54,115 | INFO | lakeice_ncde | Epoch 28/120 | train batch 3/8 | batch_loss=0.02037756 | running_loss=0.01804977
2026-04-15 12:48:54,289 | INFO | lakeice_ncde | Epoch 28/120 | train batch 4/8 | batch_loss=0.01790773 | running_loss=0.01801426
2026-04-15 12:48:54,484 | INFO | lakeice_ncde | Epoch 28/120 | train batch 5/8 | batch_loss=0.01791809 | running_loss=0.01799503
2026-04-15 12:48:54,705 | INFO | lakeice_ncde | Epoch 28/120 | train batch 6/8 | batch_loss=0.01679737 | running_loss=0.01779542
2026-04-15 12:48:54,951 | INFO | lakeice_ncde | Epoch 28/120 | train batch 7/8 | batch_loss=0.01367219 | running_loss=0.01720639
2026-04-15 12:48:54,997 | INFO | lakeice_ncde | Epoch 28/120 | train batch 8/8 | batch_loss=0.03132815 | running_loss=0.01897161
2026-04-15 12:48:55,120 | INFO | lakeice_ncde | Epoch 28 complete | train_loss=0.01897161 | val_loss=18.20808792 | val_rmse=4.26709362 | val_mae=0.80361153 | val_r2=-309.56315749
2026-04-15 12:48:55,130 | INFO | lakeice_ncde | Epoch 29/120 started.
2026-04-15 12:48:55,305 | INFO | lakeice_ncde | Epoch 29/120 | train batch 1/8 | batch_loss=0.01620999 | running_loss=0.01620999
2026-04-15 12:48:55,505 | INFO | lakeice_ncde | Epoch 29/120 | train batch 2/8 | batch_loss=0.01726694 | running_loss=0.01673847
2026-04-15 12:48:55,749 | INFO | lakeice_ncde | Epoch 29/120 | train batch 3/8 | batch_loss=0.01425730 | running_loss=0.01591141
2026-04-15 12:48:56,030 | INFO | lakeice_ncde | Epoch 29/120 | train batch 4/8 | batch_loss=0.01199691 | running_loss=0.01493279
2026-04-15 12:48:56,218 | INFO | lakeice_ncde | Epoch 29/120 | train batch 5/8 | batch_loss=0.02895602 | running_loss=0.01773743
2026-04-15 12:48:56,494 | INFO | lakeice_ncde | Epoch 29/120 | train batch 6/8 | batch_loss=0.01815766 | running_loss=0.01780747
2026-04-15 12:48:56,684 | INFO | lakeice_ncde | Epoch 29/120 | train batch 7/8 | batch_loss=0.01334460 | running_loss=0.01716992
2026-04-15 12:48:56,728 | INFO | lakeice_ncde | Epoch 29/120 | train batch 8/8 | batch_loss=0.02082790 | running_loss=0.01762717
2026-04-15 12:48:56,839 | INFO | lakeice_ncde | Epoch 29 complete | train_loss=0.01762717 | val_loss=15.67033351 | val_rmse=3.95857721 | val_mae=0.75100642 | val_r2=-266.27838060
2026-04-15 12:48:56,850 | INFO | lakeice_ncde | Epoch 30/120 started.
2026-04-15 12:48:57,089 | INFO | lakeice_ncde | Epoch 30/120 | train batch 1/8 | batch_loss=0.01719852 | running_loss=0.01719852
2026-04-15 12:48:57,276 | INFO | lakeice_ncde | Epoch 30/120 | train batch 2/8 | batch_loss=0.01535393 | running_loss=0.01627622
2026-04-15 12:48:57,472 | INFO | lakeice_ncde | Epoch 30/120 | train batch 3/8 | batch_loss=0.01370806 | running_loss=0.01542017
2026-04-15 12:48:57,646 | INFO | lakeice_ncde | Epoch 30/120 | train batch 4/8 | batch_loss=0.01796910 | running_loss=0.01605740
2026-04-15 12:48:57,811 | INFO | lakeice_ncde | Epoch 30/120 | train batch 5/8 | batch_loss=0.02482437 | running_loss=0.01781079
2026-04-15 12:48:58,001 | INFO | lakeice_ncde | Epoch 30/120 | train batch 6/8 | batch_loss=0.01201400 | running_loss=0.01684466
2026-04-15 12:48:58,130 | INFO | lakeice_ncde | Epoch 30/120 | train batch 7/8 | batch_loss=0.01591587 | running_loss=0.01671198
2026-04-15 12:48:58,173 | INFO | lakeice_ncde | Epoch 30/120 | train batch 8/8 | batch_loss=0.00770248 | running_loss=0.01558579
2026-04-15 12:48:58,261 | INFO | lakeice_ncde | Epoch 30 complete | train_loss=0.01558579 | val_loss=16.43064504 | val_rmse=4.05347321 | val_mae=0.74906326 | val_r2=-279.24650498
2026-04-15 12:48:58,285 | INFO | lakeice_ncde | Epoch 31/120 started.
2026-04-15 12:48:58,428 | INFO | lakeice_ncde | Epoch 31/120 | train batch 1/8 | batch_loss=0.01422660 | running_loss=0.01422660
2026-04-15 12:48:58,631 | INFO | lakeice_ncde | Epoch 31/120 | train batch 2/8 | batch_loss=0.01804266 | running_loss=0.01613463
2026-04-15 12:48:58,832 | INFO | lakeice_ncde | Epoch 31/120 | train batch 3/8 | batch_loss=0.01909995 | running_loss=0.01712307
2026-04-15 12:48:58,961 | INFO | lakeice_ncde | Epoch 31/120 | train batch 4/8 | batch_loss=0.01623816 | running_loss=0.01690184
2026-04-15 12:48:59,184 | INFO | lakeice_ncde | Epoch 31/120 | train batch 5/8 | batch_loss=0.01792554 | running_loss=0.01710658
2026-04-15 12:48:59,350 | INFO | lakeice_ncde | Epoch 31/120 | train batch 6/8 | batch_loss=0.01452149 | running_loss=0.01667574
2026-04-15 12:48:59,587 | INFO | lakeice_ncde | Epoch 31/120 | train batch 7/8 | batch_loss=0.01634723 | running_loss=0.01662881
2026-04-15 12:48:59,659 | INFO | lakeice_ncde | Epoch 31/120 | train batch 8/8 | batch_loss=0.01504393 | running_loss=0.01643070
2026-04-15 12:48:59,733 | INFO | lakeice_ncde | Epoch 31 complete | train_loss=0.01643070 | val_loss=10.49263683 | val_rmse=3.23923399 | val_mae=0.64291620 | val_r2=-177.96587713
2026-04-15 12:48:59,742 | INFO | lakeice_ncde | Epoch 32/120 started.
2026-04-15 12:48:59,907 | INFO | lakeice_ncde | Epoch 32/120 | train batch 1/8 | batch_loss=0.01816978 | running_loss=0.01816978
2026-04-15 12:49:00,090 | INFO | lakeice_ncde | Epoch 32/120 | train batch 2/8 | batch_loss=0.01549722 | running_loss=0.01683350
2026-04-15 12:49:00,249 | INFO | lakeice_ncde | Epoch 32/120 | train batch 3/8 | batch_loss=0.01581960 | running_loss=0.01649553
2026-04-15 12:49:00,443 | INFO | lakeice_ncde | Epoch 32/120 | train batch 4/8 | batch_loss=0.01224993 | running_loss=0.01543413
2026-04-15 12:49:00,614 | INFO | lakeice_ncde | Epoch 32/120 | train batch 5/8 | batch_loss=0.01598419 | running_loss=0.01554414
2026-04-15 12:49:00,765 | INFO | lakeice_ncde | Epoch 32/120 | train batch 6/8 | batch_loss=0.01530283 | running_loss=0.01550393
2026-04-15 12:49:00,995 | INFO | lakeice_ncde | Epoch 32/120 | train batch 7/8 | batch_loss=0.01636817 | running_loss=0.01562739
2026-04-15 12:49:01,054 | INFO | lakeice_ncde | Epoch 32/120 | train batch 8/8 | batch_loss=0.01028225 | running_loss=0.01495925
2026-04-15 12:49:01,141 | INFO | lakeice_ncde | Epoch 32 complete | train_loss=0.01495925 | val_loss=7.63737525 | val_rmse=2.76358015 | val_mae=0.60701406 | val_r2=-129.26559315
2026-04-15 12:49:01,153 | INFO | lakeice_ncde | Epoch 33/120 started.
2026-04-15 12:49:01,334 | INFO | lakeice_ncde | Epoch 33/120 | train batch 1/8 | batch_loss=0.01545353 | running_loss=0.01545353
2026-04-15 12:49:01,507 | INFO | lakeice_ncde | Epoch 33/120 | train batch 2/8 | batch_loss=0.01571038 | running_loss=0.01558195
2026-04-15 12:49:01,731 | INFO | lakeice_ncde | Epoch 33/120 | train batch 3/8 | batch_loss=0.01758716 | running_loss=0.01625036
2026-04-15 12:49:01,900 | INFO | lakeice_ncde | Epoch 33/120 | train batch 4/8 | batch_loss=0.01519481 | running_loss=0.01598647
2026-04-15 12:49:02,108 | INFO | lakeice_ncde | Epoch 33/120 | train batch 5/8 | batch_loss=0.01734550 | running_loss=0.01625828
2026-04-15 12:49:02,271 | INFO | lakeice_ncde | Epoch 33/120 | train batch 6/8 | batch_loss=0.01564325 | running_loss=0.01615577
2026-04-15 12:49:02,399 | INFO | lakeice_ncde | Epoch 33/120 | train batch 7/8 | batch_loss=0.01349072 | running_loss=0.01577505
2026-04-15 12:49:02,454 | INFO | lakeice_ncde | Epoch 33/120 | train batch 8/8 | batch_loss=0.00961673 | running_loss=0.01500526
2026-04-15 12:49:02,560 | INFO | lakeice_ncde | Epoch 33 complete | train_loss=0.01500526 | val_loss=7.97456182 | val_rmse=2.82392667 | val_mae=0.61482810 | val_r2=-135.01675848
2026-04-15 12:49:02,576 | INFO | lakeice_ncde | Epoch 34/120 started.
2026-04-15 12:49:02,767 | INFO | lakeice_ncde | Epoch 34/120 | train batch 1/8 | batch_loss=0.01662369 | running_loss=0.01662369
2026-04-15 12:49:02,944 | INFO | lakeice_ncde | Epoch 34/120 | train batch 2/8 | batch_loss=0.01859535 | running_loss=0.01760952
2026-04-15 12:49:03,130 | INFO | lakeice_ncde | Epoch 34/120 | train batch 3/8 | batch_loss=0.01561177 | running_loss=0.01694360
2026-04-15 12:49:03,313 | INFO | lakeice_ncde | Epoch 34/120 | train batch 4/8 | batch_loss=0.01660169 | running_loss=0.01685812
2026-04-15 12:49:03,489 | INFO | lakeice_ncde | Epoch 34/120 | train batch 5/8 | batch_loss=0.01288752 | running_loss=0.01606400
2026-04-15 12:49:03,623 | INFO | lakeice_ncde | Epoch 34/120 | train batch 6/8 | batch_loss=0.01582130 | running_loss=0.01602355
2026-04-15 12:49:03,773 | INFO | lakeice_ncde | Epoch 34/120 | train batch 7/8 | batch_loss=0.01473843 | running_loss=0.01583996
2026-04-15 12:49:03,826 | INFO | lakeice_ncde | Epoch 34/120 | train batch 8/8 | batch_loss=0.00903268 | running_loss=0.01498905
2026-04-15 12:49:03,901 | INFO | lakeice_ncde | Epoch 34 complete | train_loss=0.01498905 | val_loss=10.21389158 | val_rmse=3.19591796 | val_mae=0.66469852 | val_r2=-173.21150599
2026-04-15 12:49:03,911 | INFO | lakeice_ncde | Epoch 35/120 started.
2026-04-15 12:49:04,061 | INFO | lakeice_ncde | Epoch 35/120 | train batch 1/8 | batch_loss=0.01187562 | running_loss=0.01187562
2026-04-15 12:49:04,269 | INFO | lakeice_ncde | Epoch 35/120 | train batch 2/8 | batch_loss=0.01435282 | running_loss=0.01311422
2026-04-15 12:49:04,434 | INFO | lakeice_ncde | Epoch 35/120 | train batch 3/8 | batch_loss=0.01334165 | running_loss=0.01319003
2026-04-15 12:49:04,600 | INFO | lakeice_ncde | Epoch 35/120 | train batch 4/8 | batch_loss=0.02097540 | running_loss=0.01513637
2026-04-15 12:49:04,720 | INFO | lakeice_ncde | Epoch 35/120 | train batch 5/8 | batch_loss=0.01360322 | running_loss=0.01482974
2026-04-15 12:49:04,946 | INFO | lakeice_ncde | Epoch 35/120 | train batch 6/8 | batch_loss=0.01640091 | running_loss=0.01509160
2026-04-15 12:49:05,107 | INFO | lakeice_ncde | Epoch 35/120 | train batch 7/8 | batch_loss=0.01800042 | running_loss=0.01550715
2026-04-15 12:49:05,176 | INFO | lakeice_ncde | Epoch 35/120 | train batch 8/8 | batch_loss=0.01729087 | running_loss=0.01573011
2026-04-15 12:49:05,256 | INFO | lakeice_ncde | Epoch 35 complete | train_loss=0.01573011 | val_loss=13.70249065 | val_rmse=3.70168754 | val_mae=0.75044010 | val_r2=-232.71420322
2026-04-15 12:49:05,265 | INFO | lakeice_ncde | Epoch 36/120 started.
2026-04-15 12:49:05,490 | INFO | lakeice_ncde | Epoch 36/120 | train batch 1/8 | batch_loss=0.01610417 | running_loss=0.01610417
2026-04-15 12:49:05,618 | INFO | lakeice_ncde | Epoch 36/120 | train batch 2/8 | batch_loss=0.01011866 | running_loss=0.01311142
2026-04-15 12:49:05,802 | INFO | lakeice_ncde | Epoch 36/120 | train batch 3/8 | batch_loss=0.01843586 | running_loss=0.01488623
2026-04-15 12:49:05,958 | INFO | lakeice_ncde | Epoch 36/120 | train batch 4/8 | batch_loss=0.01295011 | running_loss=0.01440220
2026-04-15 12:49:06,121 | INFO | lakeice_ncde | Epoch 36/120 | train batch 5/8 | batch_loss=0.02259070 | running_loss=0.01603990
2026-04-15 12:49:06,272 | INFO | lakeice_ncde | Epoch 36/120 | train batch 6/8 | batch_loss=0.01591921 | running_loss=0.01601979
2026-04-15 12:49:06,446 | INFO | lakeice_ncde | Epoch 36/120 | train batch 7/8 | batch_loss=0.01358734 | running_loss=0.01567229
2026-04-15 12:49:06,533 | INFO | lakeice_ncde | Epoch 36/120 | train batch 8/8 | batch_loss=0.01868834 | running_loss=0.01604930
2026-04-15 12:49:06,606 | INFO | lakeice_ncde | Epoch 36 complete | train_loss=0.01604930 | val_loss=11.60208470 | val_rmse=3.40618330 | val_mae=0.70565109 | val_r2=-196.88898613
2026-04-15 12:49:06,615 | INFO | lakeice_ncde | Epoch 37/120 started.
2026-04-15 12:49:06,796 | INFO | lakeice_ncde | Epoch 37/120 | train batch 1/8 | batch_loss=0.01818460 | running_loss=0.01818460
2026-04-15 12:49:06,946 | INFO | lakeice_ncde | Epoch 37/120 | train batch 2/8 | batch_loss=0.01402775 | running_loss=0.01610617
2026-04-15 12:49:07,094 | INFO | lakeice_ncde | Epoch 37/120 | train batch 3/8 | batch_loss=0.01742358 | running_loss=0.01654531
2026-04-15 12:49:07,243 | INFO | lakeice_ncde | Epoch 37/120 | train batch 4/8 | batch_loss=0.01406744 | running_loss=0.01592584
2026-04-15 12:49:07,436 | INFO | lakeice_ncde | Epoch 37/120 | train batch 5/8 | batch_loss=0.01342766 | running_loss=0.01542621
2026-04-15 12:49:07,642 | INFO | lakeice_ncde | Epoch 37/120 | train batch 6/8 | batch_loss=0.01176870 | running_loss=0.01481662
2026-04-15 12:49:07,808 | INFO | lakeice_ncde | Epoch 37/120 | train batch 7/8 | batch_loss=0.01509114 | running_loss=0.01485584
2026-04-15 12:49:07,841 | INFO | lakeice_ncde | Epoch 37/120 | train batch 8/8 | batch_loss=0.01829016 | running_loss=0.01528513
2026-04-15 12:49:07,922 | INFO | lakeice_ncde | Epoch 37 complete | train_loss=0.01528513 | val_loss=8.38712285 | val_rmse=2.89605298 | val_mae=0.61938180 | val_r2=-142.05353569
2026-04-15 12:49:07,932 | INFO | lakeice_ncde | Epoch 38/120 started.
2026-04-15 12:49:08,157 | INFO | lakeice_ncde | Epoch 38/120 | train batch 1/8 | batch_loss=0.01641157 | running_loss=0.01641157
2026-04-15 12:49:08,341 | INFO | lakeice_ncde | Epoch 38/120 | train batch 2/8 | batch_loss=0.01472335 | running_loss=0.01556746
2026-04-15 12:49:08,521 | INFO | lakeice_ncde | Epoch 38/120 | train batch 3/8 | batch_loss=0.01589576 | running_loss=0.01567689
2026-04-15 12:49:08,641 | INFO | lakeice_ncde | Epoch 38/120 | train batch 4/8 | batch_loss=0.01763086 | running_loss=0.01616539
2026-04-15 12:49:08,787 | INFO | lakeice_ncde | Epoch 38/120 | train batch 5/8 | batch_loss=0.01122881 | running_loss=0.01517807
2026-04-15 12:49:08,964 | INFO | lakeice_ncde | Epoch 38/120 | train batch 6/8 | batch_loss=0.01480606 | running_loss=0.01511607
2026-04-15 12:49:09,117 | INFO | lakeice_ncde | Epoch 38/120 | train batch 7/8 | batch_loss=0.01419037 | running_loss=0.01498383
2026-04-15 12:49:09,159 | INFO | lakeice_ncde | Epoch 38/120 | train batch 8/8 | batch_loss=0.02155194 | running_loss=0.01580484
2026-04-15 12:49:09,254 | INFO | lakeice_ncde | Epoch 38 complete | train_loss=0.01580484 | val_loss=9.91457912 | val_rmse=3.14874247 | val_mae=0.64777900 | val_r2=-168.10633404
2026-04-15 12:49:09,267 | INFO | lakeice_ncde | Epoch 39/120 started.
2026-04-15 12:49:09,576 | INFO | lakeice_ncde | Epoch 39/120 | train batch 1/8 | batch_loss=0.01575480 | running_loss=0.01575480
2026-04-15 12:49:09,856 | INFO | lakeice_ncde | Epoch 39/120 | train batch 2/8 | batch_loss=0.01954769 | running_loss=0.01765125
2026-04-15 12:49:10,128 | INFO | lakeice_ncde | Epoch 39/120 | train batch 3/8 | batch_loss=0.01690219 | running_loss=0.01740156
2026-04-15 12:49:10,312 | INFO | lakeice_ncde | Epoch 39/120 | train batch 4/8 | batch_loss=0.01099869 | running_loss=0.01580084
2026-04-15 12:49:10,544 | INFO | lakeice_ncde | Epoch 39/120 | train batch 5/8 | batch_loss=0.01823456 | running_loss=0.01628759
2026-04-15 12:49:10,705 | INFO | lakeice_ncde | Epoch 39/120 | train batch 6/8 | batch_loss=0.01200632 | running_loss=0.01557404
2026-04-15 12:49:10,850 | INFO | lakeice_ncde | Epoch 39/120 | train batch 7/8 | batch_loss=0.01427314 | running_loss=0.01538820
2026-04-15 12:49:10,911 | INFO | lakeice_ncde | Epoch 39/120 | train batch 8/8 | batch_loss=0.01978390 | running_loss=0.01593766
2026-04-15 12:49:11,017 | INFO | lakeice_ncde | Epoch 39 complete | train_loss=0.01593766 | val_loss=11.17353909 | val_rmse=3.34268441 | val_mae=0.63837214 | val_r2=-189.57957084
2026-04-15 12:49:11,029 | INFO | lakeice_ncde | Epoch 40/120 started.
2026-04-15 12:49:11,160 | INFO | lakeice_ncde | Epoch 40/120 | train batch 1/8 | batch_loss=0.01323625 | running_loss=0.01323625
2026-04-15 12:49:11,282 | INFO | lakeice_ncde | Epoch 40/120 | train batch 2/8 | batch_loss=0.01214113 | running_loss=0.01268869
2026-04-15 12:49:11,506 | INFO | lakeice_ncde | Epoch 40/120 | train batch 3/8 | batch_loss=0.01540761 | running_loss=0.01359499
2026-04-15 12:49:11,745 | INFO | lakeice_ncde | Epoch 40/120 | train batch 4/8 | batch_loss=0.01522692 | running_loss=0.01400297
2026-04-15 12:49:11,913 | INFO | lakeice_ncde | Epoch 40/120 | train batch 5/8 | batch_loss=0.01302760 | running_loss=0.01380790
2026-04-15 12:49:12,127 | INFO | lakeice_ncde | Epoch 40/120 | train batch 6/8 | batch_loss=0.01425103 | running_loss=0.01388176
2026-04-15 12:49:12,324 | INFO | lakeice_ncde | Epoch 40/120 | train batch 7/8 | batch_loss=0.01590369 | running_loss=0.01417060
2026-04-15 12:49:12,389 | INFO | lakeice_ncde | Epoch 40/120 | train batch 8/8 | batch_loss=0.01383984 | running_loss=0.01412926
2026-04-15 12:49:12,481 | INFO | lakeice_ncde | Epoch 40 complete | train_loss=0.01412926 | val_loss=11.22892280 | val_rmse=3.35095849 | val_mae=0.62240200 | val_r2=-190.52421365
2026-04-15 12:49:12,537 | INFO | lakeice_ncde | Epoch 41/120 started.
2026-04-15 12:49:12,765 | INFO | lakeice_ncde | Epoch 41/120 | train batch 1/8 | batch_loss=0.01948457 | running_loss=0.01948457
2026-04-15 12:49:12,952 | INFO | lakeice_ncde | Epoch 41/120 | train batch 2/8 | batch_loss=0.01359555 | running_loss=0.01654006
2026-04-15 12:49:13,163 | INFO | lakeice_ncde | Epoch 41/120 | train batch 3/8 | batch_loss=0.01189420 | running_loss=0.01499144
2026-04-15 12:49:13,346 | INFO | lakeice_ncde | Epoch 41/120 | train batch 4/8 | batch_loss=0.01215635 | running_loss=0.01428267
2026-04-15 12:49:13,517 | INFO | lakeice_ncde | Epoch 41/120 | train batch 5/8 | batch_loss=0.01195109 | running_loss=0.01381635
2026-04-15 12:49:13,692 | INFO | lakeice_ncde | Epoch 41/120 | train batch 6/8 | batch_loss=0.01591231 | running_loss=0.01416568
2026-04-15 12:49:13,863 | INFO | lakeice_ncde | Epoch 41/120 | train batch 7/8 | batch_loss=0.01342630 | running_loss=0.01406005
2026-04-15 12:49:13,916 | INFO | lakeice_ncde | Epoch 41/120 | train batch 8/8 | batch_loss=0.01325304 | running_loss=0.01395918
2026-04-15 12:49:13,995 | INFO | lakeice_ncde | Epoch 41 complete | train_loss=0.01395918 | val_loss=8.89644652 | val_rmse=2.98269115 | val_mae=0.57460114 | val_r2=-150.74072821
2026-04-15 12:49:14,006 | INFO | lakeice_ncde | Epoch 42/120 started.
2026-04-15 12:49:14,205 | INFO | lakeice_ncde | Epoch 42/120 | train batch 1/8 | batch_loss=0.01448815 | running_loss=0.01448815
2026-04-15 12:49:14,397 | INFO | lakeice_ncde | Epoch 42/120 | train batch 2/8 | batch_loss=0.01237876 | running_loss=0.01343346
2026-04-15 12:49:14,586 | INFO | lakeice_ncde | Epoch 42/120 | train batch 3/8 | batch_loss=0.01854518 | running_loss=0.01513736
2026-04-15 12:49:14,800 | INFO | lakeice_ncde | Epoch 42/120 | train batch 4/8 | batch_loss=0.01290656 | running_loss=0.01457966
2026-04-15 12:49:14,996 | INFO | lakeice_ncde | Epoch 42/120 | train batch 5/8 | batch_loss=0.01522691 | running_loss=0.01470911
2026-04-15 12:49:15,213 | INFO | lakeice_ncde | Epoch 42/120 | train batch 6/8 | batch_loss=0.01237546 | running_loss=0.01432017
2026-04-15 12:49:15,368 | INFO | lakeice_ncde | Epoch 42/120 | train batch 7/8 | batch_loss=0.01363737 | running_loss=0.01422263
2026-04-15 12:49:15,442 | INFO | lakeice_ncde | Epoch 42/120 | train batch 8/8 | batch_loss=0.00983453 | running_loss=0.01367411
2026-04-15 12:49:15,543 | INFO | lakeice_ncde | Epoch 42 complete | train_loss=0.01367411 | val_loss=7.62798692 | val_rmse=2.76188105 | val_mae=0.54914691 | val_r2=-129.10546261
2026-04-15 12:49:15,554 | INFO | lakeice_ncde | Epoch 43/120 started.
2026-04-15 12:49:15,712 | INFO | lakeice_ncde | Epoch 43/120 | train batch 1/8 | batch_loss=0.01547245 | running_loss=0.01547245
2026-04-15 12:49:15,934 | INFO | lakeice_ncde | Epoch 43/120 | train batch 2/8 | batch_loss=0.01730707 | running_loss=0.01638976
2026-04-15 12:49:16,140 | INFO | lakeice_ncde | Epoch 43/120 | train batch 3/8 | batch_loss=0.01364880 | running_loss=0.01547611
2026-04-15 12:49:16,359 | INFO | lakeice_ncde | Epoch 43/120 | train batch 4/8 | batch_loss=0.01475681 | running_loss=0.01529628
2026-04-15 12:49:16,554 | INFO | lakeice_ncde | Epoch 43/120 | train batch 5/8 | batch_loss=0.01371761 | running_loss=0.01498055
2026-04-15 12:49:16,750 | INFO | lakeice_ncde | Epoch 43/120 | train batch 6/8 | batch_loss=0.01344212 | running_loss=0.01472414
2026-04-15 12:49:16,926 | INFO | lakeice_ncde | Epoch 43/120 | train batch 7/8 | batch_loss=0.01983026 | running_loss=0.01545359
2026-04-15 12:49:16,986 | INFO | lakeice_ncde | Epoch 43/120 | train batch 8/8 | batch_loss=0.02445016 | running_loss=0.01657816
2026-04-15 12:49:17,066 | INFO | lakeice_ncde | Epoch 43 complete | train_loss=0.01657816 | val_loss=6.42742236 | val_rmse=2.53523616 | val_mae=0.52318432 | val_r2=-108.62823731
2026-04-15 12:49:17,075 | INFO | lakeice_ncde | Early stopping triggered at epoch 43.
2026-04-15 12:49:17,668 | INFO | lakeice_ncde | Final evaluation | val_loss=6.42742236 | test_loss=1.21350536 | best_val_rmse=1.77412019 | best_epoch=23
2026-04-15 12:49:18,902 | INFO | lakeice_ncde | Computing hermite coefficients for 163 windows from S:\STU-Papers\My_Papers\EXP1-Pre-Training-Standalone\outputs\runs\xiaoxingkai_transfer_daily12\xiaoxingkai_transfer_daily12_20260415_124807\artifacts\seasonal_rollout_windows.pt
2026-04-15 12:49:18,905 | INFO | lakeice_ncde | Coefficient progress for seasonal_rollout_windows.pt: 1/163 windows processed.
2026-04-15 12:49:18,911 | INFO | lakeice_ncde | Coefficient progress for seasonal_rollout_windows.pt: 16/163 windows processed.
2026-04-15 12:49:18,919 | INFO | lakeice_ncde | Coefficient progress for seasonal_rollout_windows.pt: 32/163 windows processed.
2026-04-15 12:49:18,928 | INFO | lakeice_ncde | Coefficient progress for seasonal_rollout_windows.pt: 48/163 windows processed.
2026-04-15 12:49:18,937 | INFO | lakeice_ncde | Coefficient progress for seasonal_rollout_windows.pt: 64/163 windows processed.
2026-04-15 12:49:18,945 | INFO | lakeice_ncde | Coefficient progress for seasonal_rollout_windows.pt: 80/163 windows processed.
2026-04-15 12:49:18,954 | INFO | lakeice_ncde | Coefficient progress for seasonal_rollout_windows.pt: 96/163 windows processed.
2026-04-15 12:49:18,963 | INFO | lakeice_ncde | Coefficient progress for seasonal_rollout_windows.pt: 112/163 windows processed.
2026-04-15 12:49:18,975 | INFO | lakeice_ncde | Coefficient progress for seasonal_rollout_windows.pt: 128/163 windows processed.
2026-04-15 12:49:18,986 | INFO | lakeice_ncde | Coefficient progress for seasonal_rollout_windows.pt: 144/163 windows processed.
2026-04-15 12:49:18,996 | INFO | lakeice_ncde | Coefficient progress for seasonal_rollout_windows.pt: 160/163 windows processed.
2026-04-15 12:49:19,000 | INFO | lakeice_ncde | Coefficient progress for seasonal_rollout_windows.pt: 163/163 windows processed.
2026-04-15 12:49:24,464 | INFO | lakeice_ncde | PDF report saved to S:\STU-Papers\My_Papers\EXP1-Pre-Training-Standalone\outputs\runs\xiaoxingkai_transfer_daily12\xiaoxingkai_transfer_daily12_20260415_124807\figures\report.pdf
2026-04-15 12:49:24,476 | INFO | lakeice_ncde | Finished experiment 'xiaoxingkai_transfer_daily12'. Run directory: S:\STU-Papers\My_Papers\EXP1-Pre-Training-Standalone\outputs\runs\xiaoxingkai_transfer_daily12\xiaoxingkai_transfer_daily12_20260415_124807
