2026-04-15 13:24:31,021 | INFO | lakeice_ncde | Starting experiment 'xiaoxingkai_transfer_daily12_history_autoreg'
2026-04-15 13:24:31,026 | INFO | lakeice_ncde | Run directory: S:\STU-Papers\My_Papers\EXP1-Pre-Training-Standalone\outputs\runs\xiaoxingkai_transfer_daily12_history_autoreg\xiaoxingkai_transfer_daily12_history_autoreg_20260415_132431
2026-04-15 13:24:31,047 | INFO | lakeice_ncde | Running target transfer | target=【Li】Lake Xiaoxingkai | train=['【Huo】Lake Hnagzhang', '【Huo】Lake Ulansu', '【IISD Experimental】Lake 239', '【IISD Experimental】Lake 302', '【North Temperate Lakes LTER】Big Muskellunge Lake', '【North Temperate Lakes LTER】Bog 12-15 (Trout Bog)', '【North Temperate Lakes LTER】Bog 27-2 (Crystal Bog)', '【North Temperate Lakes LTER】Crystal Lake (NTL)']
2026-04-15 13:24:31,052 | INFO | lakeice_ncde | Target lake test starts at 2026-01-01; target rows before the cutoff are split into train and val.
2026-04-15 13:24:31,054 | INFO | lakeice_ncde | Config summary | interpolation=hermite | method=midpoint | window_days=14 | batch_size=64 | target_transform=none
2026-04-15 13:24:31,094 | INFO | lakeice_ncde | Fold 'xiaoxingkai_transfer_daily12_history_autoreg' -> train lakes (9): ['【Huo】Lake Hnagzhang', '【Huo】Lake Ulansu', '【IISD Experimental】Lake 239', '【IISD Experimental】Lake 302', '【Li】Lake Xiaoxingkai', '【North Temperate Lakes LTER】Big Muskellunge Lake', '【North Temperate Lakes LTER】Bog 12-15 (Trout Bog)', '【North Temperate Lakes LTER】Bog 27-2 (Crystal Bog)', '【North Temperate Lakes LTER】Crystal Lake (NTL)']
2026-04-15 13:24:31,099 | INFO | lakeice_ncde | Fold 'xiaoxingkai_transfer_daily12_history_autoreg' -> val lakes (9): ['【Huo】Lake Hnagzhang', '【Huo】Lake Ulansu', '【IISD Experimental】Lake 239', '【IISD Experimental】Lake 302', '【Li】Lake Xiaoxingkai', '【North Temperate Lakes LTER】Big Muskellunge Lake', '【North Temperate Lakes LTER】Bog 12-15 (Trout Bog)', '【North Temperate Lakes LTER】Bog 27-2 (Crystal Bog)', '【North Temperate Lakes LTER】Crystal Lake (NTL)']
2026-04-15 13:24:31,103 | INFO | lakeice_ncde | Fold 'xiaoxingkai_transfer_daily12_history_autoreg' -> test lakes (1): ['【Li】Lake Xiaoxingkai']
2026-04-15 13:24:31,122 | INFO | lakeice_ncde | Building train windows for split 'xiaoxingkai_transfer_daily12_history_autoreg': 929 rows across 9 lakes.
2026-04-15 13:24:31,377 | INFO | lakeice_ncde | Window progress for split 'train': 1/9 lakes processed, 89 windows built.
2026-04-15 13:24:31,905 | INFO | lakeice_ncde | Window progress for split 'train': 2/9 lakes processed, 233 windows built.
2026-04-15 13:24:32,108 | INFO | lakeice_ncde | Window progress for split 'train': 3/9 lakes processed, 261 windows built.
2026-04-15 13:24:32,248 | INFO | lakeice_ncde | Window progress for split 'train': 4/9 lakes processed, 270 windows built.
2026-04-15 13:24:32,321 | INFO | lakeice_ncde | Window progress for split 'train': 5/9 lakes processed, 293 windows built.
2026-04-15 13:24:32,481 | INFO | lakeice_ncde | Window progress for split 'train': 6/9 lakes processed, 293 windows built.
2026-04-15 13:24:32,614 | INFO | lakeice_ncde | Window progress for split 'train': 7/9 lakes processed, 293 windows built.
2026-04-15 13:24:32,776 | INFO | lakeice_ncde | Window progress for split 'train': 8/9 lakes processed, 293 windows built.
2026-04-15 13:24:32,929 | INFO | lakeice_ncde | Window progress for split 'train': 9/9 lakes processed, 294 windows built.
2026-04-15 13:24:32,968 | INFO | lakeice_ncde | Saved train windows for split 'xiaoxingkai_transfer_daily12_history_autoreg': 294 samples -> S:\STU-Papers\My_Papers\EXP1-Pre-Training-Standalone\data\windows_xiaoxingkai_transfer_daily12_history_autoreg\xiaoxingkai_transfer_daily12_history_autoreg\train_windows.pt
2026-04-15 13:24:32,974 | INFO | lakeice_ncde | Building val windows for split 'xiaoxingkai_transfer_daily12_history_autoreg': 113 rows across 9 lakes.
2026-04-15 13:24:33,025 | INFO | lakeice_ncde | Window progress for split 'val': 1/9 lakes processed, 11 windows built.
2026-04-15 13:24:33,080 | INFO | lakeice_ncde | Window progress for split 'val': 2/9 lakes processed, 28 windows built.
2026-04-15 13:24:33,115 | INFO | lakeice_ncde | Window progress for split 'val': 3/9 lakes processed, 31 windows built.
2026-04-15 13:24:33,143 | INFO | lakeice_ncde | Window progress for split 'val': 4/9 lakes processed, 34 windows built.
2026-04-15 13:24:33,170 | INFO | lakeice_ncde | Window progress for split 'val': 5/9 lakes processed, 41 windows built.
2026-04-15 13:24:33,197 | INFO | lakeice_ncde | Window progress for split 'val': 6/9 lakes processed, 41 windows built.
2026-04-15 13:24:33,222 | INFO | lakeice_ncde | Window progress for split 'val': 7/9 lakes processed, 42 windows built.
2026-04-15 13:24:33,248 | INFO | lakeice_ncde | Window progress for split 'val': 8/9 lakes processed, 42 windows built.
2026-04-15 13:24:33,271 | INFO | lakeice_ncde | Window progress for split 'val': 9/9 lakes processed, 42 windows built.
2026-04-15 13:24:33,284 | INFO | lakeice_ncde | Saved val windows for split 'xiaoxingkai_transfer_daily12_history_autoreg': 42 samples -> S:\STU-Papers\My_Papers\EXP1-Pre-Training-Standalone\data\windows_xiaoxingkai_transfer_daily12_history_autoreg\xiaoxingkai_transfer_daily12_history_autoreg\val_windows.pt
2026-04-15 13:24:33,287 | INFO | lakeice_ncde | Building test windows for split 'xiaoxingkai_transfer_daily12_history_autoreg': 37 rows across 1 lakes.
2026-04-15 13:24:33,369 | INFO | lakeice_ncde | Window progress for split 'test': 1/1 lakes processed, 36 windows built.
2026-04-15 13:24:33,380 | INFO | lakeice_ncde | Saved test windows for split 'xiaoxingkai_transfer_daily12_history_autoreg': 36 samples -> S:\STU-Papers\My_Papers\EXP1-Pre-Training-Standalone\data\windows_xiaoxingkai_transfer_daily12_history_autoreg\xiaoxingkai_transfer_daily12_history_autoreg\test_windows.pt
2026-04-15 13:24:33,469 | INFO | lakeice_ncde | Balanced windows with train cap=160 and val cap=20
2026-04-15 13:24:34,316 | INFO | lakeice_ncde | Computing hermite coefficients for 294 windows from S:\STU-Papers\My_Papers\EXP1-Pre-Training-Standalone\data\windows_xiaoxingkai_transfer_daily12_history_autoreg\xiaoxingkai_transfer_daily12_history_autoreg\train_windows.pt
2026-04-15 13:24:34,319 | INFO | lakeice_ncde | Coefficient progress for train_windows.pt: 1/294 windows processed.
2026-04-15 13:24:34,332 | INFO | lakeice_ncde | Coefficient progress for train_windows.pt: 29/294 windows processed.
2026-04-15 13:24:34,345 | INFO | lakeice_ncde | Coefficient progress for train_windows.pt: 58/294 windows processed.
2026-04-15 13:24:34,358 | INFO | lakeice_ncde | Coefficient progress for train_windows.pt: 87/294 windows processed.
2026-04-15 13:24:34,371 | INFO | lakeice_ncde | Coefficient progress for train_windows.pt: 116/294 windows processed.
2026-04-15 13:24:34,382 | INFO | lakeice_ncde | Coefficient progress for train_windows.pt: 145/294 windows processed.
2026-04-15 13:24:34,395 | INFO | lakeice_ncde | Coefficient progress for train_windows.pt: 174/294 windows processed.
2026-04-15 13:24:34,408 | INFO | lakeice_ncde | Coefficient progress for train_windows.pt: 203/294 windows processed.
2026-04-15 13:24:34,422 | INFO | lakeice_ncde | Coefficient progress for train_windows.pt: 232/294 windows processed.
2026-04-15 13:24:34,431 | INFO | lakeice_ncde | Coefficient progress for train_windows.pt: 261/294 windows processed.
2026-04-15 13:24:34,445 | INFO | lakeice_ncde | Coefficient progress for train_windows.pt: 290/294 windows processed.
2026-04-15 13:24:34,449 | INFO | lakeice_ncde | Coefficient progress for train_windows.pt: 294/294 windows processed.
2026-04-15 13:24:34,521 | INFO | lakeice_ncde | Computing hermite coefficients for 42 windows from S:\STU-Papers\My_Papers\EXP1-Pre-Training-Standalone\data\windows_xiaoxingkai_transfer_daily12_history_autoreg\xiaoxingkai_transfer_daily12_history_autoreg\val_windows.pt
2026-04-15 13:24:34,523 | INFO | lakeice_ncde | Coefficient progress for val_windows.pt: 1/42 windows processed.
2026-04-15 13:24:34,526 | INFO | lakeice_ncde | Coefficient progress for val_windows.pt: 4/42 windows processed.
2026-04-15 13:24:34,530 | INFO | lakeice_ncde | Coefficient progress for val_windows.pt: 8/42 windows processed.
2026-04-15 13:24:34,533 | INFO | lakeice_ncde | Coefficient progress for val_windows.pt: 12/42 windows processed.
2026-04-15 13:24:34,536 | INFO | lakeice_ncde | Coefficient progress for val_windows.pt: 16/42 windows processed.
2026-04-15 13:24:34,539 | INFO | lakeice_ncde | Coefficient progress for val_windows.pt: 20/42 windows processed.
2026-04-15 13:24:34,543 | INFO | lakeice_ncde | Coefficient progress for val_windows.pt: 24/42 windows processed.
2026-04-15 13:24:34,546 | INFO | lakeice_ncde | Coefficient progress for val_windows.pt: 28/42 windows processed.
2026-04-15 13:24:34,549 | INFO | lakeice_ncde | Coefficient progress for val_windows.pt: 32/42 windows processed.
2026-04-15 13:24:34,552 | INFO | lakeice_ncde | Coefficient progress for val_windows.pt: 36/42 windows processed.
2026-04-15 13:24:34,556 | INFO | lakeice_ncde | Coefficient progress for val_windows.pt: 40/42 windows processed.
2026-04-15 13:24:34,559 | INFO | lakeice_ncde | Coefficient progress for val_windows.pt: 42/42 windows processed.
2026-04-15 13:24:34,599 | INFO | lakeice_ncde | Computing hermite coefficients for 36 windows from S:\STU-Papers\My_Papers\EXP1-Pre-Training-Standalone\data\windows_xiaoxingkai_transfer_daily12_history_autoreg\xiaoxingkai_transfer_daily12_history_autoreg\test_windows.pt
2026-04-15 13:24:34,602 | INFO | lakeice_ncde | Coefficient progress for test_windows.pt: 1/36 windows processed.
2026-04-15 13:24:34,605 | INFO | lakeice_ncde | Coefficient progress for test_windows.pt: 3/36 windows processed.
2026-04-15 13:24:34,609 | INFO | lakeice_ncde | Coefficient progress for test_windows.pt: 6/36 windows processed.
2026-04-15 13:24:34,612 | INFO | lakeice_ncde | Coefficient progress for test_windows.pt: 9/36 windows processed.
2026-04-15 13:24:34,616 | INFO | lakeice_ncde | Coefficient progress for test_windows.pt: 12/36 windows processed.
2026-04-15 13:24:34,620 | INFO | lakeice_ncde | Coefficient progress for test_windows.pt: 15/36 windows processed.
2026-04-15 13:24:34,623 | INFO | lakeice_ncde | Coefficient progress for test_windows.pt: 18/36 windows processed.
2026-04-15 13:24:34,627 | INFO | lakeice_ncde | Coefficient progress for test_windows.pt: 21/36 windows processed.
2026-04-15 13:24:34,631 | INFO | lakeice_ncde | Coefficient progress for test_windows.pt: 24/36 windows processed.
2026-04-15 13:24:34,634 | INFO | lakeice_ncde | Coefficient progress for test_windows.pt: 27/36 windows processed.
2026-04-15 13:24:34,639 | INFO | lakeice_ncde | Coefficient progress for test_windows.pt: 30/36 windows processed.
2026-04-15 13:24:34,643 | INFO | lakeice_ncde | Coefficient progress for test_windows.pt: 33/36 windows processed.
2026-04-15 13:24:34,647 | INFO | lakeice_ncde | Coefficient progress for test_windows.pt: 36/36 windows processed.
2026-04-15 13:24:34,664 | INFO | lakeice_ncde | Saved 3 coefficient bundle(s) under S:\STU-Papers\My_Papers\EXP1-Pre-Training-Standalone\data\coeffs_xiaoxingkai_transfer_daily12_history_autoreg
2026-04-15 13:24:34,741 | INFO | lakeice_ncde | Data summary | train=294 | val=42 | test=36 | input_channels=15 | batch_parallel=True
2026-04-15 13:24:37,786 | INFO | lakeice_ncde | Training on cuda | train_batches=5 | val_batches=1 | test_batches=1
2026-04-15 13:24:37,789 | INFO | lakeice_ncde | Epoch 1/120 started.
2026-04-15 13:24:38,164 | INFO | lakeice_ncde | Epoch 1/120 | train batch 1/5 | batch_loss=0.05916882 | running_loss=0.05916882
2026-04-15 13:24:38,346 | INFO | lakeice_ncde | Epoch 1/120 | train batch 2/5 | batch_loss=0.05476569 | running_loss=0.05696725
2026-04-15 13:24:38,469 | INFO | lakeice_ncde | Epoch 1/120 | train batch 3/5 | batch_loss=0.06840445 | running_loss=0.06077965
2026-04-15 13:24:38,596 | INFO | lakeice_ncde | Epoch 1/120 | train batch 4/5 | batch_loss=0.11375138 | running_loss=0.07402258
2026-04-15 13:24:38,646 | INFO | lakeice_ncde | Epoch 1/120 | train batch 5/5 | batch_loss=0.04849593 | running_loss=0.06891725
2026-04-15 13:24:38,671 | INFO | lakeice_ncde | Epoch 1 complete | train_loss=0.06891725 | val_loss=1.28880680 | val_rmse=1.13525627 | val_mae=0.75236724 | val_r2=-19.33889311
2026-04-15 13:24:38,696 | INFO | lakeice_ncde | Epoch 2/120 started.
2026-04-15 13:24:38,843 | INFO | lakeice_ncde | Epoch 2/120 | train batch 1/5 | batch_loss=0.06213772 | running_loss=0.06213772
2026-04-15 13:24:38,991 | INFO | lakeice_ncde | Epoch 2/120 | train batch 2/5 | batch_loss=0.04651732 | running_loss=0.05432752
2026-04-15 13:24:39,141 | INFO | lakeice_ncde | Epoch 2/120 | train batch 3/5 | batch_loss=0.05534821 | running_loss=0.05466775
2026-04-15 13:24:39,220 | INFO | lakeice_ncde | Epoch 2/120 | train batch 4/5 | batch_loss=0.02817952 | running_loss=0.04804569
2026-04-15 13:24:39,327 | INFO | lakeice_ncde | Epoch 2/120 | train batch 5/5 | batch_loss=0.03028188 | running_loss=0.04449293
2026-04-15 13:24:39,359 | INFO | lakeice_ncde | Epoch 2 complete | train_loss=0.04449293 | val_loss=1.33244580 | val_rmse=1.15431616 | val_mae=0.74466672 | val_r2=-20.02756805
2026-04-15 13:24:39,369 | INFO | lakeice_ncde | Epoch 3/120 started.
2026-04-15 13:24:39,480 | INFO | lakeice_ncde | Epoch 3/120 | train batch 1/5 | batch_loss=0.05255353 | running_loss=0.05255353
2026-04-15 13:24:39,597 | INFO | lakeice_ncde | Epoch 3/120 | train batch 2/5 | batch_loss=0.05118074 | running_loss=0.05186713
2026-04-15 13:24:39,698 | INFO | lakeice_ncde | Epoch 3/120 | train batch 3/5 | batch_loss=0.03169253 | running_loss=0.04514227
2026-04-15 13:24:39,786 | INFO | lakeice_ncde | Epoch 3/120 | train batch 4/5 | batch_loss=0.02670356 | running_loss=0.04053259
2026-04-15 13:24:39,920 | INFO | lakeice_ncde | Epoch 3/120 | train batch 5/5 | batch_loss=0.02535439 | running_loss=0.03749695
2026-04-15 13:24:39,949 | INFO | lakeice_ncde | Epoch 3 complete | train_loss=0.03749695 | val_loss=1.28140434 | val_rmse=1.13199132 | val_mae=0.70486602 | val_r2=-19.22207366
2026-04-15 13:24:39,974 | INFO | lakeice_ncde | Epoch 4/120 started.
2026-04-15 13:24:40,096 | INFO | lakeice_ncde | Epoch 4/120 | train batch 1/5 | batch_loss=0.02918955 | running_loss=0.02918955
2026-04-15 13:24:40,207 | INFO | lakeice_ncde | Epoch 4/120 | train batch 2/5 | batch_loss=0.03377328 | running_loss=0.03148142
2026-04-15 13:24:40,280 | INFO | lakeice_ncde | Epoch 4/120 | train batch 3/5 | batch_loss=0.02223257 | running_loss=0.02839847
2026-04-15 13:24:40,470 | INFO | lakeice_ncde | Epoch 4/120 | train batch 4/5 | batch_loss=0.03690545 | running_loss=0.03052521
2026-04-15 13:24:40,579 | INFO | lakeice_ncde | Epoch 4/120 | train batch 5/5 | batch_loss=0.03377165 | running_loss=0.03117450
2026-04-15 13:24:40,606 | INFO | lakeice_ncde | Epoch 4 complete | train_loss=0.03117450 | val_loss=0.82508809 | val_rmse=0.90834360 | val_mae=0.60251245 | val_r2=-12.02086441
2026-04-15 13:24:40,636 | INFO | lakeice_ncde | Epoch 5/120 started.
2026-04-15 13:24:40,746 | INFO | lakeice_ncde | Epoch 5/120 | train batch 1/5 | batch_loss=0.02480717 | running_loss=0.02480717
2026-04-15 13:24:40,874 | INFO | lakeice_ncde | Epoch 5/120 | train batch 2/5 | batch_loss=0.04092304 | running_loss=0.03286510
2026-04-15 13:24:41,011 | INFO | lakeice_ncde | Epoch 5/120 | train batch 3/5 | batch_loss=0.05499564 | running_loss=0.04024195
2026-04-15 13:24:41,109 | INFO | lakeice_ncde | Epoch 5/120 | train batch 4/5 | batch_loss=0.02292434 | running_loss=0.03591255
2026-04-15 13:24:41,190 | INFO | lakeice_ncde | Epoch 5/120 | train batch 5/5 | batch_loss=0.04709125 | running_loss=0.03814829
2026-04-15 13:24:41,216 | INFO | lakeice_ncde | Epoch 5 complete | train_loss=0.03814829 | val_loss=0.68556101 | val_rmse=0.82798612 | val_mae=0.55694572 | val_r2=-9.81896223
2026-04-15 13:24:41,239 | INFO | lakeice_ncde | Epoch 6/120 started.
2026-04-15 13:24:41,359 | INFO | lakeice_ncde | Epoch 6/120 | train batch 1/5 | batch_loss=0.03240349 | running_loss=0.03240349
2026-04-15 13:24:41,457 | INFO | lakeice_ncde | Epoch 6/120 | train batch 2/5 | batch_loss=0.02487615 | running_loss=0.02863982
2026-04-15 13:24:41,581 | INFO | lakeice_ncde | Epoch 6/120 | train batch 3/5 | batch_loss=0.02556785 | running_loss=0.02761583
2026-04-15 13:24:41,666 | INFO | lakeice_ncde | Epoch 6/120 | train batch 4/5 | batch_loss=0.03381002 | running_loss=0.02916438
2026-04-15 13:24:41,781 | INFO | lakeice_ncde | Epoch 6/120 | train batch 5/5 | batch_loss=0.02299990 | running_loss=0.02793148
2026-04-15 13:24:41,809 | INFO | lakeice_ncde | Epoch 6 complete | train_loss=0.02793148 | val_loss=0.82261635 | val_rmse=0.90698200 | val_mae=0.56243493 | val_r2=-11.98185730
2026-04-15 13:24:41,819 | INFO | lakeice_ncde | Epoch 7/120 started.
2026-04-15 13:24:41,937 | INFO | lakeice_ncde | Epoch 7/120 | train batch 1/5 | batch_loss=0.01951208 | running_loss=0.01951208
2026-04-15 13:24:42,034 | INFO | lakeice_ncde | Epoch 7/120 | train batch 2/5 | batch_loss=0.01950021 | running_loss=0.01950614
2026-04-15 13:24:42,148 | INFO | lakeice_ncde | Epoch 7/120 | train batch 3/5 | batch_loss=0.02307208 | running_loss=0.02069479
2026-04-15 13:24:42,282 | INFO | lakeice_ncde | Epoch 7/120 | train batch 4/5 | batch_loss=0.03064726 | running_loss=0.02318291
2026-04-15 13:24:42,372 | INFO | lakeice_ncde | Epoch 7/120 | train batch 5/5 | batch_loss=0.02361635 | running_loss=0.02326960
2026-04-15 13:24:42,401 | INFO | lakeice_ncde | Epoch 7 complete | train_loss=0.02326960 | val_loss=0.80190155 | val_rmse=0.89548956 | val_mae=0.55450280 | val_r2=-11.65495340
2026-04-15 13:24:42,409 | INFO | lakeice_ncde | Epoch 8/120 started.
2026-04-15 13:24:42,504 | INFO | lakeice_ncde | Epoch 8/120 | train batch 1/5 | batch_loss=0.03455354 | running_loss=0.03455354
2026-04-15 13:24:42,625 | INFO | lakeice_ncde | Epoch 8/120 | train batch 2/5 | batch_loss=0.02627278 | running_loss=0.03041316
2026-04-15 13:24:42,736 | INFO | lakeice_ncde | Epoch 8/120 | train batch 3/5 | batch_loss=0.03853839 | running_loss=0.03312157
2026-04-15 13:24:42,854 | INFO | lakeice_ncde | Epoch 8/120 | train batch 4/5 | batch_loss=0.01733206 | running_loss=0.02917419
2026-04-15 13:24:42,960 | INFO | lakeice_ncde | Epoch 8/120 | train batch 5/5 | batch_loss=0.02573152 | running_loss=0.02848566
2026-04-15 13:24:42,996 | INFO | lakeice_ncde | Epoch 8 complete | train_loss=0.02848566 | val_loss=0.62155965 | val_rmse=0.78839054 | val_mae=0.51915892 | val_r2=-8.80894519
2026-04-15 13:24:43,045 | INFO | lakeice_ncde | Epoch 9/120 started.
2026-04-15 13:24:43,158 | INFO | lakeice_ncde | Epoch 9/120 | train batch 1/5 | batch_loss=0.01909975 | running_loss=0.01909975
2026-04-15 13:24:43,256 | INFO | lakeice_ncde | Epoch 9/120 | train batch 2/5 | batch_loss=0.03156856 | running_loss=0.02533416
2026-04-15 13:24:43,379 | INFO | lakeice_ncde | Epoch 9/120 | train batch 3/5 | batch_loss=0.02291749 | running_loss=0.02452860
2026-04-15 13:24:43,491 | INFO | lakeice_ncde | Epoch 9/120 | train batch 4/5 | batch_loss=0.03820125 | running_loss=0.02794676
2026-04-15 13:24:43,588 | INFO | lakeice_ncde | Epoch 9/120 | train batch 5/5 | batch_loss=0.02055429 | running_loss=0.02646827
2026-04-15 13:24:43,617 | INFO | lakeice_ncde | Epoch 9 complete | train_loss=0.02646827 | val_loss=0.48705991 | val_rmse=0.69789677 | val_mae=0.48051599 | val_r2=-6.68638045
2026-04-15 13:24:43,641 | INFO | lakeice_ncde | Epoch 10/120 started.
2026-04-15 13:24:43,760 | INFO | lakeice_ncde | Epoch 10/120 | train batch 1/5 | batch_loss=0.01741992 | running_loss=0.01741992
2026-04-15 13:24:43,871 | INFO | lakeice_ncde | Epoch 10/120 | train batch 2/5 | batch_loss=0.02098303 | running_loss=0.01920147
2026-04-15 13:24:43,986 | INFO | lakeice_ncde | Epoch 10/120 | train batch 3/5 | batch_loss=0.02077142 | running_loss=0.01972479
2026-04-15 13:24:44,084 | INFO | lakeice_ncde | Epoch 10/120 | train batch 4/5 | batch_loss=0.02861950 | running_loss=0.02194847
2026-04-15 13:24:44,147 | INFO | lakeice_ncde | Epoch 10/120 | train batch 5/5 | batch_loss=0.01965428 | running_loss=0.02148963
2026-04-15 13:24:44,177 | INFO | lakeice_ncde | Epoch 10 complete | train_loss=0.02148963 | val_loss=0.41980008 | val_rmse=0.64791981 | val_mae=0.45743588 | val_r2=-5.62494104
2026-04-15 13:24:44,202 | INFO | lakeice_ncde | Epoch 11/120 started.
2026-04-15 13:24:44,305 | INFO | lakeice_ncde | Epoch 11/120 | train batch 1/5 | batch_loss=0.01607216 | running_loss=0.01607216
2026-04-15 13:24:44,442 | INFO | lakeice_ncde | Epoch 11/120 | train batch 2/5 | batch_loss=0.01883505 | running_loss=0.01745361
2026-04-15 13:24:44,573 | INFO | lakeice_ncde | Epoch 11/120 | train batch 3/5 | batch_loss=0.02041157 | running_loss=0.01843959
2026-04-15 13:24:44,717 | INFO | lakeice_ncde | Epoch 11/120 | train batch 4/5 | batch_loss=0.02463905 | running_loss=0.01998946
2026-04-15 13:24:44,815 | INFO | lakeice_ncde | Epoch 11/120 | train batch 5/5 | batch_loss=0.02516565 | running_loss=0.02102470
2026-04-15 13:24:44,842 | INFO | lakeice_ncde | Epoch 11 complete | train_loss=0.02102470 | val_loss=0.45279954 | val_rmse=0.67290382 | val_mae=0.44843238 | val_r2=-6.14571150
2026-04-15 13:24:44,857 | INFO | lakeice_ncde | Epoch 12/120 started.
2026-04-15 13:24:44,989 | INFO | lakeice_ncde | Epoch 12/120 | train batch 1/5 | batch_loss=0.01838825 | running_loss=0.01838825
2026-04-15 13:24:45,090 | INFO | lakeice_ncde | Epoch 12/120 | train batch 2/5 | batch_loss=0.01303892 | running_loss=0.01571359
2026-04-15 13:24:45,216 | INFO | lakeice_ncde | Epoch 12/120 | train batch 3/5 | batch_loss=0.01819822 | running_loss=0.01654180
2026-04-15 13:24:45,295 | INFO | lakeice_ncde | Epoch 12/120 | train batch 4/5 | batch_loss=0.01576822 | running_loss=0.01634840
2026-04-15 13:24:45,396 | INFO | lakeice_ncde | Epoch 12/120 | train batch 5/5 | batch_loss=0.01905517 | running_loss=0.01688976
2026-04-15 13:24:45,428 | INFO | lakeice_ncde | Epoch 12 complete | train_loss=0.01688976 | val_loss=0.52239573 | val_rmse=0.72276949 | val_mae=0.44561356 | val_r2=-7.24402155
2026-04-15 13:24:45,439 | INFO | lakeice_ncde | Epoch 13/120 started.
2026-04-15 13:24:45,564 | INFO | lakeice_ncde | Epoch 13/120 | train batch 1/5 | batch_loss=0.01511831 | running_loss=0.01511831
2026-04-15 13:24:45,707 | INFO | lakeice_ncde | Epoch 13/120 | train batch 2/5 | batch_loss=0.02174493 | running_loss=0.01843162
2026-04-15 13:24:45,790 | INFO | lakeice_ncde | Epoch 13/120 | train batch 3/5 | batch_loss=0.02135917 | running_loss=0.01940747
2026-04-15 13:24:45,905 | INFO | lakeice_ncde | Epoch 13/120 | train batch 4/5 | batch_loss=0.01710030 | running_loss=0.01883068
2026-04-15 13:24:45,975 | INFO | lakeice_ncde | Epoch 13/120 | train batch 5/5 | batch_loss=0.01501407 | running_loss=0.01806736
2026-04-15 13:24:46,002 | INFO | lakeice_ncde | Epoch 13 complete | train_loss=0.01806736 | val_loss=0.56718267 | val_rmse=0.75311531 | val_mae=0.44879051 | val_r2=-7.95081224
2026-04-15 13:24:46,011 | INFO | lakeice_ncde | Epoch 14/120 started.
2026-04-15 13:24:46,142 | INFO | lakeice_ncde | Epoch 14/120 | train batch 1/5 | batch_loss=0.01902522 | running_loss=0.01902522
2026-04-15 13:24:46,265 | INFO | lakeice_ncde | Epoch 14/120 | train batch 2/5 | batch_loss=0.02534036 | running_loss=0.02218279
2026-04-15 13:24:46,374 | INFO | lakeice_ncde | Epoch 14/120 | train batch 3/5 | batch_loss=0.01524951 | running_loss=0.01987170
2026-04-15 13:24:46,489 | INFO | lakeice_ncde | Epoch 14/120 | train batch 4/5 | batch_loss=0.01336233 | running_loss=0.01824436
2026-04-15 13:24:46,587 | INFO | lakeice_ncde | Epoch 14/120 | train batch 5/5 | batch_loss=0.01696120 | running_loss=0.01798772
2026-04-15 13:24:46,613 | INFO | lakeice_ncde | Epoch 14 complete | train_loss=0.01798772 | val_loss=0.51270221 | val_rmse=0.71603227 | val_mae=0.44363563 | val_r2=-7.09104630
2026-04-15 13:24:46,622 | INFO | lakeice_ncde | Epoch 15/120 started.
2026-04-15 13:24:46,771 | INFO | lakeice_ncde | Epoch 15/120 | train batch 1/5 | batch_loss=0.01606300 | running_loss=0.01606300
2026-04-15 13:24:46,863 | INFO | lakeice_ncde | Epoch 15/120 | train batch 2/5 | batch_loss=0.01792362 | running_loss=0.01699331
2026-04-15 13:24:46,977 | INFO | lakeice_ncde | Epoch 15/120 | train batch 3/5 | batch_loss=0.01775013 | running_loss=0.01724558
2026-04-15 13:24:47,107 | INFO | lakeice_ncde | Epoch 15/120 | train batch 4/5 | batch_loss=0.01667057 | running_loss=0.01710183
2026-04-15 13:24:47,184 | INFO | lakeice_ncde | Epoch 15/120 | train batch 5/5 | batch_loss=0.01745423 | running_loss=0.01717231
2026-04-15 13:24:47,210 | INFO | lakeice_ncde | Epoch 15 complete | train_loss=0.01717231 | val_loss=0.49415624 | val_rmse=0.70296247 | val_mae=0.43807731 | val_r2=-6.79836899
2026-04-15 13:24:47,223 | INFO | lakeice_ncde | Epoch 16/120 started.
2026-04-15 13:24:47,320 | INFO | lakeice_ncde | Epoch 16/120 | train batch 1/5 | batch_loss=0.01626034 | running_loss=0.01626034
2026-04-15 13:24:47,451 | INFO | lakeice_ncde | Epoch 16/120 | train batch 2/5 | batch_loss=0.01647632 | running_loss=0.01636833
2026-04-15 13:24:47,573 | INFO | lakeice_ncde | Epoch 16/120 | train batch 3/5 | batch_loss=0.02050554 | running_loss=0.01774740
2026-04-15 13:24:47,691 | INFO | lakeice_ncde | Epoch 16/120 | train batch 4/5 | batch_loss=0.02197009 | running_loss=0.01880307
2026-04-15 13:24:47,789 | INFO | lakeice_ncde | Epoch 16/120 | train batch 5/5 | batch_loss=0.01438390 | running_loss=0.01791924
2026-04-15 13:24:47,821 | INFO | lakeice_ncde | Epoch 16 complete | train_loss=0.01791924 | val_loss=0.41951972 | val_rmse=0.64770342 | val_mae=0.41785008 | val_r2=-5.62051664
2026-04-15 13:24:47,845 | INFO | lakeice_ncde | Epoch 17/120 started.
2026-04-15 13:24:47,994 | INFO | lakeice_ncde | Epoch 17/120 | train batch 1/5 | batch_loss=0.01501006 | running_loss=0.01501006
2026-04-15 13:24:48,108 | INFO | lakeice_ncde | Epoch 17/120 | train batch 2/5 | batch_loss=0.02305979 | running_loss=0.01903492
2026-04-15 13:24:48,227 | INFO | lakeice_ncde | Epoch 17/120 | train batch 3/5 | batch_loss=0.01582820 | running_loss=0.01796602
2026-04-15 13:24:48,330 | INFO | lakeice_ncde | Epoch 17/120 | train batch 4/5 | batch_loss=0.01590470 | running_loss=0.01745069
2026-04-15 13:24:48,424 | INFO | lakeice_ncde | Epoch 17/120 | train batch 5/5 | batch_loss=0.01529636 | running_loss=0.01701982
2026-04-15 13:24:48,453 | INFO | lakeice_ncde | Epoch 17 complete | train_loss=0.01701982 | val_loss=0.49347411 | val_rmse=0.70247713 | val_mae=0.43117318 | val_r2=-6.78760420
2026-04-15 13:24:48,465 | INFO | lakeice_ncde | Epoch 18/120 started.
2026-04-15 13:24:48,566 | INFO | lakeice_ncde | Epoch 18/120 | train batch 1/5 | batch_loss=0.01305312 | running_loss=0.01305312
2026-04-15 13:24:48,677 | INFO | lakeice_ncde | Epoch 18/120 | train batch 2/5 | batch_loss=0.01275888 | running_loss=0.01290600
2026-04-15 13:24:48,775 | INFO | lakeice_ncde | Epoch 18/120 | train batch 3/5 | batch_loss=0.01619034 | running_loss=0.01400078
2026-04-15 13:24:48,899 | INFO | lakeice_ncde | Epoch 18/120 | train batch 4/5 | batch_loss=0.01364650 | running_loss=0.01391221
2026-04-15 13:24:49,010 | INFO | lakeice_ncde | Epoch 18/120 | train batch 5/5 | batch_loss=0.01466087 | running_loss=0.01406194
2026-04-15 13:24:49,039 | INFO | lakeice_ncde | Epoch 18 complete | train_loss=0.01406194 | val_loss=0.60396019 | val_rmse=0.77714876 | val_mae=0.44829378 | val_r2=-8.53120494
2026-04-15 13:24:49,048 | INFO | lakeice_ncde | Epoch 19/120 started.
2026-04-15 13:24:49,168 | INFO | lakeice_ncde | Epoch 19/120 | train batch 1/5 | batch_loss=0.01681816 | running_loss=0.01681816
2026-04-15 13:24:49,279 | INFO | lakeice_ncde | Epoch 19/120 | train batch 2/5 | batch_loss=0.01675080 | running_loss=0.01678448
2026-04-15 13:24:49,396 | INFO | lakeice_ncde | Epoch 19/120 | train batch 3/5 | batch_loss=0.01795605 | running_loss=0.01717500
2026-04-15 13:24:49,524 | INFO | lakeice_ncde | Epoch 19/120 | train batch 4/5 | batch_loss=0.01460365 | running_loss=0.01653216
2026-04-15 13:24:49,593 | INFO | lakeice_ncde | Epoch 19/120 | train batch 5/5 | batch_loss=0.01471729 | running_loss=0.01616919
2026-04-15 13:24:49,623 | INFO | lakeice_ncde | Epoch 19 complete | train_loss=0.01616919 | val_loss=0.54826982 | val_rmse=0.74045244 | val_mae=0.43440432 | val_r2=-7.65234516
2026-04-15 13:24:49,632 | INFO | lakeice_ncde | Epoch 20/120 started.
2026-04-15 13:24:49,760 | INFO | lakeice_ncde | Epoch 20/120 | train batch 1/5 | batch_loss=0.01703972 | running_loss=0.01703972
2026-04-15 13:24:49,900 | INFO | lakeice_ncde | Epoch 20/120 | train batch 2/5 | batch_loss=0.01770955 | running_loss=0.01737464
2026-04-15 13:24:50,020 | INFO | lakeice_ncde | Epoch 20/120 | train batch 3/5 | batch_loss=0.01405500 | running_loss=0.01626809
2026-04-15 13:24:50,153 | INFO | lakeice_ncde | Epoch 20/120 | train batch 4/5 | batch_loss=0.01265522 | running_loss=0.01536487
2026-04-15 13:24:50,216 | INFO | lakeice_ncde | Epoch 20/120 | train batch 5/5 | batch_loss=0.01311896 | running_loss=0.01491569
2026-04-15 13:24:50,246 | INFO | lakeice_ncde | Epoch 20 complete | train_loss=0.01491569 | val_loss=0.32918046 | val_rmse=0.57374250 | val_mae=0.39202356 | val_r2=-4.19485636
2026-04-15 13:24:50,269 | INFO | lakeice_ncde | Epoch 21/120 started.
2026-04-15 13:24:50,384 | INFO | lakeice_ncde | Epoch 21/120 | train batch 1/5 | batch_loss=0.01326657 | running_loss=0.01326657
2026-04-15 13:24:50,520 | INFO | lakeice_ncde | Epoch 21/120 | train batch 2/5 | batch_loss=0.01106311 | running_loss=0.01216484
2026-04-15 13:24:50,620 | INFO | lakeice_ncde | Epoch 21/120 | train batch 3/5 | batch_loss=0.01499421 | running_loss=0.01310796
2026-04-15 13:24:50,732 | INFO | lakeice_ncde | Epoch 21/120 | train batch 4/5 | batch_loss=0.01555020 | running_loss=0.01371852
2026-04-15 13:24:50,789 | INFO | lakeice_ncde | Epoch 21/120 | train batch 5/5 | batch_loss=0.01146503 | running_loss=0.01326782
2026-04-15 13:24:50,815 | INFO | lakeice_ncde | Epoch 21 complete | train_loss=0.01326782 | val_loss=0.22481864 | val_rmse=0.47415044 | val_mae=0.36562132 | val_r2=-2.54790366
2026-04-15 13:24:50,838 | INFO | lakeice_ncde | Epoch 22/120 started.
2026-04-15 13:24:50,970 | INFO | lakeice_ncde | Epoch 22/120 | train batch 1/5 | batch_loss=0.01210038 | running_loss=0.01210038
2026-04-15 13:24:51,090 | INFO | lakeice_ncde | Epoch 22/120 | train batch 2/5 | batch_loss=0.01365802 | running_loss=0.01287920
2026-04-15 13:24:51,216 | INFO | lakeice_ncde | Epoch 22/120 | train batch 3/5 | batch_loss=0.01465412 | running_loss=0.01347084
2026-04-15 13:24:51,320 | INFO | lakeice_ncde | Epoch 22/120 | train batch 4/5 | batch_loss=0.01696398 | running_loss=0.01434412
2026-04-15 13:24:51,410 | INFO | lakeice_ncde | Epoch 22/120 | train batch 5/5 | batch_loss=0.01280484 | running_loss=0.01403627
2026-04-15 13:24:51,437 | INFO | lakeice_ncde | Epoch 22 complete | train_loss=0.01403627 | val_loss=0.19601626 | val_rmse=0.44273723 | val_mae=0.35724674 | val_r2=-2.09336797
2026-04-15 13:24:51,464 | INFO | lakeice_ncde | Epoch 23/120 started.
2026-04-15 13:24:51,610 | INFO | lakeice_ncde | Epoch 23/120 | train batch 1/5 | batch_loss=0.01396439 | running_loss=0.01396439
2026-04-15 13:24:51,691 | INFO | lakeice_ncde | Epoch 23/120 | train batch 2/5 | batch_loss=0.01238186 | running_loss=0.01317313
2026-04-15 13:24:51,828 | INFO | lakeice_ncde | Epoch 23/120 | train batch 3/5 | batch_loss=0.01257739 | running_loss=0.01297455
2026-04-15 13:24:51,942 | INFO | lakeice_ncde | Epoch 23/120 | train batch 4/5 | batch_loss=0.01478297 | running_loss=0.01342665
2026-04-15 13:24:52,003 | INFO | lakeice_ncde | Epoch 23/120 | train batch 5/5 | batch_loss=0.01341218 | running_loss=0.01342376
2026-04-15 13:24:52,030 | INFO | lakeice_ncde | Epoch 23 complete | train_loss=0.01342376 | val_loss=0.22956265 | val_rmse=0.47912697 | val_mae=0.37024711 | val_r2=-2.62276975
2026-04-15 13:24:52,040 | INFO | lakeice_ncde | Epoch 24/120 started.
2026-04-15 13:24:52,150 | INFO | lakeice_ncde | Epoch 24/120 | train batch 1/5 | batch_loss=0.01104450 | running_loss=0.01104450
2026-04-15 13:24:52,263 | INFO | lakeice_ncde | Epoch 24/120 | train batch 2/5 | batch_loss=0.01408972 | running_loss=0.01256711
2026-04-15 13:24:52,390 | INFO | lakeice_ncde | Epoch 24/120 | train batch 3/5 | batch_loss=0.01546746 | running_loss=0.01353390
2026-04-15 13:24:52,499 | INFO | lakeice_ncde | Epoch 24/120 | train batch 4/5 | batch_loss=0.01256310 | running_loss=0.01329120
2026-04-15 13:24:52,604 | INFO | lakeice_ncde | Epoch 24/120 | train batch 5/5 | batch_loss=0.01334396 | running_loss=0.01330175
2026-04-15 13:24:52,635 | INFO | lakeice_ncde | Epoch 24 complete | train_loss=0.01330175 | val_loss=0.23966223 | val_rmse=0.48955309 | val_mae=0.37062401 | val_r2=-2.78215298
2026-04-15 13:24:52,645 | INFO | lakeice_ncde | Epoch 25/120 started.
2026-04-15 13:24:52,768 | INFO | lakeice_ncde | Epoch 25/120 | train batch 1/5 | batch_loss=0.01339007 | running_loss=0.01339007
2026-04-15 13:24:52,955 | INFO | lakeice_ncde | Epoch 25/120 | train batch 2/5 | batch_loss=0.01415373 | running_loss=0.01377190
2026-04-15 13:24:53,065 | INFO | lakeice_ncde | Epoch 25/120 | train batch 3/5 | batch_loss=0.01396826 | running_loss=0.01383735
2026-04-15 13:24:53,175 | INFO | lakeice_ncde | Epoch 25/120 | train batch 4/5 | batch_loss=0.01694185 | running_loss=0.01461348
2026-04-15 13:24:53,252 | INFO | lakeice_ncde | Epoch 25/120 | train batch 5/5 | batch_loss=0.01491034 | running_loss=0.01467285
2026-04-15 13:24:53,280 | INFO | lakeice_ncde | Epoch 25 complete | train_loss=0.01467285 | val_loss=0.23278933 | val_rmse=0.48248246 | val_mae=0.36592984 | val_r2=-2.67369049
2026-04-15 13:24:53,289 | INFO | lakeice_ncde | Epoch 26/120 started.
2026-04-15 13:24:53,420 | INFO | lakeice_ncde | Epoch 26/120 | train batch 1/5 | batch_loss=0.01352186 | running_loss=0.01352186
2026-04-15 13:24:53,529 | INFO | lakeice_ncde | Epoch 26/120 | train batch 2/5 | batch_loss=0.01568058 | running_loss=0.01460122
2026-04-15 13:24:53,629 | INFO | lakeice_ncde | Epoch 26/120 | train batch 3/5 | batch_loss=0.01114755 | running_loss=0.01345000
2026-04-15 13:24:53,743 | INFO | lakeice_ncde | Epoch 26/120 | train batch 4/5 | batch_loss=0.01167946 | running_loss=0.01300736
2026-04-15 13:24:53,824 | INFO | lakeice_ncde | Epoch 26/120 | train batch 5/5 | batch_loss=0.01707571 | running_loss=0.01382103
2026-04-15 13:24:53,854 | INFO | lakeice_ncde | Epoch 26 complete | train_loss=0.01382103 | val_loss=0.18833960 | val_rmse=0.43398110 | val_mae=0.34622603 | val_r2=-1.97222121
2026-04-15 13:24:53,877 | INFO | lakeice_ncde | Epoch 27/120 started.
2026-04-15 13:24:53,987 | INFO | lakeice_ncde | Epoch 27/120 | train batch 1/5 | batch_loss=0.01040671 | running_loss=0.01040671
2026-04-15 13:24:54,105 | INFO | lakeice_ncde | Epoch 27/120 | train batch 2/5 | batch_loss=0.01478638 | running_loss=0.01259654
2026-04-15 13:24:54,211 | INFO | lakeice_ncde | Epoch 27/120 | train batch 3/5 | batch_loss=0.01315884 | running_loss=0.01278398
2026-04-15 13:24:54,333 | INFO | lakeice_ncde | Epoch 27/120 | train batch 4/5 | batch_loss=0.01246656 | running_loss=0.01270462
2026-04-15 13:24:54,408 | INFO | lakeice_ncde | Epoch 27/120 | train batch 5/5 | batch_loss=0.01658804 | running_loss=0.01348131
2026-04-15 13:24:54,436 | INFO | lakeice_ncde | Epoch 27 complete | train_loss=0.01348131 | val_loss=0.16943809 | val_rmse=0.41162858 | val_mae=0.33359786 | val_r2=-1.67393311
2026-04-15 13:24:54,461 | INFO | lakeice_ncde | Epoch 28/120 started.
2026-04-15 13:24:54,605 | INFO | lakeice_ncde | Epoch 28/120 | train batch 1/5 | batch_loss=0.01153092 | running_loss=0.01153092
2026-04-15 13:24:54,720 | INFO | lakeice_ncde | Epoch 28/120 | train batch 2/5 | batch_loss=0.01395196 | running_loss=0.01274144
2026-04-15 13:24:54,817 | INFO | lakeice_ncde | Epoch 28/120 | train batch 3/5 | batch_loss=0.01433368 | running_loss=0.01327218
2026-04-15 13:24:54,904 | INFO | lakeice_ncde | Epoch 28/120 | train batch 4/5 | batch_loss=0.01253053 | running_loss=0.01308677
2026-04-15 13:24:54,957 | INFO | lakeice_ncde | Epoch 28/120 | train batch 5/5 | batch_loss=0.01416851 | running_loss=0.01330312
2026-04-15 13:24:54,986 | INFO | lakeice_ncde | Epoch 28 complete | train_loss=0.01330312 | val_loss=0.15556315 | val_rmse=0.39441494 | val_mae=0.32273620 | val_r2=-1.45497015
2026-04-15 13:24:55,016 | INFO | lakeice_ncde | Epoch 29/120 started.
2026-04-15 13:24:55,139 | INFO | lakeice_ncde | Epoch 29/120 | train batch 1/5 | batch_loss=0.01303372 | running_loss=0.01303372
2026-04-15 13:24:55,222 | INFO | lakeice_ncde | Epoch 29/120 | train batch 2/5 | batch_loss=0.01433980 | running_loss=0.01368676
2026-04-15 13:24:55,342 | INFO | lakeice_ncde | Epoch 29/120 | train batch 3/5 | batch_loss=0.01296497 | running_loss=0.01344616
2026-04-15 13:24:55,486 | INFO | lakeice_ncde | Epoch 29/120 | train batch 4/5 | batch_loss=0.01105584 | running_loss=0.01284858
2026-04-15 13:24:55,582 | INFO | lakeice_ncde | Epoch 29/120 | train batch 5/5 | batch_loss=0.00940627 | running_loss=0.01216012
2026-04-15 13:24:55,610 | INFO | lakeice_ncde | Epoch 29 complete | train_loss=0.01216012 | val_loss=0.16815897 | val_rmse=0.41007190 | val_mae=0.32668002 | val_r2=-1.65374704
2026-04-15 13:24:55,620 | INFO | lakeice_ncde | Epoch 30/120 started.
2026-04-15 13:24:55,759 | INFO | lakeice_ncde | Epoch 30/120 | train batch 1/5 | batch_loss=0.01456725 | running_loss=0.01456725
2026-04-15 13:24:55,883 | INFO | lakeice_ncde | Epoch 30/120 | train batch 2/5 | batch_loss=0.01429436 | running_loss=0.01443081
2026-04-15 13:24:56,016 | INFO | lakeice_ncde | Epoch 30/120 | train batch 3/5 | batch_loss=0.01254106 | running_loss=0.01380089
2026-04-15 13:24:56,113 | INFO | lakeice_ncde | Epoch 30/120 | train batch 4/5 | batch_loss=0.01311836 | running_loss=0.01363026
2026-04-15 13:24:56,212 | INFO | lakeice_ncde | Epoch 30/120 | train batch 5/5 | batch_loss=0.01120341 | running_loss=0.01314489
2026-04-15 13:24:56,240 | INFO | lakeice_ncde | Epoch 30 complete | train_loss=0.01314489 | val_loss=0.18096638 | val_rmse=0.42540144 | val_mae=0.33062562 | val_r2=-1.85586324
2026-04-15 13:24:56,249 | INFO | lakeice_ncde | Epoch 31/120 started.
2026-04-15 13:24:56,416 | INFO | lakeice_ncde | Epoch 31/120 | train batch 1/5 | batch_loss=0.01324819 | running_loss=0.01324819
2026-04-15 13:24:56,518 | INFO | lakeice_ncde | Epoch 31/120 | train batch 2/5 | batch_loss=0.00996965 | running_loss=0.01160892
2026-04-15 13:24:56,598 | INFO | lakeice_ncde | Epoch 31/120 | train batch 3/5 | batch_loss=0.01241490 | running_loss=0.01187758
2026-04-15 13:24:56,715 | INFO | lakeice_ncde | Epoch 31/120 | train batch 4/5 | batch_loss=0.01287099 | running_loss=0.01212593
2026-04-15 13:24:56,812 | INFO | lakeice_ncde | Epoch 31/120 | train batch 5/5 | batch_loss=0.01130167 | running_loss=0.01196108
2026-04-15 13:24:56,841 | INFO | lakeice_ncde | Epoch 31 complete | train_loss=0.01196108 | val_loss=0.18613163 | val_rmse=0.43142976 | val_mae=0.33108513 | val_r2=-1.93737698
2026-04-15 13:24:56,856 | INFO | lakeice_ncde | Epoch 32/120 started.
2026-04-15 13:24:56,968 | INFO | lakeice_ncde | Epoch 32/120 | train batch 1/5 | batch_loss=0.01154894 | running_loss=0.01154894
2026-04-15 13:24:57,119 | INFO | lakeice_ncde | Epoch 32/120 | train batch 2/5 | batch_loss=0.01069576 | running_loss=0.01112235
2026-04-15 13:24:57,235 | INFO | lakeice_ncde | Epoch 32/120 | train batch 3/5 | batch_loss=0.01376873 | running_loss=0.01200448
2026-04-15 13:24:57,348 | INFO | lakeice_ncde | Epoch 32/120 | train batch 4/5 | batch_loss=0.01238073 | running_loss=0.01209854
2026-04-15 13:24:57,433 | INFO | lakeice_ncde | Epoch 32/120 | train batch 5/5 | batch_loss=0.00714403 | running_loss=0.01110764
2026-04-15 13:24:57,457 | INFO | lakeice_ncde | Epoch 32 complete | train_loss=0.01110764 | val_loss=0.18804189 | val_rmse=0.43363797 | val_mae=0.32972319 | val_r2=-1.96752312
2026-04-15 13:24:57,467 | INFO | lakeice_ncde | Epoch 33/120 started.
2026-04-15 13:24:57,589 | INFO | lakeice_ncde | Epoch 33/120 | train batch 1/5 | batch_loss=0.01395710 | running_loss=0.01395710
2026-04-15 13:24:57,707 | INFO | lakeice_ncde | Epoch 33/120 | train batch 2/5 | batch_loss=0.01090045 | running_loss=0.01242877
2026-04-15 13:24:57,811 | INFO | lakeice_ncde | Epoch 33/120 | train batch 3/5 | batch_loss=0.01215280 | running_loss=0.01233678
2026-04-15 13:24:57,927 | INFO | lakeice_ncde | Epoch 33/120 | train batch 4/5 | batch_loss=0.01288661 | running_loss=0.01247424
2026-04-15 13:24:58,013 | INFO | lakeice_ncde | Epoch 33/120 | train batch 5/5 | batch_loss=0.01291955 | running_loss=0.01256330
2026-04-15 13:24:58,040 | INFO | lakeice_ncde | Epoch 33 complete | train_loss=0.01256330 | val_loss=0.14905847 | val_rmse=0.38608091 | val_mae=0.31345728 | val_r2=-1.35231871
2026-04-15 13:24:58,065 | INFO | lakeice_ncde | Epoch 34/120 started.
2026-04-15 13:24:58,179 | INFO | lakeice_ncde | Epoch 34/120 | train batch 1/5 | batch_loss=0.01143872 | running_loss=0.01143872
2026-04-15 13:24:58,295 | INFO | lakeice_ncde | Epoch 34/120 | train batch 2/5 | batch_loss=0.01309209 | running_loss=0.01226540
2026-04-15 13:24:58,427 | INFO | lakeice_ncde | Epoch 34/120 | train batch 3/5 | batch_loss=0.01889230 | running_loss=0.01447437
2026-04-15 13:24:58,484 | INFO | lakeice_ncde | Epoch 34/120 | train batch 4/5 | batch_loss=0.01054156 | running_loss=0.01349117
2026-04-15 13:24:58,599 | INFO | lakeice_ncde | Epoch 34/120 | train batch 5/5 | batch_loss=0.01434209 | running_loss=0.01366135
2026-04-15 13:24:58,629 | INFO | lakeice_ncde | Epoch 34 complete | train_loss=0.01366135 | val_loss=0.13581386 | val_rmse=0.36852932 | val_mae=0.30505524 | val_r2=-1.14330307
2026-04-15 13:24:58,653 | INFO | lakeice_ncde | Epoch 35/120 started.
2026-04-15 13:24:58,772 | INFO | lakeice_ncde | Epoch 35/120 | train batch 1/5 | batch_loss=0.01021632 | running_loss=0.01021632
2026-04-15 13:24:58,885 | INFO | lakeice_ncde | Epoch 35/120 | train batch 2/5 | batch_loss=0.01283533 | running_loss=0.01152583
2026-04-15 13:24:59,017 | INFO | lakeice_ncde | Epoch 35/120 | train batch 3/5 | batch_loss=0.01147724 | running_loss=0.01150963
2026-04-15 13:24:59,156 | INFO | lakeice_ncde | Epoch 35/120 | train batch 4/5 | batch_loss=0.01353993 | running_loss=0.01201721
2026-04-15 13:24:59,216 | INFO | lakeice_ncde | Epoch 35/120 | train batch 5/5 | batch_loss=0.01235916 | running_loss=0.01208560
2026-04-15 13:24:59,243 | INFO | lakeice_ncde | Epoch 35 complete | train_loss=0.01208560 | val_loss=0.14367088 | val_rmse=0.37903942 | val_mae=0.30786983 | val_r2=-1.26729618
2026-04-15 13:24:59,253 | INFO | lakeice_ncde | Epoch 36/120 started.
2026-04-15 13:24:59,359 | INFO | lakeice_ncde | Epoch 36/120 | train batch 1/5 | batch_loss=0.01341207 | running_loss=0.01341207
2026-04-15 13:24:59,472 | INFO | lakeice_ncde | Epoch 36/120 | train batch 2/5 | batch_loss=0.01061767 | running_loss=0.01201487
2026-04-15 13:24:59,601 | INFO | lakeice_ncde | Epoch 36/120 | train batch 3/5 | batch_loss=0.01154160 | running_loss=0.01185711
2026-04-15 13:24:59,712 | INFO | lakeice_ncde | Epoch 36/120 | train batch 4/5 | batch_loss=0.01009415 | running_loss=0.01141637
2026-04-15 13:24:59,832 | INFO | lakeice_ncde | Epoch 36/120 | train batch 5/5 | batch_loss=0.01048347 | running_loss=0.01122979
2026-04-15 13:24:59,862 | INFO | lakeice_ncde | Epoch 36 complete | train_loss=0.01122979 | val_loss=0.15994436 | val_rmse=0.39993044 | val_mae=0.31405859 | val_r2=-1.52411084
2026-04-15 13:24:59,871 | INFO | lakeice_ncde | Epoch 37/120 started.
2026-04-15 13:25:00,001 | INFO | lakeice_ncde | Epoch 37/120 | train batch 1/5 | batch_loss=0.01379237 | running_loss=0.01379237
2026-04-15 13:25:00,110 | INFO | lakeice_ncde | Epoch 37/120 | train batch 2/5 | batch_loss=0.01039528 | running_loss=0.01209383
2026-04-15 13:25:00,232 | INFO | lakeice_ncde | Epoch 37/120 | train batch 3/5 | batch_loss=0.01825590 | running_loss=0.01414785
2026-04-15 13:25:00,327 | INFO | lakeice_ncde | Epoch 37/120 | train batch 4/5 | batch_loss=0.01091897 | running_loss=0.01334063
2026-04-15 13:25:00,419 | INFO | lakeice_ncde | Epoch 37/120 | train batch 5/5 | batch_loss=0.01130790 | running_loss=0.01293408
2026-04-15 13:25:00,450 | INFO | lakeice_ncde | Epoch 37 complete | train_loss=0.01293408 | val_loss=0.18356494 | val_rmse=0.42844479 | val_mae=0.32284320 | val_r2=-1.89687151
2026-04-15 13:25:00,459 | INFO | lakeice_ncde | Epoch 38/120 started.
2026-04-15 13:25:00,581 | INFO | lakeice_ncde | Epoch 38/120 | train batch 1/5 | batch_loss=0.01278560 | running_loss=0.01278560
2026-04-15 13:25:00,704 | INFO | lakeice_ncde | Epoch 38/120 | train batch 2/5 | batch_loss=0.01064540 | running_loss=0.01171550
2026-04-15 13:25:00,796 | INFO | lakeice_ncde | Epoch 38/120 | train batch 3/5 | batch_loss=0.01151938 | running_loss=0.01165013
2026-04-15 13:25:00,943 | INFO | lakeice_ncde | Epoch 38/120 | train batch 4/5 | batch_loss=0.01112887 | running_loss=0.01151981
2026-04-15 13:25:01,009 | INFO | lakeice_ncde | Epoch 38/120 | train batch 5/5 | batch_loss=0.01145041 | running_loss=0.01150593
2026-04-15 13:25:01,039 | INFO | lakeice_ncde | Epoch 38 complete | train_loss=0.01150593 | val_loss=0.18502589 | val_rmse=0.43014636 | val_mae=0.32187714 | val_r2=-1.91992708
2026-04-15 13:25:01,048 | INFO | lakeice_ncde | Epoch 39/120 started.
2026-04-15 13:25:01,243 | INFO | lakeice_ncde | Epoch 39/120 | train batch 1/5 | batch_loss=0.01245551 | running_loss=0.01245551
2026-04-15 13:25:01,383 | INFO | lakeice_ncde | Epoch 39/120 | train batch 2/5 | batch_loss=0.01008677 | running_loss=0.01127114
2026-04-15 13:25:01,475 | INFO | lakeice_ncde | Epoch 39/120 | train batch 3/5 | batch_loss=0.01550689 | running_loss=0.01268305
2026-04-15 13:25:01,557 | INFO | lakeice_ncde | Epoch 39/120 | train batch 4/5 | batch_loss=0.00899855 | running_loss=0.01176193
2026-04-15 13:25:01,663 | INFO | lakeice_ncde | Epoch 39/120 | train batch 5/5 | batch_loss=0.00942512 | running_loss=0.01129457
2026-04-15 13:25:01,693 | INFO | lakeice_ncde | Epoch 39 complete | train_loss=0.01129457 | val_loss=0.17348302 | val_rmse=0.41651293 | val_mae=0.31766419 | val_r2=-1.73776691
2026-04-15 13:25:01,702 | INFO | lakeice_ncde | Epoch 40/120 started.
2026-04-15 13:25:01,828 | INFO | lakeice_ncde | Epoch 40/120 | train batch 1/5 | batch_loss=0.00861034 | running_loss=0.00861034
2026-04-15 13:25:01,934 | INFO | lakeice_ncde | Epoch 40/120 | train batch 2/5 | batch_loss=0.01108607 | running_loss=0.00984821
2026-04-15 13:25:02,088 | INFO | lakeice_ncde | Epoch 40/120 | train batch 3/5 | batch_loss=0.01461337 | running_loss=0.01143659
2026-04-15 13:25:02,180 | INFO | lakeice_ncde | Epoch 40/120 | train batch 4/5 | batch_loss=0.00702075 | running_loss=0.01033263
2026-04-15 13:25:02,244 | INFO | lakeice_ncde | Epoch 40/120 | train batch 5/5 | batch_loss=0.01237893 | running_loss=0.01074189
2026-04-15 13:25:02,269 | INFO | lakeice_ncde | Epoch 40 complete | train_loss=0.01074189 | val_loss=0.17176102 | val_rmse=0.41444061 | val_mae=0.31754427 | val_r2=-1.71059174
2026-04-15 13:25:02,278 | INFO | lakeice_ncde | Epoch 41/120 started.
2026-04-15 13:25:02,432 | INFO | lakeice_ncde | Epoch 41/120 | train batch 1/5 | batch_loss=0.01250080 | running_loss=0.01250080
2026-04-15 13:25:02,594 | INFO | lakeice_ncde | Epoch 41/120 | train batch 2/5 | batch_loss=0.00975440 | running_loss=0.01112760
2026-04-15 13:25:02,711 | INFO | lakeice_ncde | Epoch 41/120 | train batch 3/5 | batch_loss=0.00979291 | running_loss=0.01068271
2026-04-15 13:25:02,829 | INFO | lakeice_ncde | Epoch 41/120 | train batch 4/5 | batch_loss=0.01260403 | running_loss=0.01116304
2026-04-15 13:25:02,909 | INFO | lakeice_ncde | Epoch 41/120 | train batch 5/5 | batch_loss=0.01029124 | running_loss=0.01098868
2026-04-15 13:25:02,937 | INFO | lakeice_ncde | Epoch 41 complete | train_loss=0.01098868 | val_loss=0.16129621 | val_rmse=0.40161700 | val_mae=0.31438130 | val_r2=-1.54544473
2026-04-15 13:25:02,946 | INFO | lakeice_ncde | Epoch 42/120 started.
2026-04-15 13:25:03,077 | INFO | lakeice_ncde | Epoch 42/120 | train batch 1/5 | batch_loss=0.01586460 | running_loss=0.01586460
2026-04-15 13:25:03,137 | INFO | lakeice_ncde | Epoch 42/120 | train batch 2/5 | batch_loss=0.00962109 | running_loss=0.01274285
2026-04-15 13:25:03,240 | INFO | lakeice_ncde | Epoch 42/120 | train batch 3/5 | batch_loss=0.01025546 | running_loss=0.01191372
2026-04-15 13:25:03,382 | INFO | lakeice_ncde | Epoch 42/120 | train batch 4/5 | batch_loss=0.01245409 | running_loss=0.01204881
2026-04-15 13:25:03,492 | INFO | lakeice_ncde | Epoch 42/120 | train batch 5/5 | batch_loss=0.01355059 | running_loss=0.01234917
2026-04-15 13:25:03,527 | INFO | lakeice_ncde | Epoch 42 complete | train_loss=0.01234917 | val_loss=0.14942767 | val_rmse=0.38655876 | val_mae=0.30756489 | val_r2=-1.35814514
2026-04-15 13:25:03,537 | INFO | lakeice_ncde | Epoch 43/120 started.
2026-04-15 13:25:03,653 | INFO | lakeice_ncde | Epoch 43/120 | train batch 1/5 | batch_loss=0.01067192 | running_loss=0.01067192
2026-04-15 13:25:03,765 | INFO | lakeice_ncde | Epoch 43/120 | train batch 2/5 | batch_loss=0.01178757 | running_loss=0.01122974
2026-04-15 13:25:03,911 | INFO | lakeice_ncde | Epoch 43/120 | train batch 3/5 | batch_loss=0.01265713 | running_loss=0.01170554
2026-04-15 13:25:03,997 | INFO | lakeice_ncde | Epoch 43/120 | train batch 4/5 | batch_loss=0.00955704 | running_loss=0.01116841
2026-04-15 13:25:04,062 | INFO | lakeice_ncde | Epoch 43/120 | train batch 5/5 | batch_loss=0.00845484 | running_loss=0.01062570
2026-04-15 13:25:04,093 | INFO | lakeice_ncde | Epoch 43 complete | train_loss=0.01062570 | val_loss=0.13653192 | val_rmse=0.36950226 | val_mae=0.30300826 | val_r2=-1.15463493
2026-04-15 13:25:04,104 | INFO | lakeice_ncde | Epoch 44/120 started.
2026-04-15 13:25:04,234 | INFO | lakeice_ncde | Epoch 44/120 | train batch 1/5 | batch_loss=0.01220383 | running_loss=0.01220383
2026-04-15 13:25:04,342 | INFO | lakeice_ncde | Epoch 44/120 | train batch 2/5 | batch_loss=0.00899267 | running_loss=0.01059825
2026-04-15 13:25:04,459 | INFO | lakeice_ncde | Epoch 44/120 | train batch 3/5 | batch_loss=0.01099189 | running_loss=0.01072947
2026-04-15 13:25:04,571 | INFO | lakeice_ncde | Epoch 44/120 | train batch 4/5 | batch_loss=0.01173504 | running_loss=0.01098086
2026-04-15 13:25:04,668 | INFO | lakeice_ncde | Epoch 44/120 | train batch 5/5 | batch_loss=0.01128483 | running_loss=0.01104165
2026-04-15 13:25:04,696 | INFO | lakeice_ncde | Epoch 44 complete | train_loss=0.01104165 | val_loss=0.13022039 | val_rmse=0.36086062 | val_mae=0.29983659 | val_r2=-1.05503150
2026-04-15 13:25:04,719 | INFO | lakeice_ncde | Epoch 45/120 started.
2026-04-15 13:25:04,868 | INFO | lakeice_ncde | Epoch 45/120 | train batch 1/5 | batch_loss=0.01152132 | running_loss=0.01152132
2026-04-15 13:25:04,969 | INFO | lakeice_ncde | Epoch 45/120 | train batch 2/5 | batch_loss=0.00921527 | running_loss=0.01036829
2026-04-15 13:25:05,108 | INFO | lakeice_ncde | Epoch 45/120 | train batch 3/5 | batch_loss=0.01541442 | running_loss=0.01205034
2026-04-15 13:25:05,229 | INFO | lakeice_ncde | Epoch 45/120 | train batch 4/5 | batch_loss=0.00989603 | running_loss=0.01151176
2026-04-15 13:25:05,327 | INFO | lakeice_ncde | Epoch 45/120 | train batch 5/5 | batch_loss=0.01237257 | running_loss=0.01168392
2026-04-15 13:25:05,356 | INFO | lakeice_ncde | Epoch 45 complete | train_loss=0.01168392 | val_loss=0.12759045 | val_rmse=0.35719806 | val_mae=0.29694495 | val_r2=-1.01352799
2026-04-15 13:25:05,387 | INFO | lakeice_ncde | Epoch 46/120 started.
2026-04-15 13:25:05,541 | INFO | lakeice_ncde | Epoch 46/120 | train batch 1/5 | batch_loss=0.01044607 | running_loss=0.01044607
2026-04-15 13:25:05,672 | INFO | lakeice_ncde | Epoch 46/120 | train batch 2/5 | batch_loss=0.01319474 | running_loss=0.01182040
2026-04-15 13:25:05,786 | INFO | lakeice_ncde | Epoch 46/120 | train batch 3/5 | batch_loss=0.00927187 | running_loss=0.01097089
2026-04-15 13:25:05,877 | INFO | lakeice_ncde | Epoch 46/120 | train batch 4/5 | batch_loss=0.01178067 | running_loss=0.01117333
2026-04-15 13:25:05,968 | INFO | lakeice_ncde | Epoch 46/120 | train batch 5/5 | batch_loss=0.00865052 | running_loss=0.01066877
2026-04-15 13:25:06,000 | INFO | lakeice_ncde | Epoch 46 complete | train_loss=0.01066877 | val_loss=0.13413828 | val_rmse=0.36624893 | val_mae=0.29945360 | val_r2=-1.11686043
2026-04-15 13:25:06,009 | INFO | lakeice_ncde | Epoch 47/120 started.
2026-04-15 13:25:06,112 | INFO | lakeice_ncde | Epoch 47/120 | train batch 1/5 | batch_loss=0.00942908 | running_loss=0.00942908
2026-04-15 13:25:06,217 | INFO | lakeice_ncde | Epoch 47/120 | train batch 2/5 | batch_loss=0.01096166 | running_loss=0.01019537
2026-04-15 13:25:06,301 | INFO | lakeice_ncde | Epoch 47/120 | train batch 3/5 | batch_loss=0.00908031 | running_loss=0.00982368
2026-04-15 13:25:06,411 | INFO | lakeice_ncde | Epoch 47/120 | train batch 4/5 | batch_loss=0.01166927 | running_loss=0.01028508
2026-04-15 13:25:06,516 | INFO | lakeice_ncde | Epoch 47/120 | train batch 5/5 | batch_loss=0.00961187 | running_loss=0.01015044
2026-04-15 13:25:06,545 | INFO | lakeice_ncde | Epoch 47 complete | train_loss=0.01015044 | val_loss=0.14112456 | val_rmse=0.37566549 | val_mae=0.30213973 | val_r2=-1.22711224
2026-04-15 13:25:06,554 | INFO | lakeice_ncde | Epoch 48/120 started.
2026-04-15 13:25:06,643 | INFO | lakeice_ncde | Epoch 48/120 | train batch 1/5 | batch_loss=0.00985878 | running_loss=0.00985878
2026-04-15 13:25:06,795 | INFO | lakeice_ncde | Epoch 48/120 | train batch 2/5 | batch_loss=0.01087891 | running_loss=0.01036884
2026-04-15 13:25:06,920 | INFO | lakeice_ncde | Epoch 48/120 | train batch 3/5 | batch_loss=0.01135894 | running_loss=0.01069888
2026-04-15 13:25:07,061 | INFO | lakeice_ncde | Epoch 48/120 | train batch 4/5 | batch_loss=0.01175999 | running_loss=0.01096415
2026-04-15 13:25:07,129 | INFO | lakeice_ncde | Epoch 48/120 | train batch 5/5 | batch_loss=0.00587919 | running_loss=0.00994716
2026-04-15 13:25:07,154 | INFO | lakeice_ncde | Epoch 48 complete | train_loss=0.00994716 | val_loss=0.13900120 | val_rmse=0.37282864 | val_mae=0.30057246 | val_r2=-1.19360304
2026-04-15 13:25:07,164 | INFO | lakeice_ncde | Epoch 49/120 started.
2026-04-15 13:25:07,296 | INFO | lakeice_ncde | Epoch 49/120 | train batch 1/5 | batch_loss=0.00949127 | running_loss=0.00949127
2026-04-15 13:25:07,359 | INFO | lakeice_ncde | Epoch 49/120 | train batch 2/5 | batch_loss=0.00901701 | running_loss=0.00925414
2026-04-15 13:25:07,486 | INFO | lakeice_ncde | Epoch 49/120 | train batch 3/5 | batch_loss=0.01073004 | running_loss=0.00974611
2026-04-15 13:25:07,621 | INFO | lakeice_ncde | Epoch 49/120 | train batch 4/5 | batch_loss=0.01039578 | running_loss=0.00990853
2026-04-15 13:25:07,742 | INFO | lakeice_ncde | Epoch 49/120 | train batch 5/5 | batch_loss=0.01050338 | running_loss=0.01002750
2026-04-15 13:25:07,775 | INFO | lakeice_ncde | Epoch 49 complete | train_loss=0.01002750 | val_loss=0.14032245 | val_rmse=0.37459638 | val_mae=0.30040977 | val_r2=-1.21445389
2026-04-15 13:25:07,787 | INFO | lakeice_ncde | Epoch 50/120 started.
2026-04-15 13:25:07,964 | INFO | lakeice_ncde | Epoch 50/120 | train batch 1/5 | batch_loss=0.00959231 | running_loss=0.00959231
2026-04-15 13:25:08,022 | INFO | lakeice_ncde | Epoch 50/120 | train batch 2/5 | batch_loss=0.00820484 | running_loss=0.00889857
2026-04-15 13:25:08,156 | INFO | lakeice_ncde | Epoch 50/120 | train batch 3/5 | batch_loss=0.01024708 | running_loss=0.00934808
2026-04-15 13:25:08,282 | INFO | lakeice_ncde | Epoch 50/120 | train batch 4/5 | batch_loss=0.01129069 | running_loss=0.00983373
2026-04-15 13:25:08,355 | INFO | lakeice_ncde | Epoch 50/120 | train batch 5/5 | batch_loss=0.01004680 | running_loss=0.00987634
2026-04-15 13:25:08,384 | INFO | lakeice_ncde | Epoch 50 complete | train_loss=0.00987634 | val_loss=0.14914145 | val_rmse=0.38618837 | val_mae=0.30388113 | val_r2=-1.35362827
2026-04-15 13:25:08,394 | INFO | lakeice_ncde | Epoch 51/120 started.
2026-04-15 13:25:08,552 | INFO | lakeice_ncde | Epoch 51/120 | train batch 1/5 | batch_loss=0.00848647 | running_loss=0.00848647
2026-04-15 13:25:08,693 | INFO | lakeice_ncde | Epoch 51/120 | train batch 2/5 | batch_loss=0.01036492 | running_loss=0.00942569
2026-04-15 13:25:08,861 | INFO | lakeice_ncde | Epoch 51/120 | train batch 3/5 | batch_loss=0.01059983 | running_loss=0.00981707
2026-04-15 13:25:09,045 | INFO | lakeice_ncde | Epoch 51/120 | train batch 4/5 | batch_loss=0.00951731 | running_loss=0.00974213
2026-04-15 13:25:09,229 | INFO | lakeice_ncde | Epoch 51/120 | train batch 5/5 | batch_loss=0.00827249 | running_loss=0.00944820
2026-04-15 13:25:09,279 | INFO | lakeice_ncde | Epoch 51 complete | train_loss=0.00944820 | val_loss=0.14878948 | val_rmse=0.38573240 | val_mae=0.30333253 | val_r2=-1.34807374
2026-04-15 13:25:09,290 | INFO | lakeice_ncde | Epoch 52/120 started.
2026-04-15 13:25:09,502 | INFO | lakeice_ncde | Epoch 52/120 | train batch 1/5 | batch_loss=0.00987200 | running_loss=0.00987200
2026-04-15 13:25:09,624 | INFO | lakeice_ncde | Epoch 52/120 | train batch 2/5 | batch_loss=0.00987831 | running_loss=0.00987515
2026-04-15 13:25:09,735 | INFO | lakeice_ncde | Epoch 52/120 | train batch 3/5 | batch_loss=0.01002412 | running_loss=0.00992481
2026-04-15 13:25:09,919 | INFO | lakeice_ncde | Epoch 52/120 | train batch 4/5 | batch_loss=0.01028930 | running_loss=0.01001593
2026-04-15 13:25:10,033 | INFO | lakeice_ncde | Epoch 52/120 | train batch 5/5 | batch_loss=0.00898573 | running_loss=0.00980989
2026-04-15 13:25:10,068 | INFO | lakeice_ncde | Epoch 52 complete | train_loss=0.00980989 | val_loss=0.14390907 | val_rmse=0.37935348 | val_mae=0.30117935 | val_r2=-1.27105499
2026-04-15 13:25:10,080 | INFO | lakeice_ncde | Epoch 53/120 started.
2026-04-15 13:25:10,356 | INFO | lakeice_ncde | Epoch 53/120 | train batch 1/5 | batch_loss=0.00829665 | running_loss=0.00829665
2026-04-15 13:25:10,557 | INFO | lakeice_ncde | Epoch 53/120 | train batch 2/5 | batch_loss=0.01123996 | running_loss=0.00976830
2026-04-15 13:25:10,739 | INFO | lakeice_ncde | Epoch 53/120 | train batch 3/5 | batch_loss=0.00756780 | running_loss=0.00903480
2026-04-15 13:25:10,915 | INFO | lakeice_ncde | Epoch 53/120 | train batch 4/5 | batch_loss=0.01173264 | running_loss=0.00970926
2026-04-15 13:25:11,063 | INFO | lakeice_ncde | Epoch 53/120 | train batch 5/5 | batch_loss=0.00718585 | running_loss=0.00920458
2026-04-15 13:25:11,105 | INFO | lakeice_ncde | Epoch 53 complete | train_loss=0.00920458 | val_loss=0.14443542 | val_rmse=0.38004661 | val_mae=0.30126868 | val_r2=-1.27936155
2026-04-15 13:25:11,116 | INFO | lakeice_ncde | Epoch 54/120 started.
2026-04-15 13:25:11,365 | INFO | lakeice_ncde | Epoch 54/120 | train batch 1/5 | batch_loss=0.00891927 | running_loss=0.00891927
2026-04-15 13:25:11,556 | INFO | lakeice_ncde | Epoch 54/120 | train batch 2/5 | batch_loss=0.01174625 | running_loss=0.01033276
2026-04-15 13:25:11,748 | INFO | lakeice_ncde | Epoch 54/120 | train batch 3/5 | batch_loss=0.01107551 | running_loss=0.01058034
2026-04-15 13:25:11,915 | INFO | lakeice_ncde | Epoch 54/120 | train batch 4/5 | batch_loss=0.00819386 | running_loss=0.00998372
2026-04-15 13:25:11,982 | INFO | lakeice_ncde | Epoch 54/120 | train batch 5/5 | batch_loss=0.00815773 | running_loss=0.00961852
2026-04-15 13:25:12,015 | INFO | lakeice_ncde | Epoch 54 complete | train_loss=0.00961852 | val_loss=0.14259759 | val_rmse=0.37762097 | val_mae=0.29958946 | val_r2=-1.25035842
2026-04-15 13:25:12,025 | INFO | lakeice_ncde | Epoch 55/120 started.
2026-04-15 13:25:12,162 | INFO | lakeice_ncde | Epoch 55/120 | train batch 1/5 | batch_loss=0.01004194 | running_loss=0.01004194
2026-04-15 13:25:12,273 | INFO | lakeice_ncde | Epoch 55/120 | train batch 2/5 | batch_loss=0.01058263 | running_loss=0.01031228
2026-04-15 13:25:12,364 | INFO | lakeice_ncde | Epoch 55/120 | train batch 3/5 | batch_loss=0.00769697 | running_loss=0.00944051
2026-04-15 13:25:12,501 | INFO | lakeice_ncde | Epoch 55/120 | train batch 4/5 | batch_loss=0.00852602 | running_loss=0.00921189
2026-04-15 13:25:12,634 | INFO | lakeice_ncde | Epoch 55/120 | train batch 5/5 | batch_loss=0.00842652 | running_loss=0.00905482
2026-04-15 13:25:12,667 | INFO | lakeice_ncde | Epoch 55 complete | train_loss=0.00905482 | val_loss=0.14017096 | val_rmse=0.37439413 | val_mae=0.29834990 | val_r2=-1.21206329
2026-04-15 13:25:12,677 | INFO | lakeice_ncde | Epoch 56/120 started.
2026-04-15 13:25:12,789 | INFO | lakeice_ncde | Epoch 56/120 | train batch 1/5 | batch_loss=0.00779632 | running_loss=0.00779632
2026-04-15 13:25:12,933 | INFO | lakeice_ncde | Epoch 56/120 | train batch 2/5 | batch_loss=0.00927608 | running_loss=0.00853620
2026-04-15 13:25:13,071 | INFO | lakeice_ncde | Epoch 56/120 | train batch 3/5 | batch_loss=0.01097415 | running_loss=0.00934885
2026-04-15 13:25:13,255 | INFO | lakeice_ncde | Epoch 56/120 | train batch 4/5 | batch_loss=0.00794713 | running_loss=0.00899842
2026-04-15 13:25:13,459 | INFO | lakeice_ncde | Epoch 56/120 | train batch 5/5 | batch_loss=0.01372798 | running_loss=0.00994433
2026-04-15 13:25:13,510 | INFO | lakeice_ncde | Epoch 56 complete | train_loss=0.00994433 | val_loss=0.13649062 | val_rmse=0.36944636 | val_mae=0.29684469 | val_r2=-1.15398310
2026-04-15 13:25:13,522 | INFO | lakeice_ncde | Epoch 57/120 started.
2026-04-15 13:25:13,682 | INFO | lakeice_ncde | Epoch 57/120 | train batch 1/5 | batch_loss=0.00895347 | running_loss=0.00895347
2026-04-15 13:25:13,820 | INFO | lakeice_ncde | Epoch 57/120 | train batch 2/5 | batch_loss=0.00842904 | running_loss=0.00869126
2026-04-15 13:25:13,959 | INFO | lakeice_ncde | Epoch 57/120 | train batch 3/5 | batch_loss=0.01004240 | running_loss=0.00914164
2026-04-15 13:25:14,098 | INFO | lakeice_ncde | Epoch 57/120 | train batch 4/5 | batch_loss=0.01071395 | running_loss=0.00953472
2026-04-15 13:25:14,213 | INFO | lakeice_ncde | Epoch 57/120 | train batch 5/5 | batch_loss=0.01220352 | running_loss=0.01006848
2026-04-15 13:25:14,244 | INFO | lakeice_ncde | Epoch 57 complete | train_loss=0.01006848 | val_loss=0.13572188 | val_rmse=0.36840451 | val_mae=0.29669801 | val_r2=-1.14185156
2026-04-15 13:25:14,257 | INFO | lakeice_ncde | Epoch 58/120 started.
2026-04-15 13:25:14,393 | INFO | lakeice_ncde | Epoch 58/120 | train batch 1/5 | batch_loss=0.00787617 | running_loss=0.00787617
2026-04-15 13:25:14,543 | INFO | lakeice_ncde | Epoch 58/120 | train batch 2/5 | batch_loss=0.00754179 | running_loss=0.00770898
2026-04-15 13:25:14,668 | INFO | lakeice_ncde | Epoch 58/120 | train batch 3/5 | batch_loss=0.01126557 | running_loss=0.00889451
2026-04-15 13:25:14,816 | INFO | lakeice_ncde | Epoch 58/120 | train batch 4/5 | batch_loss=0.01167139 | running_loss=0.00958873
2026-04-15 13:25:14,905 | INFO | lakeice_ncde | Epoch 58/120 | train batch 5/5 | batch_loss=0.00899858 | running_loss=0.00947070
2026-04-15 13:25:14,934 | INFO | lakeice_ncde | Epoch 58 complete | train_loss=0.00947070 | val_loss=0.13760884 | val_rmse=0.37095666 | val_mae=0.29765980 | val_r2=-1.17163005
2026-04-15 13:25:14,944 | INFO | lakeice_ncde | Epoch 59/120 started.
2026-04-15 13:25:15,097 | INFO | lakeice_ncde | Epoch 59/120 | train batch 1/5 | batch_loss=0.01003682 | running_loss=0.01003682
2026-04-15 13:25:15,215 | INFO | lakeice_ncde | Epoch 59/120 | train batch 2/5 | batch_loss=0.00752404 | running_loss=0.00878043
2026-04-15 13:25:15,341 | INFO | lakeice_ncde | Epoch 59/120 | train batch 3/5 | batch_loss=0.00979325 | running_loss=0.00911804
2026-04-15 13:25:15,473 | INFO | lakeice_ncde | Epoch 59/120 | train batch 4/5 | batch_loss=0.00895451 | running_loss=0.00907715
2026-04-15 13:25:15,545 | INFO | lakeice_ncde | Epoch 59/120 | train batch 5/5 | batch_loss=0.00814253 | running_loss=0.00889023
2026-04-15 13:25:15,573 | INFO | lakeice_ncde | Epoch 59 complete | train_loss=0.00889023 | val_loss=0.13932113 | val_rmse=0.37325745 | val_mae=0.29855063 | val_r2=-1.19865187
2026-04-15 13:25:15,582 | INFO | lakeice_ncde | Epoch 60/120 started.
2026-04-15 13:25:15,712 | INFO | lakeice_ncde | Epoch 60/120 | train batch 1/5 | batch_loss=0.01043843 | running_loss=0.01043843
2026-04-15 13:25:15,855 | INFO | lakeice_ncde | Epoch 60/120 | train batch 2/5 | batch_loss=0.01355803 | running_loss=0.01199823
2026-04-15 13:25:15,972 | INFO | lakeice_ncde | Epoch 60/120 | train batch 3/5 | batch_loss=0.00931553 | running_loss=0.01110399
2026-04-15 13:25:16,070 | INFO | lakeice_ncde | Epoch 60/120 | train batch 4/5 | batch_loss=0.00677915 | running_loss=0.01002278
2026-04-15 13:25:16,152 | INFO | lakeice_ncde | Epoch 60/120 | train batch 5/5 | batch_loss=0.00856568 | running_loss=0.00973136
2026-04-15 13:25:16,180 | INFO | lakeice_ncde | Epoch 60 complete | train_loss=0.00973136 | val_loss=0.13929023 | val_rmse=0.37321606 | val_mae=0.29847897 | val_r2=-1.19816426
2026-04-15 13:25:16,189 | INFO | lakeice_ncde | Epoch 61/120 started.
2026-04-15 13:25:16,312 | INFO | lakeice_ncde | Epoch 61/120 | train batch 1/5 | batch_loss=0.00954379 | running_loss=0.00954379
2026-04-15 13:25:16,432 | INFO | lakeice_ncde | Epoch 61/120 | train batch 2/5 | batch_loss=0.00929528 | running_loss=0.00941953
2026-04-15 13:25:16,580 | INFO | lakeice_ncde | Epoch 61/120 | train batch 3/5 | batch_loss=0.00908035 | running_loss=0.00930647
2026-04-15 13:25:16,695 | INFO | lakeice_ncde | Epoch 61/120 | train batch 4/5 | batch_loss=0.00944565 | running_loss=0.00934127
2026-04-15 13:25:16,795 | INFO | lakeice_ncde | Epoch 61/120 | train batch 5/5 | batch_loss=0.01124282 | running_loss=0.00972158
2026-04-15 13:25:16,836 | INFO | lakeice_ncde | Epoch 61 complete | train_loss=0.00972158 | val_loss=0.13889592 | val_rmse=0.37268743 | val_mae=0.29786343 | val_r2=-1.19194169
2026-04-15 13:25:16,850 | INFO | lakeice_ncde | Epoch 62/120 started.
2026-04-15 13:25:16,980 | INFO | lakeice_ncde | Epoch 62/120 | train batch 1/5 | batch_loss=0.00940196 | running_loss=0.00940196
2026-04-15 13:25:17,109 | INFO | lakeice_ncde | Epoch 62/120 | train batch 2/5 | batch_loss=0.01077291 | running_loss=0.01008744
2026-04-15 13:25:17,224 | INFO | lakeice_ncde | Epoch 62/120 | train batch 3/5 | batch_loss=0.00870703 | running_loss=0.00962730
2026-04-15 13:25:17,328 | INFO | lakeice_ncde | Epoch 62/120 | train batch 4/5 | batch_loss=0.01184375 | running_loss=0.01018141
2026-04-15 13:25:17,459 | INFO | lakeice_ncde | Epoch 62/120 | train batch 5/5 | batch_loss=0.00817865 | running_loss=0.00978086
2026-04-15 13:25:17,486 | INFO | lakeice_ncde | Epoch 62 complete | train_loss=0.00978086 | val_loss=0.13629699 | val_rmse=0.36918422 | val_mae=0.29634847 | val_r2=-1.15092738
2026-04-15 13:25:17,494 | INFO | lakeice_ncde | Epoch 63/120 started.
2026-04-15 13:25:17,632 | INFO | lakeice_ncde | Epoch 63/120 | train batch 1/5 | batch_loss=0.00823913 | running_loss=0.00823913
2026-04-15 13:25:17,736 | INFO | lakeice_ncde | Epoch 63/120 | train batch 2/5 | batch_loss=0.01069484 | running_loss=0.00946699
2026-04-15 13:25:17,855 | INFO | lakeice_ncde | Epoch 63/120 | train batch 3/5 | batch_loss=0.00961840 | running_loss=0.00951746
2026-04-15 13:25:17,987 | INFO | lakeice_ncde | Epoch 63/120 | train batch 4/5 | batch_loss=0.00907376 | running_loss=0.00940653
2026-04-15 13:25:18,055 | INFO | lakeice_ncde | Epoch 63/120 | train batch 5/5 | batch_loss=0.00887330 | running_loss=0.00929988
2026-04-15 13:25:18,083 | INFO | lakeice_ncde | Epoch 63 complete | train_loss=0.00929988 | val_loss=0.13402498 | val_rmse=0.36609422 | val_mae=0.29603412 | val_r2=-1.11507245
2026-04-15 13:25:18,092 | INFO | lakeice_ncde | Epoch 64/120 started.
2026-04-15 13:25:18,245 | INFO | lakeice_ncde | Epoch 64/120 | train batch 1/5 | batch_loss=0.00958693 | running_loss=0.00958693
2026-04-15 13:25:18,377 | INFO | lakeice_ncde | Epoch 64/120 | train batch 2/5 | batch_loss=0.00917477 | running_loss=0.00938085
2026-04-15 13:25:18,465 | INFO | lakeice_ncde | Epoch 64/120 | train batch 3/5 | batch_loss=0.01087364 | running_loss=0.00987844
2026-04-15 13:25:18,575 | INFO | lakeice_ncde | Epoch 64/120 | train batch 4/5 | batch_loss=0.01105505 | running_loss=0.01017260
2026-04-15 13:25:18,653 | INFO | lakeice_ncde | Epoch 64/120 | train batch 5/5 | batch_loss=0.01243777 | running_loss=0.01062563
2026-04-15 13:25:18,684 | INFO | lakeice_ncde | Epoch 64 complete | train_loss=0.01062563 | val_loss=0.13289326 | val_rmse=0.36454527 | val_mae=0.29586861 | val_r2=-1.09721251
2026-04-15 13:25:18,697 | INFO | lakeice_ncde | Epoch 65/120 started.
2026-04-15 13:25:18,876 | INFO | lakeice_ncde | Epoch 65/120 | train batch 1/5 | batch_loss=0.00875645 | running_loss=0.00875645
2026-04-15 13:25:19,018 | INFO | lakeice_ncde | Epoch 65/120 | train batch 2/5 | batch_loss=0.00968112 | running_loss=0.00921878
2026-04-15 13:25:19,130 | INFO | lakeice_ncde | Epoch 65/120 | train batch 3/5 | batch_loss=0.00924005 | running_loss=0.00922587
2026-04-15 13:25:19,270 | INFO | lakeice_ncde | Epoch 65/120 | train batch 4/5 | batch_loss=0.00970572 | running_loss=0.00934584
2026-04-15 13:25:19,364 | INFO | lakeice_ncde | Epoch 65/120 | train batch 5/5 | batch_loss=0.01043233 | running_loss=0.00956314
2026-04-15 13:25:19,393 | INFO | lakeice_ncde | Epoch 65 complete | train_loss=0.00956314 | val_loss=0.13096279 | val_rmse=0.36188781 | val_mae=0.29521465 | val_r2=-1.06674746
2026-04-15 13:25:19,404 | INFO | lakeice_ncde | Early stopping triggered at epoch 65.
2026-04-15 13:25:19,588 | INFO | lakeice_ncde | Final evaluation | val_loss=0.13096279 | test_loss=0.22818331 | best_val_rmse=0.35719806 | best_epoch=45
2026-04-15 13:25:27,903 | INFO | lakeice_ncde | PDF report saved to S:\STU-Papers\My_Papers\EXP1-Pre-Training-Standalone\outputs\runs\xiaoxingkai_transfer_daily12_history_autoreg\xiaoxingkai_transfer_daily12_history_autoreg_20260415_132431\figures\report.pdf
2026-04-15 13:25:27,916 | INFO | lakeice_ncde | Finished experiment 'xiaoxingkai_transfer_daily12_history_autoreg'. Run directory: S:\STU-Papers\My_Papers\EXP1-Pre-Training-Standalone\outputs\runs\xiaoxingkai_transfer_daily12_history_autoreg\xiaoxingkai_transfer_daily12_history_autoreg_20260415_132431
