2026-04-15 13:00:04,411 | INFO | lakeice_ncde | Starting experiment 'xiaoxingkai_transfer_daily12'
2026-04-15 13:00:04,415 | INFO | lakeice_ncde | Run directory: S:\STU-Papers\My_Papers\EXP1-Pre-Training-Standalone\outputs\runs\xiaoxingkai_transfer_daily12\xiaoxingkai_transfer_daily12_20260415_130004
2026-04-15 13:00:04,416 | INFO | lakeice_ncde | Running target transfer | target=【Li】Lake Xiaoxingkai | train=['【Huo】Lake Hnagzhang', '【Huo】Lake Ulansu', '【North Temperate Lakes LTER】Crystal Lake (NTL)', '【North Temperate Lakes LTER】Bog 27-2 (Crystal Bog)', '【North Temperate Lakes LTER】Sparkling Lake', '【North Temperate Lakes LTER】Big Muskellunge Lake', '【North Temperate Lakes LTER】Allequash Lake', '【North Temperate Lakes LTER】Bog 12-15 (Trout Bog)', '【North Temperate Lakes LTER】Trout Lake', '【IISD Experimental】Lake 239', '【IISD Experimental】Lake 302']
2026-04-15 13:00:04,422 | INFO | lakeice_ncde | Target lake test starts at 2026-01-01; target rows before the cutoff are split into train and val.
2026-04-15 13:00:04,423 | INFO | lakeice_ncde | Config summary | interpolation=hermite | method=midpoint | window_days=28 | batch_size=64 | target_transform=none
2026-04-15 13:00:04,481 | INFO | lakeice_ncde | Fold 'xiaoxingkai_transfer_daily12' -> train lakes (12): ['【Huo】Lake Hnagzhang', '【Huo】Lake Ulansu', '【IISD Experimental】Lake 239', '【IISD Experimental】Lake 302', '【Li】Lake Xiaoxingkai', '【North Temperate Lakes LTER】Allequash Lake', '【North Temperate Lakes LTER】Big Muskellunge Lake', '【North Temperate Lakes LTER】Bog 12-15 (Trout Bog)', '【North Temperate Lakes LTER】Bog 27-2 (Crystal Bog)', '【North Temperate Lakes LTER】Crystal Lake (NTL)', '【North Temperate Lakes LTER】Sparkling Lake', '【North Temperate Lakes LTER】Trout Lake']
2026-04-15 13:00:04,485 | INFO | lakeice_ncde | Fold 'xiaoxingkai_transfer_daily12' -> val lakes (12): ['【Huo】Lake Hnagzhang', '【Huo】Lake Ulansu', '【IISD Experimental】Lake 239', '【IISD Experimental】Lake 302', '【Li】Lake Xiaoxingkai', '【North Temperate Lakes LTER】Allequash Lake', '【North Temperate Lakes LTER】Big Muskellunge Lake', '【North Temperate Lakes LTER】Bog 12-15 (Trout Bog)', '【North Temperate Lakes LTER】Bog 27-2 (Crystal Bog)', '【North Temperate Lakes LTER】Crystal Lake (NTL)', '【North Temperate Lakes LTER】Sparkling Lake', '【North Temperate Lakes LTER】Trout Lake']
2026-04-15 13:00:04,489 | INFO | lakeice_ncde | Fold 'xiaoxingkai_transfer_daily12' -> test lakes (1): ['【Li】Lake Xiaoxingkai']
2026-04-15 13:00:04,503 | INFO | lakeice_ncde | Building train windows for split 'xiaoxingkai_transfer_daily12': 1251 rows across 12 lakes.
2026-04-15 13:00:04,721 | INFO | lakeice_ncde | Window progress for split 'train': 1/12 lakes processed, 89 windows built.
2026-04-15 13:00:05,055 | INFO | lakeice_ncde | Window progress for split 'train': 2/12 lakes processed, 233 windows built.
2026-04-15 13:00:05,289 | INFO | lakeice_ncde | Window progress for split 'train': 3/12 lakes processed, 295 windows built.
2026-04-15 13:00:05,417 | INFO | lakeice_ncde | Window progress for split 'train': 4/12 lakes processed, 322 windows built.
2026-04-15 13:00:05,484 | INFO | lakeice_ncde | Window progress for split 'train': 5/12 lakes processed, 345 windows built.
2026-04-15 13:00:05,618 | INFO | lakeice_ncde | Window progress for split 'train': 6/12 lakes processed, 361 windows built.
2026-04-15 13:00:05,769 | INFO | lakeice_ncde | Window progress for split 'train': 7/12 lakes processed, 372 windows built.
2026-04-15 13:00:05,922 | INFO | lakeice_ncde | Window progress for split 'train': 8/12 lakes processed, 394 windows built.
2026-04-15 13:00:06,060 | INFO | lakeice_ncde | Window progress for split 'train': 9/12 lakes processed, 409 windows built.
2026-04-15 13:00:06,174 | INFO | lakeice_ncde | Window progress for split 'train': 10/12 lakes processed, 421 windows built.
2026-04-15 13:00:06,297 | INFO | lakeice_ncde | Window progress for split 'train': 11/12 lakes processed, 435 windows built.
2026-04-15 13:00:06,413 | INFO | lakeice_ncde | Window progress for split 'train': 12/12 lakes processed, 453 windows built.
2026-04-15 13:00:06,452 | INFO | lakeice_ncde | Saved train windows for split 'xiaoxingkai_transfer_daily12': 453 samples -> S:\STU-Papers\My_Papers\EXP1-Pre-Training-Standalone\data\windows_xiaoxingkai_transfer_daily12\xiaoxingkai_transfer_daily12\train_windows.pt
2026-04-15 13:00:06,455 | INFO | lakeice_ncde | Building val windows for split 'xiaoxingkai_transfer_daily12': 150 rows across 12 lakes.
2026-04-15 13:00:06,493 | INFO | lakeice_ncde | Window progress for split 'val': 1/12 lakes processed, 11 windows built.
2026-04-15 13:00:06,555 | INFO | lakeice_ncde | Window progress for split 'val': 2/12 lakes processed, 28 windows built.
2026-04-15 13:00:06,586 | INFO | lakeice_ncde | Window progress for split 'val': 3/12 lakes processed, 32 windows built.
2026-04-15 13:00:06,609 | INFO | lakeice_ncde | Window progress for split 'val': 4/12 lakes processed, 35 windows built.
2026-04-15 13:00:06,632 | INFO | lakeice_ncde | Window progress for split 'val': 5/12 lakes processed, 42 windows built.
2026-04-15 13:00:06,658 | INFO | lakeice_ncde | Window progress for split 'val': 6/12 lakes processed, 46 windows built.
2026-04-15 13:00:06,685 | INFO | lakeice_ncde | Window progress for split 'val': 7/12 lakes processed, 50 windows built.
2026-04-15 13:00:06,711 | INFO | lakeice_ncde | Window progress for split 'val': 8/12 lakes processed, 54 windows built.
2026-04-15 13:00:06,738 | INFO | lakeice_ncde | Window progress for split 'val': 9/12 lakes processed, 58 windows built.
2026-04-15 13:00:06,768 | INFO | lakeice_ncde | Window progress for split 'val': 10/12 lakes processed, 61 windows built.
2026-04-15 13:00:06,797 | INFO | lakeice_ncde | Window progress for split 'val': 11/12 lakes processed, 65 windows built.
2026-04-15 13:00:06,827 | INFO | lakeice_ncde | Window progress for split 'val': 12/12 lakes processed, 67 windows built.
2026-04-15 13:00:06,841 | INFO | lakeice_ncde | Saved val windows for split 'xiaoxingkai_transfer_daily12': 67 samples -> S:\STU-Papers\My_Papers\EXP1-Pre-Training-Standalone\data\windows_xiaoxingkai_transfer_daily12\xiaoxingkai_transfer_daily12\val_windows.pt
2026-04-15 13:00:06,843 | INFO | lakeice_ncde | Building test windows for split 'xiaoxingkai_transfer_daily12': 37 rows across 1 lakes.
2026-04-15 13:00:06,934 | INFO | lakeice_ncde | Window progress for split 'test': 1/1 lakes processed, 36 windows built.
2026-04-15 13:00:06,946 | INFO | lakeice_ncde | Saved test windows for split 'xiaoxingkai_transfer_daily12': 36 samples -> S:\STU-Papers\My_Papers\EXP1-Pre-Training-Standalone\data\windows_xiaoxingkai_transfer_daily12\xiaoxingkai_transfer_daily12\test_windows.pt
2026-04-15 13:00:07,047 | INFO | lakeice_ncde | Balanced windows with train cap=160 and val cap=20
2026-04-15 13:00:07,795 | INFO | lakeice_ncde | Computing hermite coefficients for 453 windows from S:\STU-Papers\My_Papers\EXP1-Pre-Training-Standalone\data\windows_xiaoxingkai_transfer_daily12\xiaoxingkai_transfer_daily12\train_windows.pt
2026-04-15 13:00:07,799 | INFO | lakeice_ncde | Coefficient progress for train_windows.pt: 1/453 windows processed.
2026-04-15 13:00:07,824 | INFO | lakeice_ncde | Coefficient progress for train_windows.pt: 45/453 windows processed.
2026-04-15 13:00:07,847 | INFO | lakeice_ncde | Coefficient progress for train_windows.pt: 90/453 windows processed.
2026-04-15 13:00:07,875 | INFO | lakeice_ncde | Coefficient progress for train_windows.pt: 135/453 windows processed.
2026-04-15 13:00:07,905 | INFO | lakeice_ncde | Coefficient progress for train_windows.pt: 180/453 windows processed.
2026-04-15 13:00:07,928 | INFO | lakeice_ncde | Coefficient progress for train_windows.pt: 225/453 windows processed.
2026-04-15 13:00:07,945 | INFO | lakeice_ncde | Coefficient progress for train_windows.pt: 270/453 windows processed.
2026-04-15 13:00:07,959 | INFO | lakeice_ncde | Coefficient progress for train_windows.pt: 315/453 windows processed.
2026-04-15 13:00:07,976 | INFO | lakeice_ncde | Coefficient progress for train_windows.pt: 360/453 windows processed.
2026-04-15 13:00:07,991 | INFO | lakeice_ncde | Coefficient progress for train_windows.pt: 405/453 windows processed.
2026-04-15 13:00:08,006 | INFO | lakeice_ncde | Coefficient progress for train_windows.pt: 450/453 windows processed.
2026-04-15 13:00:08,009 | INFO | lakeice_ncde | Coefficient progress for train_windows.pt: 453/453 windows processed.
2026-04-15 13:00:08,092 | INFO | lakeice_ncde | Computing hermite coefficients for 67 windows from S:\STU-Papers\My_Papers\EXP1-Pre-Training-Standalone\data\windows_xiaoxingkai_transfer_daily12\xiaoxingkai_transfer_daily12\val_windows.pt
2026-04-15 13:00:08,095 | INFO | lakeice_ncde | Coefficient progress for val_windows.pt: 1/67 windows processed.
2026-04-15 13:00:08,099 | INFO | lakeice_ncde | Coefficient progress for val_windows.pt: 6/67 windows processed.
2026-04-15 13:00:08,104 | INFO | lakeice_ncde | Coefficient progress for val_windows.pt: 12/67 windows processed.
2026-04-15 13:00:08,108 | INFO | lakeice_ncde | Coefficient progress for val_windows.pt: 18/67 windows processed.
2026-04-15 13:00:08,114 | INFO | lakeice_ncde | Coefficient progress for val_windows.pt: 24/67 windows processed.
2026-04-15 13:00:08,119 | INFO | lakeice_ncde | Coefficient progress for val_windows.pt: 30/67 windows processed.
2026-04-15 13:00:08,124 | INFO | lakeice_ncde | Coefficient progress for val_windows.pt: 36/67 windows processed.
2026-04-15 13:00:08,128 | INFO | lakeice_ncde | Coefficient progress for val_windows.pt: 42/67 windows processed.
2026-04-15 13:00:08,134 | INFO | lakeice_ncde | Coefficient progress for val_windows.pt: 48/67 windows processed.
2026-04-15 13:00:08,138 | INFO | lakeice_ncde | Coefficient progress for val_windows.pt: 54/67 windows processed.
2026-04-15 13:00:08,143 | INFO | lakeice_ncde | Coefficient progress for val_windows.pt: 60/67 windows processed.
2026-04-15 13:00:08,148 | INFO | lakeice_ncde | Coefficient progress for val_windows.pt: 66/67 windows processed.
2026-04-15 13:00:08,151 | INFO | lakeice_ncde | Coefficient progress for val_windows.pt: 67/67 windows processed.
2026-04-15 13:00:08,183 | INFO | lakeice_ncde | Computing hermite coefficients for 36 windows from S:\STU-Papers\My_Papers\EXP1-Pre-Training-Standalone\data\windows_xiaoxingkai_transfer_daily12\xiaoxingkai_transfer_daily12\test_windows.pt
2026-04-15 13:00:08,185 | INFO | lakeice_ncde | Coefficient progress for test_windows.pt: 1/36 windows processed.
2026-04-15 13:00:08,188 | INFO | lakeice_ncde | Coefficient progress for test_windows.pt: 3/36 windows processed.
2026-04-15 13:00:08,191 | INFO | lakeice_ncde | Coefficient progress for test_windows.pt: 6/36 windows processed.
2026-04-15 13:00:08,195 | INFO | lakeice_ncde | Coefficient progress for test_windows.pt: 9/36 windows processed.
2026-04-15 13:00:08,198 | INFO | lakeice_ncde | Coefficient progress for test_windows.pt: 12/36 windows processed.
2026-04-15 13:00:08,200 | INFO | lakeice_ncde | Coefficient progress for test_windows.pt: 15/36 windows processed.
2026-04-15 13:00:08,203 | INFO | lakeice_ncde | Coefficient progress for test_windows.pt: 18/36 windows processed.
2026-04-15 13:00:08,206 | INFO | lakeice_ncde | Coefficient progress for test_windows.pt: 21/36 windows processed.
2026-04-15 13:00:08,210 | INFO | lakeice_ncde | Coefficient progress for test_windows.pt: 24/36 windows processed.
2026-04-15 13:00:08,214 | INFO | lakeice_ncde | Coefficient progress for test_windows.pt: 27/36 windows processed.
2026-04-15 13:00:08,217 | INFO | lakeice_ncde | Coefficient progress for test_windows.pt: 30/36 windows processed.
2026-04-15 13:00:08,221 | INFO | lakeice_ncde | Coefficient progress for test_windows.pt: 33/36 windows processed.
2026-04-15 13:00:08,225 | INFO | lakeice_ncde | Coefficient progress for test_windows.pt: 36/36 windows processed.
2026-04-15 13:00:08,239 | INFO | lakeice_ncde | Saved 3 coefficient bundle(s) under S:\STU-Papers\My_Papers\EXP1-Pre-Training-Standalone\data\coeffs_xiaoxingkai_transfer_daily12
2026-04-15 13:00:08,334 | INFO | lakeice_ncde | Data summary | train=453 | val=67 | test=36 | input_channels=11 | batch_parallel=True
2026-04-15 13:00:11,938 | INFO | lakeice_ncde | Training on cuda | train_batches=8 | val_batches=2 | test_batches=1
2026-04-15 13:00:11,941 | INFO | lakeice_ncde | Epoch 1/120 started.
2026-04-15 13:00:12,521 | INFO | lakeice_ncde | Epoch 1/120 | train batch 1/8 | batch_loss=0.14737952 | running_loss=0.14737952
2026-04-15 13:00:12,753 | INFO | lakeice_ncde | Epoch 1/120 | train batch 2/8 | batch_loss=0.25970525 | running_loss=0.20354238
2026-04-15 13:00:13,113 | INFO | lakeice_ncde | Epoch 1/120 | train batch 3/8 | batch_loss=0.09294839 | running_loss=0.16667772
2026-04-15 13:00:13,341 | INFO | lakeice_ncde | Epoch 1/120 | train batch 4/8 | batch_loss=0.13403122 | running_loss=0.15851609
2026-04-15 13:00:13,491 | INFO | lakeice_ncde | Epoch 1/120 | train batch 5/8 | batch_loss=0.17939179 | running_loss=0.16269123
2026-04-15 13:00:13,652 | INFO | lakeice_ncde | Epoch 1/120 | train batch 6/8 | batch_loss=0.07197568 | running_loss=0.14757197
2026-04-15 13:00:13,863 | INFO | lakeice_ncde | Epoch 1/120 | train batch 7/8 | batch_loss=0.10312531 | running_loss=0.14122245
2026-04-15 13:00:13,950 | INFO | lakeice_ncde | Epoch 1/120 | train batch 8/8 | batch_loss=0.01535566 | running_loss=0.12548910
2026-04-15 13:00:14,054 | INFO | lakeice_ncde | Epoch 1 complete | train_loss=0.12548910 | val_loss=30.33788012 | val_rmse=5.50798331 | val_mae=1.38961289 | val_r2=-516.45289697
2026-04-15 13:00:14,081 | INFO | lakeice_ncde | Epoch 2/120 started.
2026-04-15 13:00:14,273 | INFO | lakeice_ncde | Epoch 2/120 | train batch 1/8 | batch_loss=0.08681870 | running_loss=0.08681870
2026-04-15 13:00:14,452 | INFO | lakeice_ncde | Epoch 2/120 | train batch 2/8 | batch_loss=0.08914094 | running_loss=0.08797982
2026-04-15 13:00:14,611 | INFO | lakeice_ncde | Epoch 2/120 | train batch 3/8 | batch_loss=0.11592102 | running_loss=0.09729355
2026-04-15 13:00:14,840 | INFO | lakeice_ncde | Epoch 2/120 | train batch 4/8 | batch_loss=0.08773947 | running_loss=0.09490503
2026-04-15 13:00:15,005 | INFO | lakeice_ncde | Epoch 2/120 | train batch 5/8 | batch_loss=0.06689205 | running_loss=0.08930243
2026-04-15 13:00:15,208 | INFO | lakeice_ncde | Epoch 2/120 | train batch 6/8 | batch_loss=0.07958147 | running_loss=0.08768227
2026-04-15 13:00:15,466 | INFO | lakeice_ncde | Epoch 2/120 | train batch 7/8 | batch_loss=0.06640873 | running_loss=0.08464320
2026-04-15 13:00:15,534 | INFO | lakeice_ncde | Epoch 2/120 | train batch 8/8 | batch_loss=0.06848355 | running_loss=0.08262324
2026-04-15 13:00:15,615 | INFO | lakeice_ncde | Epoch 2 complete | train_loss=0.08262324 | val_loss=13.66813630 | val_rmse=3.69704427 | val_mae=1.08350096 | val_r2=-232.12824417
2026-04-15 13:00:15,639 | INFO | lakeice_ncde | Epoch 3/120 started.
2026-04-15 13:00:15,806 | INFO | lakeice_ncde | Epoch 3/120 | train batch 1/8 | batch_loss=0.08295821 | running_loss=0.08295821
2026-04-15 13:00:15,959 | INFO | lakeice_ncde | Epoch 3/120 | train batch 2/8 | batch_loss=0.06389044 | running_loss=0.07342432
2026-04-15 13:00:16,215 | INFO | lakeice_ncde | Epoch 3/120 | train batch 3/8 | batch_loss=0.05761606 | running_loss=0.06815490
2026-04-15 13:00:16,387 | INFO | lakeice_ncde | Epoch 3/120 | train batch 4/8 | batch_loss=0.04421918 | running_loss=0.06217097
2026-04-15 13:00:16,612 | INFO | lakeice_ncde | Epoch 3/120 | train batch 5/8 | batch_loss=0.02480997 | running_loss=0.05469877
2026-04-15 13:00:16,815 | INFO | lakeice_ncde | Epoch 3/120 | train batch 6/8 | batch_loss=0.05393151 | running_loss=0.05457089
2026-04-15 13:00:17,023 | INFO | lakeice_ncde | Epoch 3/120 | train batch 7/8 | batch_loss=0.06477194 | running_loss=0.05602819
2026-04-15 13:00:17,069 | INFO | lakeice_ncde | Epoch 3/120 | train batch 8/8 | batch_loss=0.12665157 | running_loss=0.06485611
2026-04-15 13:00:17,169 | INFO | lakeice_ncde | Epoch 3 complete | train_loss=0.06485611 | val_loss=5.10055854 | val_rmse=2.25844162 | val_mae=0.72798204 | val_r2=-85.99681004
2026-04-15 13:00:17,201 | INFO | lakeice_ncde | Epoch 4/120 started.
2026-04-15 13:00:17,355 | INFO | lakeice_ncde | Epoch 4/120 | train batch 1/8 | batch_loss=0.02799007 | running_loss=0.02799007
2026-04-15 13:00:17,510 | INFO | lakeice_ncde | Epoch 4/120 | train batch 2/8 | batch_loss=0.07731469 | running_loss=0.05265238
2026-04-15 13:00:17,677 | INFO | lakeice_ncde | Epoch 4/120 | train batch 3/8 | batch_loss=0.02704478 | running_loss=0.04411651
2026-04-15 13:00:17,910 | INFO | lakeice_ncde | Epoch 4/120 | train batch 4/8 | batch_loss=0.04339884 | running_loss=0.04393710
2026-04-15 13:00:18,147 | INFO | lakeice_ncde | Epoch 4/120 | train batch 5/8 | batch_loss=0.05856415 | running_loss=0.04686251
2026-04-15 13:00:18,317 | INFO | lakeice_ncde | Epoch 4/120 | train batch 6/8 | batch_loss=0.07170034 | running_loss=0.05100215
2026-04-15 13:00:18,503 | INFO | lakeice_ncde | Epoch 4/120 | train batch 7/8 | batch_loss=0.02798313 | running_loss=0.04771372
2026-04-15 13:00:18,563 | INFO | lakeice_ncde | Epoch 4/120 | train batch 8/8 | batch_loss=0.03029371 | running_loss=0.04553621
2026-04-15 13:00:18,636 | INFO | lakeice_ncde | Epoch 4 complete | train_loss=0.04553621 | val_loss=4.08610451 | val_rmse=2.02141151 | val_mae=0.58936313 | val_r2=-68.69394717
2026-04-15 13:00:18,660 | INFO | lakeice_ncde | Epoch 5/120 started.
2026-04-15 13:00:18,870 | INFO | lakeice_ncde | Epoch 5/120 | train batch 1/8 | batch_loss=0.03095891 | running_loss=0.03095891
2026-04-15 13:00:19,017 | INFO | lakeice_ncde | Epoch 5/120 | train batch 2/8 | batch_loss=0.02487696 | running_loss=0.02791793
2026-04-15 13:00:19,200 | INFO | lakeice_ncde | Epoch 5/120 | train batch 3/8 | batch_loss=0.04128852 | running_loss=0.03237479
2026-04-15 13:00:19,416 | INFO | lakeice_ncde | Epoch 5/120 | train batch 4/8 | batch_loss=0.04730795 | running_loss=0.03610808
2026-04-15 13:00:19,626 | INFO | lakeice_ncde | Epoch 5/120 | train batch 5/8 | batch_loss=0.05151296 | running_loss=0.03918906
2026-04-15 13:00:19,871 | INFO | lakeice_ncde | Epoch 5/120 | train batch 6/8 | batch_loss=0.02508755 | running_loss=0.03683881
2026-04-15 13:00:20,065 | INFO | lakeice_ncde | Epoch 5/120 | train batch 7/8 | batch_loss=0.08155755 | running_loss=0.04322720
2026-04-15 13:00:20,119 | INFO | lakeice_ncde | Epoch 5/120 | train batch 8/8 | batch_loss=0.01890526 | running_loss=0.04018696
2026-04-15 13:00:20,200 | INFO | lakeice_ncde | Epoch 5 complete | train_loss=0.04018696 | val_loss=4.14347121 | val_rmse=2.03555182 | val_mae=0.63057701 | val_r2=-69.67241260
2026-04-15 13:00:20,210 | INFO | lakeice_ncde | Epoch 6/120 started.
2026-04-15 13:00:20,427 | INFO | lakeice_ncde | Epoch 6/120 | train batch 1/8 | batch_loss=0.03830041 | running_loss=0.03830041
2026-04-15 13:00:20,635 | INFO | lakeice_ncde | Epoch 6/120 | train batch 2/8 | batch_loss=0.03842028 | running_loss=0.03836034
2026-04-15 13:00:20,780 | INFO | lakeice_ncde | Epoch 6/120 | train batch 3/8 | batch_loss=0.03484858 | running_loss=0.03718976
2026-04-15 13:00:21,032 | INFO | lakeice_ncde | Epoch 6/120 | train batch 4/8 | batch_loss=0.03123080 | running_loss=0.03570002
2026-04-15 13:00:21,240 | INFO | lakeice_ncde | Epoch 6/120 | train batch 5/8 | batch_loss=0.03827960 | running_loss=0.03621593
2026-04-15 13:00:21,508 | INFO | lakeice_ncde | Epoch 6/120 | train batch 6/8 | batch_loss=0.02471201 | running_loss=0.03429861
2026-04-15 13:00:21,781 | INFO | lakeice_ncde | Epoch 6/120 | train batch 7/8 | batch_loss=0.02716205 | running_loss=0.03327910
2026-04-15 13:00:21,837 | INFO | lakeice_ncde | Epoch 6/120 | train batch 8/8 | batch_loss=0.01635796 | running_loss=0.03116396
2026-04-15 13:00:21,928 | INFO | lakeice_ncde | Epoch 6 complete | train_loss=0.03116396 | val_loss=2.87123135 | val_rmse=1.69447082 | val_mae=0.56776188 | val_r2=-47.97266962
2026-04-15 13:00:21,953 | INFO | lakeice_ncde | Epoch 7/120 started.
2026-04-15 13:00:22,221 | INFO | lakeice_ncde | Epoch 7/120 | train batch 1/8 | batch_loss=0.03276862 | running_loss=0.03276862
2026-04-15 13:00:22,441 | INFO | lakeice_ncde | Epoch 7/120 | train batch 2/8 | batch_loss=0.01851369 | running_loss=0.02564116
2026-04-15 13:00:22,692 | INFO | lakeice_ncde | Epoch 7/120 | train batch 3/8 | batch_loss=0.03177096 | running_loss=0.02768442
2026-04-15 13:00:22,901 | INFO | lakeice_ncde | Epoch 7/120 | train batch 4/8 | batch_loss=0.03854911 | running_loss=0.03040059
2026-04-15 13:00:23,083 | INFO | lakeice_ncde | Epoch 7/120 | train batch 5/8 | batch_loss=0.05340106 | running_loss=0.03500069
2026-04-15 13:00:23,302 | INFO | lakeice_ncde | Epoch 7/120 | train batch 6/8 | batch_loss=0.02746244 | running_loss=0.03374431
2026-04-15 13:00:23,655 | INFO | lakeice_ncde | Epoch 7/120 | train batch 7/8 | batch_loss=0.03041217 | running_loss=0.03326829
2026-04-15 13:00:23,745 | INFO | lakeice_ncde | Epoch 7/120 | train batch 8/8 | batch_loss=0.01221865 | running_loss=0.03063709
2026-04-15 13:00:23,838 | INFO | lakeice_ncde | Epoch 7 complete | train_loss=0.03063709 | val_loss=1.98907171 | val_rmse=1.41034454 | val_mae=0.48032783 | val_r2=-32.92626362
2026-04-15 13:00:23,876 | INFO | lakeice_ncde | Epoch 8/120 started.
2026-04-15 13:00:24,107 | INFO | lakeice_ncde | Epoch 8/120 | train batch 1/8 | batch_loss=0.03233698 | running_loss=0.03233698
2026-04-15 13:00:24,262 | INFO | lakeice_ncde | Epoch 8/120 | train batch 2/8 | batch_loss=0.03056825 | running_loss=0.03145262
2026-04-15 13:00:24,474 | INFO | lakeice_ncde | Epoch 8/120 | train batch 3/8 | batch_loss=0.02859610 | running_loss=0.03050044
2026-04-15 13:00:24,698 | INFO | lakeice_ncde | Epoch 8/120 | train batch 4/8 | batch_loss=0.02029609 | running_loss=0.02794936
2026-04-15 13:00:24,886 | INFO | lakeice_ncde | Epoch 8/120 | train batch 5/8 | batch_loss=0.02641638 | running_loss=0.02764276
2026-04-15 13:00:25,059 | INFO | lakeice_ncde | Epoch 8/120 | train batch 6/8 | batch_loss=0.02592369 | running_loss=0.02735625
2026-04-15 13:00:25,277 | INFO | lakeice_ncde | Epoch 8/120 | train batch 7/8 | batch_loss=0.02188544 | running_loss=0.02657470
2026-04-15 13:00:25,323 | INFO | lakeice_ncde | Epoch 8/120 | train batch 8/8 | batch_loss=0.02459383 | running_loss=0.02632709
2026-04-15 13:00:25,399 | INFO | lakeice_ncde | Epoch 8 complete | train_loss=0.02632709 | val_loss=0.45746163 | val_rmse=0.67635910 | val_mae=0.33554915 | val_r2=-6.80261661
2026-04-15 13:00:25,422 | INFO | lakeice_ncde | Epoch 9/120 started.
2026-04-15 13:00:25,613 | INFO | lakeice_ncde | Epoch 9/120 | train batch 1/8 | batch_loss=0.03896631 | running_loss=0.03896631
2026-04-15 13:00:25,778 | INFO | lakeice_ncde | Epoch 9/120 | train batch 2/8 | batch_loss=0.02290750 | running_loss=0.03093690
2026-04-15 13:00:26,051 | INFO | lakeice_ncde | Epoch 9/120 | train batch 3/8 | batch_loss=0.02802365 | running_loss=0.02996582
2026-04-15 13:00:26,216 | INFO | lakeice_ncde | Epoch 9/120 | train batch 4/8 | batch_loss=0.03335282 | running_loss=0.03081257
2026-04-15 13:00:26,379 | INFO | lakeice_ncde | Epoch 9/120 | train batch 5/8 | batch_loss=0.02684604 | running_loss=0.03001926
2026-04-15 13:00:26,547 | INFO | lakeice_ncde | Epoch 9/120 | train batch 6/8 | batch_loss=0.01814378 | running_loss=0.02804002
2026-04-15 13:00:26,774 | INFO | lakeice_ncde | Epoch 9/120 | train batch 7/8 | batch_loss=0.02211238 | running_loss=0.02719321
2026-04-15 13:00:26,809 | INFO | lakeice_ncde | Epoch 9/120 | train batch 8/8 | batch_loss=0.02195641 | running_loss=0.02653861
2026-04-15 13:00:26,886 | INFO | lakeice_ncde | Epoch 9 complete | train_loss=0.02653861 | val_loss=2.52499053 | val_rmse=1.58902188 | val_mae=0.47676494 | val_r2=-42.06707191
2026-04-15 13:00:26,896 | INFO | lakeice_ncde | Epoch 10/120 started.
2026-04-15 13:00:27,083 | INFO | lakeice_ncde | Epoch 10/120 | train batch 1/8 | batch_loss=0.01864667 | running_loss=0.01864667
2026-04-15 13:00:27,356 | INFO | lakeice_ncde | Epoch 10/120 | train batch 2/8 | batch_loss=0.03835709 | running_loss=0.02850188
2026-04-15 13:00:27,543 | INFO | lakeice_ncde | Epoch 10/120 | train batch 3/8 | batch_loss=0.01544537 | running_loss=0.02414971
2026-04-15 13:00:27,769 | INFO | lakeice_ncde | Epoch 10/120 | train batch 4/8 | batch_loss=0.01730997 | running_loss=0.02243978
2026-04-15 13:00:27,976 | INFO | lakeice_ncde | Epoch 10/120 | train batch 5/8 | batch_loss=0.02326006 | running_loss=0.02260383
2026-04-15 13:00:28,162 | INFO | lakeice_ncde | Epoch 10/120 | train batch 6/8 | batch_loss=0.02087247 | running_loss=0.02231527
2026-04-15 13:00:28,285 | INFO | lakeice_ncde | Epoch 10/120 | train batch 7/8 | batch_loss=0.02449144 | running_loss=0.02262615
2026-04-15 13:00:28,333 | INFO | lakeice_ncde | Epoch 10/120 | train batch 8/8 | batch_loss=0.02668742 | running_loss=0.02313381
2026-04-15 13:00:28,414 | INFO | lakeice_ncde | Epoch 10 complete | train_loss=0.02313381 | val_loss=3.55590368 | val_rmse=1.88571039 | val_mae=0.54583784 | val_r2=-59.65066681
2026-04-15 13:00:28,425 | INFO | lakeice_ncde | Epoch 11/120 started.
2026-04-15 13:00:28,654 | INFO | lakeice_ncde | Epoch 11/120 | train batch 1/8 | batch_loss=0.03581382 | running_loss=0.03581382
2026-04-15 13:00:28,936 | INFO | lakeice_ncde | Epoch 11/120 | train batch 2/8 | batch_loss=0.03067270 | running_loss=0.03324326
2026-04-15 13:00:29,100 | INFO | lakeice_ncde | Epoch 11/120 | train batch 3/8 | batch_loss=0.02523284 | running_loss=0.03057312
2026-04-15 13:00:29,242 | INFO | lakeice_ncde | Epoch 11/120 | train batch 4/8 | batch_loss=0.02002559 | running_loss=0.02793624
2026-04-15 13:00:29,368 | INFO | lakeice_ncde | Epoch 11/120 | train batch 5/8 | batch_loss=0.02211037 | running_loss=0.02677106
2026-04-15 13:00:29,585 | INFO | lakeice_ncde | Epoch 11/120 | train batch 6/8 | batch_loss=0.01727409 | running_loss=0.02518824
2026-04-15 13:00:29,768 | INFO | lakeice_ncde | Epoch 11/120 | train batch 7/8 | batch_loss=0.02297784 | running_loss=0.02487246
2026-04-15 13:00:29,808 | INFO | lakeice_ncde | Epoch 11/120 | train batch 8/8 | batch_loss=0.01082037 | running_loss=0.02311595
2026-04-15 13:00:29,886 | INFO | lakeice_ncde | Epoch 11 complete | train_loss=0.02311595 | val_loss=0.74284534 | val_rmse=0.86188476 | val_mae=0.39164958 | val_r2=-11.67021530
2026-04-15 13:00:29,895 | INFO | lakeice_ncde | Epoch 12/120 started.
2026-04-15 13:00:30,105 | INFO | lakeice_ncde | Epoch 12/120 | train batch 1/8 | batch_loss=0.01821434 | running_loss=0.01821434
2026-04-15 13:00:30,304 | INFO | lakeice_ncde | Epoch 12/120 | train batch 2/8 | batch_loss=0.02265469 | running_loss=0.02043452
2026-04-15 13:00:30,481 | INFO | lakeice_ncde | Epoch 12/120 | train batch 3/8 | batch_loss=0.03140606 | running_loss=0.02409170
2026-04-15 13:00:30,693 | INFO | lakeice_ncde | Epoch 12/120 | train batch 4/8 | batch_loss=0.01653297 | running_loss=0.02220201
2026-04-15 13:00:30,858 | INFO | lakeice_ncde | Epoch 12/120 | train batch 5/8 | batch_loss=0.02212758 | running_loss=0.02218713
2026-04-15 13:00:31,074 | INFO | lakeice_ncde | Epoch 12/120 | train batch 6/8 | batch_loss=0.01512928 | running_loss=0.02101082
2026-04-15 13:00:31,268 | INFO | lakeice_ncde | Epoch 12/120 | train batch 7/8 | batch_loss=0.03220226 | running_loss=0.02260960
2026-04-15 13:00:31,324 | INFO | lakeice_ncde | Epoch 12/120 | train batch 8/8 | batch_loss=0.02075095 | running_loss=0.02237727
2026-04-15 13:00:31,402 | INFO | lakeice_ncde | Epoch 12 complete | train_loss=0.02237727 | val_loss=0.71190775 | val_rmse=0.84374626 | val_mae=0.35051043 | val_r2=-11.14253358
2026-04-15 13:00:31,411 | INFO | lakeice_ncde | Epoch 13/120 started.
2026-04-15 13:00:31,575 | INFO | lakeice_ncde | Epoch 13/120 | train batch 1/8 | batch_loss=0.02136037 | running_loss=0.02136037
2026-04-15 13:00:31,775 | INFO | lakeice_ncde | Epoch 13/120 | train batch 2/8 | batch_loss=0.01950425 | running_loss=0.02043231
2026-04-15 13:00:31,966 | INFO | lakeice_ncde | Epoch 13/120 | train batch 3/8 | batch_loss=0.02077485 | running_loss=0.02054649
2026-04-15 13:00:32,180 | INFO | lakeice_ncde | Epoch 13/120 | train batch 4/8 | batch_loss=0.03103884 | running_loss=0.02316958
2026-04-15 13:00:32,345 | INFO | lakeice_ncde | Epoch 13/120 | train batch 5/8 | batch_loss=0.02129178 | running_loss=0.02279402
2026-04-15 13:00:32,531 | INFO | lakeice_ncde | Epoch 13/120 | train batch 6/8 | batch_loss=0.02187563 | running_loss=0.02264096
2026-04-15 13:00:32,695 | INFO | lakeice_ncde | Epoch 13/120 | train batch 7/8 | batch_loss=0.01701052 | running_loss=0.02183661
2026-04-15 13:00:32,756 | INFO | lakeice_ncde | Epoch 13/120 | train batch 8/8 | batch_loss=0.02480884 | running_loss=0.02220814
2026-04-15 13:00:32,831 | INFO | lakeice_ncde | Epoch 13 complete | train_loss=0.02220814 | val_loss=2.95268894 | val_rmse=1.71833901 | val_mae=0.50749179 | val_r2=-49.36203712
2026-04-15 13:00:32,841 | INFO | lakeice_ncde | Epoch 14/120 started.
2026-04-15 13:00:32,997 | INFO | lakeice_ncde | Epoch 14/120 | train batch 1/8 | batch_loss=0.02486211 | running_loss=0.02486211
2026-04-15 13:00:33,167 | INFO | lakeice_ncde | Epoch 14/120 | train batch 2/8 | batch_loss=0.01630362 | running_loss=0.02058287
2026-04-15 13:00:33,388 | INFO | lakeice_ncde | Epoch 14/120 | train batch 3/8 | batch_loss=0.01971479 | running_loss=0.02029351
2026-04-15 13:00:33,532 | INFO | lakeice_ncde | Epoch 14/120 | train batch 4/8 | batch_loss=0.01878667 | running_loss=0.01991680
2026-04-15 13:00:33,697 | INFO | lakeice_ncde | Epoch 14/120 | train batch 5/8 | batch_loss=0.02789886 | running_loss=0.02151321
2026-04-15 13:00:33,836 | INFO | lakeice_ncde | Epoch 14/120 | train batch 6/8 | batch_loss=0.02155700 | running_loss=0.02152051
2026-04-15 13:00:34,119 | INFO | lakeice_ncde | Epoch 14/120 | train batch 7/8 | batch_loss=0.01931161 | running_loss=0.02120495
2026-04-15 13:00:34,165 | INFO | lakeice_ncde | Epoch 14/120 | train batch 8/8 | batch_loss=0.02823276 | running_loss=0.02208343
2026-04-15 13:00:34,249 | INFO | lakeice_ncde | Epoch 14 complete | train_loss=0.02208343 | val_loss=2.98091539 | val_rmse=1.72653277 | val_mae=0.46256670 | val_r2=-49.84347685
2026-04-15 13:00:34,259 | INFO | lakeice_ncde | Epoch 15/120 started.
2026-04-15 13:00:34,445 | INFO | lakeice_ncde | Epoch 15/120 | train batch 1/8 | batch_loss=0.01921969 | running_loss=0.01921969
2026-04-15 13:00:34,656 | INFO | lakeice_ncde | Epoch 15/120 | train batch 2/8 | batch_loss=0.02186461 | running_loss=0.02054215
2026-04-15 13:00:34,792 | INFO | lakeice_ncde | Epoch 15/120 | train batch 3/8 | batch_loss=0.01759704 | running_loss=0.01956044
2026-04-15 13:00:34,971 | INFO | lakeice_ncde | Epoch 15/120 | train batch 4/8 | batch_loss=0.01625698 | running_loss=0.01873458
2026-04-15 13:00:35,203 | INFO | lakeice_ncde | Epoch 15/120 | train batch 5/8 | batch_loss=0.02033034 | running_loss=0.01905373
2026-04-15 13:00:35,412 | INFO | lakeice_ncde | Epoch 15/120 | train batch 6/8 | batch_loss=0.01651820 | running_loss=0.01863114
2026-04-15 13:00:35,589 | INFO | lakeice_ncde | Epoch 15/120 | train batch 7/8 | batch_loss=0.01913720 | running_loss=0.01870344
2026-04-15 13:00:35,650 | INFO | lakeice_ncde | Epoch 15/120 | train batch 8/8 | batch_loss=0.04326208 | running_loss=0.02177327
2026-04-15 13:00:35,723 | INFO | lakeice_ncde | Epoch 15 complete | train_loss=0.02177327 | val_loss=1.17188705 | val_rmse=1.08253732 | val_mae=0.35679240 | val_r2=-18.98809237
2026-04-15 13:00:35,732 | INFO | lakeice_ncde | Epoch 16/120 started.
2026-04-15 13:00:35,877 | INFO | lakeice_ncde | Epoch 16/120 | train batch 1/8 | batch_loss=0.01600013 | running_loss=0.01600013
2026-04-15 13:00:36,108 | INFO | lakeice_ncde | Epoch 16/120 | train batch 2/8 | batch_loss=0.02566165 | running_loss=0.02083089
2026-04-15 13:00:36,270 | INFO | lakeice_ncde | Epoch 16/120 | train batch 3/8 | batch_loss=0.03238805 | running_loss=0.02468328
2026-04-15 13:00:36,468 | INFO | lakeice_ncde | Epoch 16/120 | train batch 4/8 | batch_loss=0.02443798 | running_loss=0.02462195
2026-04-15 13:00:36,683 | INFO | lakeice_ncde | Epoch 16/120 | train batch 5/8 | batch_loss=0.01810633 | running_loss=0.02331883
2026-04-15 13:00:36,871 | INFO | lakeice_ncde | Epoch 16/120 | train batch 6/8 | batch_loss=0.02032287 | running_loss=0.02281950
2026-04-15 13:00:37,096 | INFO | lakeice_ncde | Epoch 16/120 | train batch 7/8 | batch_loss=0.02035700 | running_loss=0.02246772
2026-04-15 13:00:37,149 | INFO | lakeice_ncde | Epoch 16/120 | train batch 8/8 | batch_loss=0.02995541 | running_loss=0.02340368
2026-04-15 13:00:37,230 | INFO | lakeice_ncde | Epoch 16 complete | train_loss=0.02340368 | val_loss=0.49527117 | val_rmse=0.70375505 | val_mae=0.32807081 | val_r2=-7.44750857
2026-04-15 13:00:37,239 | INFO | lakeice_ncde | Epoch 17/120 started.
2026-04-15 13:00:37,403 | INFO | lakeice_ncde | Epoch 17/120 | train batch 1/8 | batch_loss=0.02294919 | running_loss=0.02294919
2026-04-15 13:00:37,581 | INFO | lakeice_ncde | Epoch 17/120 | train batch 2/8 | batch_loss=0.01810128 | running_loss=0.02052523
2026-04-15 13:00:37,766 | INFO | lakeice_ncde | Epoch 17/120 | train batch 3/8 | batch_loss=0.01931021 | running_loss=0.02012023
2026-04-15 13:00:37,961 | INFO | lakeice_ncde | Epoch 17/120 | train batch 4/8 | batch_loss=0.01947696 | running_loss=0.01995941
2026-04-15 13:00:38,102 | INFO | lakeice_ncde | Epoch 17/120 | train batch 5/8 | batch_loss=0.01544283 | running_loss=0.01905609
2026-04-15 13:00:38,282 | INFO | lakeice_ncde | Epoch 17/120 | train batch 6/8 | batch_loss=0.02328057 | running_loss=0.01976017
2026-04-15 13:00:38,463 | INFO | lakeice_ncde | Epoch 17/120 | train batch 7/8 | batch_loss=0.01908343 | running_loss=0.01966350
2026-04-15 13:00:38,528 | INFO | lakeice_ncde | Epoch 17/120 | train batch 8/8 | batch_loss=0.02993817 | running_loss=0.02094783
2026-04-15 13:00:38,606 | INFO | lakeice_ncde | Epoch 17 complete | train_loss=0.02094783 | val_loss=0.36459981 | val_rmse=0.60382101 | val_mae=0.31582288 | val_r2=-5.21873476
2026-04-15 13:00:38,629 | INFO | lakeice_ncde | Epoch 18/120 started.
2026-04-15 13:00:38,819 | INFO | lakeice_ncde | Epoch 18/120 | train batch 1/8 | batch_loss=0.03517272 | running_loss=0.03517272
2026-04-15 13:00:39,010 | INFO | lakeice_ncde | Epoch 18/120 | train batch 2/8 | batch_loss=0.01889498 | running_loss=0.02703385
2026-04-15 13:00:39,202 | INFO | lakeice_ncde | Epoch 18/120 | train batch 3/8 | batch_loss=0.01627561 | running_loss=0.02344777
2026-04-15 13:00:39,408 | INFO | lakeice_ncde | Epoch 18/120 | train batch 4/8 | batch_loss=0.02230529 | running_loss=0.02316215
2026-04-15 13:00:39,549 | INFO | lakeice_ncde | Epoch 18/120 | train batch 5/8 | batch_loss=0.01424487 | running_loss=0.02137870
2026-04-15 13:00:39,792 | INFO | lakeice_ncde | Epoch 18/120 | train batch 6/8 | batch_loss=0.02732129 | running_loss=0.02236913
2026-04-15 13:00:39,944 | INFO | lakeice_ncde | Epoch 18/120 | train batch 7/8 | batch_loss=0.01854702 | running_loss=0.02182311
2026-04-15 13:00:39,993 | INFO | lakeice_ncde | Epoch 18/120 | train batch 8/8 | batch_loss=0.00742801 | running_loss=0.02002372
2026-04-15 13:00:40,092 | INFO | lakeice_ncde | Epoch 18 complete | train_loss=0.02002372 | val_loss=0.12211292 | val_rmse=0.34944659 | val_mae=0.22911498 | val_r2=-1.08279827
2026-04-15 13:00:40,119 | INFO | lakeice_ncde | Epoch 19/120 started.
2026-04-15 13:00:40,307 | INFO | lakeice_ncde | Epoch 19/120 | train batch 1/8 | batch_loss=0.02070388 | running_loss=0.02070388
2026-04-15 13:00:40,543 | INFO | lakeice_ncde | Epoch 19/120 | train batch 2/8 | batch_loss=0.02071556 | running_loss=0.02070972
2026-04-15 13:00:40,681 | INFO | lakeice_ncde | Epoch 19/120 | train batch 3/8 | batch_loss=0.01302715 | running_loss=0.01814886
2026-04-15 13:00:40,867 | INFO | lakeice_ncde | Epoch 19/120 | train batch 4/8 | batch_loss=0.01224096 | running_loss=0.01667189
2026-04-15 13:00:41,050 | INFO | lakeice_ncde | Epoch 19/120 | train batch 5/8 | batch_loss=0.01836775 | running_loss=0.01701106
2026-04-15 13:00:41,272 | INFO | lakeice_ncde | Epoch 19/120 | train batch 6/8 | batch_loss=0.02055054 | running_loss=0.01760097
2026-04-15 13:00:41,465 | INFO | lakeice_ncde | Epoch 19/120 | train batch 7/8 | batch_loss=0.01450868 | running_loss=0.01715922
2026-04-15 13:00:41,513 | INFO | lakeice_ncde | Epoch 19/120 | train batch 8/8 | batch_loss=0.02644265 | running_loss=0.01831965
2026-04-15 13:00:41,585 | INFO | lakeice_ncde | Epoch 19 complete | train_loss=0.01831965 | val_loss=0.14881375 | val_rmse=0.38576386 | val_mae=0.24449325 | val_r2=-1.53821650
2026-04-15 13:00:41,595 | INFO | lakeice_ncde | Epoch 20/120 started.
2026-04-15 13:00:41,803 | INFO | lakeice_ncde | Epoch 20/120 | train batch 1/8 | batch_loss=0.01840863 | running_loss=0.01840863
2026-04-15 13:00:42,009 | INFO | lakeice_ncde | Epoch 20/120 | train batch 2/8 | batch_loss=0.02997686 | running_loss=0.02419275
2026-04-15 13:00:42,256 | INFO | lakeice_ncde | Epoch 20/120 | train batch 3/8 | batch_loss=0.03589905 | running_loss=0.02809485
2026-04-15 13:00:42,427 | INFO | lakeice_ncde | Epoch 20/120 | train batch 4/8 | batch_loss=0.01601638 | running_loss=0.02507523
2026-04-15 13:00:42,609 | INFO | lakeice_ncde | Epoch 20/120 | train batch 5/8 | batch_loss=0.01703623 | running_loss=0.02346743
2026-04-15 13:00:42,805 | INFO | lakeice_ncde | Epoch 20/120 | train batch 6/8 | batch_loss=0.01580530 | running_loss=0.02219041
2026-04-15 13:00:42,977 | INFO | lakeice_ncde | Epoch 20/120 | train batch 7/8 | batch_loss=0.02689739 | running_loss=0.02286284
2026-04-15 13:00:43,020 | INFO | lakeice_ncde | Epoch 20/120 | train batch 8/8 | batch_loss=0.02405163 | running_loss=0.02301144
2026-04-15 13:00:43,099 | INFO | lakeice_ncde | Epoch 20 complete | train_loss=0.02301144 | val_loss=0.33401609 | val_rmse=0.57794125 | val_mae=0.30609084 | val_r2=-4.69708869
2026-04-15 13:00:43,109 | INFO | lakeice_ncde | Epoch 21/120 started.
2026-04-15 13:00:43,293 | INFO | lakeice_ncde | Epoch 21/120 | train batch 1/8 | batch_loss=0.01321359 | running_loss=0.01321359
2026-04-15 13:00:43,465 | INFO | lakeice_ncde | Epoch 21/120 | train batch 2/8 | batch_loss=0.01690777 | running_loss=0.01506068
2026-04-15 13:00:43,717 | INFO | lakeice_ncde | Epoch 21/120 | train batch 3/8 | batch_loss=0.02297679 | running_loss=0.01769938
2026-04-15 13:00:43,939 | INFO | lakeice_ncde | Epoch 21/120 | train batch 4/8 | batch_loss=0.01649335 | running_loss=0.01739787
2026-04-15 13:00:44,159 | INFO | lakeice_ncde | Epoch 21/120 | train batch 5/8 | batch_loss=0.02009485 | running_loss=0.01793727
2026-04-15 13:00:44,352 | INFO | lakeice_ncde | Epoch 21/120 | train batch 6/8 | batch_loss=0.02914222 | running_loss=0.01980476
2026-04-15 13:00:44,516 | INFO | lakeice_ncde | Epoch 21/120 | train batch 7/8 | batch_loss=0.02351408 | running_loss=0.02033466
2026-04-15 13:00:44,557 | INFO | lakeice_ncde | Epoch 21/120 | train batch 8/8 | batch_loss=0.00710141 | running_loss=0.01868051
2026-04-15 13:00:44,632 | INFO | lakeice_ncde | Epoch 21 complete | train_loss=0.01868051 | val_loss=0.39462869 | val_rmse=0.62819479 | val_mae=0.33876025 | val_r2=-5.73091716
2026-04-15 13:00:44,643 | INFO | lakeice_ncde | Epoch 22/120 started.
2026-04-15 13:00:44,804 | INFO | lakeice_ncde | Epoch 22/120 | train batch 1/8 | batch_loss=0.01576708 | running_loss=0.01576708
2026-04-15 13:00:45,028 | INFO | lakeice_ncde | Epoch 22/120 | train batch 2/8 | batch_loss=0.01819959 | running_loss=0.01698333
2026-04-15 13:00:45,209 | INFO | lakeice_ncde | Epoch 22/120 | train batch 3/8 | batch_loss=0.01311513 | running_loss=0.01569393
2026-04-15 13:00:45,409 | INFO | lakeice_ncde | Epoch 22/120 | train batch 4/8 | batch_loss=0.01763820 | running_loss=0.01618000
2026-04-15 13:00:45,561 | INFO | lakeice_ncde | Epoch 22/120 | train batch 5/8 | batch_loss=0.01678050 | running_loss=0.01630010
2026-04-15 13:00:45,748 | INFO | lakeice_ncde | Epoch 22/120 | train batch 6/8 | batch_loss=0.01770321 | running_loss=0.01653395
2026-04-15 13:00:45,938 | INFO | lakeice_ncde | Epoch 22/120 | train batch 7/8 | batch_loss=0.01415864 | running_loss=0.01619462
2026-04-15 13:00:45,980 | INFO | lakeice_ncde | Epoch 22/120 | train batch 8/8 | batch_loss=0.01084995 | running_loss=0.01552654
2026-04-15 13:00:46,060 | INFO | lakeice_ncde | Epoch 22 complete | train_loss=0.01552654 | val_loss=0.37240928 | val_rmse=0.61025346 | val_mae=0.29753158 | val_r2=-5.35193565
2026-04-15 13:00:46,069 | INFO | lakeice_ncde | Epoch 23/120 started.
2026-04-15 13:00:46,237 | INFO | lakeice_ncde | Epoch 23/120 | train batch 1/8 | batch_loss=0.01562945 | running_loss=0.01562945
2026-04-15 13:00:46,431 | INFO | lakeice_ncde | Epoch 23/120 | train batch 2/8 | batch_loss=0.01420400 | running_loss=0.01491672
2026-04-15 13:00:46,655 | INFO | lakeice_ncde | Epoch 23/120 | train batch 3/8 | batch_loss=0.01598870 | running_loss=0.01527405
2026-04-15 13:00:46,848 | INFO | lakeice_ncde | Epoch 23/120 | train batch 4/8 | batch_loss=0.01747012 | running_loss=0.01582307
2026-04-15 13:00:47,077 | INFO | lakeice_ncde | Epoch 23/120 | train batch 5/8 | batch_loss=0.01375382 | running_loss=0.01540922
2026-04-15 13:00:47,297 | INFO | lakeice_ncde | Epoch 23/120 | train batch 6/8 | batch_loss=0.01602612 | running_loss=0.01551204
2026-04-15 13:00:47,460 | INFO | lakeice_ncde | Epoch 23/120 | train batch 7/8 | batch_loss=0.01645371 | running_loss=0.01564656
2026-04-15 13:00:47,494 | INFO | lakeice_ncde | Epoch 23/120 | train batch 8/8 | batch_loss=0.01790444 | running_loss=0.01592879
2026-04-15 13:00:47,572 | INFO | lakeice_ncde | Epoch 23 complete | train_loss=0.01592879 | val_loss=0.25913625 | val_rmse=0.50905427 | val_mae=0.25839559 | val_r2=-3.41991347
2026-04-15 13:00:47,582 | INFO | lakeice_ncde | Epoch 24/120 started.
2026-04-15 13:00:47,753 | INFO | lakeice_ncde | Epoch 24/120 | train batch 1/8 | batch_loss=0.01726213 | running_loss=0.01726213
2026-04-15 13:00:47,986 | INFO | lakeice_ncde | Epoch 24/120 | train batch 2/8 | batch_loss=0.01707383 | running_loss=0.01716798
2026-04-15 13:00:48,123 | INFO | lakeice_ncde | Epoch 24/120 | train batch 3/8 | batch_loss=0.01449063 | running_loss=0.01627553
2026-04-15 13:00:48,355 | INFO | lakeice_ncde | Epoch 24/120 | train batch 4/8 | batch_loss=0.02318497 | running_loss=0.01800289
2026-04-15 13:00:48,554 | INFO | lakeice_ncde | Epoch 24/120 | train batch 5/8 | batch_loss=0.01515272 | running_loss=0.01743286
2026-04-15 13:00:48,740 | INFO | lakeice_ncde | Epoch 24/120 | train batch 6/8 | batch_loss=0.01976453 | running_loss=0.01782147
2026-04-15 13:00:48,922 | INFO | lakeice_ncde | Epoch 24/120 | train batch 7/8 | batch_loss=0.01435199 | running_loss=0.01732583
2026-04-15 13:00:48,987 | INFO | lakeice_ncde | Epoch 24/120 | train batch 8/8 | batch_loss=0.01613592 | running_loss=0.01717709
2026-04-15 13:00:49,079 | INFO | lakeice_ncde | Epoch 24 complete | train_loss=0.01717709 | val_loss=0.21595580 | val_rmse=0.46471045 | val_mae=0.25171716 | val_r2=-2.68341338
2026-04-15 13:00:49,089 | INFO | lakeice_ncde | Epoch 25/120 started.
2026-04-15 13:00:49,303 | INFO | lakeice_ncde | Epoch 25/120 | train batch 1/8 | batch_loss=0.01824513 | running_loss=0.01824513
2026-04-15 13:00:49,470 | INFO | lakeice_ncde | Epoch 25/120 | train batch 2/8 | batch_loss=0.03798619 | running_loss=0.02811566
2026-04-15 13:00:49,699 | INFO | lakeice_ncde | Epoch 25/120 | train batch 3/8 | batch_loss=0.01544100 | running_loss=0.02389077
2026-04-15 13:00:49,897 | INFO | lakeice_ncde | Epoch 25/120 | train batch 4/8 | batch_loss=0.02406927 | running_loss=0.02393540
2026-04-15 13:00:50,051 | INFO | lakeice_ncde | Epoch 25/120 | train batch 5/8 | batch_loss=0.01300655 | running_loss=0.02174963
2026-04-15 13:00:50,251 | INFO | lakeice_ncde | Epoch 25/120 | train batch 6/8 | batch_loss=0.01879469 | running_loss=0.02125714
2026-04-15 13:00:50,426 | INFO | lakeice_ncde | Epoch 25/120 | train batch 7/8 | batch_loss=0.01626386 | running_loss=0.02054381
2026-04-15 13:00:50,464 | INFO | lakeice_ncde | Epoch 25/120 | train batch 8/8 | batch_loss=0.01284574 | running_loss=0.01958155
2026-04-15 13:00:50,546 | INFO | lakeice_ncde | Epoch 25 complete | train_loss=0.01958155 | val_loss=0.32444814 | val_rmse=0.56960350 | val_mae=0.28351072 | val_r2=-4.53389463
2026-04-15 13:00:50,555 | INFO | lakeice_ncde | Epoch 26/120 started.
2026-04-15 13:00:50,750 | INFO | lakeice_ncde | Epoch 26/120 | train batch 1/8 | batch_loss=0.02173265 | running_loss=0.02173265
2026-04-15 13:00:50,952 | INFO | lakeice_ncde | Epoch 26/120 | train batch 2/8 | batch_loss=0.01172346 | running_loss=0.01672806
2026-04-15 13:00:51,213 | INFO | lakeice_ncde | Epoch 26/120 | train batch 3/8 | batch_loss=0.02031546 | running_loss=0.01792386
2026-04-15 13:00:51,417 | INFO | lakeice_ncde | Epoch 26/120 | train batch 4/8 | batch_loss=0.01597083 | running_loss=0.01743560
2026-04-15 13:00:51,603 | INFO | lakeice_ncde | Epoch 26/120 | train batch 5/8 | batch_loss=0.01465219 | running_loss=0.01687892
2026-04-15 13:00:51,755 | INFO | lakeice_ncde | Epoch 26/120 | train batch 6/8 | batch_loss=0.01697191 | running_loss=0.01689442
2026-04-15 13:00:51,996 | INFO | lakeice_ncde | Epoch 26/120 | train batch 7/8 | batch_loss=0.01364839 | running_loss=0.01643070
2026-04-15 13:00:52,037 | INFO | lakeice_ncde | Epoch 26/120 | train batch 8/8 | batch_loss=0.01765460 | running_loss=0.01658369
2026-04-15 13:00:52,181 | INFO | lakeice_ncde | Epoch 26 complete | train_loss=0.01658369 | val_loss=0.38537806 | val_rmse=0.62078826 | val_mae=0.29006943 | val_r2=-5.57313538
2026-04-15 13:00:52,193 | INFO | lakeice_ncde | Epoch 27/120 started.
2026-04-15 13:00:52,507 | INFO | lakeice_ncde | Epoch 27/120 | train batch 1/8 | batch_loss=0.01496496 | running_loss=0.01496496
2026-04-15 13:00:52,750 | INFO | lakeice_ncde | Epoch 27/120 | train batch 2/8 | batch_loss=0.02005577 | running_loss=0.01751037
2026-04-15 13:00:52,923 | INFO | lakeice_ncde | Epoch 27/120 | train batch 3/8 | batch_loss=0.02260770 | running_loss=0.01920948
2026-04-15 13:00:53,159 | INFO | lakeice_ncde | Epoch 27/120 | train batch 4/8 | batch_loss=0.01741399 | running_loss=0.01876061
2026-04-15 13:00:53,396 | INFO | lakeice_ncde | Epoch 27/120 | train batch 5/8 | batch_loss=0.01278951 | running_loss=0.01756639
2026-04-15 13:00:53,640 | INFO | lakeice_ncde | Epoch 27/120 | train batch 6/8 | batch_loss=0.01638345 | running_loss=0.01736923
2026-04-15 13:00:53,922 | INFO | lakeice_ncde | Epoch 27/120 | train batch 7/8 | batch_loss=0.01906858 | running_loss=0.01761200
2026-04-15 13:00:53,962 | INFO | lakeice_ncde | Epoch 27/120 | train batch 8/8 | batch_loss=0.01135200 | running_loss=0.01682950
2026-04-15 13:00:54,041 | INFO | lakeice_ncde | Epoch 27 complete | train_loss=0.01682950 | val_loss=0.49178036 | val_rmse=0.70127053 | val_mae=0.31910301 | val_r2=-7.38796808
2026-04-15 13:00:54,050 | INFO | lakeice_ncde | Epoch 28/120 started.
2026-04-15 13:00:54,238 | INFO | lakeice_ncde | Epoch 28/120 | train batch 1/8 | batch_loss=0.02102498 | running_loss=0.02102498
2026-04-15 13:00:54,428 | INFO | lakeice_ncde | Epoch 28/120 | train batch 2/8 | batch_loss=0.01694144 | running_loss=0.01898321
2026-04-15 13:00:54,744 | INFO | lakeice_ncde | Epoch 28/120 | train batch 3/8 | batch_loss=0.02423118 | running_loss=0.02073253
2026-04-15 13:00:54,946 | INFO | lakeice_ncde | Epoch 28/120 | train batch 4/8 | batch_loss=0.01496953 | running_loss=0.01929178
2026-04-15 13:00:55,160 | INFO | lakeice_ncde | Epoch 28/120 | train batch 5/8 | batch_loss=0.01505963 | running_loss=0.01844535
2026-04-15 13:00:55,321 | INFO | lakeice_ncde | Epoch 28/120 | train batch 6/8 | batch_loss=0.01256310 | running_loss=0.01746498
2026-04-15 13:00:55,516 | INFO | lakeice_ncde | Epoch 28/120 | train batch 7/8 | batch_loss=0.01302560 | running_loss=0.01683078
2026-04-15 13:00:55,558 | INFO | lakeice_ncde | Epoch 28/120 | train batch 8/8 | batch_loss=0.01555006 | running_loss=0.01667069
2026-04-15 13:00:55,653 | INFO | lakeice_ncde | Epoch 28 complete | train_loss=0.01667069 | val_loss=0.40066298 | val_rmse=0.63297944 | val_mae=0.31082590 | val_r2=-5.83383998
2026-04-15 13:00:55,663 | INFO | lakeice_ncde | Epoch 29/120 started.
2026-04-15 13:00:55,856 | INFO | lakeice_ncde | Epoch 29/120 | train batch 1/8 | batch_loss=0.01526363 | running_loss=0.01526363
2026-04-15 13:00:56,051 | INFO | lakeice_ncde | Epoch 29/120 | train batch 2/8 | batch_loss=0.01562000 | running_loss=0.01544182
2026-04-15 13:00:56,290 | INFO | lakeice_ncde | Epoch 29/120 | train batch 3/8 | batch_loss=0.01185347 | running_loss=0.01424570
2026-04-15 13:00:56,491 | INFO | lakeice_ncde | Epoch 29/120 | train batch 4/8 | batch_loss=0.01783487 | running_loss=0.01514299
2026-04-15 13:00:56,636 | INFO | lakeice_ncde | Epoch 29/120 | train batch 5/8 | batch_loss=0.01492068 | running_loss=0.01509853
2026-04-15 13:00:56,838 | INFO | lakeice_ncde | Epoch 29/120 | train batch 6/8 | batch_loss=0.01584539 | running_loss=0.01522301
2026-04-15 13:00:57,068 | INFO | lakeice_ncde | Epoch 29/120 | train batch 7/8 | batch_loss=0.01659269 | running_loss=0.01541868
2026-04-15 13:00:57,124 | INFO | lakeice_ncde | Epoch 29/120 | train batch 8/8 | batch_loss=0.01428018 | running_loss=0.01527637
2026-04-15 13:00:57,229 | INFO | lakeice_ncde | Epoch 29 complete | train_loss=0.01527637 | val_loss=0.41001580 | val_rmse=0.64032476 | val_mae=0.30778932 | val_r2=-5.99336480
2026-04-15 13:00:57,239 | INFO | lakeice_ncde | Epoch 30/120 started.
2026-04-15 13:00:57,477 | INFO | lakeice_ncde | Epoch 30/120 | train batch 1/8 | batch_loss=0.01942308 | running_loss=0.01942308
2026-04-15 13:00:57,613 | INFO | lakeice_ncde | Epoch 30/120 | train batch 2/8 | batch_loss=0.01569725 | running_loss=0.01756017
2026-04-15 13:00:57,913 | INFO | lakeice_ncde | Epoch 30/120 | train batch 3/8 | batch_loss=0.01506432 | running_loss=0.01672822
2026-04-15 13:00:58,072 | INFO | lakeice_ncde | Epoch 30/120 | train batch 4/8 | batch_loss=0.01307230 | running_loss=0.01581424
2026-04-15 13:00:58,251 | INFO | lakeice_ncde | Epoch 30/120 | train batch 5/8 | batch_loss=0.01492021 | running_loss=0.01563543
2026-04-15 13:00:58,416 | INFO | lakeice_ncde | Epoch 30/120 | train batch 6/8 | batch_loss=0.01112277 | running_loss=0.01488332
2026-04-15 13:00:58,587 | INFO | lakeice_ncde | Epoch 30/120 | train batch 7/8 | batch_loss=0.03464468 | running_loss=0.01770637
2026-04-15 13:00:58,623 | INFO | lakeice_ncde | Epoch 30/120 | train batch 8/8 | batch_loss=0.01194757 | running_loss=0.01698652
2026-04-15 13:00:58,698 | INFO | lakeice_ncde | Epoch 30 complete | train_loss=0.01698652 | val_loss=0.30923429 | val_rmse=0.55608839 | val_mae=0.28532875 | val_r2=-4.27440219
2026-04-15 13:00:58,708 | INFO | lakeice_ncde | Epoch 31/120 started.
2026-04-15 13:00:58,949 | INFO | lakeice_ncde | Epoch 31/120 | train batch 1/8 | batch_loss=0.01424837 | running_loss=0.01424837
2026-04-15 13:00:59,176 | INFO | lakeice_ncde | Epoch 31/120 | train batch 2/8 | batch_loss=0.01443731 | running_loss=0.01434284
2026-04-15 13:00:59,484 | INFO | lakeice_ncde | Epoch 31/120 | train batch 3/8 | batch_loss=0.01320099 | running_loss=0.01396222
2026-04-15 13:00:59,694 | INFO | lakeice_ncde | Epoch 31/120 | train batch 4/8 | batch_loss=0.01192572 | running_loss=0.01345310
2026-04-15 13:01:00,007 | INFO | lakeice_ncde | Epoch 31/120 | train batch 5/8 | batch_loss=0.01773145 | running_loss=0.01430877
2026-04-15 13:01:00,346 | INFO | lakeice_ncde | Epoch 31/120 | train batch 6/8 | batch_loss=0.01601368 | running_loss=0.01459292
2026-04-15 13:01:00,607 | INFO | lakeice_ncde | Epoch 31/120 | train batch 7/8 | batch_loss=0.03256798 | running_loss=0.01716079
2026-04-15 13:01:00,663 | INFO | lakeice_ncde | Epoch 31/120 | train batch 8/8 | batch_loss=0.02489010 | running_loss=0.01812695
2026-04-15 13:01:00,752 | INFO | lakeice_ncde | Epoch 31 complete | train_loss=0.01812695 | val_loss=0.25617795 | val_rmse=0.50614025 | val_mae=0.25712940 | val_r2=-3.36945568
2026-04-15 13:01:00,763 | INFO | lakeice_ncde | Epoch 32/120 started.
2026-04-15 13:01:00,926 | INFO | lakeice_ncde | Epoch 32/120 | train batch 1/8 | batch_loss=0.01838148 | running_loss=0.01838148
2026-04-15 13:01:01,197 | INFO | lakeice_ncde | Epoch 32/120 | train batch 2/8 | batch_loss=0.01406231 | running_loss=0.01622190
2026-04-15 13:01:01,385 | INFO | lakeice_ncde | Epoch 32/120 | train batch 3/8 | batch_loss=0.01845565 | running_loss=0.01696648
2026-04-15 13:01:01,578 | INFO | lakeice_ncde | Epoch 32/120 | train batch 4/8 | batch_loss=0.01702395 | running_loss=0.01698085
2026-04-15 13:01:01,777 | INFO | lakeice_ncde | Epoch 32/120 | train batch 5/8 | batch_loss=0.01302609 | running_loss=0.01618990
2026-04-15 13:01:01,920 | INFO | lakeice_ncde | Epoch 32/120 | train batch 6/8 | batch_loss=0.01846740 | running_loss=0.01656948
2026-04-15 13:01:02,110 | INFO | lakeice_ncde | Epoch 32/120 | train batch 7/8 | batch_loss=0.01351266 | running_loss=0.01613279
2026-04-15 13:01:02,171 | INFO | lakeice_ncde | Epoch 32/120 | train batch 8/8 | batch_loss=0.00788983 | running_loss=0.01510242
2026-04-15 13:01:02,251 | INFO | lakeice_ncde | Epoch 32 complete | train_loss=0.01510242 | val_loss=0.28027506 | val_rmse=0.52941011 | val_mae=0.27489083 | val_r2=-3.78046398
2026-04-15 13:01:02,261 | INFO | lakeice_ncde | Epoch 33/120 started.
2026-04-15 13:01:02,450 | INFO | lakeice_ncde | Epoch 33/120 | train batch 1/8 | batch_loss=0.01495355 | running_loss=0.01495355
2026-04-15 13:01:02,690 | INFO | lakeice_ncde | Epoch 33/120 | train batch 2/8 | batch_loss=0.01478769 | running_loss=0.01487062
2026-04-15 13:01:02,836 | INFO | lakeice_ncde | Epoch 33/120 | train batch 3/8 | batch_loss=0.01213816 | running_loss=0.01395980
2026-04-15 13:01:03,108 | INFO | lakeice_ncde | Epoch 33/120 | train batch 4/8 | batch_loss=0.01811397 | running_loss=0.01499834
2026-04-15 13:01:03,310 | INFO | lakeice_ncde | Epoch 33/120 | train batch 5/8 | batch_loss=0.01239638 | running_loss=0.01447795
2026-04-15 13:01:03,519 | INFO | lakeice_ncde | Epoch 33/120 | train batch 6/8 | batch_loss=0.01494485 | running_loss=0.01455577
2026-04-15 13:01:03,788 | INFO | lakeice_ncde | Epoch 33/120 | train batch 7/8 | batch_loss=0.01947040 | running_loss=0.01525786
2026-04-15 13:01:03,873 | INFO | lakeice_ncde | Epoch 33/120 | train batch 8/8 | batch_loss=0.01017017 | running_loss=0.01462190
2026-04-15 13:01:03,983 | INFO | lakeice_ncde | Epoch 33 complete | train_loss=0.01462190 | val_loss=0.28508116 | val_rmse=0.53392992 | val_mae=0.27542010 | val_r2=-3.86243835
2026-04-15 13:01:03,993 | INFO | lakeice_ncde | Epoch 34/120 started.
2026-04-15 13:01:04,279 | INFO | lakeice_ncde | Epoch 34/120 | train batch 1/8 | batch_loss=0.01618311 | running_loss=0.01618311
2026-04-15 13:01:05,124 | INFO | lakeice_ncde | Epoch 34/120 | train batch 2/8 | batch_loss=0.01255487 | running_loss=0.01436899
2026-04-15 13:01:06,433 | INFO | lakeice_ncde | Epoch 34/120 | train batch 3/8 | batch_loss=0.01825329 | running_loss=0.01566376
2026-04-15 13:01:06,978 | INFO | lakeice_ncde | Epoch 34/120 | train batch 4/8 | batch_loss=0.01522888 | running_loss=0.01555504
2026-04-15 13:01:07,259 | INFO | lakeice_ncde | Epoch 34/120 | train batch 5/8 | batch_loss=0.01513897 | running_loss=0.01547183
2026-04-15 13:01:07,749 | INFO | lakeice_ncde | Epoch 34/120 | train batch 6/8 | batch_loss=0.01982701 | running_loss=0.01619769
2026-04-15 13:01:08,571 | INFO | lakeice_ncde | Epoch 34/120 | train batch 7/8 | batch_loss=0.01512216 | running_loss=0.01604404
2026-04-15 13:01:08,749 | INFO | lakeice_ncde | Epoch 34/120 | train batch 8/8 | batch_loss=0.00889681 | running_loss=0.01515064
2026-04-15 13:01:09,072 | INFO | lakeice_ncde | Epoch 34 complete | train_loss=0.01515064 | val_loss=0.24743396 | val_rmse=0.49742734 | val_mae=0.26226294 | val_r2=-3.22031522
2026-04-15 13:01:09,107 | INFO | lakeice_ncde | Epoch 35/120 started.
2026-04-15 13:01:09,691 | INFO | lakeice_ncde | Epoch 35/120 | train batch 1/8 | batch_loss=0.01664168 | running_loss=0.01664168
2026-04-15 13:01:10,091 | INFO | lakeice_ncde | Epoch 35/120 | train batch 2/8 | batch_loss=0.01306136 | running_loss=0.01485152
2026-04-15 13:01:10,342 | INFO | lakeice_ncde | Epoch 35/120 | train batch 3/8 | batch_loss=0.01551336 | running_loss=0.01507213
2026-04-15 13:01:10,796 | INFO | lakeice_ncde | Epoch 35/120 | train batch 4/8 | batch_loss=0.01585427 | running_loss=0.01526767
2026-04-15 13:01:11,004 | INFO | lakeice_ncde | Epoch 35/120 | train batch 5/8 | batch_loss=0.01529866 | running_loss=0.01527387
2026-04-15 13:01:11,265 | INFO | lakeice_ncde | Epoch 35/120 | train batch 6/8 | batch_loss=0.01589171 | running_loss=0.01537684
2026-04-15 13:01:11,471 | INFO | lakeice_ncde | Epoch 35/120 | train batch 7/8 | batch_loss=0.01467727 | running_loss=0.01527690
2026-04-15 13:01:11,503 | INFO | lakeice_ncde | Epoch 35/120 | train batch 8/8 | batch_loss=0.01889908 | running_loss=0.01572967
2026-04-15 13:01:11,600 | INFO | lakeice_ncde | Epoch 35 complete | train_loss=0.01572967 | val_loss=0.26199134 | val_rmse=0.51185090 | val_mae=0.27182033 | val_r2=-3.46861077
2026-04-15 13:01:11,610 | INFO | lakeice_ncde | Epoch 36/120 started.
2026-04-15 13:01:11,893 | INFO | lakeice_ncde | Epoch 36/120 | train batch 1/8 | batch_loss=0.01424369 | running_loss=0.01424369
2026-04-15 13:01:12,169 | INFO | lakeice_ncde | Epoch 36/120 | train batch 2/8 | batch_loss=0.01832870 | running_loss=0.01628619
2026-04-15 13:01:12,390 | INFO | lakeice_ncde | Epoch 36/120 | train batch 3/8 | batch_loss=0.01398458 | running_loss=0.01551899
2026-04-15 13:01:12,571 | INFO | lakeice_ncde | Epoch 36/120 | train batch 4/8 | batch_loss=0.01588751 | running_loss=0.01561112
2026-04-15 13:01:12,852 | INFO | lakeice_ncde | Epoch 36/120 | train batch 5/8 | batch_loss=0.01307296 | running_loss=0.01510349
2026-04-15 13:01:13,063 | INFO | lakeice_ncde | Epoch 36/120 | train batch 6/8 | batch_loss=0.01356348 | running_loss=0.01484682
2026-04-15 13:01:13,203 | INFO | lakeice_ncde | Epoch 36/120 | train batch 7/8 | batch_loss=0.01411466 | running_loss=0.01474223
2026-04-15 13:01:13,246 | INFO | lakeice_ncde | Epoch 36/120 | train batch 8/8 | batch_loss=0.01049140 | running_loss=0.01421087
2026-04-15 13:01:13,322 | INFO | lakeice_ncde | Epoch 36 complete | train_loss=0.01421087 | val_loss=0.34999803 | val_rmse=0.59160631 | val_mae=0.29167135 | val_r2=-4.96968194
2026-04-15 13:01:13,331 | INFO | lakeice_ncde | Epoch 37/120 started.
2026-04-15 13:01:13,655 | INFO | lakeice_ncde | Epoch 37/120 | train batch 1/8 | batch_loss=0.01306266 | running_loss=0.01306266
2026-04-15 13:01:13,941 | INFO | lakeice_ncde | Epoch 37/120 | train batch 2/8 | batch_loss=0.01435159 | running_loss=0.01370713
2026-04-15 13:01:14,236 | INFO | lakeice_ncde | Epoch 37/120 | train batch 3/8 | batch_loss=0.01927679 | running_loss=0.01556368
2026-04-15 13:01:14,414 | INFO | lakeice_ncde | Epoch 37/120 | train batch 4/8 | batch_loss=0.01610689 | running_loss=0.01569948
2026-04-15 13:01:14,565 | INFO | lakeice_ncde | Epoch 37/120 | train batch 5/8 | batch_loss=0.01380056 | running_loss=0.01531970
2026-04-15 13:01:14,757 | INFO | lakeice_ncde | Epoch 37/120 | train batch 6/8 | batch_loss=0.01404253 | running_loss=0.01510684
2026-04-15 13:01:14,972 | INFO | lakeice_ncde | Epoch 37/120 | train batch 7/8 | batch_loss=0.01206352 | running_loss=0.01467208
2026-04-15 13:01:15,043 | INFO | lakeice_ncde | Epoch 37/120 | train batch 8/8 | batch_loss=0.01733065 | running_loss=0.01500440
2026-04-15 13:01:15,139 | INFO | lakeice_ncde | Epoch 37 complete | train_loss=0.01500440 | val_loss=0.39635890 | val_rmse=0.62957041 | val_mae=0.30012624 | val_r2=-5.76042826
2026-04-15 13:01:15,149 | INFO | lakeice_ncde | Epoch 38/120 started.
2026-04-15 13:01:15,294 | INFO | lakeice_ncde | Epoch 38/120 | train batch 1/8 | batch_loss=0.01811170 | running_loss=0.01811170
2026-04-15 13:01:15,461 | INFO | lakeice_ncde | Epoch 38/120 | train batch 2/8 | batch_loss=0.01267936 | running_loss=0.01539553
2026-04-15 13:01:15,659 | INFO | lakeice_ncde | Epoch 38/120 | train batch 3/8 | batch_loss=0.01813695 | running_loss=0.01630933
2026-04-15 13:01:15,928 | INFO | lakeice_ncde | Epoch 38/120 | train batch 4/8 | batch_loss=0.01280744 | running_loss=0.01543386
2026-04-15 13:01:16,089 | INFO | lakeice_ncde | Epoch 38/120 | train batch 5/8 | batch_loss=0.01140937 | running_loss=0.01462896
2026-04-15 13:01:16,441 | INFO | lakeice_ncde | Epoch 38/120 | train batch 6/8 | batch_loss=0.01599184 | running_loss=0.01485611
2026-04-15 13:01:16,656 | INFO | lakeice_ncde | Epoch 38/120 | train batch 7/8 | batch_loss=0.01673190 | running_loss=0.01512408
2026-04-15 13:01:16,713 | INFO | lakeice_ncde | Epoch 38/120 | train batch 8/8 | batch_loss=0.00736519 | running_loss=0.01415422
2026-04-15 13:01:16,785 | INFO | lakeice_ncde | Epoch 38 complete | train_loss=0.01415422 | val_loss=0.38255473 | val_rmse=0.61851009 | val_mae=0.30121097 | val_r2=-5.52497980
2026-04-15 13:01:16,796 | INFO | lakeice_ncde | Early stopping triggered at epoch 38.
2026-04-15 13:01:17,264 | INFO | lakeice_ncde | Final evaluation | val_loss=0.38255473 | test_loss=2.50139916 | best_val_rmse=0.34944659 | best_epoch=18
2026-04-15 13:01:19,691 | INFO | lakeice_ncde | Computing hermite coefficients for 528 windows from S:\STU-Papers\My_Papers\EXP1-Pre-Training-Standalone\outputs\runs\xiaoxingkai_transfer_daily12\xiaoxingkai_transfer_daily12_20260415_130004\artifacts\seasonal_rollout_windows.pt
2026-04-15 13:01:19,694 | INFO | lakeice_ncde | Coefficient progress for seasonal_rollout_windows.pt: 1/528 windows processed.
2026-04-15 13:01:19,716 | INFO | lakeice_ncde | Coefficient progress for seasonal_rollout_windows.pt: 52/528 windows processed.
2026-04-15 13:01:19,740 | INFO | lakeice_ncde | Coefficient progress for seasonal_rollout_windows.pt: 104/528 windows processed.
2026-04-15 13:01:19,766 | INFO | lakeice_ncde | Coefficient progress for seasonal_rollout_windows.pt: 156/528 windows processed.
2026-04-15 13:01:19,791 | INFO | lakeice_ncde | Coefficient progress for seasonal_rollout_windows.pt: 208/528 windows processed.
2026-04-15 13:01:19,817 | INFO | lakeice_ncde | Coefficient progress for seasonal_rollout_windows.pt: 260/528 windows processed.
2026-04-15 13:01:19,844 | INFO | lakeice_ncde | Coefficient progress for seasonal_rollout_windows.pt: 312/528 windows processed.
2026-04-15 13:01:19,870 | INFO | lakeice_ncde | Coefficient progress for seasonal_rollout_windows.pt: 364/528 windows processed.
2026-04-15 13:01:19,896 | INFO | lakeice_ncde | Coefficient progress for seasonal_rollout_windows.pt: 416/528 windows processed.
2026-04-15 13:01:19,920 | INFO | lakeice_ncde | Coefficient progress for seasonal_rollout_windows.pt: 468/528 windows processed.
2026-04-15 13:01:19,952 | INFO | lakeice_ncde | Coefficient progress for seasonal_rollout_windows.pt: 520/528 windows processed.
2026-04-15 13:01:19,958 | INFO | lakeice_ncde | Coefficient progress for seasonal_rollout_windows.pt: 528/528 windows processed.
2026-04-15 13:01:25,530 | INFO | lakeice_ncde | PDF report saved to S:\STU-Papers\My_Papers\EXP1-Pre-Training-Standalone\outputs\runs\xiaoxingkai_transfer_daily12\xiaoxingkai_transfer_daily12_20260415_130004\figures\report.pdf
2026-04-15 13:01:25,545 | INFO | lakeice_ncde | Finished experiment 'xiaoxingkai_transfer_daily12'. Run directory: S:\STU-Papers\My_Papers\EXP1-Pre-Training-Standalone\outputs\runs\xiaoxingkai_transfer_daily12\xiaoxingkai_transfer_daily12_20260415_130004
