2026-04-15 13:20:04,153 | INFO | lakeice_ncde | Starting experiment 'xiaoxingkai_transfer_daily12_history_autoreg'
2026-04-15 13:20:04,159 | INFO | lakeice_ncde | Run directory: S:\STU-Papers\My_Papers\EXP1-Pre-Training-Standalone\outputs\runs\xiaoxingkai_transfer_daily12_history_autoreg\xiaoxingkai_transfer_daily12_history_autoreg_20260415_132004
2026-04-15 13:20:04,184 | INFO | lakeice_ncde | Running target transfer | target=【Li】Lake Xiaoxingkai | train=['【Huo】Lake Hnagzhang', '【Huo】Lake Ulansu', '【IISD Experimental】Lake 239', '【IISD Experimental】Lake 302', '【North Temperate Lakes LTER】Big Muskellunge Lake', '【North Temperate Lakes LTER】Bog 12-15 (Trout Bog)', '【North Temperate Lakes LTER】Bog 27-2 (Crystal Bog)', '【North Temperate Lakes LTER】Crystal Lake (NTL)']
2026-04-15 13:20:04,192 | INFO | lakeice_ncde | Target lake test starts at 2026-01-01; target rows before the cutoff are split into train and val.
2026-04-15 13:20:04,195 | INFO | lakeice_ncde | Config summary | interpolation=hermite | method=midpoint | window_days=7 | batch_size=64 | target_transform=none
2026-04-15 13:20:04,236 | INFO | lakeice_ncde | Fold 'xiaoxingkai_transfer_daily12_history_autoreg' -> train lakes (9): ['【Huo】Lake Hnagzhang', '【Huo】Lake Ulansu', '【IISD Experimental】Lake 239', '【IISD Experimental】Lake 302', '【Li】Lake Xiaoxingkai', '【North Temperate Lakes LTER】Big Muskellunge Lake', '【North Temperate Lakes LTER】Bog 12-15 (Trout Bog)', '【North Temperate Lakes LTER】Bog 27-2 (Crystal Bog)', '【North Temperate Lakes LTER】Crystal Lake (NTL)']
2026-04-15 13:20:04,242 | INFO | lakeice_ncde | Fold 'xiaoxingkai_transfer_daily12_history_autoreg' -> val lakes (9): ['【Huo】Lake Hnagzhang', '【Huo】Lake Ulansu', '【IISD Experimental】Lake 239', '【IISD Experimental】Lake 302', '【Li】Lake Xiaoxingkai', '【North Temperate Lakes LTER】Big Muskellunge Lake', '【North Temperate Lakes LTER】Bog 12-15 (Trout Bog)', '【North Temperate Lakes LTER】Bog 27-2 (Crystal Bog)', '【North Temperate Lakes LTER】Crystal Lake (NTL)']
2026-04-15 13:20:04,247 | INFO | lakeice_ncde | Fold 'xiaoxingkai_transfer_daily12_history_autoreg' -> test lakes (1): ['【Li】Lake Xiaoxingkai']
2026-04-15 13:20:04,270 | INFO | lakeice_ncde | Building train windows for split 'xiaoxingkai_transfer_daily12_history_autoreg': 929 rows across 9 lakes.
2026-04-15 13:20:04,698 | INFO | lakeice_ncde | Window progress for split 'train': 1/9 lakes processed, 89 windows built.
2026-04-15 13:20:05,299 | INFO | lakeice_ncde | Window progress for split 'train': 2/9 lakes processed, 233 windows built.
2026-04-15 13:20:05,601 | INFO | lakeice_ncde | Window progress for split 'train': 3/9 lakes processed, 250 windows built.
2026-04-15 13:20:05,804 | INFO | lakeice_ncde | Window progress for split 'train': 4/9 lakes processed, 255 windows built.
2026-04-15 13:20:05,906 | INFO | lakeice_ncde | Window progress for split 'train': 5/9 lakes processed, 278 windows built.
2026-04-15 13:20:06,133 | INFO | lakeice_ncde | Window progress for split 'train': 6/9 lakes processed, 278 windows built.
2026-04-15 13:20:06,250 | INFO | lakeice_ncde | Window progress for split 'train': 7/9 lakes processed, 278 windows built.
2026-04-15 13:20:06,379 | INFO | lakeice_ncde | Window progress for split 'train': 8/9 lakes processed, 278 windows built.
2026-04-15 13:20:06,495 | INFO | lakeice_ncde | Window progress for split 'train': 9/9 lakes processed, 278 windows built.
2026-04-15 13:20:06,530 | INFO | lakeice_ncde | Saved train windows for split 'xiaoxingkai_transfer_daily12_history_autoreg': 278 samples -> S:\STU-Papers\My_Papers\EXP1-Pre-Training-Standalone\data\windows_xiaoxingkai_transfer_daily12_history_autoreg\xiaoxingkai_transfer_daily12_history_autoreg\train_windows.pt
2026-04-15 13:20:06,534 | INFO | lakeice_ncde | Building val windows for split 'xiaoxingkai_transfer_daily12_history_autoreg': 113 rows across 9 lakes.
2026-04-15 13:20:06,587 | INFO | lakeice_ncde | Window progress for split 'val': 1/9 lakes processed, 11 windows built.
2026-04-15 13:20:06,641 | INFO | lakeice_ncde | Window progress for split 'val': 2/9 lakes processed, 28 windows built.
2026-04-15 13:20:06,672 | INFO | lakeice_ncde | Window progress for split 'val': 3/9 lakes processed, 30 windows built.
2026-04-15 13:20:06,700 | INFO | lakeice_ncde | Window progress for split 'val': 4/9 lakes processed, 33 windows built.
2026-04-15 13:20:06,726 | INFO | lakeice_ncde | Window progress for split 'val': 5/9 lakes processed, 40 windows built.
2026-04-15 13:20:06,751 | INFO | lakeice_ncde | Window progress for split 'val': 6/9 lakes processed, 40 windows built.
2026-04-15 13:20:06,776 | INFO | lakeice_ncde | Window progress for split 'val': 7/9 lakes processed, 40 windows built.
2026-04-15 13:20:06,803 | INFO | lakeice_ncde | Window progress for split 'val': 8/9 lakes processed, 40 windows built.
2026-04-15 13:20:06,824 | INFO | lakeice_ncde | Window progress for split 'val': 9/9 lakes processed, 40 windows built.
2026-04-15 13:20:06,839 | INFO | lakeice_ncde | Saved val windows for split 'xiaoxingkai_transfer_daily12_history_autoreg': 40 samples -> S:\STU-Papers\My_Papers\EXP1-Pre-Training-Standalone\data\windows_xiaoxingkai_transfer_daily12_history_autoreg\xiaoxingkai_transfer_daily12_history_autoreg\val_windows.pt
2026-04-15 13:20:06,842 | INFO | lakeice_ncde | Building test windows for split 'xiaoxingkai_transfer_daily12_history_autoreg': 37 rows across 1 lakes.
2026-04-15 13:20:06,945 | INFO | lakeice_ncde | Window progress for split 'test': 1/1 lakes processed, 36 windows built.
2026-04-15 13:20:06,956 | INFO | lakeice_ncde | Saved test windows for split 'xiaoxingkai_transfer_daily12_history_autoreg': 36 samples -> S:\STU-Papers\My_Papers\EXP1-Pre-Training-Standalone\data\windows_xiaoxingkai_transfer_daily12_history_autoreg\xiaoxingkai_transfer_daily12_history_autoreg\test_windows.pt
2026-04-15 13:20:07,031 | INFO | lakeice_ncde | Balanced windows with train cap=20 and val cap=5
2026-04-15 13:20:07,916 | INFO | lakeice_ncde | Computing hermite coefficients for 82 windows from S:\STU-Papers\My_Papers\EXP1-Pre-Training-Standalone\data\windows_xiaoxingkai_transfer_daily12_history_autoreg\xiaoxingkai_transfer_daily12_history_autoreg\train_windows.pt
2026-04-15 13:20:07,920 | INFO | lakeice_ncde | Coefficient progress for train_windows.pt: 1/82 windows processed.
2026-04-15 13:20:07,924 | INFO | lakeice_ncde | Coefficient progress for train_windows.pt: 8/82 windows processed.
2026-04-15 13:20:07,929 | INFO | lakeice_ncde | Coefficient progress for train_windows.pt: 16/82 windows processed.
2026-04-15 13:20:07,933 | INFO | lakeice_ncde | Coefficient progress for train_windows.pt: 24/82 windows processed.
2026-04-15 13:20:07,939 | INFO | lakeice_ncde | Coefficient progress for train_windows.pt: 32/82 windows processed.
2026-04-15 13:20:07,944 | INFO | lakeice_ncde | Coefficient progress for train_windows.pt: 40/82 windows processed.
2026-04-15 13:20:07,948 | INFO | lakeice_ncde | Coefficient progress for train_windows.pt: 48/82 windows processed.
2026-04-15 13:20:07,953 | INFO | lakeice_ncde | Coefficient progress for train_windows.pt: 56/82 windows processed.
2026-04-15 13:20:07,958 | INFO | lakeice_ncde | Coefficient progress for train_windows.pt: 64/82 windows processed.
2026-04-15 13:20:07,962 | INFO | lakeice_ncde | Coefficient progress for train_windows.pt: 72/82 windows processed.
2026-04-15 13:20:07,968 | INFO | lakeice_ncde | Coefficient progress for train_windows.pt: 80/82 windows processed.
2026-04-15 13:20:07,970 | INFO | lakeice_ncde | Coefficient progress for train_windows.pt: 82/82 windows processed.
2026-04-15 13:20:08,008 | INFO | lakeice_ncde | Computing hermite coefficients for 20 windows from S:\STU-Papers\My_Papers\EXP1-Pre-Training-Standalone\data\windows_xiaoxingkai_transfer_daily12_history_autoreg\xiaoxingkai_transfer_daily12_history_autoreg\val_windows.pt
2026-04-15 13:20:08,010 | INFO | lakeice_ncde | Coefficient progress for val_windows.pt: 1/20 windows processed.
2026-04-15 13:20:08,012 | INFO | lakeice_ncde | Coefficient progress for val_windows.pt: 2/20 windows processed.
2026-04-15 13:20:08,015 | INFO | lakeice_ncde | Coefficient progress for val_windows.pt: 4/20 windows processed.
2026-04-15 13:20:08,017 | INFO | lakeice_ncde | Coefficient progress for val_windows.pt: 6/20 windows processed.
2026-04-15 13:20:08,019 | INFO | lakeice_ncde | Coefficient progress for val_windows.pt: 8/20 windows processed.
2026-04-15 13:20:08,022 | INFO | lakeice_ncde | Coefficient progress for val_windows.pt: 10/20 windows processed.
2026-04-15 13:20:08,024 | INFO | lakeice_ncde | Coefficient progress for val_windows.pt: 12/20 windows processed.
2026-04-15 13:20:08,026 | INFO | lakeice_ncde | Coefficient progress for val_windows.pt: 14/20 windows processed.
2026-04-15 13:20:08,028 | INFO | lakeice_ncde | Coefficient progress for val_windows.pt: 16/20 windows processed.
2026-04-15 13:20:08,031 | INFO | lakeice_ncde | Coefficient progress for val_windows.pt: 18/20 windows processed.
2026-04-15 13:20:08,033 | INFO | lakeice_ncde | Coefficient progress for val_windows.pt: 20/20 windows processed.
2026-04-15 13:20:08,059 | INFO | lakeice_ncde | Computing hermite coefficients for 36 windows from S:\STU-Papers\My_Papers\EXP1-Pre-Training-Standalone\data\windows_xiaoxingkai_transfer_daily12_history_autoreg\xiaoxingkai_transfer_daily12_history_autoreg\test_windows.pt
2026-04-15 13:20:08,061 | INFO | lakeice_ncde | Coefficient progress for test_windows.pt: 1/36 windows processed.
2026-04-15 13:20:08,064 | INFO | lakeice_ncde | Coefficient progress for test_windows.pt: 3/36 windows processed.
2026-04-15 13:20:08,067 | INFO | lakeice_ncde | Coefficient progress for test_windows.pt: 6/36 windows processed.
2026-04-15 13:20:08,069 | INFO | lakeice_ncde | Coefficient progress for test_windows.pt: 9/36 windows processed.
2026-04-15 13:20:08,072 | INFO | lakeice_ncde | Coefficient progress for test_windows.pt: 12/36 windows processed.
2026-04-15 13:20:08,075 | INFO | lakeice_ncde | Coefficient progress for test_windows.pt: 15/36 windows processed.
2026-04-15 13:20:08,078 | INFO | lakeice_ncde | Coefficient progress for test_windows.pt: 18/36 windows processed.
2026-04-15 13:20:08,080 | INFO | lakeice_ncde | Coefficient progress for test_windows.pt: 21/36 windows processed.
2026-04-15 13:20:08,083 | INFO | lakeice_ncde | Coefficient progress for test_windows.pt: 24/36 windows processed.
2026-04-15 13:20:08,086 | INFO | lakeice_ncde | Coefficient progress for test_windows.pt: 27/36 windows processed.
2026-04-15 13:20:08,089 | INFO | lakeice_ncde | Coefficient progress for test_windows.pt: 30/36 windows processed.
2026-04-15 13:20:08,093 | INFO | lakeice_ncde | Coefficient progress for test_windows.pt: 33/36 windows processed.
2026-04-15 13:20:08,097 | INFO | lakeice_ncde | Coefficient progress for test_windows.pt: 36/36 windows processed.
2026-04-15 13:20:08,117 | INFO | lakeice_ncde | Saved 3 coefficient bundle(s) under S:\STU-Papers\My_Papers\EXP1-Pre-Training-Standalone\data\coeffs_xiaoxingkai_transfer_daily12_history_autoreg
2026-04-15 13:20:08,196 | INFO | lakeice_ncde | Data summary | train=82 | val=20 | test=36 | input_channels=15 | batch_parallel=True
2026-04-15 13:20:11,681 | INFO | lakeice_ncde | Training on cuda | train_batches=2 | val_batches=1 | test_batches=1
2026-04-15 13:20:11,684 | INFO | lakeice_ncde | Epoch 1/1 started.
2026-04-15 13:20:12,240 | INFO | lakeice_ncde | Epoch 1/1 | train batch 1/2 | batch_loss=0.04172910 | running_loss=0.04172910
2026-04-15 13:20:12,322 | INFO | lakeice_ncde | Epoch 1/1 | train batch 2/2 | batch_loss=0.02949203 | running_loss=0.03561057
2026-04-15 13:20:12,356 | INFO | lakeice_ncde | Epoch 1 complete | train_loss=0.03561057 | val_loss=0.39105338 | val_rmse=0.62534261 | val_mae=0.48481715 | val_r2=-4.55437500
2026-04-15 13:20:12,581 | INFO | lakeice_ncde | Final evaluation | val_loss=0.39105338 | test_loss=0.19549943 | best_val_rmse=0.62534261 | best_epoch=1
2026-04-15 13:20:17,149 | ERROR | lakeice_ncde | Uncaught exception
Traceback (most recent call last):
  File "<frozen runpy>", line 198, in _run_module_as_main
  File "<frozen runpy>", line 88, in _run_code
  File "S:\STU-Papers\My_Papers\EXP1-Pre-Training-Standalone\src\lakeice_ncde\__main__.py", line 5, in <module>
    main()
  File "S:\STU-Papers\My_Papers\EXP1-Pre-Training-Standalone\src\lakeice_ncde\cli.py", line 30, in main
    run_xiaoxingkai_transfer(config, paths, logger)
  File "S:\STU-Papers\My_Papers\EXP1-Pre-Training-Standalone\src\lakeice_ncde\workflows\xiaoxingkai_transfer.py", line 445, in run
    plot_from_run(run_context.run_dir, logger)
  File "S:\STU-Papers\My_Papers\EXP1-Pre-Training-Standalone\src\lakeice_ncde\pipeline.py", line 340, in plot_from_run
    build_pdf_report(run_dir, figures_dir / "report.pdf")
  File "S:\STU-Papers\My_Papers\EXP1-Pre-Training-Standalone\src\lakeice_ncde\visualization\pdf_report.py", line 33, in build_pdf_report
    report_data = _collect_report_data(run_dir)
                  ^^^^^^^^^^^^^^^^^^^^^^^^^^^^^
  File "S:\STU-Papers\My_Papers\EXP1-Pre-Training-Standalone\src\lakeice_ncde\visualization\pdf_report.py", line 376, in _collect_report_data
    include_lakes = [str(lake) for lake in config["data"]["include_lakes"]]
                    ^^^^^^^^^^^^^^^^^^^^^^^^^^^^^^^^^^^^^^^^^^^^^^^^^^^^^^^
TypeError: 'NoneType' object is not iterable
